[0.008s] Invoking command in '/home/ljw/ws_fr5/build/moveit_calibration_demos': AMENT_PREFIX_PATH=/home/ljw/ws_fr5/install/moveit_calibration_gui:/home/ljw/ws_fr5/install/moveit_calibration_plugins:${AMENT_PREFIX_PATH} CMAKE_PREFIX_PATH=/home/ljw/ws_fr5/install/moveit_calibration_gui:/home/ljw/ws_fr5/install/moveit_calibration_plugins:/home/ljw/ws_fr5/install/robotiq_2f_85_gripper_visualization:/home/ljw/ws_fr5/install/fairino_hardware:/home/ljw/ws_fr5/install/fairino_msgs:/home/ljw/ws_fr5/install/fairino5_v6_moveit2_config:/home/ljw/ws_fr5/install/fairino_description:/opt/ros/humble LD_LIBRARY_PATH=/home/ljw/ws_fr5/install/moveit_calibration_gui/lib:/home/ljw/ws_fr5/install/moveit_calibration_plugins/lib:${LD_LIBRARY_PATH} /usr/bin/cmake /home/ljw/ws_fr5/src/moveit2_handeye_calib/moveit2_calibration/moveit_calibration_demos -DCMAKE_INSTALL_PREFIX=/home/ljw/ws_fr5/install/moveit_calibration_demos
[0.060s] -- The C compiler identification is GNU 11.4.0
[0.109s] -- The CXX compiler identification is GNU 11.4.0
[0.115s] -- Detecting C compiler ABI info
[0.172s] -- Detecting C compiler ABI info - done
[0.177s] -- Check for working C compiler: /usr/bin/cc - skipped
[0.177s] -- Detecting C compile features
[0.177s] -- Detecting C compile features - done
[0.179s] -- Detecting CXX compiler ABI info
[0.234s] -- Detecting CXX compiler ABI info - done
[0.238s] -- Check for working CXX compiler: /usr/bin/c++ - skipped
[0.238s] -- Detecting CXX compile features
[0.239s] -- Detecting CXX compile features - done
[0.242s] -- Found ament_cmake: 1.3.12 (/opt/ros/humble/share/ament_cmake/cmake)
[0.344s] -- Found Python3: /usr/bin/python3 (found version "3.10.12") found components: Interpreter 
[0.457s] -- Configuring done
[0.458s] -- Generating done
[0.459s] -- Build files have been written to: /home/ljw/ws_fr5/build/moveit_calibration_demos
[0.461s] Invoked command in '/home/ljw/ws_fr5/build/moveit_calibration_demos' returned '0': AMENT_PREFIX_PATH=/home/ljw/ws_fr5/install/moveit_calibration_gui:/home/ljw/ws_fr5/install/moveit_calibration_plugins:${AMENT_PREFIX_PATH} CMAKE_PREFIX_PATH=/home/ljw/ws_fr5/install/moveit_calibration_gui:/home/ljw/ws_fr5/install/moveit_calibration_plugins:/home/ljw/ws_fr5/install/robotiq_2f_85_gripper_visualization:/home/ljw/ws_fr5/install/fairino_hardware:/home/ljw/ws_fr5/install/fairino_msgs:/home/ljw/ws_fr5/install/fairino5_v6_moveit2_config:/home/ljw/ws_fr5/install/fairino_description:/opt/ros/humble LD_LIBRARY_PATH=/home/ljw/ws_fr5/install/moveit_calibration_gui/lib:/home/ljw/ws_fr5/install/moveit_calibration_plugins/lib:${LD_LIBRARY_PATH} /usr/bin/cmake /home/ljw/ws_fr5/src/moveit2_handeye_calib/moveit2_calibration/moveit_calibration_demos -DCMAKE_INSTALL_PREFIX=/home/ljw/ws_fr5/install/moveit_calibration_demos
[0.462s] Invoking command in '/home/ljw/ws_fr5/build/moveit_calibration_demos': AMENT_PREFIX_PATH=/home/ljw/ws_fr5/install/moveit_calibration_gui:/home/ljw/ws_fr5/install/moveit_calibration_plugins:${AMENT_PREFIX_PATH} CMAKE_PREFIX_PATH=/home/ljw/ws_fr5/install/moveit_calibration_gui:/home/ljw/ws_fr5/install/moveit_calibration_plugins:/home/ljw/ws_fr5/install/robotiq_2f_85_gripper_visualization:/home/ljw/ws_fr5/install/fairino_hardware:/home/ljw/ws_fr5/install/fairino_msgs:/home/ljw/ws_fr5/install/fairino5_v6_moveit2_config:/home/ljw/ws_fr5/install/fairino_description:/opt/ros/humble LD_LIBRARY_PATH=/home/ljw/ws_fr5/install/moveit_calibration_gui/lib:/home/ljw/ws_fr5/install/moveit_calibration_plugins/lib:${LD_LIBRARY_PATH} /usr/bin/cmake --build /home/ljw/ws_fr5/build/moveit_calibration_demos -- -j16 -l16
[0.489s] Invoked command in '/home/ljw/ws_fr5/build/moveit_calibration_demos' returned '0': AMENT_PREFIX_PATH=/home/ljw/ws_fr5/install/moveit_calibration_gui:/home/ljw/ws_fr5/install/moveit_calibration_plugins:${AMENT_PREFIX_PATH} CMAKE_PREFIX_PATH=/home/ljw/ws_fr5/install/moveit_calibration_gui:/home/ljw/ws_fr5/install/moveit_calibration_plugins:/home/ljw/ws_fr5/install/robotiq_2f_85_gripper_visualization:/home/ljw/ws_fr5/install/fairino_hardware:/home/ljw/ws_fr5/install/fairino_msgs:/home/ljw/ws_fr5/install/fairino5_v6_moveit2_config:/home/ljw/ws_fr5/install/fairino_description:/opt/ros/humble LD_LIBRARY_PATH=/home/ljw/ws_fr5/install/moveit_calibration_gui/lib:/home/ljw/ws_fr5/install/moveit_calibration_plugins/lib:${LD_LIBRARY_PATH} /usr/bin/cmake --build /home/ljw/ws_fr5/build/moveit_calibration_demos -- -j16 -l16
[0.490s] Invoking command in '/home/ljw/ws_fr5/build/moveit_calibration_demos': AMENT_PREFIX_PATH=/home/ljw/ws_fr5/install/moveit_calibration_gui:/home/ljw/ws_fr5/install/moveit_calibration_plugins:${AMENT_PREFIX_PATH} CMAKE_PREFIX_PATH=/home/ljw/ws_fr5/install/moveit_calibration_gui:/home/ljw/ws_fr5/install/moveit_calibration_plugins:/home/ljw/ws_fr5/install/robotiq_2f_85_gripper_visualization:/home/ljw/ws_fr5/install/fairino_hardware:/home/ljw/ws_fr5/install/fairino_msgs:/home/ljw/ws_fr5/install/fairino5_v6_moveit2_config:/home/ljw/ws_fr5/install/fairino_description:/opt/ros/humble LD_LIBRARY_PATH=/home/ljw/ws_fr5/install/moveit_calibration_gui/lib:/home/ljw/ws_fr5/install/moveit_calibration_plugins/lib:${LD_LIBRARY_PATH} /usr/bin/cmake --install /home/ljw/ws_fr5/build/moveit_calibration_demos
[0.496s] -- Install configuration: ""
[0.496s] -- Installing: /home/ljw/ws_fr5/install/moveit_calibration_demos/share/moveit_calibration_demos/launch
[0.496s] -- Installing: /home/ljw/ws_fr5/install/moveit_calibration_demos/share/moveit_calibration_demos/launch/gz_eye_to_hand_aruco.launch.py
[0.497s] -- Installing: /home/ljw/ws_fr5/install/moveit_calibration_demos/share/moveit_calibration_demos/launch/gz_eye_in_hand_charuco.launch.py
[0.497s] -- Installing: /home/ljw/ws_fr5/install/moveit_calibration_demos/share/moveit_calibration_demos/launch/gz_eye_in_hand_aruco.launch.py
[0.497s] -- Installing: /home/ljw/ws_fr5/install/moveit_calibration_demos/share/moveit_calibration_demos/launch/gz_eye_to_hand_charuco.launch.py
[0.497s] -- Installing: /home/ljw/ws_fr5/install/moveit_calibration_demos/share/moveit_calibration_demos/launch/_gz_moveit_calibration.launch.py
[0.497s] -- Installing: /home/ljw/ws_fr5/install/moveit_calibration_demos/share/moveit_calibration_demos/rviz
[0.497s] -- Installing: /home/ljw/ws_fr5/install/moveit_calibration_demos/share/moveit_calibration_demos/rviz/eye_to_hand_charuco.rviz
[0.497s] -- Installing: /home/ljw/ws_fr5/install/moveit_calibration_demos/share/moveit_calibration_demos/rviz/eye_in_hand_charuco.rviz
[0.497s] -- Installing: /home/ljw/ws_fr5/install/moveit_calibration_demos/share/moveit_calibration_demos/rviz/eye_to_hand_aruco.rviz
[0.498s] -- Installing: /home/ljw/ws_fr5/install/moveit_calibration_demos/share/moveit_calibration_demos/rviz/eye_in_hand_aruco.rviz
[0.498s] -- Installing: /home/ljw/ws_fr5/install/moveit_calibration_demos/share/moveit_calibration_demos/worlds
[0.498s] -- Installing: /home/ljw/ws_fr5/install/moveit_calibration_demos/share/moveit_calibration_demos/worlds/eye_in_hand_aruco.sdf
[0.498s] -- Installing: /home/ljw/ws_fr5/install/moveit_calibration_demos/share/moveit_calibration_demos/worlds/eye_to_hand_charuco.sdf
[0.498s] -- Installing: /home/ljw/ws_fr5/install/moveit_calibration_demos/share/moveit_calibration_demos/worlds/eye_in_hand_charuco.sdf
[0.498s] -- Installing: /home/ljw/ws_fr5/install/moveit_calibration_demos/share/moveit_calibration_demos/worlds/eye_to_hand_aruco.sdf
[0.498s] -- Installing: /home/ljw/ws_fr5/install/moveit_calibration_demos/share/ament_index/resource_index/package_run_dependencies/moveit_calibration_demos
[0.499s] -- Installing: /home/ljw/ws_fr5/install/moveit_calibration_demos/share/ament_index/resource_index/parent_prefix_path/moveit_calibration_demos
[0.499s] -- Installing: /home/ljw/ws_fr5/install/moveit_calibration_demos/share/moveit_calibration_demos/environment/ament_prefix_path.sh
[0.499s] -- Installing: /home/ljw/ws_fr5/install/moveit_calibration_demos/share/moveit_calibration_demos/environment/ament_prefix_path.dsv
[0.499s] -- Installing: /home/ljw/ws_fr5/install/moveit_calibration_demos/share/moveit_calibration_demos/environment/path.sh
[0.499s] -- Installing: /home/ljw/ws_fr5/install/moveit_calibration_demos/share/moveit_calibration_demos/environment/path.dsv
[0.499s] -- Installing: /home/ljw/ws_fr5/install/moveit_calibration_demos/share/moveit_calibration_demos/local_setup.bash
[0.499s] -- Installing: /home/ljw/ws_fr5/install/moveit_calibration_demos/share/moveit_calibration_demos/local_setup.sh
[0.499s] -- Installing: /home/ljw/ws_fr5/install/moveit_calibration_demos/share/moveit_calibration_demos/local_setup.zsh
[0.499s] -- Installing: /home/ljw/ws_fr5/install/moveit_calibration_demos/share/moveit_calibration_demos/local_setup.dsv
[0.499s] -- Installing: /home/ljw/ws_fr5/install/moveit_calibration_demos/share/moveit_calibration_demos/package.dsv
[0.499s] -- Installing: /home/ljw/ws_fr5/install/moveit_calibration_demos/share/ament_index/resource_index/packages/moveit_calibration_demos
[0.499s] -- Installing: /home/ljw/ws_fr5/install/moveit_calibration_demos/share/moveit_calibration_demos/cmake/moveit_calibration_demosConfig.cmake
[0.499s] -- Installing: /home/ljw/ws_fr5/install/moveit_calibration_demos/share/moveit_calibration_demos/cmake/moveit_calibration_demosConfig-version.cmake
[0.499s] -- Installing: /home/ljw/ws_fr5/install/moveit_calibration_demos/share/moveit_calibration_demos/package.xml
[0.501s] Invoked command in '/home/ljw/ws_fr5/build/moveit_calibration_demos' returned '0': AMENT_PREFIX_PATH=/home/ljw/ws_fr5/install/moveit_calibration_gui:/home/ljw/ws_fr5/install/moveit_calibration_plugins:${AMENT_PREFIX_PATH} CMAKE_PREFIX_PATH=/home/ljw/ws_fr5/install/moveit_calibration_gui:/home/ljw/ws_fr5/install/moveit_calibration_plugins:/home/ljw/ws_fr5/install/robotiq_2f_85_gripper_visualization:/home/ljw/ws_fr5/install/fairino_hardware:/home/ljw/ws_fr5/install/fairino_msgs:/home/ljw/ws_fr5/install/fairino5_v6_moveit2_config:/home/ljw/ws_fr5/install/fairino_description:/opt/ros/humble LD_LIBRARY_PATH=/home/ljw/ws_fr5/install/moveit_calibration_gui/lib:/home/ljw/ws_fr5/install/moveit_calibration_plugins/lib:${LD_LIBRARY_PATH} /usr/bin/cmake --install /home/ljw/ws_fr5/build/moveit_calibration_demos
