[0.342s] Invoking command in '/home/ljw2/fairno5/build/fairino5_v6_moveit2_config': CMAKE_PREFIX_PATH=/home/ljw2/fairno5/install/fairino_description:/home/ljw2/fairno5/install/robotiq_2f_85_gripper_visualization:/home/ljw2/fairno5/install/fairino_hardware:/home/ljw2/fairno5/install/fairino_msgs:/home/ljw2/fairno5/install/fairino5_v6_moveit2_config:/opt/ros/humble /usr/bin/cmake --build /home/ljw2/fairno5/build/fairino5_v6_moveit2_config -- -j24 -l24
[0.374s] Invoked command in '/home/ljw2/fairno5/build/fairino5_v6_moveit2_config' returned '0': CMAKE_PREFIX_PATH=/home/ljw2/fairno5/install/fairino_description:/home/ljw2/fairno5/install/robotiq_2f_85_gripper_visualization:/home/ljw2/fairno5/install/fairino_hardware:/home/ljw2/fairno5/install/fairino_msgs:/home/ljw2/fairno5/install/fairino5_v6_moveit2_config:/opt/ros/humble /usr/bin/cmake --build /home/ljw2/fairno5/build/fairino5_v6_moveit2_config -- -j24 -l24
[0.376s] Invoking command in '/home/ljw2/fairno5/build/fairino5_v6_moveit2_config': CMAKE_PREFIX_PATH=/home/ljw2/fairno5/install/fairino_description:/home/ljw2/fairno5/install/robotiq_2f_85_gripper_visualization:/home/ljw2/fairno5/install/fairino_hardware:/home/ljw2/fairno5/install/fairino_msgs:/home/ljw2/fairno5/install/fairino5_v6_moveit2_config:/opt/ros/humble /usr/bin/cmake --install /home/ljw2/fairno5/build/fairino5_v6_moveit2_config
[0.382s] -- Install configuration: ""
[0.382s] -- Up-to-date: /home/ljw2/fairno5/install/fairino5_v6_moveit2_config/share/ament_index/resource_index/package_run_dependencies/fairino5_v6_moveit2_config
[0.382s] -- Up-to-date: /home/ljw2/fairno5/install/fairino5_v6_moveit2_config/share/ament_index/resource_index/parent_prefix_path/fairino5_v6_moveit2_config
[0.382s] -- Up-to-date: /home/ljw2/fairno5/install/fairino5_v6_moveit2_config/share/fairino5_v6_moveit2_config/environment/ament_prefix_path.sh
[0.382s] -- Up-to-date: /home/ljw2/fairno5/install/fairino5_v6_moveit2_config/share/fairino5_v6_moveit2_config/environment/ament_prefix_path.dsv
[0.382s] -- Up-to-date: /home/ljw2/fairno5/install/fairino5_v6_moveit2_config/share/fairino5_v6_moveit2_config/environment/path.sh
[0.383s] -- Up-to-date: /home/ljw2/fairno5/install/fairino5_v6_moveit2_config/share/fairino5_v6_moveit2_config/environment/path.dsv
[0.383s] -- Up-to-date: /home/ljw2/fairno5/install/fairino5_v6_moveit2_config/share/fairino5_v6_moveit2_config/local_setup.bash
[0.383s] -- Up-to-date: /home/ljw2/fairno5/install/fairino5_v6_moveit2_config/share/fairino5_v6_moveit2_config/local_setup.sh
[0.383s] -- Up-to-date: /home/ljw2/fairno5/install/fairino5_v6_moveit2_config/share/fairino5_v6_moveit2_config/local_setup.zsh
[0.383s] -- Up-to-date: /home/ljw2/fairno5/install/fairino5_v6_moveit2_config/share/fairino5_v6_moveit2_config/local_setup.dsv
[0.383s] -- Installing: /home/ljw2/fairno5/install/fairino5_v6_moveit2_config/share/fairino5_v6_moveit2_config/package.dsv
[0.383s] -- Up-to-date: /home/ljw2/fairno5/install/fairino5_v6_moveit2_config/share/ament_index/resource_index/packages/fairino5_v6_moveit2_config
[0.383s] -- Up-to-date: /home/ljw2/fairno5/install/fairino5_v6_moveit2_config/share/fairino5_v6_moveit2_config/cmake/fairino5_v6_moveit2_configConfig.cmake
[0.384s] -- Up-to-date: /home/ljw2/fairno5/install/fairino5_v6_moveit2_config/share/fairino5_v6_moveit2_config/cmake/fairino5_v6_moveit2_configConfig-version.cmake
[0.384s] -- Up-to-date: /home/ljw2/fairno5/install/fairino5_v6_moveit2_config/share/fairino5_v6_moveit2_config/package.xml
[0.386s] -- Up-to-date: /home/ljw2/fairno5/install/fairino5_v6_moveit2_config/share/fairino5_v6_moveit2_config/launch
[0.386s] -- Up-to-date: /home/ljw2/fairno5/install/fairino5_v6_moveit2_config/share/fairino5_v6_moveit2_config/launch/moveit_rviz.launch.py
[0.386s] -- Up-to-date: /home/ljw2/fairno5/install/fairino5_v6_moveit2_config/share/fairino5_v6_moveit2_config/launch/static_virtual_joint_tfs.launch.py
[0.386s] -- Up-to-date: /home/ljw2/fairno5/install/fairino5_v6_moveit2_config/share/fairino5_v6_moveit2_config/launch/rsp.launch.py
[0.386s] -- Up-to-date: /home/ljw2/fairno5/install/fairino5_v6_moveit2_config/share/fairino5_v6_moveit2_config/launch/move_group.launch.py
[0.386s] -- Up-to-date: /home/ljw2/fairno5/install/fairino5_v6_moveit2_config/share/fairino5_v6_moveit2_config/launch/spawn_controllers.launch.py
[0.386s] -- Up-to-date: /home/ljw2/fairno5/install/fairino5_v6_moveit2_config/share/fairino5_v6_moveit2_config/launch/gazebo_demo.launch.py
[0.386s] -- Up-to-date: /home/ljw2/fairno5/install/fairino5_v6_moveit2_config/share/fairino5_v6_moveit2_config/launch/demo.launch.py
[0.386s] -- Up-to-date: /home/ljw2/fairno5/install/fairino5_v6_moveit2_config/share/fairino5_v6_moveit2_config/launch/setup_assistant.launch.py
[0.386s] -- Up-to-date: /home/ljw2/fairno5/install/fairino5_v6_moveit2_config/share/fairino5_v6_moveit2_config/launch/warehouse_db.launch.py
[0.386s] -- Up-to-date: /home/ljw2/fairno5/install/fairino5_v6_moveit2_config/share/fairino5_v6_moveit2_config/config
[0.386s] -- Up-to-date: /home/ljw2/fairno5/install/fairino5_v6_moveit2_config/share/fairino5_v6_moveit2_config/config/fairino5_v6_robot.urdf.xacro
[0.386s] -- Up-to-date: /home/ljw2/fairno5/install/fairino5_v6_moveit2_config/share/fairino5_v6_moveit2_config/config/moveit.rviz
[0.386s] -- Installing: /home/ljw2/fairno5/install/fairino5_v6_moveit2_config/share/fairino5_v6_moveit2_config/config/fairino5_v6_robot.srdf
[0.386s] -- Up-to-date: /home/ljw2/fairno5/install/fairino5_v6_moveit2_config/share/fairino5_v6_moveit2_config/config/initial_positions.yaml
[0.386s] -- Up-to-date: /home/ljw2/fairno5/install/fairino5_v6_moveit2_config/share/fairino5_v6_moveit2_config/config/joint_limits.yaml
[0.386s] -- Up-to-date: /home/ljw2/fairno5/install/fairino5_v6_moveit2_config/share/fairino5_v6_moveit2_config/config/pilz_cartesian_limits.yaml
[0.386s] -- Up-to-date: /home/ljw2/fairno5/install/fairino5_v6_moveit2_config/share/fairino5_v6_moveit2_config/config/kinematics.yaml
[0.387s] -- Up-to-date: /home/ljw2/fairno5/install/fairino5_v6_moveit2_config/share/fairino5_v6_moveit2_config/config/ros2_controllers.yaml
[0.387s] -- Up-to-date: /home/ljw2/fairno5/install/fairino5_v6_moveit2_config/share/fairino5_v6_moveit2_config/config/moveit_controllers.yaml
[0.387s] -- Up-to-date: /home/ljw2/fairno5/install/fairino5_v6_moveit2_config/share/fairino5_v6_moveit2_config/config/fairino5_v6_robot.ros2_control.xacro
[0.387s] -- Up-to-date: /home/ljw2/fairno5/install/fairino5_v6_moveit2_config/share/fairino5_v6_moveit2_config/.setup_assistant
[0.388s] Invoked command in '/home/ljw2/fairno5/build/fairino5_v6_moveit2_config' returned '0': CMAKE_PREFIX_PATH=/home/ljw2/fairno5/install/fairino_description:/home/ljw2/fairno5/install/robotiq_2f_85_gripper_visualization:/home/ljw2/fairno5/install/fairino_hardware:/home/ljw2/fairno5/install/fairino_msgs:/home/ljw2/fairno5/install/fairino5_v6_moveit2_config:/opt/ros/humble /usr/bin/cmake --install /home/ljw2/fairno5/build/fairino5_v6_moveit2_config
