[0.013s] Invoking command in '/home/ljw/ws_fr5/build/moveit_calibration_plugins': CMAKE_PREFIX_PATH=${CMAKE_PREFIX_PATH}:/opt/ros/humble /usr/bin/cmake --build /home/ljw/ws_fr5/build/moveit_calibration_plugins -- -j16 -l16
[0.048s] [35m[1mConsolidate compiler generated dependencies of target gtest[0m
[0.049s] [35m[1mConsolidate compiler generated dependencies of target gtest_main[0m
[0.050s] [35m[1mConsolidate compiler generated dependencies of target moveit_handeye_calibration_solver_core[0m
[0.055s] [35m[1mConsolidate compiler generated dependencies of target moveit_handeye_calibration_target_core[0m
[0.058s] [ 10%] Built target gtest_main
[0.060s] [ 21%] Built target gtest
[0.063s] [ 31%] Built target moveit_handeye_calibration_solver_core
[0.076s] [35m[1mConsolidate compiler generated dependencies of target moveit_handeye_calibration_solver[0m
[0.080s] [ 47%] Built target moveit_handeye_calibration_target_core
[0.089s] [35m[1mConsolidate compiler generated dependencies of target moveit_handeye_calibration_target[0m
[0.091s] [ 57%] Built target moveit_handeye_calibration_solver
[0.100s] [35m[1mConsolidate compiler generated dependencies of target test_handeye_solver[0m
[0.110s] [ 68%] Built target moveit_handeye_calibration_target
[0.111s] [ 78%] Built target test_handeye_solver
[0.117s] [35m[1mConsolidate compiler generated dependencies of target test_handeye_target_charuco[0m
[0.118s] [35m[1mConsolidate compiler generated dependencies of target test_handeye_target_aruco[0m
[0.137s] [ 89%] Built target test_handeye_target_charuco
[0.141s] [100%] Built target test_handeye_target_aruco
[0.150s] Invoked command in '/home/ljw/ws_fr5/build/moveit_calibration_plugins' returned '0': CMAKE_PREFIX_PATH=${CMAKE_PREFIX_PATH}:/opt/ros/humble /usr/bin/cmake --build /home/ljw/ws_fr5/build/moveit_calibration_plugins -- -j16 -l16
[0.151s] Invoking command in '/home/ljw/ws_fr5/build/moveit_calibration_plugins': CMAKE_PREFIX_PATH=${CMAKE_PREFIX_PATH}:/opt/ros/humble /usr/bin/cmake --install /home/ljw/ws_fr5/build/moveit_calibration_plugins
[0.156s] -- Install configuration: "Release"
[0.156s] -- Up-to-date: /home/ljw/ws_fr5/install/moveit_calibration_plugins/share/moveit_calibration_plugins/handeye_calibration_target_plugin_description.xml
[0.157s] -- Up-to-date: /home/ljw/ws_fr5/install/moveit_calibration_plugins/share/moveit_calibration_plugins/handeye_calibration_solver_plugin_description.xml
[0.157s] -- Up-to-date: /home/ljw/ws_fr5/install/moveit_calibration_plugins/share/moveit_calibration_plugins/environment/library_path.sh
[0.157s] -- Up-to-date: /home/ljw/ws_fr5/install/moveit_calibration_plugins/share/moveit_calibration_plugins/environment/library_path.dsv
[0.157s] -- Up-to-date: /home/ljw/ws_fr5/install/moveit_calibration_plugins/share/ament_index/resource_index/package_run_dependencies/moveit_calibration_plugins
[0.157s] -- Up-to-date: /home/ljw/ws_fr5/install/moveit_calibration_plugins/share/ament_index/resource_index/parent_prefix_path/moveit_calibration_plugins
[0.157s] -- Up-to-date: /home/ljw/ws_fr5/install/moveit_calibration_plugins/share/moveit_calibration_plugins/environment/ament_prefix_path.sh
[0.157s] -- Up-to-date: /home/ljw/ws_fr5/install/moveit_calibration_plugins/share/moveit_calibration_plugins/environment/ament_prefix_path.dsv
[0.157s] -- Up-to-date: /home/ljw/ws_fr5/install/moveit_calibration_plugins/share/moveit_calibration_plugins/environment/path.sh
[0.157s] -- Up-to-date: /home/ljw/ws_fr5/install/moveit_calibration_plugins/share/moveit_calibration_plugins/environment/path.dsv
[0.157s] -- Up-to-date: /home/ljw/ws_fr5/install/moveit_calibration_plugins/share/moveit_calibration_plugins/local_setup.bash
[0.157s] -- Up-to-date: /home/ljw/ws_fr5/install/moveit_calibration_plugins/share/moveit_calibration_plugins/local_setup.sh
[0.157s] -- Up-to-date: /home/ljw/ws_fr5/install/moveit_calibration_plugins/share/moveit_calibration_plugins/local_setup.zsh
[0.157s] -- Up-to-date: /home/ljw/ws_fr5/install/moveit_calibration_plugins/share/moveit_calibration_plugins/local_setup.dsv
[0.157s] -- Installing: /home/ljw/ws_fr5/install/moveit_calibration_plugins/share/moveit_calibration_plugins/package.dsv
[0.157s] -- Up-to-date: /home/ljw/ws_fr5/install/moveit_calibration_plugins/share/ament_index/resource_index/packages/moveit_calibration_plugins
[0.157s] -- Up-to-date: /home/ljw/ws_fr5/install/moveit_calibration_plugins/share/ament_index/resource_index/moveit_calibration_plugins__pluginlib__plugin/moveit_calibration_plugins
[0.157s] -- Up-to-date: /home/ljw/ws_fr5/install/moveit_calibration_plugins/share/moveit_calibration_plugins/cmake/export_moveit_calibration_pluginsExport.cmake
[0.157s] -- Up-to-date: /home/ljw/ws_fr5/install/moveit_calibration_plugins/share/moveit_calibration_plugins/cmake/export_moveit_calibration_pluginsExport-release.cmake
[0.157s] -- Up-to-date: /home/ljw/ws_fr5/install/moveit_calibration_plugins/share/moveit_calibration_plugins/cmake/ament_cmake_export_targets-extras.cmake
[0.157s] -- Up-to-date: /home/ljw/ws_fr5/install/moveit_calibration_plugins/share/moveit_calibration_plugins/cmake/ament_cmake_export_dependencies-extras.cmake
[0.157s] -- Up-to-date: /home/ljw/ws_fr5/install/moveit_calibration_plugins/share/moveit_calibration_plugins/cmake/moveit_calibration_pluginsConfig.cmake
[0.157s] -- Up-to-date: /home/ljw/ws_fr5/install/moveit_calibration_plugins/share/moveit_calibration_plugins/cmake/moveit_calibration_pluginsConfig-version.cmake
[0.157s] -- Up-to-date: /home/ljw/ws_fr5/install/moveit_calibration_plugins/share/moveit_calibration_plugins/package.xml
[0.157s] -- Up-to-date: /home/ljw/ws_fr5/install/moveit_calibration_plugins/include
[0.157s] -- Up-to-date: /home/ljw/ws_fr5/install/moveit_calibration_plugins/include/moveit
[0.157s] -- Up-to-date: /home/ljw/ws_fr5/install/moveit_calibration_plugins/include/moveit/handeye_calibration_solver
[0.158s] -- Up-to-date: /home/ljw/ws_fr5/install/moveit_calibration_plugins/include/moveit/handeye_calibration_solver/handeye_solver_opencv.h
[0.158s] -- Up-to-date: /home/ljw/ws_fr5/install/moveit_calibration_plugins/include/moveit/handeye_calibration_solver/handeye_solver_base.h
[0.158s] -- Up-to-date: /home/ljw/ws_fr5/install/moveit_calibration_plugins/lib/libmoveit_handeye_calibration_solver_core.so.2.0.0
[0.158s] -- Up-to-date: /home/ljw/ws_fr5/install/moveit_calibration_plugins/lib/libmoveit_handeye_calibration_solver_core.so
[0.158s] -- Up-to-date: /home/ljw/ws_fr5/install/moveit_calibration_plugins/lib/libmoveit_handeye_calibration_solver.so.2.0.0
[0.158s] -- Up-to-date: /home/ljw/ws_fr5/install/moveit_calibration_plugins/lib/libmoveit_handeye_calibration_solver.so
[0.158s] -- Up-to-date: /home/ljw/ws_fr5/install/moveit_calibration_plugins/share/moveit_calibration_plugins/environment/library_path.sh
[0.158s] -- Up-to-date: /home/ljw/ws_fr5/install/moveit_calibration_plugins/share/moveit_calibration_plugins/environment/library_path.dsv
[0.158s] -- Up-to-date: /home/ljw/ws_fr5/install/moveit_calibration_plugins/include
[0.158s] -- Up-to-date: /home/ljw/ws_fr5/install/moveit_calibration_plugins/include/moveit
[0.158s] -- Up-to-date: /home/ljw/ws_fr5/install/moveit_calibration_plugins/include/moveit/handeye_calibration_target
[0.158s] -- Up-to-date: /home/ljw/ws_fr5/install/moveit_calibration_plugins/include/moveit/handeye_calibration_target/handeye_target_charuco.h
[0.158s] -- Up-to-date: /home/ljw/ws_fr5/install/moveit_calibration_plugins/include/moveit/handeye_calibration_target/handeye_target_base.h
[0.158s] -- Up-to-date: /home/ljw/ws_fr5/install/moveit_calibration_plugins/include/moveit/handeye_calibration_target/handeye_target_aruco.h
[0.158s] -- Up-to-date: /home/ljw/ws_fr5/install/moveit_calibration_plugins/lib/libmoveit_handeye_calibration_target_core.so.2.0.0
[0.158s] -- Up-to-date: /home/ljw/ws_fr5/install/moveit_calibration_plugins/lib/libmoveit_handeye_calibration_target_core.so
[0.159s] -- Up-to-date: /home/ljw/ws_fr5/install/moveit_calibration_plugins/lib/libmoveit_handeye_calibration_target.so.2.0.0
[0.159s] -- Up-to-date: /home/ljw/ws_fr5/install/moveit_calibration_plugins/lib/libmoveit_handeye_calibration_target.so
[0.159s] -- Up-to-date: /home/ljw/ws_fr5/install/moveit_calibration_plugins/share/moveit_calibration_plugins/environment/library_path.sh
[0.159s] -- Up-to-date: /home/ljw/ws_fr5/install/moveit_calibration_plugins/share/moveit_calibration_plugins/environment/library_path.dsv
[0.159s] -- Up-to-date: /home/ljw/ws_fr5/install/moveit_calibration_plugins/share/moveit_calibration_plugins/test/test_aruco_marker_detection.png
[0.159s] -- Up-to-date: /home/ljw/ws_fr5/install/moveit_calibration_plugins/share/moveit_calibration_plugins/test/test_charuco_board_detection.jpg
[0.160s] Invoked command in '/home/ljw/ws_fr5/build/moveit_calibration_plugins' returned '0': CMAKE_PREFIX_PATH=${CMAKE_PREFIX_PATH}:/opt/ros/humble /usr/bin/cmake --install /home/ljw/ws_fr5/build/moveit_calibration_plugins
