[0.520s] DEBUG:colcon:Command line arguments: ['/usr/bin/colcon', 'build']
[0.520s] DEBUG:colcon:Parsed command line arguments: Namespace(log_base=None, log_level=None, verb_name='build', build_base='build', install_base='install', merge_install=False, symlink_install=False, test_result_base=None, continue_on_error=False, executor='parallel', parallel_workers=24, event_handlers=None, ignore_user_meta=False, metas=['./colcon.meta'], base_paths=['.'], packages_ignore=None, packages_ignore_regex=None, paths=None, packages_up_to=None, packages_up_to_regex=None, packages_above=None, packages_above_and_dependencies=None, packages_above_depth=None, packages_select_by_dep=None, packages_skip_by_dep=None, packages_skip_up_to=None, packages_select_build_failed=False, packages_skip_build_finished=False, packages_select_test_failures=False, packages_skip_test_passed=False, packages_select=None, packages_skip=None, packages_select_regex=None, packages_skip_regex=None, packages_start=None, packages_end=None, allow_overriding=[], cmake_args=None, cmake_target=None, cmake_target_skip_unavailable=False, cmake_clean_cache=False, cmake_clean_first=False, cmake_force_configure=False, ament_cmake_args=None, catkin_cmake_args=None, catkin_skip_building_tests=False, mixin_files=None, mixin=None, verb_parser=<colcon_mixin.mixin.mixin_argument.MixinArgumentDecorator object at 0x77d07b241ba0>, verb_extension=<colcon_core.verb.build.BuildVerb object at 0x77d07b3bb370>, main=<bound method BuildVerb.main of <colcon_core.verb.build.BuildVerb object at 0x77d07b3bb370>>, mixin_verb=('build',))
[0.614s] Level 1:colcon.colcon_core.package_discovery:discover_packages(colcon_meta) check parameters
[0.614s] Level 1:colcon.colcon_core.package_discovery:discover_packages(recursive) check parameters
[0.614s] Level 1:colcon.colcon_core.package_discovery:discover_packages(ignore) check parameters
[0.614s] Level 1:colcon.colcon_core.package_discovery:discover_packages(path) check parameters
[0.614s] Level 1:colcon.colcon_core.package_discovery:discover_packages(colcon_meta) discover
[0.614s] Level 1:colcon.colcon_core.package_discovery:discover_packages(recursive) discover
[0.614s] INFO:colcon.colcon_core.package_discovery:Crawling recursively for packages in '/home/ljw2/fairno5'
[0.614s] Level 1:colcon.colcon_core.package_identification:_identify(.) by extensions ['ignore', 'ignore_ament_install']
[0.614s] Level 1:colcon.colcon_core.package_identification:_identify(.) by extension 'ignore'
[0.614s] Level 1:colcon.colcon_core.package_identification:_identify(.) by extension 'ignore_ament_install'
[0.614s] Level 1:colcon.colcon_core.package_identification:_identify(.) by extensions ['colcon_pkg']
[0.614s] Level 1:colcon.colcon_core.package_identification:_identify(.) by extension 'colcon_pkg'
[0.614s] Level 1:colcon.colcon_core.package_identification:_identify(.) by extensions ['colcon_meta']
[0.614s] Level 1:colcon.colcon_core.package_identification:_identify(.) by extension 'colcon_meta'
[0.614s] Level 1:colcon.colcon_core.package_identification:_identify(.) by extensions ['ros']
[0.614s] Level 1:colcon.colcon_core.package_identification:_identify(.) by extension 'ros'
[0.621s] Level 1:colcon.colcon_core.package_identification:_identify(.) by extensions ['cmake', 'python']
[0.621s] Level 1:colcon.colcon_core.package_identification:_identify(.) by extension 'cmake'
[0.621s] Level 1:colcon.colcon_core.package_identification:_identify(.) by extension 'python'
[0.621s] Level 1:colcon.colcon_core.package_identification:_identify(.) by extensions ['python_setup_py']
[0.621s] Level 1:colcon.colcon_core.package_identification:_identify(.) by extension 'python_setup_py'
[0.621s] Level 1:colcon.colcon_core.package_identification:_identify(build) by extensions ['ignore', 'ignore_ament_install']
[0.621s] Level 1:colcon.colcon_core.package_identification:_identify(build) by extension 'ignore'
[0.622s] Level 1:colcon.colcon_core.package_identification:_identify(build) ignored
[0.622s] Level 1:colcon.colcon_core.package_identification:_identify(install) by extensions ['ignore', 'ignore_ament_install']
[0.622s] Level 1:colcon.colcon_core.package_identification:_identify(install) by extension 'ignore'
[0.622s] Level 1:colcon.colcon_core.package_identification:_identify(install) ignored
[0.622s] Level 1:colcon.colcon_core.package_identification:_identify(log) by extensions ['ignore', 'ignore_ament_install']
[0.622s] Level 1:colcon.colcon_core.package_identification:_identify(log) by extension 'ignore'
[0.622s] Level 1:colcon.colcon_core.package_identification:_identify(log) ignored
[0.622s] Level 1:colcon.colcon_core.package_identification:_identify(src) by extensions ['ignore', 'ignore_ament_install']
[0.622s] Level 1:colcon.colcon_core.package_identification:_identify(src) by extension 'ignore'
[0.622s] Level 1:colcon.colcon_core.package_identification:_identify(src) by extension 'ignore_ament_install'
[0.622s] Level 1:colcon.colcon_core.package_identification:_identify(src) by extensions ['colcon_pkg']
[0.622s] Level 1:colcon.colcon_core.package_identification:_identify(src) by extension 'colcon_pkg'
[0.622s] Level 1:colcon.colcon_core.package_identification:_identify(src) by extensions ['colcon_meta']
[0.622s] Level 1:colcon.colcon_core.package_identification:_identify(src) by extension 'colcon_meta'
[0.622s] Level 1:colcon.colcon_core.package_identification:_identify(src) by extensions ['ros']
[0.622s] Level 1:colcon.colcon_core.package_identification:_identify(src) by extension 'ros'
[0.622s] Level 1:colcon.colcon_core.package_identification:_identify(src) by extensions ['cmake', 'python']
[0.622s] Level 1:colcon.colcon_core.package_identification:_identify(src) by extension 'cmake'
[0.622s] Level 1:colcon.colcon_core.package_identification:_identify(src) by extension 'python'
[0.623s] Level 1:colcon.colcon_core.package_identification:_identify(src) by extensions ['python_setup_py']
[0.623s] Level 1:colcon.colcon_core.package_identification:_identify(src) by extension 'python_setup_py'
[0.623s] Level 1:colcon.colcon_core.package_identification:_identify(src/fairino5_v6_moveit2_config) by extensions ['ignore', 'ignore_ament_install']
[0.623s] Level 1:colcon.colcon_core.package_identification:_identify(src/fairino5_v6_moveit2_config) by extension 'ignore'
[0.623s] Level 1:colcon.colcon_core.package_identification:_identify(src/fairino5_v6_moveit2_config) by extension 'ignore_ament_install'
[0.623s] Level 1:colcon.colcon_core.package_identification:_identify(src/fairino5_v6_moveit2_config) by extensions ['colcon_pkg']
[0.623s] Level 1:colcon.colcon_core.package_identification:_identify(src/fairino5_v6_moveit2_config) by extension 'colcon_pkg'
[0.623s] Level 1:colcon.colcon_core.package_identification:_identify(src/fairino5_v6_moveit2_config) by extensions ['colcon_meta']
[0.623s] Level 1:colcon.colcon_core.package_identification:_identify(src/fairino5_v6_moveit2_config) by extension 'colcon_meta'
[0.623s] Level 1:colcon.colcon_core.package_identification:_identify(src/fairino5_v6_moveit2_config) by extensions ['ros']
[0.623s] Level 1:colcon.colcon_core.package_identification:_identify(src/fairino5_v6_moveit2_config) by extension 'ros'
[0.625s] DEBUG:colcon.colcon_core.package_identification:Package 'src/fairino5_v6_moveit2_config' with type 'ros.ament_cmake' and name 'fairino5_v6_moveit2_config'
[0.625s] Level 1:colcon.colcon_core.package_identification:_identify(src/fairino_description) by extensions ['ignore', 'ignore_ament_install']
[0.625s] Level 1:colcon.colcon_core.package_identification:_identify(src/fairino_description) by extension 'ignore'
[0.625s] Level 1:colcon.colcon_core.package_identification:_identify(src/fairino_description) by extension 'ignore_ament_install'
[0.625s] Level 1:colcon.colcon_core.package_identification:_identify(src/fairino_description) by extensions ['colcon_pkg']
[0.625s] Level 1:colcon.colcon_core.package_identification:_identify(src/fairino_description) by extension 'colcon_pkg'
[0.626s] Level 1:colcon.colcon_core.package_identification:_identify(src/fairino_description) by extensions ['colcon_meta']
[0.626s] Level 1:colcon.colcon_core.package_identification:_identify(src/fairino_description) by extension 'colcon_meta'
[0.626s] Level 1:colcon.colcon_core.package_identification:_identify(src/fairino_description) by extensions ['ros']
[0.626s] Level 1:colcon.colcon_core.package_identification:_identify(src/fairino_description) by extension 'ros'
[0.626s] DEBUG:colcon.colcon_core.package_identification:Package 'src/fairino_description' with type 'ros.ament_cmake' and name 'fairino_description'
[0.626s] Level 1:colcon.colcon_core.package_identification:_identify(src/fairino_hardware) by extensions ['ignore', 'ignore_ament_install']
[0.626s] Level 1:colcon.colcon_core.package_identification:_identify(src/fairino_hardware) by extension 'ignore'
[0.626s] Level 1:colcon.colcon_core.package_identification:_identify(src/fairino_hardware) by extension 'ignore_ament_install'
[0.626s] Level 1:colcon.colcon_core.package_identification:_identify(src/fairino_hardware) by extensions ['colcon_pkg']
[0.626s] Level 1:colcon.colcon_core.package_identification:_identify(src/fairino_hardware) by extension 'colcon_pkg'
[0.626s] Level 1:colcon.colcon_core.package_identification:_identify(src/fairino_hardware) by extensions ['colcon_meta']
[0.626s] Level 1:colcon.colcon_core.package_identification:_identify(src/fairino_hardware) by extension 'colcon_meta'
[0.626s] Level 1:colcon.colcon_core.package_identification:_identify(src/fairino_hardware) by extensions ['ros']
[0.626s] Level 1:colcon.colcon_core.package_identification:_identify(src/fairino_hardware) by extension 'ros'
[0.627s] DEBUG:colcon.colcon_core.package_identification:Package 'src/fairino_hardware' with type 'ros.ament_cmake' and name 'fairino_hardware'
[0.627s] Level 1:colcon.colcon_core.package_identification:_identify(src/fairino_msgs) by extensions ['ignore', 'ignore_ament_install']
[0.627s] Level 1:colcon.colcon_core.package_identification:_identify(src/fairino_msgs) by extension 'ignore'
[0.627s] Level 1:colcon.colcon_core.package_identification:_identify(src/fairino_msgs) by extension 'ignore_ament_install'
[0.627s] Level 1:colcon.colcon_core.package_identification:_identify(src/fairino_msgs) by extensions ['colcon_pkg']
[0.627s] Level 1:colcon.colcon_core.package_identification:_identify(src/fairino_msgs) by extension 'colcon_pkg'
[0.627s] Level 1:colcon.colcon_core.package_identification:_identify(src/fairino_msgs) by extensions ['colcon_meta']
[0.627s] Level 1:colcon.colcon_core.package_identification:_identify(src/fairino_msgs) by extension 'colcon_meta'
[0.627s] Level 1:colcon.colcon_core.package_identification:_identify(src/fairino_msgs) by extensions ['ros']
[0.627s] Level 1:colcon.colcon_core.package_identification:_identify(src/fairino_msgs) by extension 'ros'
[0.628s] DEBUG:colcon.colcon_core.package_identification:Package 'src/fairino_msgs' with type 'ros.ament_cmake' and name 'fairino_msgs'
[0.628s] Level 1:colcon.colcon_core.package_identification:_identify(src/moveit2_handeye_calib) by extensions ['ignore', 'ignore_ament_install']
[0.628s] Level 1:colcon.colcon_core.package_identification:_identify(src/moveit2_handeye_calib) by extension 'ignore'
[0.628s] Level 1:colcon.colcon_core.package_identification:_identify(src/moveit2_handeye_calib) by extension 'ignore_ament_install'
[0.628s] Level 1:colcon.colcon_core.package_identification:_identify(src/moveit2_handeye_calib) by extensions ['colcon_pkg']
[0.628s] Level 1:colcon.colcon_core.package_identification:_identify(src/moveit2_handeye_calib) by extension 'colcon_pkg'
[0.628s] Level 1:colcon.colcon_core.package_identification:_identify(src/moveit2_handeye_calib) by extensions ['colcon_meta']
[0.628s] Level 1:colcon.colcon_core.package_identification:_identify(src/moveit2_handeye_calib) by extension 'colcon_meta'
[0.628s] Level 1:colcon.colcon_core.package_identification:_identify(src/moveit2_handeye_calib) by extensions ['ros']
[0.628s] Level 1:colcon.colcon_core.package_identification:_identify(src/moveit2_handeye_calib) by extension 'ros'
[0.628s] Level 1:colcon.colcon_core.package_identification:_identify(src/moveit2_handeye_calib) by extensions ['cmake', 'python']
[0.629s] Level 1:colcon.colcon_core.package_identification:_identify(src/moveit2_handeye_calib) by extension 'cmake'
[0.629s] Level 1:colcon.colcon_core.package_identification:_identify(src/moveit2_handeye_calib) by extension 'python'
[0.629s] Level 1:colcon.colcon_core.package_identification:_identify(src/moveit2_handeye_calib) by extensions ['python_setup_py']
[0.629s] Level 1:colcon.colcon_core.package_identification:_identify(src/moveit2_handeye_calib) by extension 'python_setup_py'
[0.629s] Level 1:colcon.colcon_core.package_identification:_identify(src/robotiq_2f_85_gripper_visualization) by extensions ['ignore', 'ignore_ament_install']
[0.629s] Level 1:colcon.colcon_core.package_identification:_identify(src/robotiq_2f_85_gripper_visualization) by extension 'ignore'
[0.629s] Level 1:colcon.colcon_core.package_identification:_identify(src/robotiq_2f_85_gripper_visualization) by extension 'ignore_ament_install'
[0.629s] Level 1:colcon.colcon_core.package_identification:_identify(src/robotiq_2f_85_gripper_visualization) by extensions ['colcon_pkg']
[0.629s] Level 1:colcon.colcon_core.package_identification:_identify(src/robotiq_2f_85_gripper_visualization) by extension 'colcon_pkg'
[0.629s] Level 1:colcon.colcon_core.package_identification:_identify(src/robotiq_2f_85_gripper_visualization) by extensions ['colcon_meta']
[0.629s] Level 1:colcon.colcon_core.package_identification:_identify(src/robotiq_2f_85_gripper_visualization) by extension 'colcon_meta'
[0.629s] Level 1:colcon.colcon_core.package_identification:_identify(src/robotiq_2f_85_gripper_visualization) by extensions ['ros']
[0.629s] Level 1:colcon.colcon_core.package_identification:_identify(src/robotiq_2f_85_gripper_visualization) by extension 'ros'
[0.629s] DEBUG:colcon.colcon_core.package_identification:Package 'src/robotiq_2f_85_gripper_visualization' with type 'ros.ament_cmake' and name 'robotiq_2f_85_gripper_visualization'
[0.629s] Level 1:colcon.colcon_core.package_discovery:discover_packages(recursive) using defaults
[0.629s] Level 1:colcon.colcon_core.package_discovery:discover_packages(ignore) discover
[0.629s] Level 1:colcon.colcon_core.package_discovery:discover_packages(ignore) using defaults
[0.629s] Level 1:colcon.colcon_core.package_discovery:discover_packages(path) discover
[0.629s] Level 1:colcon.colcon_core.package_discovery:discover_packages(path) using defaults
[0.646s] Level 1:colcon.colcon_core.package_discovery:discover_packages(prefix_path) check parameters
[0.647s] Level 1:colcon.colcon_core.package_discovery:discover_packages(prefix_path) discover
[0.648s] DEBUG:colcon.colcon_installed_package_information.package_discovery:Found 5 installed packages in /home/ljw2/fairno5/install
[0.649s] DEBUG:colcon.colcon_installed_package_information.package_discovery:Found 359 installed packages in /opt/ros/humble
[0.650s] Level 1:colcon.colcon_core.package_discovery:discover_packages(prefix_path) using defaults
[0.677s] Level 5:colcon.colcon_core.verb:set package 'fairino_description' build argument 'cmake_args' from command line to 'None'
[0.677s] Level 5:colcon.colcon_core.verb:set package 'fairino_description' build argument 'cmake_target' from command line to 'None'
[0.677s] Level 5:colcon.colcon_core.verb:set package 'fairino_description' build argument 'cmake_target_skip_unavailable' from command line to 'False'
[0.677s] Level 5:colcon.colcon_core.verb:set package 'fairino_description' build argument 'cmake_clean_cache' from command line to 'False'
[0.677s] Level 5:colcon.colcon_core.verb:set package 'fairino_description' build argument 'cmake_clean_first' from command line to 'False'
[0.677s] Level 5:colcon.colcon_core.verb:set package 'fairino_description' build argument 'cmake_force_configure' from command line to 'False'
[0.677s] Level 5:colcon.colcon_core.verb:set package 'fairino_description' build argument 'ament_cmake_args' from command line to 'None'
[0.677s] Level 5:colcon.colcon_core.verb:set package 'fairino_description' build argument 'catkin_cmake_args' from command line to 'None'
[0.677s] Level 5:colcon.colcon_core.verb:set package 'fairino_description' build argument 'catkin_skip_building_tests' from command line to 'False'
[0.677s] DEBUG:colcon.colcon_core.verb:Building package 'fairino_description' with the following arguments: {'ament_cmake_args': None, 'build_base': '/home/ljw2/fairno5/build/fairino_description', 'catkin_cmake_args': None, 'catkin_skip_building_tests': False, 'cmake_args': None, 'cmake_clean_cache': False, 'cmake_clean_first': False, 'cmake_force_configure': False, 'cmake_target': None, 'cmake_target_skip_unavailable': False, 'install_base': '/home/ljw2/fairno5/install/fairino_description', 'merge_install': False, 'path': '/home/ljw2/fairno5/src/fairino_description', 'symlink_install': False, 'test_result_base': None}
[0.677s] Level 5:colcon.colcon_core.verb:set package 'fairino_msgs' build argument 'cmake_args' from command line to 'None'
[0.677s] Level 5:colcon.colcon_core.verb:set package 'fairino_msgs' build argument 'cmake_target' from command line to 'None'
[0.677s] Level 5:colcon.colcon_core.verb:set package 'fairino_msgs' build argument 'cmake_target_skip_unavailable' from command line to 'False'
[0.677s] Level 5:colcon.colcon_core.verb:set package 'fairino_msgs' build argument 'cmake_clean_cache' from command line to 'False'
[0.677s] Level 5:colcon.colcon_core.verb:set package 'fairino_msgs' build argument 'cmake_clean_first' from command line to 'False'
[0.677s] Level 5:colcon.colcon_core.verb:set package 'fairino_msgs' build argument 'cmake_force_configure' from command line to 'False'
[0.677s] Level 5:colcon.colcon_core.verb:set package 'fairino_msgs' build argument 'ament_cmake_args' from command line to 'None'
[0.677s] Level 5:colcon.colcon_core.verb:set package 'fairino_msgs' build argument 'catkin_cmake_args' from command line to 'None'
[0.677s] Level 5:colcon.colcon_core.verb:set package 'fairino_msgs' build argument 'catkin_skip_building_tests' from command line to 'False'
[0.677s] DEBUG:colcon.colcon_core.verb:Building package 'fairino_msgs' with the following arguments: {'ament_cmake_args': None, 'build_base': '/home/ljw2/fairno5/build/fairino_msgs', 'catkin_cmake_args': None, 'catkin_skip_building_tests': False, 'cmake_args': None, 'cmake_clean_cache': False, 'cmake_clean_first': False, 'cmake_force_configure': False, 'cmake_target': None, 'cmake_target_skip_unavailable': False, 'install_base': '/home/ljw2/fairno5/install/fairino_msgs', 'merge_install': False, 'path': '/home/ljw2/fairno5/src/fairino_msgs', 'symlink_install': False, 'test_result_base': None}
[0.678s] Level 5:colcon.colcon_core.verb:set package 'robotiq_2f_85_gripper_visualization' build argument 'cmake_args' from command line to 'None'
[0.678s] Level 5:colcon.colcon_core.verb:set package 'robotiq_2f_85_gripper_visualization' build argument 'cmake_target' from command line to 'None'
[0.678s] Level 5:colcon.colcon_core.verb:set package 'robotiq_2f_85_gripper_visualization' build argument 'cmake_target_skip_unavailable' from command line to 'False'
[0.678s] Level 5:colcon.colcon_core.verb:set package 'robotiq_2f_85_gripper_visualization' build argument 'cmake_clean_cache' from command line to 'False'
[0.678s] Level 5:colcon.colcon_core.verb:set package 'robotiq_2f_85_gripper_visualization' build argument 'cmake_clean_first' from command line to 'False'
[0.678s] Level 5:colcon.colcon_core.verb:set package 'robotiq_2f_85_gripper_visualization' build argument 'cmake_force_configure' from command line to 'False'
[0.678s] Level 5:colcon.colcon_core.verb:set package 'robotiq_2f_85_gripper_visualization' build argument 'ament_cmake_args' from command line to 'None'
[0.678s] Level 5:colcon.colcon_core.verb:set package 'robotiq_2f_85_gripper_visualization' build argument 'catkin_cmake_args' from command line to 'None'
[0.678s] Level 5:colcon.colcon_core.verb:set package 'robotiq_2f_85_gripper_visualization' build argument 'catkin_skip_building_tests' from command line to 'False'
[0.678s] DEBUG:colcon.colcon_core.verb:Building package 'robotiq_2f_85_gripper_visualization' with the following arguments: {'ament_cmake_args': None, 'build_base': '/home/ljw2/fairno5/build/robotiq_2f_85_gripper_visualization', 'catkin_cmake_args': None, 'catkin_skip_building_tests': False, 'cmake_args': None, 'cmake_clean_cache': False, 'cmake_clean_first': False, 'cmake_force_configure': False, 'cmake_target': None, 'cmake_target_skip_unavailable': False, 'install_base': '/home/ljw2/fairno5/install/robotiq_2f_85_gripper_visualization', 'merge_install': False, 'path': '/home/ljw2/fairno5/src/robotiq_2f_85_gripper_visualization', 'symlink_install': False, 'test_result_base': None}
[0.678s] Level 5:colcon.colcon_core.verb:set package 'fairino5_v6_moveit2_config' build argument 'cmake_args' from command line to 'None'
[0.678s] Level 5:colcon.colcon_core.verb:set package 'fairino5_v6_moveit2_config' build argument 'cmake_target' from command line to 'None'
[0.678s] Level 5:colcon.colcon_core.verb:set package 'fairino5_v6_moveit2_config' build argument 'cmake_target_skip_unavailable' from command line to 'False'
[0.678s] Level 5:colcon.colcon_core.verb:set package 'fairino5_v6_moveit2_config' build argument 'cmake_clean_cache' from command line to 'False'
[0.678s] Level 5:colcon.colcon_core.verb:set package 'fairino5_v6_moveit2_config' build argument 'cmake_clean_first' from command line to 'False'
[0.678s] Level 5:colcon.colcon_core.verb:set package 'fairino5_v6_moveit2_config' build argument 'cmake_force_configure' from command line to 'False'
[0.678s] Level 5:colcon.colcon_core.verb:set package 'fairino5_v6_moveit2_config' build argument 'ament_cmake_args' from command line to 'None'
[0.678s] Level 5:colcon.colcon_core.verb:set package 'fairino5_v6_moveit2_config' build argument 'catkin_cmake_args' from command line to 'None'
[0.678s] Level 5:colcon.colcon_core.verb:set package 'fairino5_v6_moveit2_config' build argument 'catkin_skip_building_tests' from command line to 'False'
[0.678s] DEBUG:colcon.colcon_core.verb:Building package 'fairino5_v6_moveit2_config' with the following arguments: {'ament_cmake_args': None, 'build_base': '/home/ljw2/fairno5/build/fairino5_v6_moveit2_config', 'catkin_cmake_args': None, 'catkin_skip_building_tests': False, 'cmake_args': None, 'cmake_clean_cache': False, 'cmake_clean_first': False, 'cmake_force_configure': False, 'cmake_target': None, 'cmake_target_skip_unavailable': False, 'install_base': '/home/ljw2/fairno5/install/fairino5_v6_moveit2_config', 'merge_install': False, 'path': '/home/ljw2/fairno5/src/fairino5_v6_moveit2_config', 'symlink_install': False, 'test_result_base': None}
[0.678s] Level 5:colcon.colcon_core.verb:set package 'fairino_hardware' build argument 'cmake_args' from command line to 'None'
[0.678s] Level 5:colcon.colcon_core.verb:set package 'fairino_hardware' build argument 'cmake_target' from command line to 'None'
[0.678s] Level 5:colcon.colcon_core.verb:set package 'fairino_hardware' build argument 'cmake_target_skip_unavailable' from command line to 'False'
[0.678s] Level 5:colcon.colcon_core.verb:set package 'fairino_hardware' build argument 'cmake_clean_cache' from command line to 'False'
[0.678s] Level 5:colcon.colcon_core.verb:set package 'fairino_hardware' build argument 'cmake_clean_first' from command line to 'False'
[0.678s] Level 5:colcon.colcon_core.verb:set package 'fairino_hardware' build argument 'cmake_force_configure' from command line to 'False'
[0.678s] Level 5:colcon.colcon_core.verb:set package 'fairino_hardware' build argument 'ament_cmake_args' from command line to 'None'
[0.678s] Level 5:colcon.colcon_core.verb:set package 'fairino_hardware' build argument 'catkin_cmake_args' from command line to 'None'
[0.678s] Level 5:colcon.colcon_core.verb:set package 'fairino_hardware' build argument 'catkin_skip_building_tests' from command line to 'False'
[0.678s] DEBUG:colcon.colcon_core.verb:Building package 'fairino_hardware' with the following arguments: {'ament_cmake_args': None, 'build_base': '/home/ljw2/fairno5/build/fairino_hardware', 'catkin_cmake_args': None, 'catkin_skip_building_tests': False, 'cmake_args': None, 'cmake_clean_cache': False, 'cmake_clean_first': False, 'cmake_force_configure': False, 'cmake_target': None, 'cmake_target_skip_unavailable': False, 'install_base': '/home/ljw2/fairno5/install/fairino_hardware', 'merge_install': False, 'path': '/home/ljw2/fairno5/src/fairino_hardware', 'symlink_install': False, 'test_result_base': None}
[0.678s] INFO:colcon.colcon_core.executor:Executing jobs using 'parallel' executor
[0.679s] DEBUG:colcon.colcon_parallel_executor.executor.parallel:run_until_complete
[0.680s] INFO:colcon.colcon_ros.task.ament_cmake.build:Building ROS package in '/home/ljw2/fairno5/src/fairino_description' with build type 'ament_cmake'
[0.680s] INFO:colcon.colcon_cmake.task.cmake.build:Building CMake package in '/home/ljw2/fairno5/src/fairino_description'
[0.682s] INFO:colcon.colcon_core.plugin_system:Skipping extension 'colcon_core.shell.bat': Not used on non-Windows systems
[0.682s] INFO:colcon.colcon_core.shell:Skip shell extension 'powershell' for command environment: Not usable outside of PowerShell
[0.682s] DEBUG:colcon.colcon_core.shell:Skip shell extension 'dsv' for command environment
[0.685s] INFO:colcon.colcon_ros.task.ament_cmake.build:Building ROS package in '/home/ljw2/fairno5/src/fairino_msgs' with build type 'ament_cmake'
[0.685s] INFO:colcon.colcon_cmake.task.cmake.build:Building CMake package in '/home/ljw2/fairno5/src/fairino_msgs'
[0.686s] INFO:colcon.colcon_core.shell:Skip shell extension 'powershell' for command environment: Not usable outside of PowerShell
[0.686s] DEBUG:colcon.colcon_core.shell:Skip shell extension 'dsv' for command environment
[0.689s] INFO:colcon.colcon_ros.task.ament_cmake.build:Building ROS package in '/home/ljw2/fairno5/src/robotiq_2f_85_gripper_visualization' with build type 'ament_cmake'
[0.689s] INFO:colcon.colcon_cmake.task.cmake.build:Building CMake package in '/home/ljw2/fairno5/src/robotiq_2f_85_gripper_visualization'
[0.689s] INFO:colcon.colcon_core.shell:Skip shell extension 'powershell' for command environment: Not usable outside of PowerShell
[0.689s] DEBUG:colcon.colcon_core.shell:Skip shell extension 'dsv' for command environment
[0.741s] DEBUG:colcon.colcon_core.event_handler.log_command:Invoking command in '/home/ljw2/fairno5/build/fairino_description': CMAKE_PREFIX_PATH=${CMAKE_PREFIX_PATH}:/opt/ros/humble /usr/bin/cmake --build /home/ljw2/fairno5/build/fairino_description -- -j24 -l24
[0.743s] DEBUG:colcon.colcon_core.event_handler.log_command:Invoking command in '/home/ljw2/fairno5/build/fairino_msgs': CMAKE_PREFIX_PATH=${CMAKE_PREFIX_PATH}:/opt/ros/humble /usr/bin/cmake --build /home/ljw2/fairno5/build/fairino_msgs -- -j24 -l24
[0.758s] DEBUG:colcon.colcon_core.event_handler.log_command:Invoking command in '/home/ljw2/fairno5/build/robotiq_2f_85_gripper_visualization': CMAKE_PREFIX_PATH=${CMAKE_PREFIX_PATH}:/opt/ros/humble /usr/bin/cmake --build /home/ljw2/fairno5/build/robotiq_2f_85_gripper_visualization -- -j24 -l24
[0.799s] DEBUG:colcon.colcon_core.event_handler.log_command:Invoked command in '/home/ljw2/fairno5/build/robotiq_2f_85_gripper_visualization' returned '0': CMAKE_PREFIX_PATH=${CMAKE_PREFIX_PATH}:/opt/ros/humble /usr/bin/cmake --build /home/ljw2/fairno5/build/robotiq_2f_85_gripper_visualization -- -j24 -l24
[0.815s] DEBUG:colcon.colcon_core.event_handler.log_command:Invoking command in '/home/ljw2/fairno5/build/robotiq_2f_85_gripper_visualization': CMAKE_PREFIX_PATH=${CMAKE_PREFIX_PATH}:/opt/ros/humble /usr/bin/cmake --install /home/ljw2/fairno5/build/robotiq_2f_85_gripper_visualization
[0.817s] DEBUG:colcon.colcon_core.event_handler.log_command:Invoked command in '/home/ljw2/fairno5/build/fairino_description' returned '0': CMAKE_PREFIX_PATH=${CMAKE_PREFIX_PATH}:/opt/ros/humble /usr/bin/cmake --build /home/ljw2/fairno5/build/fairino_description -- -j24 -l24
[0.825s] DEBUG:colcon.colcon_core.event_handler.log_command:Invoking command in '/home/ljw2/fairno5/build/fairino_description': CMAKE_PREFIX_PATH=${CMAKE_PREFIX_PATH}:/opt/ros/humble /usr/bin/cmake --install /home/ljw2/fairno5/build/fairino_description
[0.846s] Level 1:colcon.colcon_core.environment:create_environment_scripts_only(robotiq_2f_85_gripper_visualization)
[0.864s] Level 1:colcon.colcon_core.environment:checking '/home/ljw2/fairno5/install/robotiq_2f_85_gripper_visualization' for CMake module files
[0.874s] DEBUG:colcon.colcon_core.event_handler.log_command:Invoked command in '/home/ljw2/fairno5/build/robotiq_2f_85_gripper_visualization' returned '0': CMAKE_PREFIX_PATH=${CMAKE_PREFIX_PATH}:/opt/ros/humble /usr/bin/cmake --install /home/ljw2/fairno5/build/robotiq_2f_85_gripper_visualization
[0.875s] Level 1:colcon.colcon_core.environment:checking '/home/ljw2/fairno5/install/robotiq_2f_85_gripper_visualization' for CMake config files
[0.875s] Level 1:colcon.colcon_core.shell:create_environment_hook('robotiq_2f_85_gripper_visualization', 'cmake_prefix_path')
[0.876s] INFO:colcon.colcon_core.shell:Creating environment hook '/home/ljw2/fairno5/install/robotiq_2f_85_gripper_visualization/share/robotiq_2f_85_gripper_visualization/hook/cmake_prefix_path.ps1'
[0.879s] INFO:colcon.colcon_core.shell:Creating environment descriptor '/home/ljw2/fairno5/install/robotiq_2f_85_gripper_visualization/share/robotiq_2f_85_gripper_visualization/hook/cmake_prefix_path.dsv'
[0.881s] INFO:colcon.colcon_core.shell:Creating environment hook '/home/ljw2/fairno5/install/robotiq_2f_85_gripper_visualization/share/robotiq_2f_85_gripper_visualization/hook/cmake_prefix_path.sh'
[0.882s] Level 1:colcon.colcon_core.environment:checking '/home/ljw2/fairno5/install/robotiq_2f_85_gripper_visualization/bin'
[0.882s] Level 1:colcon.colcon_core.environment:checking '/home/ljw2/fairno5/install/robotiq_2f_85_gripper_visualization/lib/pkgconfig/robotiq_2f_85_gripper_visualization.pc'
[0.882s] Level 1:colcon.colcon_core.environment:checking '/home/ljw2/fairno5/install/robotiq_2f_85_gripper_visualization/lib/python3.10/site-packages'
[0.883s] Level 1:colcon.colcon_core.environment:checking '/home/ljw2/fairno5/install/robotiq_2f_85_gripper_visualization/bin'
[0.883s] INFO:colcon.colcon_core.shell:Creating package script '/home/ljw2/fairno5/install/robotiq_2f_85_gripper_visualization/share/robotiq_2f_85_gripper_visualization/package.ps1'
[0.884s] INFO:colcon.colcon_core.shell:Creating package descriptor '/home/ljw2/fairno5/install/robotiq_2f_85_gripper_visualization/share/robotiq_2f_85_gripper_visualization/package.dsv'
[0.885s] INFO:colcon.colcon_core.shell:Creating package script '/home/ljw2/fairno5/install/robotiq_2f_85_gripper_visualization/share/robotiq_2f_85_gripper_visualization/package.sh'
[0.886s] INFO:colcon.colcon_core.shell:Creating package script '/home/ljw2/fairno5/install/robotiq_2f_85_gripper_visualization/share/robotiq_2f_85_gripper_visualization/package.bash'
[0.887s] INFO:colcon.colcon_core.shell:Creating package script '/home/ljw2/fairno5/install/robotiq_2f_85_gripper_visualization/share/robotiq_2f_85_gripper_visualization/package.zsh'
[0.888s] Level 1:colcon.colcon_core.environment:create_file_with_runtime_dependencies(/home/ljw2/fairno5/install/robotiq_2f_85_gripper_visualization/share/colcon-core/packages/robotiq_2f_85_gripper_visualization)
[0.889s] Level 1:colcon.colcon_core.environment:create_environment_scripts_only(robotiq_2f_85_gripper_visualization)
[0.890s] Level 1:colcon.colcon_core.environment:checking '/home/ljw2/fairno5/install/robotiq_2f_85_gripper_visualization' for CMake module files
[0.890s] Level 1:colcon.colcon_core.environment:checking '/home/ljw2/fairno5/install/robotiq_2f_85_gripper_visualization' for CMake config files
[0.890s] Level 1:colcon.colcon_core.shell:create_environment_hook('robotiq_2f_85_gripper_visualization', 'cmake_prefix_path')
[0.891s] INFO:colcon.colcon_core.shell:Creating environment hook '/home/ljw2/fairno5/install/robotiq_2f_85_gripper_visualization/share/robotiq_2f_85_gripper_visualization/hook/cmake_prefix_path.ps1'
[0.891s] INFO:colcon.colcon_core.shell:Creating environment descriptor '/home/ljw2/fairno5/install/robotiq_2f_85_gripper_visualization/share/robotiq_2f_85_gripper_visualization/hook/cmake_prefix_path.dsv'
[0.891s] INFO:colcon.colcon_core.shell:Creating environment hook '/home/ljw2/fairno5/install/robotiq_2f_85_gripper_visualization/share/robotiq_2f_85_gripper_visualization/hook/cmake_prefix_path.sh'
[0.892s] Level 1:colcon.colcon_core.environment:checking '/home/ljw2/fairno5/install/robotiq_2f_85_gripper_visualization/bin'
[0.892s] Level 1:colcon.colcon_core.environment:checking '/home/ljw2/fairno5/install/robotiq_2f_85_gripper_visualization/lib/pkgconfig/robotiq_2f_85_gripper_visualization.pc'
[0.893s] Level 1:colcon.colcon_core.environment:checking '/home/ljw2/fairno5/install/robotiq_2f_85_gripper_visualization/lib/python3.10/site-packages'
[0.893s] Level 1:colcon.colcon_core.environment:checking '/home/ljw2/fairno5/install/robotiq_2f_85_gripper_visualization/bin'
[0.893s] INFO:colcon.colcon_core.shell:Creating package script '/home/ljw2/fairno5/install/robotiq_2f_85_gripper_visualization/share/robotiq_2f_85_gripper_visualization/package.ps1'
[0.894s] INFO:colcon.colcon_core.shell:Creating package descriptor '/home/ljw2/fairno5/install/robotiq_2f_85_gripper_visualization/share/robotiq_2f_85_gripper_visualization/package.dsv'
[0.894s] INFO:colcon.colcon_core.shell:Creating package script '/home/ljw2/fairno5/install/robotiq_2f_85_gripper_visualization/share/robotiq_2f_85_gripper_visualization/package.sh'
[0.895s] INFO:colcon.colcon_core.shell:Creating package script '/home/ljw2/fairno5/install/robotiq_2f_85_gripper_visualization/share/robotiq_2f_85_gripper_visualization/package.bash'
[0.895s] INFO:colcon.colcon_core.shell:Creating package script '/home/ljw2/fairno5/install/robotiq_2f_85_gripper_visualization/share/robotiq_2f_85_gripper_visualization/package.zsh'
[0.896s] Level 1:colcon.colcon_core.environment:create_file_with_runtime_dependencies(/home/ljw2/fairno5/install/robotiq_2f_85_gripper_visualization/share/colcon-core/packages/robotiq_2f_85_gripper_visualization)
[0.899s] Level 1:colcon.colcon_core.environment:create_environment_scripts_only(fairino_description)
[0.899s] Level 1:colcon.colcon_core.environment:checking '/home/ljw2/fairno5/install/fairino_description' for CMake module files
[0.900s] DEBUG:colcon.colcon_core.event_handler.log_command:Invoked command in '/home/ljw2/fairno5/build/fairino_description' returned '0': CMAKE_PREFIX_PATH=${CMAKE_PREFIX_PATH}:/opt/ros/humble /usr/bin/cmake --install /home/ljw2/fairno5/build/fairino_description
[0.901s] Level 1:colcon.colcon_core.environment:checking '/home/ljw2/fairno5/install/fairino_description' for CMake config files
[0.901s] Level 1:colcon.colcon_core.shell:create_environment_hook('fairino_description', 'cmake_prefix_path')
[0.902s] INFO:colcon.colcon_core.shell:Creating environment hook '/home/ljw2/fairno5/install/fairino_description/share/fairino_description/hook/cmake_prefix_path.ps1'
[0.902s] INFO:colcon.colcon_core.shell:Creating environment descriptor '/home/ljw2/fairno5/install/fairino_description/share/fairino_description/hook/cmake_prefix_path.dsv'
[0.903s] INFO:colcon.colcon_core.shell:Creating environment hook '/home/ljw2/fairno5/install/fairino_description/share/fairino_description/hook/cmake_prefix_path.sh'
[0.904s] Level 1:colcon.colcon_core.environment:checking '/home/ljw2/fairno5/install/fairino_description/bin'
[0.904s] Level 1:colcon.colcon_core.environment:checking '/home/ljw2/fairno5/install/fairino_description/lib/pkgconfig/fairino_description.pc'
[0.905s] Level 1:colcon.colcon_core.environment:checking '/home/ljw2/fairno5/install/fairino_description/lib/python3.10/site-packages'
[0.905s] Level 1:colcon.colcon_core.environment:checking '/home/ljw2/fairno5/install/fairino_description/bin'
[0.906s] INFO:colcon.colcon_core.shell:Creating package script '/home/ljw2/fairno5/install/fairino_description/share/fairino_description/package.ps1'
[0.906s] INFO:colcon.colcon_core.shell:Creating package descriptor '/home/ljw2/fairno5/install/fairino_description/share/fairino_description/package.dsv'
[0.907s] INFO:colcon.colcon_core.shell:Creating package script '/home/ljw2/fairno5/install/fairino_description/share/fairino_description/package.sh'
[0.907s] INFO:colcon.colcon_core.shell:Creating package script '/home/ljw2/fairno5/install/fairino_description/share/fairino_description/package.bash'
[0.908s] INFO:colcon.colcon_core.shell:Creating package script '/home/ljw2/fairno5/install/fairino_description/share/fairino_description/package.zsh'
[0.908s] Level 1:colcon.colcon_core.environment:create_file_with_runtime_dependencies(/home/ljw2/fairno5/install/fairino_description/share/colcon-core/packages/fairino_description)
[0.910s] Level 1:colcon.colcon_core.environment:create_environment_scripts_only(fairino_description)
[0.910s] Level 1:colcon.colcon_core.environment:checking '/home/ljw2/fairno5/install/fairino_description' for CMake module files
[0.911s] Level 1:colcon.colcon_core.environment:checking '/home/ljw2/fairno5/install/fairino_description' for CMake config files
[0.911s] Level 1:colcon.colcon_core.shell:create_environment_hook('fairino_description', 'cmake_prefix_path')
[0.911s] INFO:colcon.colcon_core.shell:Creating environment hook '/home/ljw2/fairno5/install/fairino_description/share/fairino_description/hook/cmake_prefix_path.ps1'
[0.912s] INFO:colcon.colcon_core.shell:Creating environment descriptor '/home/ljw2/fairno5/install/fairino_description/share/fairino_description/hook/cmake_prefix_path.dsv'
[0.912s] INFO:colcon.colcon_core.shell:Creating environment hook '/home/ljw2/fairno5/install/fairino_description/share/fairino_description/hook/cmake_prefix_path.sh'
[0.913s] Level 1:colcon.colcon_core.environment:checking '/home/ljw2/fairno5/install/fairino_description/bin'
[0.913s] Level 1:colcon.colcon_core.environment:checking '/home/ljw2/fairno5/install/fairino_description/lib/pkgconfig/fairino_description.pc'
[0.914s] Level 1:colcon.colcon_core.environment:checking '/home/ljw2/fairno5/install/fairino_description/lib/python3.10/site-packages'
[0.914s] Level 1:colcon.colcon_core.environment:checking '/home/ljw2/fairno5/install/fairino_description/bin'
[0.914s] INFO:colcon.colcon_core.shell:Creating package script '/home/ljw2/fairno5/install/fairino_description/share/fairino_description/package.ps1'
[0.915s] INFO:colcon.colcon_core.shell:Creating package descriptor '/home/ljw2/fairno5/install/fairino_description/share/fairino_description/package.dsv'
[0.916s] INFO:colcon.colcon_core.shell:Creating package script '/home/ljw2/fairno5/install/fairino_description/share/fairino_description/package.sh'
[0.916s] INFO:colcon.colcon_core.shell:Creating package script '/home/ljw2/fairno5/install/fairino_description/share/fairino_description/package.bash'
[0.917s] INFO:colcon.colcon_core.shell:Creating package script '/home/ljw2/fairno5/install/fairino_description/share/fairino_description/package.zsh'
[0.918s] Level 1:colcon.colcon_core.environment:create_file_with_runtime_dependencies(/home/ljw2/fairno5/install/fairino_description/share/colcon-core/packages/fairino_description)
[0.918s] INFO:colcon.colcon_ros.task.ament_cmake.build:Building ROS package in '/home/ljw2/fairno5/src/fairino5_v6_moveit2_config' with build type 'ament_cmake'
[0.919s] INFO:colcon.colcon_cmake.task.cmake.build:Building CMake package in '/home/ljw2/fairno5/src/fairino5_v6_moveit2_config'
[0.920s] INFO:colcon.colcon_core.shell:Skip shell extension 'powershell' for command environment: Not usable outside of PowerShell
[0.920s] DEBUG:colcon.colcon_core.shell:Skip shell extension 'dsv' for command environment
[1.131s] DEBUG:colcon.colcon_core.event_handler.log_command:Invoked command in '/home/ljw2/fairno5/build/fairino_msgs' returned '0': CMAKE_PREFIX_PATH=${CMAKE_PREFIX_PATH}:/opt/ros/humble /usr/bin/cmake --build /home/ljw2/fairno5/build/fairino_msgs -- -j24 -l24
[1.134s] DEBUG:colcon.colcon_core.event_handler.log_command:Invoking command in '/home/ljw2/fairno5/build/fairino_msgs': CMAKE_PREFIX_PATH=${CMAKE_PREFIX_PATH}:/opt/ros/humble /usr/bin/cmake --install /home/ljw2/fairno5/build/fairino_msgs
[1.218s] Level 1:colcon.colcon_core.environment:create_environment_scripts_only(fairino_msgs)
[1.218s] Level 1:colcon.colcon_core.environment:checking '/home/ljw2/fairno5/install/fairino_msgs' for CMake module files
[1.219s] DEBUG:colcon.colcon_core.event_handler.log_command:Invoked command in '/home/ljw2/fairno5/build/fairino_msgs' returned '0': CMAKE_PREFIX_PATH=${CMAKE_PREFIX_PATH}:/opt/ros/humble /usr/bin/cmake --install /home/ljw2/fairno5/build/fairino_msgs
[1.219s] Level 1:colcon.colcon_core.environment:checking '/home/ljw2/fairno5/install/fairino_msgs' for CMake config files
[1.220s] Level 1:colcon.colcon_core.shell:create_environment_hook('fairino_msgs', 'cmake_prefix_path')
[1.220s] INFO:colcon.colcon_core.shell:Creating environment hook '/home/ljw2/fairno5/install/fairino_msgs/share/fairino_msgs/hook/cmake_prefix_path.ps1'
[1.220s] INFO:colcon.colcon_core.shell:Creating environment descriptor '/home/ljw2/fairno5/install/fairino_msgs/share/fairino_msgs/hook/cmake_prefix_path.dsv'
[1.221s] INFO:colcon.colcon_core.shell:Creating environment hook '/home/ljw2/fairno5/install/fairino_msgs/share/fairino_msgs/hook/cmake_prefix_path.sh'
[1.221s] Level 1:colcon.colcon_core.environment:checking '/home/ljw2/fairno5/install/fairino_msgs/lib'
[1.221s] Level 1:colcon.colcon_core.shell:create_environment_hook('fairino_msgs', 'ld_library_path_lib')
[1.222s] INFO:colcon.colcon_core.shell:Creating environment hook '/home/ljw2/fairno5/install/fairino_msgs/share/fairino_msgs/hook/ld_library_path_lib.ps1'
[1.222s] INFO:colcon.colcon_core.shell:Creating environment descriptor '/home/ljw2/fairno5/install/fairino_msgs/share/fairino_msgs/hook/ld_library_path_lib.dsv'
[1.222s] INFO:colcon.colcon_core.shell:Creating environment hook '/home/ljw2/fairno5/install/fairino_msgs/share/fairino_msgs/hook/ld_library_path_lib.sh'
[1.223s] Level 1:colcon.colcon_core.environment:checking '/home/ljw2/fairno5/install/fairino_msgs/bin'
[1.223s] Level 1:colcon.colcon_core.environment:checking '/home/ljw2/fairno5/install/fairino_msgs/lib/pkgconfig/fairino_msgs.pc'
[1.223s] Level 1:colcon.colcon_core.environment:checking '/home/ljw2/fairno5/install/fairino_msgs/lib/python3.10/site-packages'
[1.223s] Level 1:colcon.colcon_core.environment:checking '/home/ljw2/fairno5/install/fairino_msgs/bin'
[1.224s] INFO:colcon.colcon_core.shell:Creating package script '/home/ljw2/fairno5/install/fairino_msgs/share/fairino_msgs/package.ps1'
[1.224s] INFO:colcon.colcon_core.shell:Creating package descriptor '/home/ljw2/fairno5/install/fairino_msgs/share/fairino_msgs/package.dsv'
[1.224s] INFO:colcon.colcon_core.shell:Creating package script '/home/ljw2/fairno5/install/fairino_msgs/share/fairino_msgs/package.sh'
[1.225s] INFO:colcon.colcon_core.shell:Creating package script '/home/ljw2/fairno5/install/fairino_msgs/share/fairino_msgs/package.bash'
[1.225s] INFO:colcon.colcon_core.shell:Creating package script '/home/ljw2/fairno5/install/fairino_msgs/share/fairino_msgs/package.zsh'
[1.225s] Level 1:colcon.colcon_core.environment:create_file_with_runtime_dependencies(/home/ljw2/fairno5/install/fairino_msgs/share/colcon-core/packages/fairino_msgs)
[1.226s] Level 1:colcon.colcon_core.environment:create_environment_scripts_only(fairino_msgs)
[1.226s] Level 1:colcon.colcon_core.environment:checking '/home/ljw2/fairno5/install/fairino_msgs' for CMake module files
[1.227s] Level 1:colcon.colcon_core.environment:checking '/home/ljw2/fairno5/install/fairino_msgs' for CMake config files
[1.227s] Level 1:colcon.colcon_core.shell:create_environment_hook('fairino_msgs', 'cmake_prefix_path')
[1.227s] INFO:colcon.colcon_core.shell:Creating environment hook '/home/ljw2/fairno5/install/fairino_msgs/share/fairino_msgs/hook/cmake_prefix_path.ps1'
[1.228s] INFO:colcon.colcon_core.shell:Creating environment descriptor '/home/ljw2/fairno5/install/fairino_msgs/share/fairino_msgs/hook/cmake_prefix_path.dsv'
[1.228s] INFO:colcon.colcon_core.shell:Creating environment hook '/home/ljw2/fairno5/install/fairino_msgs/share/fairino_msgs/hook/cmake_prefix_path.sh'
[1.229s] Level 1:colcon.colcon_core.environment:checking '/home/ljw2/fairno5/install/fairino_msgs/lib'
[1.230s] Level 1:colcon.colcon_core.shell:create_environment_hook('fairino_msgs', 'ld_library_path_lib')
[1.230s] INFO:colcon.colcon_core.shell:Creating environment hook '/home/ljw2/fairno5/install/fairino_msgs/share/fairino_msgs/hook/ld_library_path_lib.ps1'
[1.230s] INFO:colcon.colcon_core.shell:Creating environment descriptor '/home/ljw2/fairno5/install/fairino_msgs/share/fairino_msgs/hook/ld_library_path_lib.dsv'
[1.231s] INFO:colcon.colcon_core.shell:Creating environment hook '/home/ljw2/fairno5/install/fairino_msgs/share/fairino_msgs/hook/ld_library_path_lib.sh'
[1.231s] Level 1:colcon.colcon_core.environment:checking '/home/ljw2/fairno5/install/fairino_msgs/bin'
[1.231s] Level 1:colcon.colcon_core.environment:checking '/home/ljw2/fairno5/install/fairino_msgs/lib/pkgconfig/fairino_msgs.pc'
[1.232s] Level 1:colcon.colcon_core.environment:checking '/home/ljw2/fairno5/install/fairino_msgs/lib/python3.10/site-packages'
[1.232s] Level 1:colcon.colcon_core.environment:checking '/home/ljw2/fairno5/install/fairino_msgs/bin'
[1.232s] INFO:colcon.colcon_core.shell:Creating package script '/home/ljw2/fairno5/install/fairino_msgs/share/fairino_msgs/package.ps1'
[1.233s] INFO:colcon.colcon_core.shell:Creating package descriptor '/home/ljw2/fairno5/install/fairino_msgs/share/fairino_msgs/package.dsv'
[1.234s] INFO:colcon.colcon_core.shell:Creating package script '/home/ljw2/fairno5/install/fairino_msgs/share/fairino_msgs/package.sh'
[1.234s] INFO:colcon.colcon_core.shell:Creating package script '/home/ljw2/fairno5/install/fairino_msgs/share/fairino_msgs/package.bash'
[1.235s] INFO:colcon.colcon_core.shell:Creating package script '/home/ljw2/fairno5/install/fairino_msgs/share/fairino_msgs/package.zsh'
[1.235s] Level 1:colcon.colcon_core.environment:create_file_with_runtime_dependencies(/home/ljw2/fairno5/install/fairino_msgs/share/colcon-core/packages/fairino_msgs)
[1.236s] INFO:colcon.colcon_ros.task.ament_cmake.build:Building ROS package in '/home/ljw2/fairno5/src/fairino_hardware' with build type 'ament_cmake'
[1.236s] INFO:colcon.colcon_cmake.task.cmake.build:Building CMake package in '/home/ljw2/fairno5/src/fairino_hardware'
[1.237s] INFO:colcon.colcon_core.shell:Skip shell extension 'powershell' for command environment: Not usable outside of PowerShell
[1.237s] DEBUG:colcon.colcon_core.shell:Skip shell extension 'dsv' for command environment
[1.263s] DEBUG:colcon.colcon_core.event_handler.log_command:Invoking command in '/home/ljw2/fairno5/build/fairino5_v6_moveit2_config': CMAKE_PREFIX_PATH=/home/ljw2/fairno5/install/fairino_description:/home/ljw2/fairno5/install/robotiq_2f_85_gripper_visualization:/home/ljw2/fairno5/install/fairino_hardware:/home/ljw2/fairno5/install/fairino_msgs:/home/ljw2/fairno5/install/fairino5_v6_moveit2_config:/opt/ros/humble /usr/bin/cmake --build /home/ljw2/fairno5/build/fairino5_v6_moveit2_config -- -j24 -l24
[1.294s] DEBUG:colcon.colcon_core.event_handler.log_command:Invoked command in '/home/ljw2/fairno5/build/fairino5_v6_moveit2_config' returned '0': CMAKE_PREFIX_PATH=/home/ljw2/fairno5/install/fairino_description:/home/ljw2/fairno5/install/robotiq_2f_85_gripper_visualization:/home/ljw2/fairno5/install/fairino_hardware:/home/ljw2/fairno5/install/fairino_msgs:/home/ljw2/fairno5/install/fairino5_v6_moveit2_config:/opt/ros/humble /usr/bin/cmake --build /home/ljw2/fairno5/build/fairino5_v6_moveit2_config -- -j24 -l24
[1.297s] DEBUG:colcon.colcon_core.event_handler.log_command:Invoking command in '/home/ljw2/fairno5/build/fairino5_v6_moveit2_config': CMAKE_PREFIX_PATH=/home/ljw2/fairno5/install/fairino_description:/home/ljw2/fairno5/install/robotiq_2f_85_gripper_visualization:/home/ljw2/fairno5/install/fairino_hardware:/home/ljw2/fairno5/install/fairino_msgs:/home/ljw2/fairno5/install/fairino5_v6_moveit2_config:/opt/ros/humble /usr/bin/cmake --install /home/ljw2/fairno5/build/fairino5_v6_moveit2_config
[1.308s] Level 1:colcon.colcon_core.environment:create_environment_scripts_only(fairino5_v6_moveit2_config)
[1.309s] DEBUG:colcon.colcon_core.event_handler.log_command:Invoked command in '/home/ljw2/fairno5/build/fairino5_v6_moveit2_config' returned '0': CMAKE_PREFIX_PATH=/home/ljw2/fairno5/install/fairino_description:/home/ljw2/fairno5/install/robotiq_2f_85_gripper_visualization:/home/ljw2/fairno5/install/fairino_hardware:/home/ljw2/fairno5/install/fairino_msgs:/home/ljw2/fairno5/install/fairino5_v6_moveit2_config:/opt/ros/humble /usr/bin/cmake --install /home/ljw2/fairno5/build/fairino5_v6_moveit2_config
[1.309s] Level 1:colcon.colcon_core.environment:checking '/home/ljw2/fairno5/install/fairino5_v6_moveit2_config' for CMake module files
[1.310s] Level 1:colcon.colcon_core.environment:checking '/home/ljw2/fairno5/install/fairino5_v6_moveit2_config' for CMake config files
[1.310s] Level 1:colcon.colcon_core.shell:create_environment_hook('fairino5_v6_moveit2_config', 'cmake_prefix_path')
[1.310s] INFO:colcon.colcon_core.shell:Creating environment hook '/home/ljw2/fairno5/install/fairino5_v6_moveit2_config/share/fairino5_v6_moveit2_config/hook/cmake_prefix_path.ps1'
[1.310s] INFO:colcon.colcon_core.shell:Creating environment descriptor '/home/ljw2/fairno5/install/fairino5_v6_moveit2_config/share/fairino5_v6_moveit2_config/hook/cmake_prefix_path.dsv'
[1.310s] INFO:colcon.colcon_core.shell:Creating environment hook '/home/ljw2/fairno5/install/fairino5_v6_moveit2_config/share/fairino5_v6_moveit2_config/hook/cmake_prefix_path.sh'
[1.311s] Level 1:colcon.colcon_core.environment:checking '/home/ljw2/fairno5/install/fairino5_v6_moveit2_config/bin'
[1.311s] Level 1:colcon.colcon_core.environment:checking '/home/ljw2/fairno5/install/fairino5_v6_moveit2_config/lib/pkgconfig/fairino5_v6_moveit2_config.pc'
[1.311s] Level 1:colcon.colcon_core.environment:checking '/home/ljw2/fairno5/install/fairino5_v6_moveit2_config/lib/python3.10/site-packages'
[1.311s] Level 1:colcon.colcon_core.environment:checking '/home/ljw2/fairno5/install/fairino5_v6_moveit2_config/bin'
[1.312s] INFO:colcon.colcon_core.shell:Creating package script '/home/ljw2/fairno5/install/fairino5_v6_moveit2_config/share/fairino5_v6_moveit2_config/package.ps1'
[1.312s] INFO:colcon.colcon_core.shell:Creating package descriptor '/home/ljw2/fairno5/install/fairino5_v6_moveit2_config/share/fairino5_v6_moveit2_config/package.dsv'
[1.313s] INFO:colcon.colcon_core.shell:Creating package script '/home/ljw2/fairno5/install/fairino5_v6_moveit2_config/share/fairino5_v6_moveit2_config/package.sh'
[1.313s] INFO:colcon.colcon_core.shell:Creating package script '/home/ljw2/fairno5/install/fairino5_v6_moveit2_config/share/fairino5_v6_moveit2_config/package.bash'
[1.313s] INFO:colcon.colcon_core.shell:Creating package script '/home/ljw2/fairno5/install/fairino5_v6_moveit2_config/share/fairino5_v6_moveit2_config/package.zsh'
[1.314s] Level 1:colcon.colcon_core.environment:create_file_with_runtime_dependencies(/home/ljw2/fairno5/install/fairino5_v6_moveit2_config/share/colcon-core/packages/fairino5_v6_moveit2_config)
[1.314s] Level 1:colcon.colcon_core.environment:create_environment_scripts_only(fairino5_v6_moveit2_config)
[1.314s] Level 1:colcon.colcon_core.environment:checking '/home/ljw2/fairno5/install/fairino5_v6_moveit2_config' for CMake module files
[1.315s] Level 1:colcon.colcon_core.environment:checking '/home/ljw2/fairno5/install/fairino5_v6_moveit2_config' for CMake config files
[1.315s] Level 1:colcon.colcon_core.shell:create_environment_hook('fairino5_v6_moveit2_config', 'cmake_prefix_path')
[1.315s] INFO:colcon.colcon_core.shell:Creating environment hook '/home/ljw2/fairno5/install/fairino5_v6_moveit2_config/share/fairino5_v6_moveit2_config/hook/cmake_prefix_path.ps1'
[1.315s] INFO:colcon.colcon_core.shell:Creating environment descriptor '/home/ljw2/fairno5/install/fairino5_v6_moveit2_config/share/fairino5_v6_moveit2_config/hook/cmake_prefix_path.dsv'
[1.316s] INFO:colcon.colcon_core.shell:Creating environment hook '/home/ljw2/fairno5/install/fairino5_v6_moveit2_config/share/fairino5_v6_moveit2_config/hook/cmake_prefix_path.sh'
[1.316s] Level 1:colcon.colcon_core.environment:checking '/home/ljw2/fairno5/install/fairino5_v6_moveit2_config/bin'
[1.316s] Level 1:colcon.colcon_core.environment:checking '/home/ljw2/fairno5/install/fairino5_v6_moveit2_config/lib/pkgconfig/fairino5_v6_moveit2_config.pc'
[1.316s] Level 1:colcon.colcon_core.environment:checking '/home/ljw2/fairno5/install/fairino5_v6_moveit2_config/lib/python3.10/site-packages'
[1.317s] Level 1:colcon.colcon_core.environment:checking '/home/ljw2/fairno5/install/fairino5_v6_moveit2_config/bin'
[1.317s] INFO:colcon.colcon_core.shell:Creating package script '/home/ljw2/fairno5/install/fairino5_v6_moveit2_config/share/fairino5_v6_moveit2_config/package.ps1'
[1.317s] INFO:colcon.colcon_core.shell:Creating package descriptor '/home/ljw2/fairno5/install/fairino5_v6_moveit2_config/share/fairino5_v6_moveit2_config/package.dsv'
[1.318s] INFO:colcon.colcon_core.shell:Creating package script '/home/ljw2/fairno5/install/fairino5_v6_moveit2_config/share/fairino5_v6_moveit2_config/package.sh'
[1.318s] INFO:colcon.colcon_core.shell:Creating package script '/home/ljw2/fairno5/install/fairino5_v6_moveit2_config/share/fairino5_v6_moveit2_config/package.bash'
[1.319s] INFO:colcon.colcon_core.shell:Creating package script '/home/ljw2/fairno5/install/fairino5_v6_moveit2_config/share/fairino5_v6_moveit2_config/package.zsh'
[1.319s] Level 1:colcon.colcon_core.environment:create_file_with_runtime_dependencies(/home/ljw2/fairno5/install/fairino5_v6_moveit2_config/share/colcon-core/packages/fairino5_v6_moveit2_config)
[1.503s] DEBUG:colcon.colcon_core.event_handler.log_command:Invoking command in '/home/ljw2/fairno5/build/fairino_hardware': CMAKE_PREFIX_PATH=/home/ljw2/fairno5/install/fairino_msgs:/home/ljw2/fairno5/install/robotiq_2f_85_gripper_visualization:/home/ljw2/fairno5/install/fairino_hardware:/home/ljw2/fairno5/install/fairino5_v6_moveit2_config:/home/ljw2/fairno5/install/fairino_description:/opt/ros/humble LD_LIBRARY_PATH=/home/ljw2/fairno5/install/fairino_msgs/lib:/home/ljw2/fairno5/install/fairino_hardware/lib:/usr/lib/x86_64-linux-gnu/gazebo-11/plugins:/opt/ros/humble/opt/rviz_ogre_vendor/lib:/opt/ros/humble/lib/x86_64-linux-gnu:/opt/ros/humble/lib /usr/bin/cmake /home/ljw2/fairno5/src/fairino_hardware -DCMAKE_INSTALL_PREFIX=/home/ljw2/fairno5/install/fairino_hardware
[32.042s] DEBUG:colcon.colcon_core.event_handler.log_command:Invoked command in '/home/ljw2/fairno5/build/fairino_hardware' returned '0': CMAKE_PREFIX_PATH=/home/ljw2/fairno5/install/fairino_msgs:/home/ljw2/fairno5/install/robotiq_2f_85_gripper_visualization:/home/ljw2/fairno5/install/fairino_hardware:/home/ljw2/fairno5/install/fairino5_v6_moveit2_config:/home/ljw2/fairno5/install/fairino_description:/opt/ros/humble LD_LIBRARY_PATH=/home/ljw2/fairno5/install/fairino_msgs/lib:/home/ljw2/fairno5/install/fairino_hardware/lib:/usr/lib/x86_64-linux-gnu/gazebo-11/plugins:/opt/ros/humble/opt/rviz_ogre_vendor/lib:/opt/ros/humble/lib/x86_64-linux-gnu:/opt/ros/humble/lib /usr/bin/cmake /home/ljw2/fairno5/src/fairino_hardware -DCMAKE_INSTALL_PREFIX=/home/ljw2/fairno5/install/fairino_hardware
[32.043s] DEBUG:colcon.colcon_core.event_handler.log_command:Invoking command in '/home/ljw2/fairno5/build/fairino_hardware': CMAKE_PREFIX_PATH=/home/ljw2/fairno5/install/fairino_msgs:/home/ljw2/fairno5/install/robotiq_2f_85_gripper_visualization:/home/ljw2/fairno5/install/fairino_hardware:/home/ljw2/fairno5/install/fairino5_v6_moveit2_config:/home/ljw2/fairno5/install/fairino_description:/opt/ros/humble LD_LIBRARY_PATH=/home/ljw2/fairno5/install/fairino_msgs/lib:/home/ljw2/fairno5/install/fairino_hardware/lib:/usr/lib/x86_64-linux-gnu/gazebo-11/plugins:/opt/ros/humble/opt/rviz_ogre_vendor/lib:/opt/ros/humble/lib/x86_64-linux-gnu:/opt/ros/humble/lib /usr/bin/cmake --build /home/ljw2/fairno5/build/fairino_hardware -- -j24 -l24
[32.102s] DEBUG:colcon.colcon_core.event_handler.log_command:Invoked command in '/home/ljw2/fairno5/build/fairino_hardware' returned '0': CMAKE_PREFIX_PATH=/home/ljw2/fairno5/install/fairino_msgs:/home/ljw2/fairno5/install/robotiq_2f_85_gripper_visualization:/home/ljw2/fairno5/install/fairino_hardware:/home/ljw2/fairno5/install/fairino5_v6_moveit2_config:/home/ljw2/fairno5/install/fairino_description:/opt/ros/humble LD_LIBRARY_PATH=/home/ljw2/fairno5/install/fairino_msgs/lib:/home/ljw2/fairno5/install/fairino_hardware/lib:/usr/lib/x86_64-linux-gnu/gazebo-11/plugins:/opt/ros/humble/opt/rviz_ogre_vendor/lib:/opt/ros/humble/lib/x86_64-linux-gnu:/opt/ros/humble/lib /usr/bin/cmake --build /home/ljw2/fairno5/build/fairino_hardware -- -j24 -l24
[32.103s] DEBUG:colcon.colcon_core.event_handler.log_command:Invoking command in '/home/ljw2/fairno5/build/fairino_hardware': CMAKE_PREFIX_PATH=/home/ljw2/fairno5/install/fairino_msgs:/home/ljw2/fairno5/install/robotiq_2f_85_gripper_visualization:/home/ljw2/fairno5/install/fairino_hardware:/home/ljw2/fairno5/install/fairino5_v6_moveit2_config:/home/ljw2/fairno5/install/fairino_description:/opt/ros/humble LD_LIBRARY_PATH=/home/ljw2/fairno5/install/fairino_msgs/lib:/home/ljw2/fairno5/install/fairino_hardware/lib:/usr/lib/x86_64-linux-gnu/gazebo-11/plugins:/opt/ros/humble/opt/rviz_ogre_vendor/lib:/opt/ros/humble/lib/x86_64-linux-gnu:/opt/ros/humble/lib /usr/bin/cmake --install /home/ljw2/fairno5/build/fairino_hardware
[32.121s] Level 1:colcon.colcon_core.environment:create_environment_scripts_only(fairino_hardware)
[32.121s] Level 1:colcon.colcon_core.environment:checking '/home/ljw2/fairno5/install/fairino_hardware' for CMake module files
[32.122s] DEBUG:colcon.colcon_core.event_handler.log_command:Invoked command in '/home/ljw2/fairno5/build/fairino_hardware' returned '0': CMAKE_PREFIX_PATH=/home/ljw2/fairno5/install/fairino_msgs:/home/ljw2/fairno5/install/robotiq_2f_85_gripper_visualization:/home/ljw2/fairno5/install/fairino_hardware:/home/ljw2/fairno5/install/fairino5_v6_moveit2_config:/home/ljw2/fairno5/install/fairino_description:/opt/ros/humble LD_LIBRARY_PATH=/home/ljw2/fairno5/install/fairino_msgs/lib:/home/ljw2/fairno5/install/fairino_hardware/lib:/usr/lib/x86_64-linux-gnu/gazebo-11/plugins:/opt/ros/humble/opt/rviz_ogre_vendor/lib:/opt/ros/humble/lib/x86_64-linux-gnu:/opt/ros/humble/lib /usr/bin/cmake --install /home/ljw2/fairno5/build/fairino_hardware
[32.122s] Level 1:colcon.colcon_core.environment:checking '/home/ljw2/fairno5/install/fairino_hardware' for CMake config files
[32.123s] Level 1:colcon.colcon_core.shell:create_environment_hook('fairino_hardware', 'cmake_prefix_path')
[32.123s] INFO:colcon.colcon_core.shell:Creating environment hook '/home/ljw2/fairno5/install/fairino_hardware/share/fairino_hardware/hook/cmake_prefix_path.ps1'
[32.123s] INFO:colcon.colcon_core.shell:Creating environment descriptor '/home/ljw2/fairno5/install/fairino_hardware/share/fairino_hardware/hook/cmake_prefix_path.dsv'
[32.123s] INFO:colcon.colcon_core.shell:Creating environment hook '/home/ljw2/fairno5/install/fairino_hardware/share/fairino_hardware/hook/cmake_prefix_path.sh'
[32.124s] Level 1:colcon.colcon_core.environment:checking '/home/ljw2/fairno5/install/fairino_hardware/lib'
[32.124s] Level 1:colcon.colcon_core.shell:create_environment_hook('fairino_hardware', 'ld_library_path_lib')
[32.124s] INFO:colcon.colcon_core.shell:Creating environment hook '/home/ljw2/fairno5/install/fairino_hardware/share/fairino_hardware/hook/ld_library_path_lib.ps1'
[32.124s] INFO:colcon.colcon_core.shell:Creating environment descriptor '/home/ljw2/fairno5/install/fairino_hardware/share/fairino_hardware/hook/ld_library_path_lib.dsv'
[32.124s] INFO:colcon.colcon_core.shell:Creating environment hook '/home/ljw2/fairno5/install/fairino_hardware/share/fairino_hardware/hook/ld_library_path_lib.sh'
[32.125s] Level 1:colcon.colcon_core.environment:checking '/home/ljw2/fairno5/install/fairino_hardware/bin'
[32.125s] Level 1:colcon.colcon_core.environment:checking '/home/ljw2/fairno5/install/fairino_hardware/lib/pkgconfig/fairino_hardware.pc'
[32.125s] Level 1:colcon.colcon_core.environment:checking '/home/ljw2/fairno5/install/fairino_hardware/lib/python3.10/site-packages'
[32.125s] Level 1:colcon.colcon_core.environment:checking '/home/ljw2/fairno5/install/fairino_hardware/bin'
[32.126s] INFO:colcon.colcon_core.shell:Creating package script '/home/ljw2/fairno5/install/fairino_hardware/share/fairino_hardware/package.ps1'
[32.126s] INFO:colcon.colcon_core.shell:Creating package descriptor '/home/ljw2/fairno5/install/fairino_hardware/share/fairino_hardware/package.dsv'
[32.126s] INFO:colcon.colcon_core.shell:Creating package script '/home/ljw2/fairno5/install/fairino_hardware/share/fairino_hardware/package.sh'
[32.127s] INFO:colcon.colcon_core.shell:Creating package script '/home/ljw2/fairno5/install/fairino_hardware/share/fairino_hardware/package.bash'
[32.127s] INFO:colcon.colcon_core.shell:Creating package script '/home/ljw2/fairno5/install/fairino_hardware/share/fairino_hardware/package.zsh'
[32.127s] Level 1:colcon.colcon_core.environment:create_file_with_runtime_dependencies(/home/ljw2/fairno5/install/fairino_hardware/share/colcon-core/packages/fairino_hardware)
[32.127s] Level 1:colcon.colcon_core.environment:create_environment_scripts_only(fairino_hardware)
[32.128s] Level 1:colcon.colcon_core.environment:checking '/home/ljw2/fairno5/install/fairino_hardware' for CMake module files
[32.128s] Level 1:colcon.colcon_core.environment:checking '/home/ljw2/fairno5/install/fairino_hardware' for CMake config files
[32.128s] Level 1:colcon.colcon_core.shell:create_environment_hook('fairino_hardware', 'cmake_prefix_path')
[32.128s] INFO:colcon.colcon_core.shell:Creating environment hook '/home/ljw2/fairno5/install/fairino_hardware/share/fairino_hardware/hook/cmake_prefix_path.ps1'
[32.129s] INFO:colcon.colcon_core.shell:Creating environment descriptor '/home/ljw2/fairno5/install/fairino_hardware/share/fairino_hardware/hook/cmake_prefix_path.dsv'
[32.129s] INFO:colcon.colcon_core.shell:Creating environment hook '/home/ljw2/fairno5/install/fairino_hardware/share/fairino_hardware/hook/cmake_prefix_path.sh'
[32.129s] Level 1:colcon.colcon_core.environment:checking '/home/ljw2/fairno5/install/fairino_hardware/lib'
[32.129s] Level 1:colcon.colcon_core.shell:create_environment_hook('fairino_hardware', 'ld_library_path_lib')
[32.130s] INFO:colcon.colcon_core.shell:Creating environment hook '/home/ljw2/fairno5/install/fairino_hardware/share/fairino_hardware/hook/ld_library_path_lib.ps1'
[32.130s] INFO:colcon.colcon_core.shell:Creating environment descriptor '/home/ljw2/fairno5/install/fairino_hardware/share/fairino_hardware/hook/ld_library_path_lib.dsv'
[32.130s] INFO:colcon.colcon_core.shell:Creating environment hook '/home/ljw2/fairno5/install/fairino_hardware/share/fairino_hardware/hook/ld_library_path_lib.sh'
[32.131s] Level 1:colcon.colcon_core.environment:checking '/home/ljw2/fairno5/install/fairino_hardware/bin'
[32.131s] Level 1:colcon.colcon_core.environment:checking '/home/ljw2/fairno5/install/fairino_hardware/lib/pkgconfig/fairino_hardware.pc'
[32.131s] Level 1:colcon.colcon_core.environment:checking '/home/ljw2/fairno5/install/fairino_hardware/lib/python3.10/site-packages'
[32.131s] Level 1:colcon.colcon_core.environment:checking '/home/ljw2/fairno5/install/fairino_hardware/bin'
[32.131s] INFO:colcon.colcon_core.shell:Creating package script '/home/ljw2/fairno5/install/fairino_hardware/share/fairino_hardware/package.ps1'
[32.132s] INFO:colcon.colcon_core.shell:Creating package descriptor '/home/ljw2/fairno5/install/fairino_hardware/share/fairino_hardware/package.dsv'
[32.132s] INFO:colcon.colcon_core.shell:Creating package script '/home/ljw2/fairno5/install/fairino_hardware/share/fairino_hardware/package.sh'
[32.132s] INFO:colcon.colcon_core.shell:Creating package script '/home/ljw2/fairno5/install/fairino_hardware/share/fairino_hardware/package.bash'
[32.133s] INFO:colcon.colcon_core.shell:Creating package script '/home/ljw2/fairno5/install/fairino_hardware/share/fairino_hardware/package.zsh'
[32.133s] Level 1:colcon.colcon_core.environment:create_file_with_runtime_dependencies(/home/ljw2/fairno5/install/fairino_hardware/share/colcon-core/packages/fairino_hardware)
[32.133s] DEBUG:colcon.colcon_parallel_executor.executor.parallel:closing loop
[32.134s] DEBUG:colcon.colcon_parallel_executor.executor.parallel:loop closed
[32.134s] DEBUG:colcon.colcon_parallel_executor.executor.parallel:run_until_complete finished with '0'
[32.134s] DEBUG:colcon.colcon_core.event_reactor:joining thread
[32.281s] INFO:colcon.colcon_core.plugin_system:Skipping extension 'colcon_notification.desktop_notification.notify_send': Could not find 'notify-send'
[32.282s] INFO:colcon.colcon_core.plugin_system:Skipping extension 'colcon_notification.desktop_notification.terminal_notifier': Not used on non-Darwin systems
[32.282s] INFO:colcon.colcon_core.plugin_system:Skipping extension 'colcon_notification.desktop_notification.win32': Not used on non-Windows systems
[32.282s] INFO:colcon.colcon_notification.desktop_notification:Sending desktop notification using 'notify2'
[32.282s] DEBUG:colcon.colcon_notification.desktop_notification.notify2:Failed to initialize notify2: org.freedesktop.DBus.Error.FileNotFound: Failed to connect to socket /run/user/1000/bus: No such file or directory
[32.282s] DEBUG:colcon.colcon_core.event_reactor:joined thread
[32.282s] INFO:colcon.colcon_core.shell:Creating prefix script '/home/ljw2/fairno5/install/local_setup.ps1'
[32.283s] INFO:colcon.colcon_core.shell:Creating prefix util module '/home/ljw2/fairno5/install/_local_setup_util_ps1.py'
[32.284s] INFO:colcon.colcon_core.shell:Creating prefix chain script '/home/ljw2/fairno5/install/setup.ps1'
[32.285s] INFO:colcon.colcon_core.shell:Creating prefix script '/home/ljw2/fairno5/install/local_setup.sh'
[32.286s] INFO:colcon.colcon_core.shell:Creating prefix util module '/home/ljw2/fairno5/install/_local_setup_util_sh.py'
[32.286s] INFO:colcon.colcon_core.shell:Creating prefix chain script '/home/ljw2/fairno5/install/setup.sh'
[32.287s] INFO:colcon.colcon_core.shell:Creating prefix script '/home/ljw2/fairno5/install/local_setup.bash'
[32.287s] INFO:colcon.colcon_core.shell:Creating prefix chain script '/home/ljw2/fairno5/install/setup.bash'
[32.288s] INFO:colcon.colcon_core.shell:Creating prefix script '/home/ljw2/fairno5/install/local_setup.zsh'
[32.288s] INFO:colcon.colcon_core.shell:Creating prefix chain script '/home/ljw2/fairno5/install/setup.zsh'
