[0.060s] Invoking command in '/home/ljw2/fairno5/build/fairino_description': CMAKE_PREFIX_PATH=${CMAKE_PREFIX_PATH}:/opt/ros/humble /usr/bin/cmake --build /home/ljw2/fairno5/build/fairino_description -- -j24 -l24
[0.136s] Invoked command in '/home/ljw2/fairno5/build/fairino_description' returned '0': CMAKE_PREFIX_PATH=${CMAKE_PREFIX_PATH}:/opt/ros/humble /usr/bin/cmake --build /home/ljw2/fairno5/build/fairino_description -- -j24 -l24
[0.144s] Invoking command in '/home/ljw2/fairno5/build/fairino_description': CMAKE_PREFIX_PATH=${CMAKE_PREFIX_PATH}:/opt/ros/humble /usr/bin/cmake --install /home/ljw2/fairno5/build/fairino_description
[0.179s] -- Install configuration: ""
[0.179s] -- Up-to-date: /home/ljw2/fairno5/install/fairino_description/share/fairino_description/meshes
[0.179s] -- Up-to-date: /home/ljw2/fairno5/install/fairino_description/share/fairino_description/meshes/fairino5_v6
[0.179s] -- Up-to-date: /home/ljw2/fairno5/install/fairino_description/share/fairino_description/meshes/fairino5_v6/upperarm_link.STL
[0.179s] -- Up-to-date: /home/ljw2/fairno5/install/fairino_description/share/fairino_description/meshes/fairino5_v6/wrist1_link.STL
[0.179s] -- Up-to-date: /home/ljw2/fairno5/install/fairino_description/share/fairino_description/meshes/fairino5_v6/wrist2_link.STL
[0.179s] -- Up-to-date: /home/ljw2/fairno5/install/fairino_description/share/fairino_description/meshes/fairino5_v6/shoulder_link.STL
[0.179s] -- Up-to-date: /home/ljw2/fairno5/install/fairino_description/share/fairino_description/meshes/fairino5_v6/wrist3_link.STL
[0.179s] -- Up-to-date: /home/ljw2/fairno5/install/fairino_description/share/fairino_description/meshes/fairino5_v6/forearm_link.STL
[0.179s] -- Up-to-date: /home/ljw2/fairno5/install/fairino_description/share/fairino_description/meshes/fairino5_v6/base_link.STL
[0.180s] -- Up-to-date: /home/ljw2/fairno5/install/fairino_description/share/fairino_description/meshes/fairino10_v6
[0.180s] -- Up-to-date: /home/ljw2/fairno5/install/fairino_description/share/fairino_description/meshes/fairino10_v6/upperarm_link.STL
[0.180s] -- Up-to-date: /home/ljw2/fairno5/install/fairino_description/share/fairino_description/meshes/fairino10_v6/wrist1_link.STL
[0.180s] -- Up-to-date: /home/ljw2/fairno5/install/fairino_description/share/fairino_description/meshes/fairino10_v6/wrist2_link.STL
[0.180s] -- Up-to-date: /home/ljw2/fairno5/install/fairino_description/share/fairino_description/meshes/fairino10_v6/shoulder_link.STL
[0.180s] -- Up-to-date: /home/ljw2/fairno5/install/fairino_description/share/fairino_description/meshes/fairino10_v6/wrist3_link.STL
[0.180s] -- Up-to-date: /home/ljw2/fairno5/install/fairino_description/share/fairino_description/meshes/fairino10_v6/forearm_link.STL
[0.180s] -- Up-to-date: /home/ljw2/fairno5/install/fairino_description/share/fairino_description/meshes/fairino10_v6/base_link.STL
[0.180s] -- Up-to-date: /home/ljw2/fairno5/install/fairino_description/share/fairino_description/meshes/fairino30_v6
[0.180s] -- Up-to-date: /home/ljw2/fairno5/install/fairino_description/share/fairino_description/meshes/fairino30_v6/wrist1_link.STL
[0.181s] -- Up-to-date: /home/ljw2/fairno5/install/fairino_description/share/fairino_description/meshes/fairino30_v6/wrist2_link.STL
[0.181s] -- Up-to-date: /home/ljw2/fairno5/install/fairino_description/share/fairino_description/meshes/fairino30_v6/uppperarm_link.STL
[0.182s] -- Up-to-date: /home/ljw2/fairno5/install/fairino_description/share/fairino_description/meshes/fairino30_v6/shoulder_link.STL
[0.182s] -- Up-to-date: /home/ljw2/fairno5/install/fairino_description/share/fairino_description/meshes/fairino30_v6/wrist3_link.STL
[0.182s] -- Up-to-date: /home/ljw2/fairno5/install/fairino_description/share/fairino_description/meshes/fairino30_v6/forearm_link.STL
[0.182s] -- Up-to-date: /home/ljw2/fairno5/install/fairino_description/share/fairino_description/meshes/fairino30_v6/tool_link.STL
[0.183s] -- Up-to-date: /home/ljw2/fairno5/install/fairino_description/share/fairino_description/meshes/fairino30_v6/base_link.STL
[0.185s] -- Up-to-date: /home/ljw2/fairno5/install/fairino_description/share/fairino_description/meshes/fairino3_v6
[0.185s] -- Up-to-date: /home/ljw2/fairno5/install/fairino_description/share/fairino_description/meshes/fairino3_v6/upperarm_link.STL
[0.185s] -- Up-to-date: /home/ljw2/fairno5/install/fairino_description/share/fairino_description/meshes/fairino3_v6/wrist1_link.STL
[0.186s] -- Up-to-date: /home/ljw2/fairno5/install/fairino_description/share/fairino_description/meshes/fairino3_v6/wrist2_link.STL
[0.186s] -- Up-to-date: /home/ljw2/fairno5/install/fairino_description/share/fairino_description/meshes/fairino3_v6/shoulder_link.STL
[0.186s] -- Up-to-date: /home/ljw2/fairno5/install/fairino_description/share/fairino_description/meshes/fairino3_v6/wrist3_link.STL
[0.187s] -- Up-to-date: /home/ljw2/fairno5/install/fairino_description/share/fairino_description/meshes/fairino3_v6/forearm_link.STL
[0.187s] -- Up-to-date: /home/ljw2/fairno5/install/fairino_description/share/fairino_description/meshes/fairino3_v6/base_link.STL
[0.187s] -- Up-to-date: /home/ljw2/fairno5/install/fairino_description/share/fairino_description/meshes/fairino16_v6
[0.188s] -- Up-to-date: /home/ljw2/fairno5/install/fairino_description/share/fairino_description/meshes/fairino16_v6/upperarm_link.STL
[0.188s] -- Up-to-date: /home/ljw2/fairno5/install/fairino_description/share/fairino_description/meshes/fairino16_v6/wrist1_link.STL
[0.188s] -- Up-to-date: /home/ljw2/fairno5/install/fairino_description/share/fairino_description/meshes/fairino16_v6/wrist2_link.STL
[0.188s] -- Up-to-date: /home/ljw2/fairno5/install/fairino_description/share/fairino_description/meshes/fairino16_v6/shoulder_link.STL
[0.188s] -- Up-to-date: /home/ljw2/fairno5/install/fairino_description/share/fairino_description/meshes/fairino16_v6/wrist3_link.STL
[0.188s] -- Up-to-date: /home/ljw2/fairno5/install/fairino_description/share/fairino_description/meshes/fairino16_v6/forearm_link.STL
[0.188s] -- Up-to-date: /home/ljw2/fairno5/install/fairino_description/share/fairino_description/meshes/fairino16_v6/base_link.STL
[0.189s] -- Up-to-date: /home/ljw2/fairno5/install/fairino_description/share/fairino_description/meshes/fairino20_v6
[0.189s] -- Up-to-date: /home/ljw2/fairno5/install/fairino_description/share/fairino_description/meshes/fairino20_v6/upperarm_link.STL
[0.190s] -- Up-to-date: /home/ljw2/fairno5/install/fairino_description/share/fairino_description/meshes/fairino20_v6/wrist1_link.STL
[0.190s] -- Up-to-date: /home/ljw2/fairno5/install/fairino_description/share/fairino_description/meshes/fairino20_v6/wrist2_link.STL
[0.190s] -- Up-to-date: /home/ljw2/fairno5/install/fairino_description/share/fairino_description/meshes/fairino20_v6/shoulder_link.STL
[0.190s] -- Up-to-date: /home/ljw2/fairno5/install/fairino_description/share/fairino_description/meshes/fairino20_v6/wrist3_link.STL
[0.190s] -- Up-to-date: /home/ljw2/fairno5/install/fairino_description/share/fairino_description/meshes/fairino20_v6/forearm_link.STL
[0.190s] -- Up-to-date: /home/ljw2/fairno5/install/fairino_description/share/fairino_description/meshes/fairino20_v6/base_link.STL
[0.191s] -- Up-to-date: /home/ljw2/fairno5/install/fairino_description/share/fairino_description/meshes/fairino3_mt_v6
[0.191s] -- Up-to-date: /home/ljw2/fairno5/install/fairino_description/share/fairino_description/meshes/fairino3_mt_v6/upperarm_link.STL
[0.191s] -- Up-to-date: /home/ljw2/fairno5/install/fairino_description/share/fairino_description/meshes/fairino3_mt_v6/wrist1_link.STL
[0.191s] -- Up-to-date: /home/ljw2/fairno5/install/fairino_description/share/fairino_description/meshes/fairino3_mt_v6/wrist2_link.STL
[0.191s] -- Up-to-date: /home/ljw2/fairno5/install/fairino_description/share/fairino_description/meshes/fairino3_mt_v6/shoulder_link.STL
[0.191s] -- Up-to-date: /home/ljw2/fairno5/install/fairino_description/share/fairino_description/meshes/fairino3_mt_v6/wrist3_link.STL
[0.192s] -- Up-to-date: /home/ljw2/fairno5/install/fairino_description/share/fairino_description/meshes/fairino3_mt_v6/forearm_link.STL
[0.192s] -- Up-to-date: /home/ljw2/fairno5/install/fairino_description/share/fairino_description/meshes/fairino3_mt_v6/base_link.STL
[0.192s] -- Up-to-date: /home/ljw2/fairno5/install/fairino_description/share/fairino_description/urdf
[0.192s] -- Up-to-date: /home/ljw2/fairno5/install/fairino_description/share/fairino_description/urdf/fairino5_v6.urdf.xacro
[0.192s] -- Up-to-date: /home/ljw2/fairno5/install/fairino_description/share/fairino_description/urdf/fairno5_v6.urdf.xacro
[0.193s] -- Up-to-date: /home/ljw2/fairno5/install/fairino_description/share/ament_index/resource_index/package_run_dependencies/fairino_description
[0.193s] -- Up-to-date: /home/ljw2/fairno5/install/fairino_description/share/ament_index/resource_index/parent_prefix_path/fairino_description
[0.193s] -- Up-to-date: /home/ljw2/fairno5/install/fairino_description/share/fairino_description/environment/ament_prefix_path.sh
[0.194s] -- Up-to-date: /home/ljw2/fairno5/install/fairino_description/share/fairino_description/environment/ament_prefix_path.dsv
[0.194s] -- Up-to-date: /home/ljw2/fairno5/install/fairino_description/share/fairino_description/environment/path.sh
[0.194s] -- Up-to-date: /home/ljw2/fairno5/install/fairino_description/share/fairino_description/environment/path.dsv
[0.196s] -- Up-to-date: /home/ljw2/fairno5/install/fairino_description/share/fairino_description/local_setup.bash
[0.196s] -- Up-to-date: /home/ljw2/fairno5/install/fairino_description/share/fairino_description/local_setup.sh
[0.196s] -- Up-to-date: /home/ljw2/fairno5/install/fairino_description/share/fairino_description/local_setup.zsh
[0.197s] -- Up-to-date: /home/ljw2/fairno5/install/fairino_description/share/fairino_description/local_setup.dsv
[0.197s] -- Installing: /home/ljw2/fairno5/install/fairino_description/share/fairino_description/package.dsv
[0.197s] -- Up-to-date: /home/ljw2/fairno5/install/fairino_description/share/ament_index/resource_index/packages/fairino_description
[0.197s] -- Up-to-date: /home/ljw2/fairno5/install/fairino_description/share/fairino_description/cmake/fairino_descriptionConfig.cmake
[0.198s] -- Up-to-date: /home/ljw2/fairno5/install/fairino_description/share/fairino_description/cmake/fairino_descriptionConfig-version.cmake
[0.198s] -- Up-to-date: /home/ljw2/fairno5/install/fairino_description/share/fairino_description/package.xml
[0.220s] Invoked command in '/home/ljw2/fairno5/build/fairino_description' returned '0': CMAKE_PREFIX_PATH=${CMAKE_PREFIX_PATH}:/opt/ros/humble /usr/bin/cmake --install /home/ljw2/fairno5/build/fairino_description
