[0.010s] Invoking command in '/home/ljw2/fairno5/build/robotiq_2f_85_gripper_visualization': CMAKE_PREFIX_PATH=${CMAKE_PREFIX_PATH}:/opt/ros/humble /usr/bin/cmake /home/ljw2/fairno5/src/robotiq_2f_85_gripper_visualization -DCMAKE_INSTALL_PREFIX=/home/ljw2/fairno5/install/robotiq_2f_85_gripper_visualization
[0.193s] -- The C compiler identification is GNU 11.4.0
[1.626s] -- The CXX compiler identification is GNU 11.4.0
[2.541s] -- Detecting C compiler ABI info
[2.855s] -- Detecting C compiler ABI info - done
[2.859s] -- Check for working C compiler: /usr/bin/cc - skipped
[2.859s] -- Detecting C compile features
[2.860s] -- Detecting C compile features - done
[2.861s] -- Detecting CXX compiler ABI info
[3.183s] -- Detecting CXX compiler ABI info - done
[3.187s] -- Check for working CXX compiler: /usr/bin/c++ - skipped
[3.187s] -- Detecting CXX compile features
[3.188s] -- Detecting CXX compile features - done
[3.189s] -- Found ament_cmake: 1.3.12 (/opt/ros/humble/share/ament_cmake/cmake)
[3.272s] -- Found Python3: /usr/bin/python3 (found version "3.10.12") found components: Interpreter 
[3.320s] -- Found urdf: 2.6.1 (/opt/ros/humble/share/urdf/cmake)
[7.545s] -- Found xacro: 2.1.1 (/opt/ros/humble/share/xacro/cmake)
[7.546s] -- Found ament_lint_auto: 0.12.14 (/opt/ros/humble/share/ament_lint_auto/cmake)
[7.623s] -- Added test 'lint_cmake' to check CMake code style
[7.625s] -- Added test 'xmllint' to check XML markup files
[7.627s] -- Configuring done
[7.629s] -- Generating done
[7.631s] -- Build files have been written to: /home/ljw2/fairno5/build/robotiq_2f_85_gripper_visualization
[7.637s] Invoked command in '/home/ljw2/fairno5/build/robotiq_2f_85_gripper_visualization' returned '0': CMAKE_PREFIX_PATH=${CMAKE_PREFIX_PATH}:/opt/ros/humble /usr/bin/cmake /home/ljw2/fairno5/src/robotiq_2f_85_gripper_visualization -DCMAKE_INSTALL_PREFIX=/home/ljw2/fairno5/install/robotiq_2f_85_gripper_visualization
[7.639s] Invoking command in '/home/ljw2/fairno5/build/robotiq_2f_85_gripper_visualization': CMAKE_PREFIX_PATH=${CMAKE_PREFIX_PATH}:/opt/ros/humble /usr/bin/cmake --build /home/ljw2/fairno5/build/robotiq_2f_85_gripper_visualization -- -j24 -l24
[7.668s] Invoked command in '/home/ljw2/fairno5/build/robotiq_2f_85_gripper_visualization' returned '0': CMAKE_PREFIX_PATH=${CMAKE_PREFIX_PATH}:/opt/ros/humble /usr/bin/cmake --build /home/ljw2/fairno5/build/robotiq_2f_85_gripper_visualization -- -j24 -l24
[7.676s] Invoking command in '/home/ljw2/fairno5/build/robotiq_2f_85_gripper_visualization': CMAKE_PREFIX_PATH=${CMAKE_PREFIX_PATH}:/opt/ros/humble /usr/bin/cmake --install /home/ljw2/fairno5/build/robotiq_2f_85_gripper_visualization
[7.680s] -- Install configuration: ""
[7.680s] -- Installing: /home/ljw2/fairno5/install/robotiq_2f_85_gripper_visualization/share/robotiq_2f_85_gripper_visualization/meshes
[7.680s] -- Installing: /home/ljw2/fairno5/install/robotiq_2f_85_gripper_visualization/share/robotiq_2f_85_gripper_visualization/meshes/visual
[7.680s] -- Installing: /home/ljw2/fairno5/install/robotiq_2f_85_gripper_visualization/share/robotiq_2f_85_gripper_visualization/meshes/visual/robotiq_arg2f_85_inner_finger.dae
[7.680s] -- Installing: /home/ljw2/fairno5/install/robotiq_2f_85_gripper_visualization/share/robotiq_2f_85_gripper_visualization/meshes/visual/robotiq_arg2f_85_pad.dae
[7.680s] -- Installing: /home/ljw2/fairno5/install/robotiq_2f_85_gripper_visualization/share/robotiq_2f_85_gripper_visualization/meshes/visual/robotiq_arg2f_85_outer_finger.dae
[7.680s] -- Installing: /home/ljw2/fairno5/install/robotiq_2f_85_gripper_visualization/share/robotiq_2f_85_gripper_visualization/meshes/visual/robotiq_gripper_coupling.stl
[7.681s] -- Installing: /home/ljw2/fairno5/install/robotiq_2f_85_gripper_visualization/share/robotiq_2f_85_gripper_visualization/meshes/visual/robotiq_arg2f_85_base_link.dae
[7.683s] -- Installing: /home/ljw2/fairno5/install/robotiq_2f_85_gripper_visualization/share/robotiq_2f_85_gripper_visualization/meshes/visual/robotiq_arg2f_base_link.stl
[7.684s] -- Installing: /home/ljw2/fairno5/install/robotiq_2f_85_gripper_visualization/share/robotiq_2f_85_gripper_visualization/meshes/visual/robotiq_arg2f_85_outer_knuckle.dae
[7.684s] -- Installing: /home/ljw2/fairno5/install/robotiq_2f_85_gripper_visualization/share/robotiq_2f_85_gripper_visualization/meshes/visual/robotiq_arg2f_85_inner_knuckle.dae
[7.684s] -- Installing: /home/ljw2/fairno5/install/robotiq_2f_85_gripper_visualization/share/robotiq_2f_85_gripper_visualization/meshes/collision
[7.684s] -- Installing: /home/ljw2/fairno5/install/robotiq_2f_85_gripper_visualization/share/robotiq_2f_85_gripper_visualization/meshes/collision/robotiq_arg2f_85_inner_finger.dae
[7.685s] -- Installing: /home/ljw2/fairno5/install/robotiq_2f_85_gripper_visualization/share/robotiq_2f_85_gripper_visualization/meshes/collision/robotiq_arg2f_85_outer_finger.dae
[7.685s] -- Installing: /home/ljw2/fairno5/install/robotiq_2f_85_gripper_visualization/share/robotiq_2f_85_gripper_visualization/meshes/collision/robotiq_arg2f_85_base_link.stl
[7.685s] -- Installing: /home/ljw2/fairno5/install/robotiq_2f_85_gripper_visualization/share/robotiq_2f_85_gripper_visualization/meshes/collision/robotiq_arg2f_base_link.stl
[7.685s] -- Installing: /home/ljw2/fairno5/install/robotiq_2f_85_gripper_visualization/share/robotiq_2f_85_gripper_visualization/meshes/collision/robotiq_arg2f_85_outer_knuckle.dae
[7.685s] -- Installing: /home/ljw2/fairno5/install/robotiq_2f_85_gripper_visualization/share/robotiq_2f_85_gripper_visualization/meshes/collision/robotiq_arg2f_85_inner_knuckle.dae
[7.686s] -- Installing: /home/ljw2/fairno5/install/robotiq_2f_85_gripper_visualization/share/robotiq_2f_85_gripper_visualization/urdf
[7.686s] -- Installing: /home/ljw2/fairno5/install/robotiq_2f_85_gripper_visualization/share/robotiq_2f_85_gripper_visualization/urdf/robotiq_arg2f_85_macro.urdf
[7.686s] -- Installing: /home/ljw2/fairno5/install/robotiq_2f_85_gripper_visualization/share/robotiq_2f_85_gripper_visualization/urdf/robotiq_arg2f_85.xacro
[7.686s] -- Installing: /home/ljw2/fairno5/install/robotiq_2f_85_gripper_visualization/share/robotiq_2f_85_gripper_visualization/urdf/robotiq_arg2f_85_macro.xacro
[7.686s] -- Installing: /home/ljw2/fairno5/install/robotiq_2f_85_gripper_visualization/share/robotiq_2f_85_gripper_visualization/urdf/robotiq_arg2f_85.urdf
[7.686s] -- Installing: /home/ljw2/fairno5/install/robotiq_2f_85_gripper_visualization/share/robotiq_2f_85_gripper_visualization/urdf/inc
[7.687s] -- Installing: /home/ljw2/fairno5/install/robotiq_2f_85_gripper_visualization/share/robotiq_2f_85_gripper_visualization/urdf/inc/robotiq_arg2f_85_transmissions.xacro
[7.687s] -- Installing: /home/ljw2/fairno5/install/robotiq_2f_85_gripper_visualization/share/ament_index/resource_index/package_run_dependencies/robotiq_2f_85_gripper_visualization
[7.687s] -- Installing: /home/ljw2/fairno5/install/robotiq_2f_85_gripper_visualization/share/ament_index/resource_index/parent_prefix_path/robotiq_2f_85_gripper_visualization
[7.687s] -- Installing: /home/ljw2/fairno5/install/robotiq_2f_85_gripper_visualization/share/robotiq_2f_85_gripper_visualization/environment/ament_prefix_path.sh
[7.687s] -- Installing: /home/ljw2/fairno5/install/robotiq_2f_85_gripper_visualization/share/robotiq_2f_85_gripper_visualization/environment/ament_prefix_path.dsv
[7.688s] -- Installing: /home/ljw2/fairno5/install/robotiq_2f_85_gripper_visualization/share/robotiq_2f_85_gripper_visualization/environment/path.sh
[7.688s] -- Installing: /home/ljw2/fairno5/install/robotiq_2f_85_gripper_visualization/share/robotiq_2f_85_gripper_visualization/environment/path.dsv
[7.688s] -- Installing: /home/ljw2/fairno5/install/robotiq_2f_85_gripper_visualization/share/robotiq_2f_85_gripper_visualization/local_setup.bash
[7.688s] -- Installing: /home/ljw2/fairno5/install/robotiq_2f_85_gripper_visualization/share/robotiq_2f_85_gripper_visualization/local_setup.sh
[7.688s] -- Installing: /home/ljw2/fairno5/install/robotiq_2f_85_gripper_visualization/share/robotiq_2f_85_gripper_visualization/local_setup.zsh
[7.688s] -- Installing: /home/ljw2/fairno5/install/robotiq_2f_85_gripper_visualization/share/robotiq_2f_85_gripper_visualization/local_setup.dsv
[7.688s] -- Installing: /home/ljw2/fairno5/install/robotiq_2f_85_gripper_visualization/share/robotiq_2f_85_gripper_visualization/package.dsv
[7.688s] -- Installing: /home/ljw2/fairno5/install/robotiq_2f_85_gripper_visualization/share/ament_index/resource_index/packages/robotiq_2f_85_gripper_visualization
[7.689s] -- Installing: /home/ljw2/fairno5/install/robotiq_2f_85_gripper_visualization/share/robotiq_2f_85_gripper_visualization/cmake/robotiq_2f_85_gripper_visualizationConfig.cmake
[7.689s] -- Installing: /home/ljw2/fairno5/install/robotiq_2f_85_gripper_visualization/share/robotiq_2f_85_gripper_visualization/cmake/robotiq_2f_85_gripper_visualizationConfig-version.cmake
[7.689s] -- Installing: /home/ljw2/fairno5/install/robotiq_2f_85_gripper_visualization/share/robotiq_2f_85_gripper_visualization/package.xml
[7.691s] Invoked command in '/home/ljw2/fairno5/build/robotiq_2f_85_gripper_visualization' returned '0': CMAKE_PREFIX_PATH=${CMAKE_PREFIX_PATH}:/opt/ros/humble /usr/bin/cmake --install /home/ljw2/fairno5/build/robotiq_2f_85_gripper_visualization
