[0.122s] Invoking command in '/home/ljw2/fairno5/build/fairino5_v6_moveit2_config': CMAKE_PREFIX_PATH=/home/ljw2/fairno5/install/fairino_description:/home/ljw2/fairno5/install/robotiq_2f_85_gripper_visualization:/home/ljw2/fairno5/install/fairino_hardware:/home/ljw2/fairno5/install/fairino_msgs:/home/ljw2/fairno5/install/fairino5_v6_moveit2_config:/opt/ros/humble /usr/bin/cmake /home/ljw2/fairno5/src/fairino5_v6_moveit2_config -DCMAKE_INSTALL_PREFIX=/home/ljw2/fairno5/install/fairino5_v6_moveit2_config
[0.451s] -- The C compiler identification is GNU 11.4.0
[1.702s] -- The CXX compiler identification is GNU 11.4.0
[2.442s] -- Detecting C compiler ABI info
[2.762s] -- Detecting C compiler ABI info - done
[2.766s] -- Check for working C compiler: /usr/bin/cc - skipped
[2.767s] -- Detecting C compile features
[2.767s] -- Detecting C compile features - done
[2.768s] -- Detecting CXX compiler ABI info
[3.090s] -- Detecting CXX compiler ABI info - done
[3.094s] -- Check for working CXX compiler: /usr/bin/c++ - skipped
[3.094s] -- Detecting CXX compile features
[3.094s] -- Detecting CXX compile features - done
[3.096s] -- Found ament_cmake: 1.3.12 (/opt/ros/humble/share/ament_cmake/cmake)
[3.183s] -- Found Python3: /usr/bin/python3 (found version "3.10.12") found components: Interpreter 
[3.269s] -- Configuring done
[3.271s] -- Generating done
[3.272s] -- Build files have been written to: /home/ljw2/fairno5/build/fairino5_v6_moveit2_config
[3.275s] Invoked command in '/home/ljw2/fairno5/build/fairino5_v6_moveit2_config' returned '0': CMAKE_PREFIX_PATH=/home/ljw2/fairno5/install/fairino_description:/home/ljw2/fairno5/install/robotiq_2f_85_gripper_visualization:/home/ljw2/fairno5/install/fairino_hardware:/home/ljw2/fairno5/install/fairino_msgs:/home/ljw2/fairno5/install/fairino5_v6_moveit2_config:/opt/ros/humble /usr/bin/cmake /home/ljw2/fairno5/src/fairino5_v6_moveit2_config -DCMAKE_INSTALL_PREFIX=/home/ljw2/fairno5/install/fairino5_v6_moveit2_config
[3.276s] Invoking command in '/home/ljw2/fairno5/build/fairino5_v6_moveit2_config': CMAKE_PREFIX_PATH=/home/ljw2/fairno5/install/fairino_description:/home/ljw2/fairno5/install/robotiq_2f_85_gripper_visualization:/home/ljw2/fairno5/install/fairino_hardware:/home/ljw2/fairno5/install/fairino_msgs:/home/ljw2/fairno5/install/fairino5_v6_moveit2_config:/opt/ros/humble /usr/bin/cmake --build /home/ljw2/fairno5/build/fairino5_v6_moveit2_config -- -j24 -l24
[3.298s] Invoked command in '/home/ljw2/fairno5/build/fairino5_v6_moveit2_config' returned '0': CMAKE_PREFIX_PATH=/home/ljw2/fairno5/install/fairino_description:/home/ljw2/fairno5/install/robotiq_2f_85_gripper_visualization:/home/ljw2/fairno5/install/fairino_hardware:/home/ljw2/fairno5/install/fairino_msgs:/home/ljw2/fairno5/install/fairino5_v6_moveit2_config:/opt/ros/humble /usr/bin/cmake --build /home/ljw2/fairno5/build/fairino5_v6_moveit2_config -- -j24 -l24
[3.299s] Invoking command in '/home/ljw2/fairno5/build/fairino5_v6_moveit2_config': CMAKE_PREFIX_PATH=/home/ljw2/fairno5/install/fairino_description:/home/ljw2/fairno5/install/robotiq_2f_85_gripper_visualization:/home/ljw2/fairno5/install/fairino_hardware:/home/ljw2/fairno5/install/fairino_msgs:/home/ljw2/fairno5/install/fairino5_v6_moveit2_config:/opt/ros/humble /usr/bin/cmake --install /home/ljw2/fairno5/build/fairino5_v6_moveit2_config
[3.303s] -- Install configuration: ""
[3.303s] -- Installing: /home/ljw2/fairno5/install/fairino5_v6_moveit2_config/share/ament_index/resource_index/package_run_dependencies/fairino5_v6_moveit2_config
[3.303s] -- Installing: /home/ljw2/fairno5/install/fairino5_v6_moveit2_config/share/ament_index/resource_index/parent_prefix_path/fairino5_v6_moveit2_config
[3.304s] -- Installing: /home/ljw2/fairno5/install/fairino5_v6_moveit2_config/share/fairino5_v6_moveit2_config/environment/ament_prefix_path.sh
[3.304s] -- Installing: /home/ljw2/fairno5/install/fairino5_v6_moveit2_config/share/fairino5_v6_moveit2_config/environment/ament_prefix_path.dsv
[3.304s] -- Installing: /home/ljw2/fairno5/install/fairino5_v6_moveit2_config/share/fairino5_v6_moveit2_config/environment/path.sh
[3.304s] -- Installing: /home/ljw2/fairno5/install/fairino5_v6_moveit2_config/share/fairino5_v6_moveit2_config/environment/path.dsv
[3.304s] -- Installing: /home/ljw2/fairno5/install/fairino5_v6_moveit2_config/share/fairino5_v6_moveit2_config/local_setup.bash
[3.304s] -- Installing: /home/ljw2/fairno5/install/fairino5_v6_moveit2_config/share/fairino5_v6_moveit2_config/local_setup.sh
[3.304s] -- Installing: /home/ljw2/fairno5/install/fairino5_v6_moveit2_config/share/fairino5_v6_moveit2_config/local_setup.zsh
[3.305s] -- Installing: /home/ljw2/fairno5/install/fairino5_v6_moveit2_config/share/fairino5_v6_moveit2_config/local_setup.dsv
[3.305s] -- Installing: /home/ljw2/fairno5/install/fairino5_v6_moveit2_config/share/fairino5_v6_moveit2_config/package.dsv
[3.305s] -- Installing: /home/ljw2/fairno5/install/fairino5_v6_moveit2_config/share/ament_index/resource_index/packages/fairino5_v6_moveit2_config
[3.305s] -- Installing: /home/ljw2/fairno5/install/fairino5_v6_moveit2_config/share/fairino5_v6_moveit2_config/cmake/fairino5_v6_moveit2_configConfig.cmake
[3.305s] -- Installing: /home/ljw2/fairno5/install/fairino5_v6_moveit2_config/share/fairino5_v6_moveit2_config/cmake/fairino5_v6_moveit2_configConfig-version.cmake
[3.305s] -- Installing: /home/ljw2/fairno5/install/fairino5_v6_moveit2_config/share/fairino5_v6_moveit2_config/package.xml
[3.305s] -- Installing: /home/ljw2/fairno5/install/fairino5_v6_moveit2_config/share/fairino5_v6_moveit2_config/launch
[3.305s] -- Installing: /home/ljw2/fairno5/install/fairino5_v6_moveit2_config/share/fairino5_v6_moveit2_config/launch/moveit_rviz.launch.py
[3.305s] -- Installing: /home/ljw2/fairno5/install/fairino5_v6_moveit2_config/share/fairino5_v6_moveit2_config/launch/static_virtual_joint_tfs.launch.py
[3.305s] -- Installing: /home/ljw2/fairno5/install/fairino5_v6_moveit2_config/share/fairino5_v6_moveit2_config/launch/rsp.launch.py
[3.306s] -- Installing: /home/ljw2/fairno5/install/fairino5_v6_moveit2_config/share/fairino5_v6_moveit2_config/launch/move_group.launch.py
[3.306s] -- Installing: /home/ljw2/fairno5/install/fairino5_v6_moveit2_config/share/fairino5_v6_moveit2_config/launch/spawn_controllers.launch.py
[3.306s] -- Installing: /home/ljw2/fairno5/install/fairino5_v6_moveit2_config/share/fairino5_v6_moveit2_config/launch/gazebo_demo.launch.py
[3.306s] -- Installing: /home/ljw2/fairno5/install/fairino5_v6_moveit2_config/share/fairino5_v6_moveit2_config/launch/demo.launch.py
[3.306s] -- Installing: /home/ljw2/fairno5/install/fairino5_v6_moveit2_config/share/fairino5_v6_moveit2_config/launch/setup_assistant.launch.py
[3.306s] -- Installing: /home/ljw2/fairno5/install/fairino5_v6_moveit2_config/share/fairino5_v6_moveit2_config/launch/warehouse_db.launch.py
[3.306s] -- Installing: /home/ljw2/fairno5/install/fairino5_v6_moveit2_config/share/fairino5_v6_moveit2_config/config
[3.306s] -- Installing: /home/ljw2/fairno5/install/fairino5_v6_moveit2_config/share/fairino5_v6_moveit2_config/config/fairino5_v6_robot.urdf.xacro
[3.306s] -- Installing: /home/ljw2/fairno5/install/fairino5_v6_moveit2_config/share/fairino5_v6_moveit2_config/config/moveit.rviz
[3.306s] -- Installing: /home/ljw2/fairno5/install/fairino5_v6_moveit2_config/share/fairino5_v6_moveit2_config/config/fairino5_v6_robot.srdf
[3.306s] -- Installing: /home/ljw2/fairno5/install/fairino5_v6_moveit2_config/share/fairino5_v6_moveit2_config/config/initial_positions.yaml
[3.306s] -- Installing: /home/ljw2/fairno5/install/fairino5_v6_moveit2_config/share/fairino5_v6_moveit2_config/config/joint_limits.yaml
[3.306s] -- Installing: /home/ljw2/fairno5/install/fairino5_v6_moveit2_config/share/fairino5_v6_moveit2_config/config/pilz_cartesian_limits.yaml
[3.306s] -- Installing: /home/ljw2/fairno5/install/fairino5_v6_moveit2_config/share/fairino5_v6_moveit2_config/config/kinematics.yaml
[3.306s] -- Installing: /home/ljw2/fairno5/install/fairino5_v6_moveit2_config/share/fairino5_v6_moveit2_config/config/ros2_controllers.yaml
[3.306s] -- Installing: /home/ljw2/fairno5/install/fairino5_v6_moveit2_config/share/fairino5_v6_moveit2_config/config/moveit_controllers.yaml
[3.306s] -- Installing: /home/ljw2/fairno5/install/fairino5_v6_moveit2_config/share/fairino5_v6_moveit2_config/config/fairino5_v6_robot.ros2_control.xacro
[3.306s] -- Installing: /home/ljw2/fairno5/install/fairino5_v6_moveit2_config/share/fairino5_v6_moveit2_config/.setup_assistant
[3.308s] Invoked command in '/home/ljw2/fairno5/build/fairino5_v6_moveit2_config' returned '0': CMAKE_PREFIX_PATH=/home/ljw2/fairno5/install/fairino_description:/home/ljw2/fairno5/install/robotiq_2f_85_gripper_visualization:/home/ljw2/fairno5/install/fairino_hardware:/home/ljw2/fairno5/install/fairino_msgs:/home/ljw2/fairno5/install/fairino5_v6_moveit2_config:/opt/ros/humble /usr/bin/cmake --install /home/ljw2/fairno5/build/fairino5_v6_moveit2_config
