[0.266s] Invoking command in '/home/ljw2/fairno5/build/fairino_hardware': CMAKE_PREFIX_PATH=/home/ljw2/fairno5/install/fairino_msgs:/home/ljw2/fairno5/install/robotiq_2f_85_gripper_visualization:/home/ljw2/fairno5/install/fairino_hardware:/home/ljw2/fairno5/install/fairino5_v6_moveit2_config:/home/ljw2/fairno5/install/fairino_description:/opt/ros/humble LD_LIBRARY_PATH=/home/ljw2/fairno5/install/fairino_msgs/lib:/home/ljw2/fairno5/install/fairino_hardware/lib:/usr/lib/x86_64-linux-gnu/gazebo-11/plugins:/opt/ros/humble/opt/rviz_ogre_vendor/lib:/opt/ros/humble/lib/x86_64-linux-gnu:/opt/ros/humble/lib /usr/bin/cmake /home/ljw2/fairno5/src/fairino_hardware -DCMAKE_INSTALL_PREFIX=/home/ljw2/fairno5/install/fairino_hardware
[0.281s] -- Found ament_cmake: 1.3.12 (/opt/ros/humble/share/ament_cmake/cmake)
[0.366s] -- Override CMake install command with custom implementation using symlinks instead of copying resources
[0.371s] -- Found rclcpp: 16.0.16 (/opt/ros/humble/share/rclcpp/cmake)
[0.994s] -- Found rosidl_generator_c: 3.1.7 (/opt/ros/humble/share/rosidl_generator_c/cmake)
[0.996s] -- Found rosidl_adapter: 3.1.7 (/opt/ros/humble/share/rosidl_adapter/cmake)
[1.004s] -- Found rosidl_generator_cpp: 3.1.7 (/opt/ros/humble/share/rosidl_generator_cpp/cmake)
[1.013s] -- Using all available rosidl_typesupport_c: rosidl_typesupport_fastrtps_c;rosidl_typesupport_introspection_c
[1.021s] -- Using all available rosidl_typesupport_cpp: rosidl_typesupport_fastrtps_cpp;rosidl_typesupport_introspection_cpp
[1.039s] -- Found rmw_implementation_cmake: 6.1.2 (/opt/ros/humble/share/rmw_implementation_cmake/cmake)
[1.040s] -- Found rmw_fastrtps_cpp: 6.2.9 (/opt/ros/humble/share/rmw_fastrtps_cpp/cmake)
[21.045s] -- Using RMW implementation 'rmw_fastrtps_cpp' as default
[21.090s] -- Found hardware_interface: 2.52.2 (/opt/ros/humble/share/hardware_interface/cmake)
[25.805s] -- Found fairino_msgs: 0.0.0 (/home/ljw2/fairno5/install/fairino_msgs/share/fairino_msgs/cmake)
[25.838s] -- Found ament_lint_auto: 0.12.14 (/opt/ros/humble/share/ament_lint_auto/cmake)
[30.773s] -- Added test 'cppcheck' to perform static code analysis on C / C++ code
[30.773s] -- Configured cppcheck include dirs: /home/ljw2/fairno5/src/fairino_hardware/include/;/home/ljw2/fairno5/src/fairino_hardware/;/home/ljw2/fairno5/src/fairino_hardware/examples/include;$<BUILD_INTERFACE:/home/ljw2/fairno5/src/fairino_hardware/include>;$<BUILD_INTERFACE:/home/ljw2/fairno5/src/fairino_hardware/>
[30.773s] -- Configured cppcheck exclude dirs and/or files: 
[30.773s] -- Added test 'lint_cmake' to check CMake code style
[30.774s] -- Added test 'uncrustify' to check C / C++ code style
[30.774s] -- Configured uncrustify additional arguments: 
[30.775s] -- Added test 'xmllint' to check XML markup files
[30.778s] -- Configuring done
[30.791s] -- Generating done
[30.797s] -- Build files have been written to: /home/ljw2/fairno5/build/fairino_hardware
[30.804s] Invoked command in '/home/ljw2/fairno5/build/fairino_hardware' returned '0': CMAKE_PREFIX_PATH=/home/ljw2/fairno5/install/fairino_msgs:/home/ljw2/fairno5/install/robotiq_2f_85_gripper_visualization:/home/ljw2/fairno5/install/fairino_hardware:/home/ljw2/fairno5/install/fairino5_v6_moveit2_config:/home/ljw2/fairno5/install/fairino_description:/opt/ros/humble LD_LIBRARY_PATH=/home/ljw2/fairno5/install/fairino_msgs/lib:/home/ljw2/fairno5/install/fairino_hardware/lib:/usr/lib/x86_64-linux-gnu/gazebo-11/plugins:/opt/ros/humble/opt/rviz_ogre_vendor/lib:/opt/ros/humble/lib/x86_64-linux-gnu:/opt/ros/humble/lib /usr/bin/cmake /home/ljw2/fairno5/src/fairino_hardware -DCMAKE_INSTALL_PREFIX=/home/ljw2/fairno5/install/fairino_hardware
[30.805s] Invoking command in '/home/ljw2/fairno5/build/fairino_hardware': CMAKE_PREFIX_PATH=/home/ljw2/fairno5/install/fairino_msgs:/home/ljw2/fairno5/install/robotiq_2f_85_gripper_visualization:/home/ljw2/fairno5/install/fairino_hardware:/home/ljw2/fairno5/install/fairino5_v6_moveit2_config:/home/ljw2/fairno5/install/fairino_description:/opt/ros/humble LD_LIBRARY_PATH=/home/ljw2/fairno5/install/fairino_msgs/lib:/home/ljw2/fairno5/install/fairino_hardware/lib:/usr/lib/x86_64-linux-gnu/gazebo-11/plugins:/opt/ros/humble/opt/rviz_ogre_vendor/lib:/opt/ros/humble/lib/x86_64-linux-gnu:/opt/ros/humble/lib /usr/bin/cmake --build /home/ljw2/fairno5/build/fairino_hardware -- -j24 -l24
[30.835s] [35m[1mConsolidate compiler generated dependencies of target fairino_hardware[0m
[30.835s] [35m[1mConsolidate compiler generated dependencies of target ros2_cmd_server[0m
[30.835s] [35m[1mConsolidate compiler generated dependencies of target srv_test_client[0m
[30.850s] [ 25%] Built target fairino_hardware
[30.851s] [ 62%] Built target srv_test_client
[30.856s] [100%] Built target ros2_cmd_server
[30.864s] Invoked command in '/home/ljw2/fairno5/build/fairino_hardware' returned '0': CMAKE_PREFIX_PATH=/home/ljw2/fairno5/install/fairino_msgs:/home/ljw2/fairno5/install/robotiq_2f_85_gripper_visualization:/home/ljw2/fairno5/install/fairino_hardware:/home/ljw2/fairno5/install/fairino5_v6_moveit2_config:/home/ljw2/fairno5/install/fairino_description:/opt/ros/humble LD_LIBRARY_PATH=/home/ljw2/fairno5/install/fairino_msgs/lib:/home/ljw2/fairno5/install/fairino_hardware/lib:/usr/lib/x86_64-linux-gnu/gazebo-11/plugins:/opt/ros/humble/opt/rviz_ogre_vendor/lib:/opt/ros/humble/lib/x86_64-linux-gnu:/opt/ros/humble/lib /usr/bin/cmake --build /home/ljw2/fairno5/build/fairino_hardware -- -j24 -l24
[30.866s] Invoking command in '/home/ljw2/fairno5/build/fairino_hardware': CMAKE_PREFIX_PATH=/home/ljw2/fairno5/install/fairino_msgs:/home/ljw2/fairno5/install/robotiq_2f_85_gripper_visualization:/home/ljw2/fairno5/install/fairino_hardware:/home/ljw2/fairno5/install/fairino5_v6_moveit2_config:/home/ljw2/fairno5/install/fairino_description:/opt/ros/humble LD_LIBRARY_PATH=/home/ljw2/fairno5/install/fairino_msgs/lib:/home/ljw2/fairno5/install/fairino_hardware/lib:/usr/lib/x86_64-linux-gnu/gazebo-11/plugins:/opt/ros/humble/opt/rviz_ogre_vendor/lib:/opt/ros/humble/lib/x86_64-linux-gnu:/opt/ros/humble/lib /usr/bin/cmake --install /home/ljw2/fairno5/build/fairino_hardware
[30.871s] -- Install configuration: "Release"
[30.872s] -- Execute custom install script
[30.872s] -- Up-to-date symlink: /home/ljw2/fairno5/install/fairino_hardware/share/fairino_hardware//fairino_hardware.xml
[30.872s] -- Up-to-date symlink: /home/ljw2/fairno5/install/fairino_hardware/lib/fairino_hardware/ros2_cmd_server
[30.872s] -- Up-to-date symlink: /home/ljw2/fairno5/install/fairino_hardware/lib/fairino_hardware/srv_test_client
[30.872s] -- Up-to-date symlink: /home/ljw2/fairno5/install/fairino_hardware/share/fairino_hardware/environment/library_path.sh
[30.872s] -- Up-to-date symlink: /home/ljw2/fairno5/install/fairino_hardware/share/fairino_hardware/environment/library_path.dsv
[30.872s] -- Up-to-date symlink: /home/ljw2/fairno5/install/fairino_hardware/share/ament_index/resource_index/package_run_dependencies/fairino_hardware
[30.873s] -- Up-to-date symlink: /home/ljw2/fairno5/install/fairino_hardware/share/ament_index/resource_index/parent_prefix_path/fairino_hardware
[30.873s] -- Up-to-date symlink: /home/ljw2/fairno5/install/fairino_hardware/share/fairino_hardware/environment/ament_prefix_path.sh
[30.873s] -- Up-to-date symlink: /home/ljw2/fairno5/install/fairino_hardware/share/fairino_hardware/environment/ament_prefix_path.dsv
[30.873s] -- Up-to-date symlink: /home/ljw2/fairno5/install/fairino_hardware/share/fairino_hardware/environment/path.sh
[30.873s] -- Up-to-date symlink: /home/ljw2/fairno5/install/fairino_hardware/share/fairino_hardware/environment/path.dsv
[30.873s] -- Up-to-date symlink: /home/ljw2/fairno5/install/fairino_hardware/share/fairino_hardware/local_setup.bash
[30.873s] -- Up-to-date symlink: /home/ljw2/fairno5/install/fairino_hardware/share/fairino_hardware/local_setup.sh
[30.873s] -- Up-to-date symlink: /home/ljw2/fairno5/install/fairino_hardware/share/fairino_hardware/local_setup.zsh
[30.873s] -- Up-to-date symlink: /home/ljw2/fairno5/install/fairino_hardware/share/fairino_hardware/local_setup.dsv
[30.873s] -- Symlinking: /home/ljw2/fairno5/install/fairino_hardware/share/fairino_hardware/package.dsv
[30.881s] -- Up-to-date symlink: /home/ljw2/fairno5/install/fairino_hardware/share/ament_index/resource_index/packages/fairino_hardware
[30.881s] -- Up-to-date symlink: /home/ljw2/fairno5/install/fairino_hardware/share/ament_index/resource_index/hardware_interface__pluginlib__plugin/fairino_hardware
[30.881s] -- Up-to-date symlink: /home/ljw2/fairno5/install/fairino_hardware/share/fairino_hardware/cmake/ament_cmake_export_targets-extras.cmake
[30.882s] -- Up-to-date symlink: /home/ljw2/fairno5/install/fairino_hardware/share/fairino_hardware/cmake/ament_cmake_export_dependencies-extras.cmake
[30.882s] -- Up-to-date symlink: /home/ljw2/fairno5/install/fairino_hardware/share/fairino_hardware/cmake/fairino_hardwareConfig.cmake
[30.882s] -- Up-to-date symlink: /home/ljw2/fairno5/install/fairino_hardware/share/fairino_hardware/cmake/fairino_hardwareConfig-version.cmake
[30.882s] -- Up-to-date symlink: /home/ljw2/fairno5/install/fairino_hardware/share/fairino_hardware/package.xml
[30.882s] -- Up-to-date: /home/ljw2/fairno5/install/fairino_hardware/lib/libfairino_hardware.so
[30.882s] -- Up-to-date: /home/ljw2/fairno5/install/fairino_hardware/share/fairino_hardware/cmake/fairino_hardwareExport.cmake
[30.882s] -- Up-to-date: /home/ljw2/fairno5/install/fairino_hardware/share/fairino_hardware/cmake/fairino_hardwareExport-release.cmake
[30.885s] Invoked command in '/home/ljw2/fairno5/build/fairino_hardware' returned '0': CMAKE_PREFIX_PATH=/home/ljw2/fairno5/install/fairino_msgs:/home/ljw2/fairno5/install/robotiq_2f_85_gripper_visualization:/home/ljw2/fairno5/install/fairino_hardware:/home/ljw2/fairno5/install/fairino5_v6_moveit2_config:/home/ljw2/fairno5/install/fairino_description:/opt/ros/humble LD_LIBRARY_PATH=/home/ljw2/fairno5/install/fairino_msgs/lib:/home/ljw2/fairno5/install/fairino_hardware/lib:/usr/lib/x86_64-linux-gnu/gazebo-11/plugins:/opt/ros/humble/opt/rviz_ogre_vendor/lib:/opt/ros/humble/lib/x86_64-linux-gnu:/opt/ros/humble/lib /usr/bin/cmake --install /home/ljw2/fairno5/build/fairino_hardware
