[0.058s] DEBUG:colcon:Command line arguments: ['/usr/bin/colcon', 'build']
[0.058s] DEBUG:colcon:Parsed command line arguments: Namespace(log_base=None, log_level=None, verb_name='build', build_base='build', install_base='install', merge_install=False, symlink_install=False, test_result_base=None, continue_on_error=False, executor='parallel', parallel_workers=16, event_handlers=None, ignore_user_meta=False, metas=['./colcon.meta'], base_paths=['.'], packages_ignore=None, packages_ignore_regex=None, paths=None, packages_up_to=None, packages_up_to_regex=None, packages_above=None, packages_above_and_dependencies=None, packages_above_depth=None, packages_select_by_dep=None, packages_skip_by_dep=None, packages_skip_up_to=None, packages_select_build_failed=False, packages_skip_build_finished=False, packages_select_test_failures=False, packages_skip_test_passed=False, packages_select=None, packages_skip=None, packages_select_regex=None, packages_skip_regex=None, packages_start=None, packages_end=None, allow_overriding=[], cmake_args=None, cmake_target=None, cmake_target_skip_unavailable=False, cmake_clean_cache=False, cmake_clean_first=False, cmake_force_configure=False, ament_cmake_args=None, catkin_cmake_args=None, catkin_skip_building_tests=False, verb_parser=<colcon_defaults.argument_parser.defaults.DefaultArgumentsDecorator object at 0x755330d2bbb0>, verb_extension=<colcon_core.verb.build.BuildVerb object at 0x755330e713f0>, main=<bound method BuildVerb.main of <colcon_core.verb.build.BuildVerb object at 0x755330e713f0>>)
[0.144s] Level 1:colcon.colcon_core.package_discovery:discover_packages(colcon_meta) check parameters
[0.144s] Level 1:colcon.colcon_core.package_discovery:discover_packages(recursive) check parameters
[0.144s] Level 1:colcon.colcon_core.package_discovery:discover_packages(ignore) check parameters
[0.144s] Level 1:colcon.colcon_core.package_discovery:discover_packages(path) check parameters
[0.144s] Level 1:colcon.colcon_core.package_discovery:discover_packages(colcon_meta) discover
[0.144s] Level 1:colcon.colcon_core.package_discovery:discover_packages(recursive) discover
[0.144s] INFO:colcon.colcon_core.package_discovery:Crawling recursively for packages in '/home/ljw/ws_fr5'
[0.144s] Level 1:colcon.colcon_core.package_identification:_identify(.) by extensions ['ignore', 'ignore_ament_install']
[0.144s] Level 1:colcon.colcon_core.package_identification:_identify(.) by extension 'ignore'
[0.144s] Level 1:colcon.colcon_core.package_identification:_identify(.) by extension 'ignore_ament_install'
[0.144s] Level 1:colcon.colcon_core.package_identification:_identify(.) by extensions ['colcon_pkg']
[0.144s] Level 1:colcon.colcon_core.package_identification:_identify(.) by extension 'colcon_pkg'
[0.144s] Level 1:colcon.colcon_core.package_identification:_identify(.) by extensions ['colcon_meta']
[0.144s] Level 1:colcon.colcon_core.package_identification:_identify(.) by extension 'colcon_meta'
[0.144s] Level 1:colcon.colcon_core.package_identification:_identify(.) by extensions ['ros']
[0.144s] Level 1:colcon.colcon_core.package_identification:_identify(.) by extension 'ros'
[0.151s] Level 1:colcon.colcon_core.package_identification:_identify(.) by extensions ['cmake', 'python']
[0.151s] Level 1:colcon.colcon_core.package_identification:_identify(.) by extension 'cmake'
[0.151s] Level 1:colcon.colcon_core.package_identification:_identify(.) by extension 'python'
[0.151s] Level 1:colcon.colcon_core.package_identification:_identify(.) by extensions ['python_setup_py']
[0.151s] Level 1:colcon.colcon_core.package_identification:_identify(.) by extension 'python_setup_py'
[0.151s] Level 1:colcon.colcon_core.package_identification:_identify(build) by extensions ['ignore', 'ignore_ament_install']
[0.151s] Level 1:colcon.colcon_core.package_identification:_identify(build) by extension 'ignore'
[0.151s] Level 1:colcon.colcon_core.package_identification:_identify(build) ignored
[0.151s] Level 1:colcon.colcon_core.package_identification:_identify(install) by extensions ['ignore', 'ignore_ament_install']
[0.152s] Level 1:colcon.colcon_core.package_identification:_identify(install) by extension 'ignore'
[0.152s] Level 1:colcon.colcon_core.package_identification:_identify(install) ignored
[0.152s] Level 1:colcon.colcon_core.package_identification:_identify(log) by extensions ['ignore', 'ignore_ament_install']
[0.152s] Level 1:colcon.colcon_core.package_identification:_identify(log) by extension 'ignore'
[0.152s] Level 1:colcon.colcon_core.package_identification:_identify(log) ignored
[0.152s] Level 1:colcon.colcon_core.package_identification:_identify(src) by extensions ['ignore', 'ignore_ament_install']
[0.152s] Level 1:colcon.colcon_core.package_identification:_identify(src) by extension 'ignore'
[0.152s] Level 1:colcon.colcon_core.package_identification:_identify(src) by extension 'ignore_ament_install'
[0.152s] Level 1:colcon.colcon_core.package_identification:_identify(src) by extensions ['colcon_pkg']
[0.152s] Level 1:colcon.colcon_core.package_identification:_identify(src) by extension 'colcon_pkg'
[0.152s] Level 1:colcon.colcon_core.package_identification:_identify(src) by extensions ['colcon_meta']
[0.152s] Level 1:colcon.colcon_core.package_identification:_identify(src) by extension 'colcon_meta'
[0.152s] Level 1:colcon.colcon_core.package_identification:_identify(src) by extensions ['ros']
[0.152s] Level 1:colcon.colcon_core.package_identification:_identify(src) by extension 'ros'
[0.152s] Level 1:colcon.colcon_core.package_identification:_identify(src) by extensions ['cmake', 'python']
[0.152s] Level 1:colcon.colcon_core.package_identification:_identify(src) by extension 'cmake'
[0.152s] Level 1:colcon.colcon_core.package_identification:_identify(src) by extension 'python'
[0.152s] Level 1:colcon.colcon_core.package_identification:_identify(src) by extensions ['python_setup_py']
[0.152s] Level 1:colcon.colcon_core.package_identification:_identify(src) by extension 'python_setup_py'
[0.152s] Level 1:colcon.colcon_core.package_identification:_identify(src/fairino5_v6_moveit2_config) by extensions ['ignore', 'ignore_ament_install']
[0.152s] Level 1:colcon.colcon_core.package_identification:_identify(src/fairino5_v6_moveit2_config) by extension 'ignore'
[0.152s] Level 1:colcon.colcon_core.package_identification:_identify(src/fairino5_v6_moveit2_config) by extension 'ignore_ament_install'
[0.152s] Level 1:colcon.colcon_core.package_identification:_identify(src/fairino5_v6_moveit2_config) by extensions ['colcon_pkg']
[0.152s] Level 1:colcon.colcon_core.package_identification:_identify(src/fairino5_v6_moveit2_config) by extension 'colcon_pkg'
[0.152s] Level 1:colcon.colcon_core.package_identification:_identify(src/fairino5_v6_moveit2_config) by extensions ['colcon_meta']
[0.152s] Level 1:colcon.colcon_core.package_identification:_identify(src/fairino5_v6_moveit2_config) by extension 'colcon_meta'
[0.152s] Level 1:colcon.colcon_core.package_identification:_identify(src/fairino5_v6_moveit2_config) by extensions ['ros']
[0.152s] Level 1:colcon.colcon_core.package_identification:_identify(src/fairino5_v6_moveit2_config) by extension 'ros'
[0.154s] DEBUG:colcon.colcon_core.package_identification:Package 'src/fairino5_v6_moveit2_config' with type 'ros.ament_cmake' and name 'fairino5_v6_moveit2_config'
[0.154s] Level 1:colcon.colcon_core.package_identification:_identify(src/fairino_description) by extensions ['ignore', 'ignore_ament_install']
[0.154s] Level 1:colcon.colcon_core.package_identification:_identify(src/fairino_description) by extension 'ignore'
[0.154s] Level 1:colcon.colcon_core.package_identification:_identify(src/fairino_description) by extension 'ignore_ament_install'
[0.154s] Level 1:colcon.colcon_core.package_identification:_identify(src/fairino_description) by extensions ['colcon_pkg']
[0.154s] Level 1:colcon.colcon_core.package_identification:_identify(src/fairino_description) by extension 'colcon_pkg'
[0.154s] Level 1:colcon.colcon_core.package_identification:_identify(src/fairino_description) by extensions ['colcon_meta']
[0.154s] Level 1:colcon.colcon_core.package_identification:_identify(src/fairino_description) by extension 'colcon_meta'
[0.154s] Level 1:colcon.colcon_core.package_identification:_identify(src/fairino_description) by extensions ['ros']
[0.154s] Level 1:colcon.colcon_core.package_identification:_identify(src/fairino_description) by extension 'ros'
[0.155s] DEBUG:colcon.colcon_core.package_identification:Package 'src/fairino_description' with type 'ros.ament_cmake' and name 'fairino_description'
[0.155s] Level 1:colcon.colcon_core.package_identification:_identify(src/fairino_hardware) by extensions ['ignore', 'ignore_ament_install']
[0.155s] Level 1:colcon.colcon_core.package_identification:_identify(src/fairino_hardware) by extension 'ignore'
[0.155s] Level 1:colcon.colcon_core.package_identification:_identify(src/fairino_hardware) by extension 'ignore_ament_install'
[0.155s] Level 1:colcon.colcon_core.package_identification:_identify(src/fairino_hardware) by extensions ['colcon_pkg']
[0.155s] Level 1:colcon.colcon_core.package_identification:_identify(src/fairino_hardware) by extension 'colcon_pkg'
[0.155s] Level 1:colcon.colcon_core.package_identification:_identify(src/fairino_hardware) by extensions ['colcon_meta']
[0.155s] Level 1:colcon.colcon_core.package_identification:_identify(src/fairino_hardware) by extension 'colcon_meta'
[0.155s] Level 1:colcon.colcon_core.package_identification:_identify(src/fairino_hardware) by extensions ['ros']
[0.155s] Level 1:colcon.colcon_core.package_identification:_identify(src/fairino_hardware) by extension 'ros'
[0.155s] DEBUG:colcon.colcon_core.package_identification:Package 'src/fairino_hardware' with type 'ros.ament_cmake' and name 'fairino_hardware'
[0.156s] Level 1:colcon.colcon_core.package_identification:_identify(src/fairino_msgs) by extensions ['ignore', 'ignore_ament_install']
[0.156s] Level 1:colcon.colcon_core.package_identification:_identify(src/fairino_msgs) by extension 'ignore'
[0.156s] Level 1:colcon.colcon_core.package_identification:_identify(src/fairino_msgs) by extension 'ignore_ament_install'
[0.156s] Level 1:colcon.colcon_core.package_identification:_identify(src/fairino_msgs) by extensions ['colcon_pkg']
[0.156s] Level 1:colcon.colcon_core.package_identification:_identify(src/fairino_msgs) by extension 'colcon_pkg'
[0.156s] Level 1:colcon.colcon_core.package_identification:_identify(src/fairino_msgs) by extensions ['colcon_meta']
[0.156s] Level 1:colcon.colcon_core.package_identification:_identify(src/fairino_msgs) by extension 'colcon_meta'
[0.156s] Level 1:colcon.colcon_core.package_identification:_identify(src/fairino_msgs) by extensions ['ros']
[0.156s] Level 1:colcon.colcon_core.package_identification:_identify(src/fairino_msgs) by extension 'ros'
[0.156s] DEBUG:colcon.colcon_core.package_identification:Package 'src/fairino_msgs' with type 'ros.ament_cmake' and name 'fairino_msgs'
[0.156s] Level 1:colcon.colcon_core.package_identification:_identify(src/robotiq_2f_85_gripper_visualization) by extensions ['ignore', 'ignore_ament_install']
[0.156s] Level 1:colcon.colcon_core.package_identification:_identify(src/robotiq_2f_85_gripper_visualization) by extension 'ignore'
[0.156s] Level 1:colcon.colcon_core.package_identification:_identify(src/robotiq_2f_85_gripper_visualization) by extension 'ignore_ament_install'
[0.156s] Level 1:colcon.colcon_core.package_identification:_identify(src/robotiq_2f_85_gripper_visualization) by extensions ['colcon_pkg']
[0.156s] Level 1:colcon.colcon_core.package_identification:_identify(src/robotiq_2f_85_gripper_visualization) by extension 'colcon_pkg'
[0.156s] Level 1:colcon.colcon_core.package_identification:_identify(src/robotiq_2f_85_gripper_visualization) by extensions ['colcon_meta']
[0.156s] Level 1:colcon.colcon_core.package_identification:_identify(src/robotiq_2f_85_gripper_visualization) by extension 'colcon_meta'
[0.156s] Level 1:colcon.colcon_core.package_identification:_identify(src/robotiq_2f_85_gripper_visualization) by extensions ['ros']
[0.156s] Level 1:colcon.colcon_core.package_identification:_identify(src/robotiq_2f_85_gripper_visualization) by extension 'ros'
[0.157s] DEBUG:colcon.colcon_core.package_identification:Package 'src/robotiq_2f_85_gripper_visualization' with type 'ros.ament_cmake' and name 'robotiq_2f_85_gripper_visualization'
[0.157s] Level 1:colcon.colcon_core.package_discovery:discover_packages(recursive) using defaults
[0.157s] Level 1:colcon.colcon_core.package_discovery:discover_packages(ignore) discover
[0.157s] Level 1:colcon.colcon_core.package_discovery:discover_packages(ignore) using defaults
[0.157s] Level 1:colcon.colcon_core.package_discovery:discover_packages(path) discover
[0.157s] Level 1:colcon.colcon_core.package_discovery:discover_packages(path) using defaults
[0.175s] Level 1:colcon.colcon_core.package_discovery:discover_packages(prefix_path) check parameters
[0.175s] Level 1:colcon.colcon_core.package_discovery:discover_packages(prefix_path) discover
[0.176s] DEBUG:colcon.colcon_installed_package_information.package_discovery:Found 5 installed packages in /home/ljw/ws_fr5/install
[0.177s] DEBUG:colcon.colcon_installed_package_information.package_discovery:Found 369 installed packages in /opt/ros/humble
[0.177s] Level 1:colcon.colcon_core.package_discovery:discover_packages(prefix_path) using defaults
[0.200s] Level 5:colcon.colcon_core.verb:set package 'fairino_description' build argument 'cmake_args' from command line to 'None'
[0.200s] Level 5:colcon.colcon_core.verb:set package 'fairino_description' build argument 'cmake_target' from command line to 'None'
[0.200s] Level 5:colcon.colcon_core.verb:set package 'fairino_description' build argument 'cmake_target_skip_unavailable' from command line to 'False'
[0.200s] Level 5:colcon.colcon_core.verb:set package 'fairino_description' build argument 'cmake_clean_cache' from command line to 'False'
[0.200s] Level 5:colcon.colcon_core.verb:set package 'fairino_description' build argument 'cmake_clean_first' from command line to 'False'
[0.200s] Level 5:colcon.colcon_core.verb:set package 'fairino_description' build argument 'cmake_force_configure' from command line to 'False'
[0.200s] Level 5:colcon.colcon_core.verb:set package 'fairino_description' build argument 'ament_cmake_args' from command line to 'None'
[0.200s] Level 5:colcon.colcon_core.verb:set package 'fairino_description' build argument 'catkin_cmake_args' from command line to 'None'
[0.200s] Level 5:colcon.colcon_core.verb:set package 'fairino_description' build argument 'catkin_skip_building_tests' from command line to 'False'
[0.200s] DEBUG:colcon.colcon_core.verb:Building package 'fairino_description' with the following arguments: {'ament_cmake_args': None, 'build_base': '/home/ljw/ws_fr5/build/fairino_description', 'catkin_cmake_args': None, 'catkin_skip_building_tests': False, 'cmake_args': None, 'cmake_clean_cache': False, 'cmake_clean_first': False, 'cmake_force_configure': False, 'cmake_target': None, 'cmake_target_skip_unavailable': False, 'install_base': '/home/ljw/ws_fr5/install/fairino_description', 'merge_install': False, 'path': '/home/ljw/ws_fr5/src/fairino_description', 'symlink_install': False, 'test_result_base': None}
[0.200s] Level 5:colcon.colcon_core.verb:set package 'fairino_msgs' build argument 'cmake_args' from command line to 'None'
[0.200s] Level 5:colcon.colcon_core.verb:set package 'fairino_msgs' build argument 'cmake_target' from command line to 'None'
[0.200s] Level 5:colcon.colcon_core.verb:set package 'fairino_msgs' build argument 'cmake_target_skip_unavailable' from command line to 'False'
[0.200s] Level 5:colcon.colcon_core.verb:set package 'fairino_msgs' build argument 'cmake_clean_cache' from command line to 'False'
[0.200s] Level 5:colcon.colcon_core.verb:set package 'fairino_msgs' build argument 'cmake_clean_first' from command line to 'False'
[0.200s] Level 5:colcon.colcon_core.verb:set package 'fairino_msgs' build argument 'cmake_force_configure' from command line to 'False'
[0.200s] Level 5:colcon.colcon_core.verb:set package 'fairino_msgs' build argument 'ament_cmake_args' from command line to 'None'
[0.200s] Level 5:colcon.colcon_core.verb:set package 'fairino_msgs' build argument 'catkin_cmake_args' from command line to 'None'
[0.200s] Level 5:colcon.colcon_core.verb:set package 'fairino_msgs' build argument 'catkin_skip_building_tests' from command line to 'False'
[0.200s] DEBUG:colcon.colcon_core.verb:Building package 'fairino_msgs' with the following arguments: {'ament_cmake_args': None, 'build_base': '/home/ljw/ws_fr5/build/fairino_msgs', 'catkin_cmake_args': None, 'catkin_skip_building_tests': False, 'cmake_args': None, 'cmake_clean_cache': False, 'cmake_clean_first': False, 'cmake_force_configure': False, 'cmake_target': None, 'cmake_target_skip_unavailable': False, 'install_base': '/home/ljw/ws_fr5/install/fairino_msgs', 'merge_install': False, 'path': '/home/ljw/ws_fr5/src/fairino_msgs', 'symlink_install': False, 'test_result_base': None}
[0.200s] Level 5:colcon.colcon_core.verb:set package 'robotiq_2f_85_gripper_visualization' build argument 'cmake_args' from command line to 'None'
[0.200s] Level 5:colcon.colcon_core.verb:set package 'robotiq_2f_85_gripper_visualization' build argument 'cmake_target' from command line to 'None'
[0.200s] Level 5:colcon.colcon_core.verb:set package 'robotiq_2f_85_gripper_visualization' build argument 'cmake_target_skip_unavailable' from command line to 'False'
[0.200s] Level 5:colcon.colcon_core.verb:set package 'robotiq_2f_85_gripper_visualization' build argument 'cmake_clean_cache' from command line to 'False'
[0.200s] Level 5:colcon.colcon_core.verb:set package 'robotiq_2f_85_gripper_visualization' build argument 'cmake_clean_first' from command line to 'False'
[0.200s] Level 5:colcon.colcon_core.verb:set package 'robotiq_2f_85_gripper_visualization' build argument 'cmake_force_configure' from command line to 'False'
[0.200s] Level 5:colcon.colcon_core.verb:set package 'robotiq_2f_85_gripper_visualization' build argument 'ament_cmake_args' from command line to 'None'
[0.201s] Level 5:colcon.colcon_core.verb:set package 'robotiq_2f_85_gripper_visualization' build argument 'catkin_cmake_args' from command line to 'None'
[0.201s] Level 5:colcon.colcon_core.verb:set package 'robotiq_2f_85_gripper_visualization' build argument 'catkin_skip_building_tests' from command line to 'False'
[0.201s] DEBUG:colcon.colcon_core.verb:Building package 'robotiq_2f_85_gripper_visualization' with the following arguments: {'ament_cmake_args': None, 'build_base': '/home/ljw/ws_fr5/build/robotiq_2f_85_gripper_visualization', 'catkin_cmake_args': None, 'catkin_skip_building_tests': False, 'cmake_args': None, 'cmake_clean_cache': False, 'cmake_clean_first': False, 'cmake_force_configure': False, 'cmake_target': None, 'cmake_target_skip_unavailable': False, 'install_base': '/home/ljw/ws_fr5/install/robotiq_2f_85_gripper_visualization', 'merge_install': False, 'path': '/home/ljw/ws_fr5/src/robotiq_2f_85_gripper_visualization', 'symlink_install': False, 'test_result_base': None}
[0.201s] Level 5:colcon.colcon_core.verb:set package 'fairino5_v6_moveit2_config' build argument 'cmake_args' from command line to 'None'
[0.201s] Level 5:colcon.colcon_core.verb:set package 'fairino5_v6_moveit2_config' build argument 'cmake_target' from command line to 'None'
[0.201s] Level 5:colcon.colcon_core.verb:set package 'fairino5_v6_moveit2_config' build argument 'cmake_target_skip_unavailable' from command line to 'False'
[0.201s] Level 5:colcon.colcon_core.verb:set package 'fairino5_v6_moveit2_config' build argument 'cmake_clean_cache' from command line to 'False'
[0.201s] Level 5:colcon.colcon_core.verb:set package 'fairino5_v6_moveit2_config' build argument 'cmake_clean_first' from command line to 'False'
[0.201s] Level 5:colcon.colcon_core.verb:set package 'fairino5_v6_moveit2_config' build argument 'cmake_force_configure' from command line to 'False'
[0.201s] Level 5:colcon.colcon_core.verb:set package 'fairino5_v6_moveit2_config' build argument 'ament_cmake_args' from command line to 'None'
[0.201s] Level 5:colcon.colcon_core.verb:set package 'fairino5_v6_moveit2_config' build argument 'catkin_cmake_args' from command line to 'None'
[0.201s] Level 5:colcon.colcon_core.verb:set package 'fairino5_v6_moveit2_config' build argument 'catkin_skip_building_tests' from command line to 'False'
[0.201s] DEBUG:colcon.colcon_core.verb:Building package 'fairino5_v6_moveit2_config' with the following arguments: {'ament_cmake_args': None, 'build_base': '/home/ljw/ws_fr5/build/fairino5_v6_moveit2_config', 'catkin_cmake_args': None, 'catkin_skip_building_tests': False, 'cmake_args': None, 'cmake_clean_cache': False, 'cmake_clean_first': False, 'cmake_force_configure': False, 'cmake_target': None, 'cmake_target_skip_unavailable': False, 'install_base': '/home/ljw/ws_fr5/install/fairino5_v6_moveit2_config', 'merge_install': False, 'path': '/home/ljw/ws_fr5/src/fairino5_v6_moveit2_config', 'symlink_install': False, 'test_result_base': None}
[0.201s] Level 5:colcon.colcon_core.verb:set package 'fairino_hardware' build argument 'cmake_args' from command line to 'None'
[0.201s] Level 5:colcon.colcon_core.verb:set package 'fairino_hardware' build argument 'cmake_target' from command line to 'None'
[0.201s] Level 5:colcon.colcon_core.verb:set package 'fairino_hardware' build argument 'cmake_target_skip_unavailable' from command line to 'False'
[0.201s] Level 5:colcon.colcon_core.verb:set package 'fairino_hardware' build argument 'cmake_clean_cache' from command line to 'False'
[0.201s] Level 5:colcon.colcon_core.verb:set package 'fairino_hardware' build argument 'cmake_clean_first' from command line to 'False'
[0.201s] Level 5:colcon.colcon_core.verb:set package 'fairino_hardware' build argument 'cmake_force_configure' from command line to 'False'
[0.201s] Level 5:colcon.colcon_core.verb:set package 'fairino_hardware' build argument 'ament_cmake_args' from command line to 'None'
[0.201s] Level 5:colcon.colcon_core.verb:set package 'fairino_hardware' build argument 'catkin_cmake_args' from command line to 'None'
[0.201s] Level 5:colcon.colcon_core.verb:set package 'fairino_hardware' build argument 'catkin_skip_building_tests' from command line to 'False'
[0.201s] DEBUG:colcon.colcon_core.verb:Building package 'fairino_hardware' with the following arguments: {'ament_cmake_args': None, 'build_base': '/home/ljw/ws_fr5/build/fairino_hardware', 'catkin_cmake_args': None, 'catkin_skip_building_tests': False, 'cmake_args': None, 'cmake_clean_cache': False, 'cmake_clean_first': False, 'cmake_force_configure': False, 'cmake_target': None, 'cmake_target_skip_unavailable': False, 'install_base': '/home/ljw/ws_fr5/install/fairino_hardware', 'merge_install': False, 'path': '/home/ljw/ws_fr5/src/fairino_hardware', 'symlink_install': False, 'test_result_base': None}
[0.201s] INFO:colcon.colcon_core.executor:Executing jobs using 'parallel' executor
[0.202s] DEBUG:colcon.colcon_parallel_executor.executor.parallel:run_until_complete
[0.202s] INFO:colcon.colcon_ros.task.ament_cmake.build:Building ROS package in '/home/ljw/ws_fr5/src/fairino_description' with build type 'ament_cmake'
[0.202s] INFO:colcon.colcon_cmake.task.cmake.build:Building CMake package in '/home/ljw/ws_fr5/src/fairino_description'
[0.203s] INFO:colcon.colcon_core.plugin_system:Skipping extension 'colcon_core.shell.bat': Not used on non-Windows systems
[0.203s] INFO:colcon.colcon_core.shell:Skip shell extension 'powershell' for command environment: Not usable outside of PowerShell
[0.203s] DEBUG:colcon.colcon_core.shell:Skip shell extension 'dsv' for command environment
[0.206s] INFO:colcon.colcon_ros.task.ament_cmake.build:Building ROS package in '/home/ljw/ws_fr5/src/fairino_msgs' with build type 'ament_cmake'
[0.206s] INFO:colcon.colcon_cmake.task.cmake.build:Building CMake package in '/home/ljw/ws_fr5/src/fairino_msgs'
[0.206s] INFO:colcon.colcon_core.shell:Skip shell extension 'powershell' for command environment: Not usable outside of PowerShell
[0.206s] DEBUG:colcon.colcon_core.shell:Skip shell extension 'dsv' for command environment
[0.208s] INFO:colcon.colcon_ros.task.ament_cmake.build:Building ROS package in '/home/ljw/ws_fr5/src/robotiq_2f_85_gripper_visualization' with build type 'ament_cmake'
[0.208s] INFO:colcon.colcon_cmake.task.cmake.build:Building CMake package in '/home/ljw/ws_fr5/src/robotiq_2f_85_gripper_visualization'
[0.208s] INFO:colcon.colcon_core.shell:Skip shell extension 'powershell' for command environment: Not usable outside of PowerShell
[0.208s] DEBUG:colcon.colcon_core.shell:Skip shell extension 'dsv' for command environment
[0.212s] DEBUG:colcon.colcon_core.event_handler.log_command:Invoking command in '/home/ljw/ws_fr5/build/fairino_description': CMAKE_PREFIX_PATH=${CMAKE_PREFIX_PATH}:/opt/ros/humble /usr/bin/cmake --build /home/ljw/ws_fr5/build/fairino_description -- -j16 -l16
[0.215s] DEBUG:colcon.colcon_core.event_handler.log_command:Invoking command in '/home/ljw/ws_fr5/build/fairino_msgs': CMAKE_PREFIX_PATH=${CMAKE_PREFIX_PATH}:/opt/ros/humble /usr/bin/cmake --build /home/ljw/ws_fr5/build/fairino_msgs -- -j16 -l16
[0.217s] DEBUG:colcon.colcon_core.event_handler.log_command:Invoking command in '/home/ljw/ws_fr5/build/robotiq_2f_85_gripper_visualization': CMAKE_PREFIX_PATH=${CMAKE_PREFIX_PATH}:/opt/ros/humble /usr/bin/cmake --build /home/ljw/ws_fr5/build/robotiq_2f_85_gripper_visualization -- -j16 -l16
[0.242s] DEBUG:colcon.colcon_core.event_handler.log_command:Invoked command in '/home/ljw/ws_fr5/build/fairino_description' returned '0': CMAKE_PREFIX_PATH=${CMAKE_PREFIX_PATH}:/opt/ros/humble /usr/bin/cmake --build /home/ljw/ws_fr5/build/fairino_description -- -j16 -l16
[0.253s] DEBUG:colcon.colcon_core.event_handler.log_command:Invoking command in '/home/ljw/ws_fr5/build/fairino_description': CMAKE_PREFIX_PATH=${CMAKE_PREFIX_PATH}:/opt/ros/humble /usr/bin/cmake --install /home/ljw/ws_fr5/build/fairino_description
[0.256s] DEBUG:colcon.colcon_core.event_handler.log_command:Invoked command in '/home/ljw/ws_fr5/build/robotiq_2f_85_gripper_visualization' returned '0': CMAKE_PREFIX_PATH=${CMAKE_PREFIX_PATH}:/opt/ros/humble /usr/bin/cmake --build /home/ljw/ws_fr5/build/robotiq_2f_85_gripper_visualization -- -j16 -l16
[0.259s] DEBUG:colcon.colcon_core.event_handler.log_command:Invoking command in '/home/ljw/ws_fr5/build/robotiq_2f_85_gripper_visualization': CMAKE_PREFIX_PATH=${CMAKE_PREFIX_PATH}:/opt/ros/humble /usr/bin/cmake --install /home/ljw/ws_fr5/build/robotiq_2f_85_gripper_visualization
[0.267s] Level 1:colcon.colcon_core.environment:create_environment_scripts_only(fairino_description)
[0.273s] Level 1:colcon.colcon_core.environment:checking '/home/ljw/ws_fr5/install/fairino_description' for CMake module files
[0.274s] Level 1:colcon.colcon_core.environment:checking '/home/ljw/ws_fr5/install/fairino_description' for CMake config files
[0.275s] Level 1:colcon.colcon_core.shell:create_environment_hook('fairino_description', 'cmake_prefix_path')
[0.275s] INFO:colcon.colcon_core.shell:Creating environment hook '/home/ljw/ws_fr5/install/fairino_description/share/fairino_description/hook/cmake_prefix_path.ps1'
[0.276s] INFO:colcon.colcon_core.shell:Creating environment descriptor '/home/ljw/ws_fr5/install/fairino_description/share/fairino_description/hook/cmake_prefix_path.dsv'
[0.277s] INFO:colcon.colcon_core.shell:Creating environment hook '/home/ljw/ws_fr5/install/fairino_description/share/fairino_description/hook/cmake_prefix_path.sh'
[0.279s] Level 1:colcon.colcon_core.environment:checking '/home/ljw/ws_fr5/install/fairino_description/bin'
[0.279s] Level 1:colcon.colcon_core.environment:checking '/home/ljw/ws_fr5/install/fairino_description/lib/pkgconfig/fairino_description.pc'
[0.279s] Level 1:colcon.colcon_core.environment:checking '/home/ljw/ws_fr5/install/fairino_description/lib/python3.10/site-packages'
[0.280s] Level 1:colcon.colcon_core.environment:checking '/home/ljw/ws_fr5/install/fairino_description/bin'
[0.280s] INFO:colcon.colcon_core.shell:Creating package script '/home/ljw/ws_fr5/install/fairino_description/share/fairino_description/package.ps1'
[0.281s] INFO:colcon.colcon_core.shell:Creating package descriptor '/home/ljw/ws_fr5/install/fairino_description/share/fairino_description/package.dsv'
[0.282s] INFO:colcon.colcon_core.shell:Creating package script '/home/ljw/ws_fr5/install/fairino_description/share/fairino_description/package.sh'
[0.283s] INFO:colcon.colcon_core.shell:Creating package script '/home/ljw/ws_fr5/install/fairino_description/share/fairino_description/package.bash'
[0.284s] INFO:colcon.colcon_core.shell:Creating package script '/home/ljw/ws_fr5/install/fairino_description/share/fairino_description/package.zsh'
[0.284s] Level 1:colcon.colcon_core.environment:create_file_with_runtime_dependencies(/home/ljw/ws_fr5/install/fairino_description/share/colcon-core/packages/fairino_description)
[0.286s] Level 1:colcon.colcon_core.environment:create_environment_scripts_only(fairino_description)
[0.286s] Level 1:colcon.colcon_core.environment:checking '/home/ljw/ws_fr5/install/fairino_description' for CMake module files
[0.287s] DEBUG:colcon.colcon_core.event_handler.log_command:Invoked command in '/home/ljw/ws_fr5/build/fairino_description' returned '0': CMAKE_PREFIX_PATH=${CMAKE_PREFIX_PATH}:/opt/ros/humble /usr/bin/cmake --install /home/ljw/ws_fr5/build/fairino_description
[0.287s] Level 1:colcon.colcon_core.environment:checking '/home/ljw/ws_fr5/install/fairino_description' for CMake config files
[0.289s] Level 1:colcon.colcon_core.shell:create_environment_hook('fairino_description', 'cmake_prefix_path')
[0.289s] INFO:colcon.colcon_core.shell:Creating environment hook '/home/ljw/ws_fr5/install/fairino_description/share/fairino_description/hook/cmake_prefix_path.ps1'
[0.289s] INFO:colcon.colcon_core.shell:Creating environment descriptor '/home/ljw/ws_fr5/install/fairino_description/share/fairino_description/hook/cmake_prefix_path.dsv'
[0.290s] INFO:colcon.colcon_core.shell:Creating environment hook '/home/ljw/ws_fr5/install/fairino_description/share/fairino_description/hook/cmake_prefix_path.sh'
[0.290s] Level 1:colcon.colcon_core.environment:checking '/home/ljw/ws_fr5/install/fairino_description/bin'
[0.290s] Level 1:colcon.colcon_core.environment:checking '/home/ljw/ws_fr5/install/fairino_description/lib/pkgconfig/fairino_description.pc'
[0.290s] Level 1:colcon.colcon_core.environment:checking '/home/ljw/ws_fr5/install/fairino_description/lib/python3.10/site-packages'
[0.291s] Level 1:colcon.colcon_core.environment:checking '/home/ljw/ws_fr5/install/fairino_description/bin'
[0.291s] INFO:colcon.colcon_core.shell:Creating package script '/home/ljw/ws_fr5/install/fairino_description/share/fairino_description/package.ps1'
[0.291s] INFO:colcon.colcon_core.shell:Creating package descriptor '/home/ljw/ws_fr5/install/fairino_description/share/fairino_description/package.dsv'
[0.291s] INFO:colcon.colcon_core.shell:Creating package script '/home/ljw/ws_fr5/install/fairino_description/share/fairino_description/package.sh'
[0.292s] INFO:colcon.colcon_core.shell:Creating package script '/home/ljw/ws_fr5/install/fairino_description/share/fairino_description/package.bash'
[0.292s] INFO:colcon.colcon_core.shell:Creating package script '/home/ljw/ws_fr5/install/fairino_description/share/fairino_description/package.zsh'
[0.292s] Level 1:colcon.colcon_core.environment:create_file_with_runtime_dependencies(/home/ljw/ws_fr5/install/fairino_description/share/colcon-core/packages/fairino_description)
[0.292s] INFO:colcon.colcon_ros.task.ament_cmake.build:Building ROS package in '/home/ljw/ws_fr5/src/fairino5_v6_moveit2_config' with build type 'ament_cmake'
[0.292s] INFO:colcon.colcon_cmake.task.cmake.build:Building CMake package in '/home/ljw/ws_fr5/src/fairino5_v6_moveit2_config'
[0.292s] INFO:colcon.colcon_core.shell:Skip shell extension 'powershell' for command environment: Not usable outside of PowerShell
[0.293s] DEBUG:colcon.colcon_core.shell:Skip shell extension 'dsv' for command environment
[0.295s] Level 1:colcon.colcon_core.environment:create_environment_scripts_only(robotiq_2f_85_gripper_visualization)
[0.295s] Level 1:colcon.colcon_core.environment:checking '/home/ljw/ws_fr5/install/robotiq_2f_85_gripper_visualization' for CMake module files
[0.296s] DEBUG:colcon.colcon_core.event_handler.log_command:Invoked command in '/home/ljw/ws_fr5/build/robotiq_2f_85_gripper_visualization' returned '0': CMAKE_PREFIX_PATH=${CMAKE_PREFIX_PATH}:/opt/ros/humble /usr/bin/cmake --install /home/ljw/ws_fr5/build/robotiq_2f_85_gripper_visualization
[0.296s] Level 1:colcon.colcon_core.environment:checking '/home/ljw/ws_fr5/install/robotiq_2f_85_gripper_visualization' for CMake config files
[0.296s] Level 1:colcon.colcon_core.shell:create_environment_hook('robotiq_2f_85_gripper_visualization', 'cmake_prefix_path')
[0.296s] INFO:colcon.colcon_core.shell:Creating environment hook '/home/ljw/ws_fr5/install/robotiq_2f_85_gripper_visualization/share/robotiq_2f_85_gripper_visualization/hook/cmake_prefix_path.ps1'
[0.296s] INFO:colcon.colcon_core.shell:Creating environment descriptor '/home/ljw/ws_fr5/install/robotiq_2f_85_gripper_visualization/share/robotiq_2f_85_gripper_visualization/hook/cmake_prefix_path.dsv'
[0.297s] INFO:colcon.colcon_core.shell:Creating environment hook '/home/ljw/ws_fr5/install/robotiq_2f_85_gripper_visualization/share/robotiq_2f_85_gripper_visualization/hook/cmake_prefix_path.sh'
[0.297s] Level 1:colcon.colcon_core.environment:checking '/home/ljw/ws_fr5/install/robotiq_2f_85_gripper_visualization/bin'
[0.297s] Level 1:colcon.colcon_core.environment:checking '/home/ljw/ws_fr5/install/robotiq_2f_85_gripper_visualization/lib/pkgconfig/robotiq_2f_85_gripper_visualization.pc'
[0.297s] Level 1:colcon.colcon_core.environment:checking '/home/ljw/ws_fr5/install/robotiq_2f_85_gripper_visualization/lib/python3.10/site-packages'
[0.297s] Level 1:colcon.colcon_core.environment:checking '/home/ljw/ws_fr5/install/robotiq_2f_85_gripper_visualization/bin'
[0.297s] INFO:colcon.colcon_core.shell:Creating package script '/home/ljw/ws_fr5/install/robotiq_2f_85_gripper_visualization/share/robotiq_2f_85_gripper_visualization/package.ps1'
[0.298s] INFO:colcon.colcon_core.shell:Creating package descriptor '/home/ljw/ws_fr5/install/robotiq_2f_85_gripper_visualization/share/robotiq_2f_85_gripper_visualization/package.dsv'
[0.298s] INFO:colcon.colcon_core.shell:Creating package script '/home/ljw/ws_fr5/install/robotiq_2f_85_gripper_visualization/share/robotiq_2f_85_gripper_visualization/package.sh'
[0.298s] INFO:colcon.colcon_core.shell:Creating package script '/home/ljw/ws_fr5/install/robotiq_2f_85_gripper_visualization/share/robotiq_2f_85_gripper_visualization/package.bash'
[0.298s] INFO:colcon.colcon_core.shell:Creating package script '/home/ljw/ws_fr5/install/robotiq_2f_85_gripper_visualization/share/robotiq_2f_85_gripper_visualization/package.zsh'
[0.298s] Level 1:colcon.colcon_core.environment:create_file_with_runtime_dependencies(/home/ljw/ws_fr5/install/robotiq_2f_85_gripper_visualization/share/colcon-core/packages/robotiq_2f_85_gripper_visualization)
[0.299s] Level 1:colcon.colcon_core.environment:create_environment_scripts_only(robotiq_2f_85_gripper_visualization)
[0.299s] Level 1:colcon.colcon_core.environment:checking '/home/ljw/ws_fr5/install/robotiq_2f_85_gripper_visualization' for CMake module files
[0.299s] Level 1:colcon.colcon_core.environment:checking '/home/ljw/ws_fr5/install/robotiq_2f_85_gripper_visualization' for CMake config files
[0.299s] Level 1:colcon.colcon_core.shell:create_environment_hook('robotiq_2f_85_gripper_visualization', 'cmake_prefix_path')
[0.299s] INFO:colcon.colcon_core.shell:Creating environment hook '/home/ljw/ws_fr5/install/robotiq_2f_85_gripper_visualization/share/robotiq_2f_85_gripper_visualization/hook/cmake_prefix_path.ps1'
[0.299s] INFO:colcon.colcon_core.shell:Creating environment descriptor '/home/ljw/ws_fr5/install/robotiq_2f_85_gripper_visualization/share/robotiq_2f_85_gripper_visualization/hook/cmake_prefix_path.dsv'
[0.300s] INFO:colcon.colcon_core.shell:Creating environment hook '/home/ljw/ws_fr5/install/robotiq_2f_85_gripper_visualization/share/robotiq_2f_85_gripper_visualization/hook/cmake_prefix_path.sh'
[0.300s] Level 1:colcon.colcon_core.environment:checking '/home/ljw/ws_fr5/install/robotiq_2f_85_gripper_visualization/bin'
[0.300s] Level 1:colcon.colcon_core.environment:checking '/home/ljw/ws_fr5/install/robotiq_2f_85_gripper_visualization/lib/pkgconfig/robotiq_2f_85_gripper_visualization.pc'
[0.300s] Level 1:colcon.colcon_core.environment:checking '/home/ljw/ws_fr5/install/robotiq_2f_85_gripper_visualization/lib/python3.10/site-packages'
[0.300s] Level 1:colcon.colcon_core.environment:checking '/home/ljw/ws_fr5/install/robotiq_2f_85_gripper_visualization/bin'
[0.300s] INFO:colcon.colcon_core.shell:Creating package script '/home/ljw/ws_fr5/install/robotiq_2f_85_gripper_visualization/share/robotiq_2f_85_gripper_visualization/package.ps1'
[0.301s] INFO:colcon.colcon_core.shell:Creating package descriptor '/home/ljw/ws_fr5/install/robotiq_2f_85_gripper_visualization/share/robotiq_2f_85_gripper_visualization/package.dsv'
[0.301s] INFO:colcon.colcon_core.shell:Creating package script '/home/ljw/ws_fr5/install/robotiq_2f_85_gripper_visualization/share/robotiq_2f_85_gripper_visualization/package.sh'
[0.301s] INFO:colcon.colcon_core.shell:Creating package script '/home/ljw/ws_fr5/install/robotiq_2f_85_gripper_visualization/share/robotiq_2f_85_gripper_visualization/package.bash'
[0.302s] INFO:colcon.colcon_core.shell:Creating package script '/home/ljw/ws_fr5/install/robotiq_2f_85_gripper_visualization/share/robotiq_2f_85_gripper_visualization/package.zsh'
[0.302s] Level 1:colcon.colcon_core.environment:create_file_with_runtime_dependencies(/home/ljw/ws_fr5/install/robotiq_2f_85_gripper_visualization/share/colcon-core/packages/robotiq_2f_85_gripper_visualization)
[0.304s] DEBUG:colcon.colcon_core.event_handler.log_command:Invoking command in '/home/ljw/ws_fr5/build/fairino5_v6_moveit2_config': CMAKE_PREFIX_PATH=/home/ljw/ws_fr5/install/fairino_description:/home/ljw/ws_fr5/install/robotiq_2f_85_gripper_visualization:/home/ljw/ws_fr5/install/fairino_hardware:/home/ljw/ws_fr5/install/fairino_msgs:/home/ljw/ws_fr5/install/fairino5_v6_moveit2_config:/opt/ros/humble /usr/bin/cmake --build /home/ljw/ws_fr5/build/fairino5_v6_moveit2_config -- -j16 -l16
[0.327s] DEBUG:colcon.colcon_core.event_handler.log_command:Invoked command in '/home/ljw/ws_fr5/build/fairino5_v6_moveit2_config' returned '0': CMAKE_PREFIX_PATH=/home/ljw/ws_fr5/install/fairino_description:/home/ljw/ws_fr5/install/robotiq_2f_85_gripper_visualization:/home/ljw/ws_fr5/install/fairino_hardware:/home/ljw/ws_fr5/install/fairino_msgs:/home/ljw/ws_fr5/install/fairino5_v6_moveit2_config:/opt/ros/humble /usr/bin/cmake --build /home/ljw/ws_fr5/build/fairino5_v6_moveit2_config -- -j16 -l16
[0.329s] DEBUG:colcon.colcon_core.event_handler.log_command:Invoking command in '/home/ljw/ws_fr5/build/fairino5_v6_moveit2_config': CMAKE_PREFIX_PATH=/home/ljw/ws_fr5/install/fairino_description:/home/ljw/ws_fr5/install/robotiq_2f_85_gripper_visualization:/home/ljw/ws_fr5/install/fairino_hardware:/home/ljw/ws_fr5/install/fairino_msgs:/home/ljw/ws_fr5/install/fairino5_v6_moveit2_config:/opt/ros/humble /usr/bin/cmake --install /home/ljw/ws_fr5/build/fairino5_v6_moveit2_config
[0.335s] Level 1:colcon.colcon_core.environment:create_environment_scripts_only(fairino5_v6_moveit2_config)
[0.335s] Level 1:colcon.colcon_core.environment:checking '/home/ljw/ws_fr5/install/fairino5_v6_moveit2_config' for CMake module files
[0.337s] DEBUG:colcon.colcon_core.event_handler.log_command:Invoked command in '/home/ljw/ws_fr5/build/fairino5_v6_moveit2_config' returned '0': CMAKE_PREFIX_PATH=/home/ljw/ws_fr5/install/fairino_description:/home/ljw/ws_fr5/install/robotiq_2f_85_gripper_visualization:/home/ljw/ws_fr5/install/fairino_hardware:/home/ljw/ws_fr5/install/fairino_msgs:/home/ljw/ws_fr5/install/fairino5_v6_moveit2_config:/opt/ros/humble /usr/bin/cmake --install /home/ljw/ws_fr5/build/fairino5_v6_moveit2_config
[0.337s] Level 1:colcon.colcon_core.environment:checking '/home/ljw/ws_fr5/install/fairino5_v6_moveit2_config' for CMake config files
[0.337s] Level 1:colcon.colcon_core.shell:create_environment_hook('fairino5_v6_moveit2_config', 'cmake_prefix_path')
[0.337s] INFO:colcon.colcon_core.shell:Creating environment hook '/home/ljw/ws_fr5/install/fairino5_v6_moveit2_config/share/fairino5_v6_moveit2_config/hook/cmake_prefix_path.ps1'
[0.338s] INFO:colcon.colcon_core.shell:Creating environment descriptor '/home/ljw/ws_fr5/install/fairino5_v6_moveit2_config/share/fairino5_v6_moveit2_config/hook/cmake_prefix_path.dsv'
[0.338s] INFO:colcon.colcon_core.shell:Creating environment hook '/home/ljw/ws_fr5/install/fairino5_v6_moveit2_config/share/fairino5_v6_moveit2_config/hook/cmake_prefix_path.sh'
[0.339s] Level 1:colcon.colcon_core.environment:checking '/home/ljw/ws_fr5/install/fairino5_v6_moveit2_config/bin'
[0.339s] Level 1:colcon.colcon_core.environment:checking '/home/ljw/ws_fr5/install/fairino5_v6_moveit2_config/lib/pkgconfig/fairino5_v6_moveit2_config.pc'
[0.339s] Level 1:colcon.colcon_core.environment:checking '/home/ljw/ws_fr5/install/fairino5_v6_moveit2_config/lib/python3.10/site-packages'
[0.340s] Level 1:colcon.colcon_core.environment:checking '/home/ljw/ws_fr5/install/fairino5_v6_moveit2_config/bin'
[0.340s] INFO:colcon.colcon_core.shell:Creating package script '/home/ljw/ws_fr5/install/fairino5_v6_moveit2_config/share/fairino5_v6_moveit2_config/package.ps1'
[0.340s] INFO:colcon.colcon_core.shell:Creating package descriptor '/home/ljw/ws_fr5/install/fairino5_v6_moveit2_config/share/fairino5_v6_moveit2_config/package.dsv'
[0.341s] INFO:colcon.colcon_core.shell:Creating package script '/home/ljw/ws_fr5/install/fairino5_v6_moveit2_config/share/fairino5_v6_moveit2_config/package.sh'
[0.341s] INFO:colcon.colcon_core.shell:Creating package script '/home/ljw/ws_fr5/install/fairino5_v6_moveit2_config/share/fairino5_v6_moveit2_config/package.bash'
[0.341s] INFO:colcon.colcon_core.shell:Creating package script '/home/ljw/ws_fr5/install/fairino5_v6_moveit2_config/share/fairino5_v6_moveit2_config/package.zsh'
[0.342s] Level 1:colcon.colcon_core.environment:create_file_with_runtime_dependencies(/home/ljw/ws_fr5/install/fairino5_v6_moveit2_config/share/colcon-core/packages/fairino5_v6_moveit2_config)
[0.342s] Level 1:colcon.colcon_core.environment:create_environment_scripts_only(fairino5_v6_moveit2_config)
[0.343s] Level 1:colcon.colcon_core.environment:checking '/home/ljw/ws_fr5/install/fairino5_v6_moveit2_config' for CMake module files
[0.343s] Level 1:colcon.colcon_core.environment:checking '/home/ljw/ws_fr5/install/fairino5_v6_moveit2_config' for CMake config files
[0.344s] Level 1:colcon.colcon_core.shell:create_environment_hook('fairino5_v6_moveit2_config', 'cmake_prefix_path')
[0.344s] INFO:colcon.colcon_core.shell:Creating environment hook '/home/ljw/ws_fr5/install/fairino5_v6_moveit2_config/share/fairino5_v6_moveit2_config/hook/cmake_prefix_path.ps1'
[0.344s] INFO:colcon.colcon_core.shell:Creating environment descriptor '/home/ljw/ws_fr5/install/fairino5_v6_moveit2_config/share/fairino5_v6_moveit2_config/hook/cmake_prefix_path.dsv'
[0.345s] INFO:colcon.colcon_core.shell:Creating environment hook '/home/ljw/ws_fr5/install/fairino5_v6_moveit2_config/share/fairino5_v6_moveit2_config/hook/cmake_prefix_path.sh'
[0.345s] Level 1:colcon.colcon_core.environment:checking '/home/ljw/ws_fr5/install/fairino5_v6_moveit2_config/bin'
[0.345s] Level 1:colcon.colcon_core.environment:checking '/home/ljw/ws_fr5/install/fairino5_v6_moveit2_config/lib/pkgconfig/fairino5_v6_moveit2_config.pc'
[0.345s] Level 1:colcon.colcon_core.environment:checking '/home/ljw/ws_fr5/install/fairino5_v6_moveit2_config/lib/python3.10/site-packages'
[0.345s] Level 1:colcon.colcon_core.environment:checking '/home/ljw/ws_fr5/install/fairino5_v6_moveit2_config/bin'
[0.346s] INFO:colcon.colcon_core.shell:Creating package script '/home/ljw/ws_fr5/install/fairino5_v6_moveit2_config/share/fairino5_v6_moveit2_config/package.ps1'
[0.346s] INFO:colcon.colcon_core.shell:Creating package descriptor '/home/ljw/ws_fr5/install/fairino5_v6_moveit2_config/share/fairino5_v6_moveit2_config/package.dsv'
[0.346s] INFO:colcon.colcon_core.shell:Creating package script '/home/ljw/ws_fr5/install/fairino5_v6_moveit2_config/share/fairino5_v6_moveit2_config/package.sh'
[0.346s] INFO:colcon.colcon_core.shell:Creating package script '/home/ljw/ws_fr5/install/fairino5_v6_moveit2_config/share/fairino5_v6_moveit2_config/package.bash'
[0.347s] INFO:colcon.colcon_core.shell:Creating package script '/home/ljw/ws_fr5/install/fairino5_v6_moveit2_config/share/fairino5_v6_moveit2_config/package.zsh'
[0.347s] Level 1:colcon.colcon_core.environment:create_file_with_runtime_dependencies(/home/ljw/ws_fr5/install/fairino5_v6_moveit2_config/share/colcon-core/packages/fairino5_v6_moveit2_config)
[0.439s] DEBUG:colcon.colcon_core.event_handler.log_command:Invoked command in '/home/ljw/ws_fr5/build/fairino_msgs' returned '0': CMAKE_PREFIX_PATH=${CMAKE_PREFIX_PATH}:/opt/ros/humble /usr/bin/cmake --build /home/ljw/ws_fr5/build/fairino_msgs -- -j16 -l16
[0.440s] DEBUG:colcon.colcon_core.event_handler.log_command:Invoking command in '/home/ljw/ws_fr5/build/fairino_msgs': CMAKE_PREFIX_PATH=${CMAKE_PREFIX_PATH}:/opt/ros/humble /usr/bin/cmake --install /home/ljw/ws_fr5/build/fairino_msgs
[0.477s] Level 1:colcon.colcon_core.environment:create_environment_scripts_only(fairino_msgs)
[0.477s] Level 1:colcon.colcon_core.environment:checking '/home/ljw/ws_fr5/install/fairino_msgs' for CMake module files
[0.478s] DEBUG:colcon.colcon_core.event_handler.log_command:Invoked command in '/home/ljw/ws_fr5/build/fairino_msgs' returned '0': CMAKE_PREFIX_PATH=${CMAKE_PREFIX_PATH}:/opt/ros/humble /usr/bin/cmake --install /home/ljw/ws_fr5/build/fairino_msgs
[0.478s] Level 1:colcon.colcon_core.environment:checking '/home/ljw/ws_fr5/install/fairino_msgs' for CMake config files
[0.478s] Level 1:colcon.colcon_core.shell:create_environment_hook('fairino_msgs', 'cmake_prefix_path')
[0.478s] INFO:colcon.colcon_core.shell:Creating environment hook '/home/ljw/ws_fr5/install/fairino_msgs/share/fairino_msgs/hook/cmake_prefix_path.ps1'
[0.478s] INFO:colcon.colcon_core.shell:Creating environment descriptor '/home/ljw/ws_fr5/install/fairino_msgs/share/fairino_msgs/hook/cmake_prefix_path.dsv'
[0.479s] INFO:colcon.colcon_core.shell:Creating environment hook '/home/ljw/ws_fr5/install/fairino_msgs/share/fairino_msgs/hook/cmake_prefix_path.sh'
[0.479s] Level 1:colcon.colcon_core.environment:checking '/home/ljw/ws_fr5/install/fairino_msgs/lib'
[0.479s] Level 1:colcon.colcon_core.shell:create_environment_hook('fairino_msgs', 'ld_library_path_lib')
[0.479s] INFO:colcon.colcon_core.shell:Creating environment hook '/home/ljw/ws_fr5/install/fairino_msgs/share/fairino_msgs/hook/ld_library_path_lib.ps1'
[0.479s] INFO:colcon.colcon_core.shell:Creating environment descriptor '/home/ljw/ws_fr5/install/fairino_msgs/share/fairino_msgs/hook/ld_library_path_lib.dsv'
[0.480s] INFO:colcon.colcon_core.shell:Creating environment hook '/home/ljw/ws_fr5/install/fairino_msgs/share/fairino_msgs/hook/ld_library_path_lib.sh'
[0.480s] Level 1:colcon.colcon_core.environment:checking '/home/ljw/ws_fr5/install/fairino_msgs/bin'
[0.480s] Level 1:colcon.colcon_core.environment:checking '/home/ljw/ws_fr5/install/fairino_msgs/lib/pkgconfig/fairino_msgs.pc'
[0.480s] Level 1:colcon.colcon_core.environment:checking '/home/ljw/ws_fr5/install/fairino_msgs/lib/python3.10/site-packages'
[0.480s] Level 1:colcon.colcon_core.environment:checking '/home/ljw/ws_fr5/install/fairino_msgs/bin'
[0.480s] INFO:colcon.colcon_core.shell:Creating package script '/home/ljw/ws_fr5/install/fairino_msgs/share/fairino_msgs/package.ps1'
[0.481s] INFO:colcon.colcon_core.shell:Creating package descriptor '/home/ljw/ws_fr5/install/fairino_msgs/share/fairino_msgs/package.dsv'
[0.481s] INFO:colcon.colcon_core.shell:Creating package script '/home/ljw/ws_fr5/install/fairino_msgs/share/fairino_msgs/package.sh'
[0.481s] INFO:colcon.colcon_core.shell:Creating package script '/home/ljw/ws_fr5/install/fairino_msgs/share/fairino_msgs/package.bash'
[0.481s] INFO:colcon.colcon_core.shell:Creating package script '/home/ljw/ws_fr5/install/fairino_msgs/share/fairino_msgs/package.zsh'
[0.481s] Level 1:colcon.colcon_core.environment:create_file_with_runtime_dependencies(/home/ljw/ws_fr5/install/fairino_msgs/share/colcon-core/packages/fairino_msgs)
[0.482s] Level 1:colcon.colcon_core.environment:create_environment_scripts_only(fairino_msgs)
[0.482s] Level 1:colcon.colcon_core.environment:checking '/home/ljw/ws_fr5/install/fairino_msgs' for CMake module files
[0.482s] Level 1:colcon.colcon_core.environment:checking '/home/ljw/ws_fr5/install/fairino_msgs' for CMake config files
[0.482s] Level 1:colcon.colcon_core.shell:create_environment_hook('fairino_msgs', 'cmake_prefix_path')
[0.482s] INFO:colcon.colcon_core.shell:Creating environment hook '/home/ljw/ws_fr5/install/fairino_msgs/share/fairino_msgs/hook/cmake_prefix_path.ps1'
[0.482s] INFO:colcon.colcon_core.shell:Creating environment descriptor '/home/ljw/ws_fr5/install/fairino_msgs/share/fairino_msgs/hook/cmake_prefix_path.dsv'
[0.483s] INFO:colcon.colcon_core.shell:Creating environment hook '/home/ljw/ws_fr5/install/fairino_msgs/share/fairino_msgs/hook/cmake_prefix_path.sh'
[0.483s] Level 1:colcon.colcon_core.environment:checking '/home/ljw/ws_fr5/install/fairino_msgs/lib'
[0.483s] Level 1:colcon.colcon_core.shell:create_environment_hook('fairino_msgs', 'ld_library_path_lib')
[0.483s] INFO:colcon.colcon_core.shell:Creating environment hook '/home/ljw/ws_fr5/install/fairino_msgs/share/fairino_msgs/hook/ld_library_path_lib.ps1'
[0.483s] INFO:colcon.colcon_core.shell:Creating environment descriptor '/home/ljw/ws_fr5/install/fairino_msgs/share/fairino_msgs/hook/ld_library_path_lib.dsv'
[0.483s] INFO:colcon.colcon_core.shell:Creating environment hook '/home/ljw/ws_fr5/install/fairino_msgs/share/fairino_msgs/hook/ld_library_path_lib.sh'
[0.484s] Level 1:colcon.colcon_core.environment:checking '/home/ljw/ws_fr5/install/fairino_msgs/bin'
[0.484s] Level 1:colcon.colcon_core.environment:checking '/home/ljw/ws_fr5/install/fairino_msgs/lib/pkgconfig/fairino_msgs.pc'
[0.484s] Level 1:colcon.colcon_core.environment:checking '/home/ljw/ws_fr5/install/fairino_msgs/lib/python3.10/site-packages'
[0.484s] Level 1:colcon.colcon_core.environment:checking '/home/ljw/ws_fr5/install/fairino_msgs/bin'
[0.484s] INFO:colcon.colcon_core.shell:Creating package script '/home/ljw/ws_fr5/install/fairino_msgs/share/fairino_msgs/package.ps1'
[0.484s] INFO:colcon.colcon_core.shell:Creating package descriptor '/home/ljw/ws_fr5/install/fairino_msgs/share/fairino_msgs/package.dsv'
[0.485s] INFO:colcon.colcon_core.shell:Creating package script '/home/ljw/ws_fr5/install/fairino_msgs/share/fairino_msgs/package.sh'
[0.485s] INFO:colcon.colcon_core.shell:Creating package script '/home/ljw/ws_fr5/install/fairino_msgs/share/fairino_msgs/package.bash'
[0.485s] INFO:colcon.colcon_core.shell:Creating package script '/home/ljw/ws_fr5/install/fairino_msgs/share/fairino_msgs/package.zsh'
[0.485s] Level 1:colcon.colcon_core.environment:create_file_with_runtime_dependencies(/home/ljw/ws_fr5/install/fairino_msgs/share/colcon-core/packages/fairino_msgs)
[0.485s] INFO:colcon.colcon_ros.task.ament_cmake.build:Building ROS package in '/home/ljw/ws_fr5/src/fairino_hardware' with build type 'ament_cmake'
[0.485s] INFO:colcon.colcon_cmake.task.cmake.build:Building CMake package in '/home/ljw/ws_fr5/src/fairino_hardware'
[0.486s] INFO:colcon.colcon_core.shell:Skip shell extension 'powershell' for command environment: Not usable outside of PowerShell
[0.486s] DEBUG:colcon.colcon_core.shell:Skip shell extension 'dsv' for command environment
[0.492s] DEBUG:colcon.colcon_core.event_handler.log_command:Invoking command in '/home/ljw/ws_fr5/build/fairino_hardware': CMAKE_PREFIX_PATH=/home/ljw/ws_fr5/install/fairino_msgs:/home/ljw/ws_fr5/install/robotiq_2f_85_gripper_visualization:/home/ljw/ws_fr5/install/fairino_hardware:/home/ljw/ws_fr5/install/fairino5_v6_moveit2_config:/home/ljw/ws_fr5/install/fairino_description:/opt/ros/humble LD_LIBRARY_PATH=/home/ljw/ws_fr5/install/fairino_msgs/lib:/home/ljw/ws_fr5/install/fairino_hardware/lib:/usr/lib/x86_64-linux-gnu/gazebo-11/plugins:/opt/ros/humble/opt/rviz_ogre_vendor/lib:/opt/ros/humble/lib/x86_64-linux-gnu:/opt/ros/humble/lib /usr/bin/cmake --build /home/ljw/ws_fr5/build/fairino_hardware -- -j16 -l16
[0.540s] DEBUG:colcon.colcon_core.event_handler.log_command:Invoked command in '/home/ljw/ws_fr5/build/fairino_hardware' returned '0': CMAKE_PREFIX_PATH=/home/ljw/ws_fr5/install/fairino_msgs:/home/ljw/ws_fr5/install/robotiq_2f_85_gripper_visualization:/home/ljw/ws_fr5/install/fairino_hardware:/home/ljw/ws_fr5/install/fairino5_v6_moveit2_config:/home/ljw/ws_fr5/install/fairino_description:/opt/ros/humble LD_LIBRARY_PATH=/home/ljw/ws_fr5/install/fairino_msgs/lib:/home/ljw/ws_fr5/install/fairino_hardware/lib:/usr/lib/x86_64-linux-gnu/gazebo-11/plugins:/opt/ros/humble/opt/rviz_ogre_vendor/lib:/opt/ros/humble/lib/x86_64-linux-gnu:/opt/ros/humble/lib /usr/bin/cmake --build /home/ljw/ws_fr5/build/fairino_hardware -- -j16 -l16
[0.541s] DEBUG:colcon.colcon_core.event_handler.log_command:Invoking command in '/home/ljw/ws_fr5/build/fairino_hardware': CMAKE_PREFIX_PATH=/home/ljw/ws_fr5/install/fairino_msgs:/home/ljw/ws_fr5/install/robotiq_2f_85_gripper_visualization:/home/ljw/ws_fr5/install/fairino_hardware:/home/ljw/ws_fr5/install/fairino5_v6_moveit2_config:/home/ljw/ws_fr5/install/fairino_description:/opt/ros/humble LD_LIBRARY_PATH=/home/ljw/ws_fr5/install/fairino_msgs/lib:/home/ljw/ws_fr5/install/fairino_hardware/lib:/usr/lib/x86_64-linux-gnu/gazebo-11/plugins:/opt/ros/humble/opt/rviz_ogre_vendor/lib:/opt/ros/humble/lib/x86_64-linux-gnu:/opt/ros/humble/lib /usr/bin/cmake --install /home/ljw/ws_fr5/build/fairino_hardware
[0.547s] Level 1:colcon.colcon_core.environment:create_environment_scripts_only(fairino_hardware)
[0.547s] Level 1:colcon.colcon_core.environment:checking '/home/ljw/ws_fr5/install/fairino_hardware' for CMake module files
[0.548s] Level 1:colcon.colcon_core.environment:checking '/home/ljw/ws_fr5/install/fairino_hardware' for CMake config files
[0.548s] DEBUG:colcon.colcon_core.event_handler.log_command:Invoked command in '/home/ljw/ws_fr5/build/fairino_hardware' returned '0': CMAKE_PREFIX_PATH=/home/ljw/ws_fr5/install/fairino_msgs:/home/ljw/ws_fr5/install/robotiq_2f_85_gripper_visualization:/home/ljw/ws_fr5/install/fairino_hardware:/home/ljw/ws_fr5/install/fairino5_v6_moveit2_config:/home/ljw/ws_fr5/install/fairino_description:/opt/ros/humble LD_LIBRARY_PATH=/home/ljw/ws_fr5/install/fairino_msgs/lib:/home/ljw/ws_fr5/install/fairino_hardware/lib:/usr/lib/x86_64-linux-gnu/gazebo-11/plugins:/opt/ros/humble/opt/rviz_ogre_vendor/lib:/opt/ros/humble/lib/x86_64-linux-gnu:/opt/ros/humble/lib /usr/bin/cmake --install /home/ljw/ws_fr5/build/fairino_hardware
[0.548s] Level 1:colcon.colcon_core.shell:create_environment_hook('fairino_hardware', 'cmake_prefix_path')
[0.549s] INFO:colcon.colcon_core.shell:Creating environment hook '/home/ljw/ws_fr5/install/fairino_hardware/share/fairino_hardware/hook/cmake_prefix_path.ps1'
[0.549s] INFO:colcon.colcon_core.shell:Creating environment descriptor '/home/ljw/ws_fr5/install/fairino_hardware/share/fairino_hardware/hook/cmake_prefix_path.dsv'
[0.549s] INFO:colcon.colcon_core.shell:Creating environment hook '/home/ljw/ws_fr5/install/fairino_hardware/share/fairino_hardware/hook/cmake_prefix_path.sh'
[0.549s] Level 1:colcon.colcon_core.environment:checking '/home/ljw/ws_fr5/install/fairino_hardware/lib'
[0.549s] Level 1:colcon.colcon_core.shell:create_environment_hook('fairino_hardware', 'ld_library_path_lib')
[0.549s] INFO:colcon.colcon_core.shell:Creating environment hook '/home/ljw/ws_fr5/install/fairino_hardware/share/fairino_hardware/hook/ld_library_path_lib.ps1'
[0.550s] INFO:colcon.colcon_core.shell:Creating environment descriptor '/home/ljw/ws_fr5/install/fairino_hardware/share/fairino_hardware/hook/ld_library_path_lib.dsv'
[0.550s] INFO:colcon.colcon_core.shell:Creating environment hook '/home/ljw/ws_fr5/install/fairino_hardware/share/fairino_hardware/hook/ld_library_path_lib.sh'
[0.550s] Level 1:colcon.colcon_core.environment:checking '/home/ljw/ws_fr5/install/fairino_hardware/bin'
[0.550s] Level 1:colcon.colcon_core.environment:checking '/home/ljw/ws_fr5/install/fairino_hardware/lib/pkgconfig/fairino_hardware.pc'
[0.550s] Level 1:colcon.colcon_core.environment:checking '/home/ljw/ws_fr5/install/fairino_hardware/lib/python3.10/site-packages'
[0.550s] Level 1:colcon.colcon_core.environment:checking '/home/ljw/ws_fr5/install/fairino_hardware/bin'
[0.550s] INFO:colcon.colcon_core.shell:Creating package script '/home/ljw/ws_fr5/install/fairino_hardware/share/fairino_hardware/package.ps1'
[0.551s] INFO:colcon.colcon_core.shell:Creating package descriptor '/home/ljw/ws_fr5/install/fairino_hardware/share/fairino_hardware/package.dsv'
[0.551s] INFO:colcon.colcon_core.shell:Creating package script '/home/ljw/ws_fr5/install/fairino_hardware/share/fairino_hardware/package.sh'
[0.551s] INFO:colcon.colcon_core.shell:Creating package script '/home/ljw/ws_fr5/install/fairino_hardware/share/fairino_hardware/package.bash'
[0.551s] INFO:colcon.colcon_core.shell:Creating package script '/home/ljw/ws_fr5/install/fairino_hardware/share/fairino_hardware/package.zsh'
[0.552s] Level 1:colcon.colcon_core.environment:create_file_with_runtime_dependencies(/home/ljw/ws_fr5/install/fairino_hardware/share/colcon-core/packages/fairino_hardware)
[0.552s] Level 1:colcon.colcon_core.environment:create_environment_scripts_only(fairino_hardware)
[0.552s] Level 1:colcon.colcon_core.environment:checking '/home/ljw/ws_fr5/install/fairino_hardware' for CMake module files
[0.552s] Level 1:colcon.colcon_core.environment:checking '/home/ljw/ws_fr5/install/fairino_hardware' for CMake config files
[0.552s] Level 1:colcon.colcon_core.shell:create_environment_hook('fairino_hardware', 'cmake_prefix_path')
[0.552s] INFO:colcon.colcon_core.shell:Creating environment hook '/home/ljw/ws_fr5/install/fairino_hardware/share/fairino_hardware/hook/cmake_prefix_path.ps1'
[0.553s] INFO:colcon.colcon_core.shell:Creating environment descriptor '/home/ljw/ws_fr5/install/fairino_hardware/share/fairino_hardware/hook/cmake_prefix_path.dsv'
[0.553s] INFO:colcon.colcon_core.shell:Creating environment hook '/home/ljw/ws_fr5/install/fairino_hardware/share/fairino_hardware/hook/cmake_prefix_path.sh'
[0.553s] Level 1:colcon.colcon_core.environment:checking '/home/ljw/ws_fr5/install/fairino_hardware/lib'
[0.553s] Level 1:colcon.colcon_core.shell:create_environment_hook('fairino_hardware', 'ld_library_path_lib')
[0.553s] INFO:colcon.colcon_core.shell:Creating environment hook '/home/ljw/ws_fr5/install/fairino_hardware/share/fairino_hardware/hook/ld_library_path_lib.ps1'
[0.553s] INFO:colcon.colcon_core.shell:Creating environment descriptor '/home/ljw/ws_fr5/install/fairino_hardware/share/fairino_hardware/hook/ld_library_path_lib.dsv'
[0.554s] INFO:colcon.colcon_core.shell:Creating environment hook '/home/ljw/ws_fr5/install/fairino_hardware/share/fairino_hardware/hook/ld_library_path_lib.sh'
[0.554s] Level 1:colcon.colcon_core.environment:checking '/home/ljw/ws_fr5/install/fairino_hardware/bin'
[0.554s] Level 1:colcon.colcon_core.environment:checking '/home/ljw/ws_fr5/install/fairino_hardware/lib/pkgconfig/fairino_hardware.pc'
[0.554s] Level 1:colcon.colcon_core.environment:checking '/home/ljw/ws_fr5/install/fairino_hardware/lib/python3.10/site-packages'
[0.554s] Level 1:colcon.colcon_core.environment:checking '/home/ljw/ws_fr5/install/fairino_hardware/bin'
[0.554s] INFO:colcon.colcon_core.shell:Creating package script '/home/ljw/ws_fr5/install/fairino_hardware/share/fairino_hardware/package.ps1'
[0.555s] INFO:colcon.colcon_core.shell:Creating package descriptor '/home/ljw/ws_fr5/install/fairino_hardware/share/fairino_hardware/package.dsv'
[0.555s] INFO:colcon.colcon_core.shell:Creating package script '/home/ljw/ws_fr5/install/fairino_hardware/share/fairino_hardware/package.sh'
[0.555s] INFO:colcon.colcon_core.shell:Creating package script '/home/ljw/ws_fr5/install/fairino_hardware/share/fairino_hardware/package.bash'
[0.555s] INFO:colcon.colcon_core.shell:Creating package script '/home/ljw/ws_fr5/install/fairino_hardware/share/fairino_hardware/package.zsh'
[0.555s] Level 1:colcon.colcon_core.environment:create_file_with_runtime_dependencies(/home/ljw/ws_fr5/install/fairino_hardware/share/colcon-core/packages/fairino_hardware)
[0.556s] DEBUG:colcon.colcon_parallel_executor.executor.parallel:closing loop
[0.556s] DEBUG:colcon.colcon_parallel_executor.executor.parallel:loop closed
[0.556s] DEBUG:colcon.colcon_parallel_executor.executor.parallel:run_until_complete finished with '0'
[0.556s] DEBUG:colcon.colcon_core.event_reactor:joining thread
[0.559s] INFO:colcon.colcon_core.plugin_system:Skipping extension 'colcon_notification.desktop_notification.terminal_notifier': Not used on non-Darwin systems
[0.559s] INFO:colcon.colcon_core.plugin_system:Skipping extension 'colcon_notification.desktop_notification.win32': Not used on non-Windows systems
[0.559s] INFO:colcon.colcon_notification.desktop_notification:Sending desktop notification using 'notify2'
[0.565s] DEBUG:colcon.colcon_core.event_reactor:joined thread
[0.565s] INFO:colcon.colcon_core.shell:Creating prefix script '/home/ljw/ws_fr5/install/local_setup.ps1'
[0.566s] INFO:colcon.colcon_core.shell:Creating prefix util module '/home/ljw/ws_fr5/install/_local_setup_util_ps1.py'
[0.567s] INFO:colcon.colcon_core.shell:Creating prefix chain script '/home/ljw/ws_fr5/install/setup.ps1'
[0.567s] INFO:colcon.colcon_core.shell:Creating prefix script '/home/ljw/ws_fr5/install/local_setup.sh'
[0.568s] INFO:colcon.colcon_core.shell:Creating prefix util module '/home/ljw/ws_fr5/install/_local_setup_util_sh.py'
[0.568s] INFO:colcon.colcon_core.shell:Creating prefix chain script '/home/ljw/ws_fr5/install/setup.sh'
[0.568s] INFO:colcon.colcon_core.shell:Creating prefix script '/home/ljw/ws_fr5/install/local_setup.bash'
[0.569s] INFO:colcon.colcon_core.shell:Creating prefix chain script '/home/ljw/ws_fr5/install/setup.bash'
[0.569s] INFO:colcon.colcon_core.shell:Creating prefix script '/home/ljw/ws_fr5/install/local_setup.zsh'
[0.569s] INFO:colcon.colcon_core.shell:Creating prefix chain script '/home/ljw/ws_fr5/install/setup.zsh'
