[0.011s] Invoking command in '/home/ljw/ws_fr5/build/fairino_description': CMAKE_PREFIX_PATH=${CMAKE_PREFIX_PATH}:/opt/ros/humble /usr/bin/cmake --build /home/ljw/ws_fr5/build/fairino_description -- -j16 -l16
[0.040s] Invoked command in '/home/ljw/ws_fr5/build/fairino_description' returned '0': CMAKE_PREFIX_PATH=${CMAKE_PREFIX_PATH}:/opt/ros/humble /usr/bin/cmake --build /home/ljw/ws_fr5/build/fairino_description -- -j16 -l16
[0.049s] Invoking command in '/home/ljw/ws_fr5/build/fairino_description': CMAKE_PREFIX_PATH=${CMAKE_PREFIX_PATH}:/opt/ros/humble /usr/bin/cmake --install /home/ljw/ws_fr5/build/fairino_description
[0.056s] -- Install configuration: ""
[0.056s] -- Up-to-date: /home/ljw/ws_fr5/install/fairino_description/share/fairino_description/meshes
[0.056s] -- Up-to-date: /home/ljw/ws_fr5/install/fairino_description/share/fairino_description/meshes/fairino3_v6
[0.056s] -- Up-to-date: /home/ljw/ws_fr5/install/fairino_description/share/fairino_description/meshes/fairino3_v6/shoulder_link.STL
[0.056s] -- Up-to-date: /home/ljw/ws_fr5/install/fairino_description/share/fairino_description/meshes/fairino3_v6/wrist3_link.STL
[0.056s] -- Up-to-date: /home/ljw/ws_fr5/install/fairino_description/share/fairino_description/meshes/fairino3_v6/wrist2_link.STL
[0.056s] -- Up-to-date: /home/ljw/ws_fr5/install/fairino_description/share/fairino_description/meshes/fairino3_v6/base_link.STL
[0.056s] -- Up-to-date: /home/ljw/ws_fr5/install/fairino_description/share/fairino_description/meshes/fairino3_v6/upperarm_link.STL
[0.057s] -- Up-to-date: /home/ljw/ws_fr5/install/fairino_description/share/fairino_description/meshes/fairino3_v6/wrist1_link.STL
[0.057s] -- Up-to-date: /home/ljw/ws_fr5/install/fairino_description/share/fairino_description/meshes/fairino3_v6/forearm_link.STL
[0.057s] -- Up-to-date: /home/ljw/ws_fr5/install/fairino_description/share/fairino_description/meshes/fairino5_v6
[0.057s] -- Up-to-date: /home/ljw/ws_fr5/install/fairino_description/share/fairino_description/meshes/fairino5_v6/shoulder_link.STL
[0.057s] -- Up-to-date: /home/ljw/ws_fr5/install/fairino_description/share/fairino_description/meshes/fairino5_v6/wrist3_link.STL
[0.057s] -- Up-to-date: /home/ljw/ws_fr5/install/fairino_description/share/fairino_description/meshes/fairino5_v6/wrist2_link.STL
[0.057s] -- Up-to-date: /home/ljw/ws_fr5/install/fairino_description/share/fairino_description/meshes/fairino5_v6/base_link.STL
[0.057s] -- Up-to-date: /home/ljw/ws_fr5/install/fairino_description/share/fairino_description/meshes/fairino5_v6/upperarm_link.STL
[0.057s] -- Up-to-date: /home/ljw/ws_fr5/install/fairino_description/share/fairino_description/meshes/fairino5_v6/wrist1_link.STL
[0.057s] -- Up-to-date: /home/ljw/ws_fr5/install/fairino_description/share/fairino_description/meshes/fairino5_v6/forearm_link.STL
[0.057s] -- Up-to-date: /home/ljw/ws_fr5/install/fairino_description/share/fairino_description/meshes/fairino20_v6
[0.057s] -- Up-to-date: /home/ljw/ws_fr5/install/fairino_description/share/fairino_description/meshes/fairino20_v6/shoulder_link.STL
[0.057s] -- Up-to-date: /home/ljw/ws_fr5/install/fairino_description/share/fairino_description/meshes/fairino20_v6/wrist3_link.STL
[0.057s] -- Up-to-date: /home/ljw/ws_fr5/install/fairino_description/share/fairino_description/meshes/fairino20_v6/wrist2_link.STL
[0.057s] -- Up-to-date: /home/ljw/ws_fr5/install/fairino_description/share/fairino_description/meshes/fairino20_v6/base_link.STL
[0.057s] -- Up-to-date: /home/ljw/ws_fr5/install/fairino_description/share/fairino_description/meshes/fairino20_v6/upperarm_link.STL
[0.058s] -- Up-to-date: /home/ljw/ws_fr5/install/fairino_description/share/fairino_description/meshes/fairino20_v6/wrist1_link.STL
[0.058s] -- Up-to-date: /home/ljw/ws_fr5/install/fairino_description/share/fairino_description/meshes/fairino20_v6/forearm_link.STL
[0.058s] -- Up-to-date: /home/ljw/ws_fr5/install/fairino_description/share/fairino_description/meshes/fairino16_v6
[0.058s] -- Up-to-date: /home/ljw/ws_fr5/install/fairino_description/share/fairino_description/meshes/fairino16_v6/shoulder_link.STL
[0.059s] -- Up-to-date: /home/ljw/ws_fr5/install/fairino_description/share/fairino_description/meshes/fairino16_v6/wrist3_link.STL
[0.059s] -- Up-to-date: /home/ljw/ws_fr5/install/fairino_description/share/fairino_description/meshes/fairino16_v6/wrist2_link.STL
[0.059s] -- Up-to-date: /home/ljw/ws_fr5/install/fairino_description/share/fairino_description/meshes/fairino16_v6/base_link.STL
[0.059s] -- Up-to-date: /home/ljw/ws_fr5/install/fairino_description/share/fairino_description/meshes/fairino16_v6/upperarm_link.STL
[0.059s] -- Up-to-date: /home/ljw/ws_fr5/install/fairino_description/share/fairino_description/meshes/fairino16_v6/wrist1_link.STL
[0.060s] -- Up-to-date: /home/ljw/ws_fr5/install/fairino_description/share/fairino_description/meshes/fairino16_v6/forearm_link.STL
[0.060s] -- Up-to-date: /home/ljw/ws_fr5/install/fairino_description/share/fairino_description/meshes/fairino3_mt_v6
[0.060s] -- Up-to-date: /home/ljw/ws_fr5/install/fairino_description/share/fairino_description/meshes/fairino3_mt_v6/shoulder_link.STL
[0.060s] -- Up-to-date: /home/ljw/ws_fr5/install/fairino_description/share/fairino_description/meshes/fairino3_mt_v6/wrist3_link.STL
[0.060s] -- Up-to-date: /home/ljw/ws_fr5/install/fairino_description/share/fairino_description/meshes/fairino3_mt_v6/wrist2_link.STL
[0.060s] -- Up-to-date: /home/ljw/ws_fr5/install/fairino_description/share/fairino_description/meshes/fairino3_mt_v6/base_link.STL
[0.060s] -- Up-to-date: /home/ljw/ws_fr5/install/fairino_description/share/fairino_description/meshes/fairino3_mt_v6/upperarm_link.STL
[0.061s] -- Up-to-date: /home/ljw/ws_fr5/install/fairino_description/share/fairino_description/meshes/fairino3_mt_v6/wrist1_link.STL
[0.061s] -- Up-to-date: /home/ljw/ws_fr5/install/fairino_description/share/fairino_description/meshes/fairino3_mt_v6/forearm_link.STL
[0.061s] -- Up-to-date: /home/ljw/ws_fr5/install/fairino_description/share/fairino_description/meshes/fairino10_v6
[0.061s] -- Up-to-date: /home/ljw/ws_fr5/install/fairino_description/share/fairino_description/meshes/fairino10_v6/shoulder_link.STL
[0.061s] -- Up-to-date: /home/ljw/ws_fr5/install/fairino_description/share/fairino_description/meshes/fairino10_v6/wrist3_link.STL
[0.061s] -- Up-to-date: /home/ljw/ws_fr5/install/fairino_description/share/fairino_description/meshes/fairino10_v6/wrist2_link.STL
[0.062s] -- Up-to-date: /home/ljw/ws_fr5/install/fairino_description/share/fairino_description/meshes/fairino10_v6/base_link.STL
[0.062s] -- Up-to-date: /home/ljw/ws_fr5/install/fairino_description/share/fairino_description/meshes/fairino10_v6/upperarm_link.STL
[0.062s] -- Up-to-date: /home/ljw/ws_fr5/install/fairino_description/share/fairino_description/meshes/fairino10_v6/wrist1_link.STL
[0.062s] -- Up-to-date: /home/ljw/ws_fr5/install/fairino_description/share/fairino_description/meshes/fairino10_v6/forearm_link.STL
[0.062s] -- Up-to-date: /home/ljw/ws_fr5/install/fairino_description/share/fairino_description/meshes/fairino30_v6
[0.063s] -- Up-to-date: /home/ljw/ws_fr5/install/fairino_description/share/fairino_description/meshes/fairino30_v6/tool_link.STL
[0.063s] -- Up-to-date: /home/ljw/ws_fr5/install/fairino_description/share/fairino_description/meshes/fairino30_v6/shoulder_link.STL
[0.063s] -- Up-to-date: /home/ljw/ws_fr5/install/fairino_description/share/fairino_description/meshes/fairino30_v6/wrist3_link.STL
[0.063s] -- Up-to-date: /home/ljw/ws_fr5/install/fairino_description/share/fairino_description/meshes/fairino30_v6/uppperarm_link.STL
[0.063s] -- Up-to-date: /home/ljw/ws_fr5/install/fairino_description/share/fairino_description/meshes/fairino30_v6/wrist2_link.STL
[0.063s] -- Up-to-date: /home/ljw/ws_fr5/install/fairino_description/share/fairino_description/meshes/fairino30_v6/base_link.STL
[0.063s] -- Up-to-date: /home/ljw/ws_fr5/install/fairino_description/share/fairino_description/meshes/fairino30_v6/wrist1_link.STL
[0.063s] -- Up-to-date: /home/ljw/ws_fr5/install/fairino_description/share/fairino_description/meshes/fairino30_v6/forearm_link.STL
[0.063s] -- Up-to-date: /home/ljw/ws_fr5/install/fairino_description/share/fairino_description/urdf
[0.063s] -- Up-to-date: /home/ljw/ws_fr5/install/fairino_description/share/fairino_description/urdf/fairino5_v6.urdf.xacro
[0.063s] -- Up-to-date: /home/ljw/ws_fr5/install/fairino_description/share/fairino_description/urdf/fairno5_v6.urdf.xacro
[0.063s] -- Up-to-date: /home/ljw/ws_fr5/install/fairino_description/share/ament_index/resource_index/package_run_dependencies/fairino_description
[0.063s] -- Up-to-date: /home/ljw/ws_fr5/install/fairino_description/share/ament_index/resource_index/parent_prefix_path/fairino_description
[0.063s] -- Up-to-date: /home/ljw/ws_fr5/install/fairino_description/share/fairino_description/environment/ament_prefix_path.sh
[0.063s] -- Up-to-date: /home/ljw/ws_fr5/install/fairino_description/share/fairino_description/environment/ament_prefix_path.dsv
[0.063s] -- Up-to-date: /home/ljw/ws_fr5/install/fairino_description/share/fairino_description/environment/path.sh
[0.063s] -- Up-to-date: /home/ljw/ws_fr5/install/fairino_description/share/fairino_description/environment/path.dsv
[0.063s] -- Up-to-date: /home/ljw/ws_fr5/install/fairino_description/share/fairino_description/local_setup.bash
[0.063s] -- Up-to-date: /home/ljw/ws_fr5/install/fairino_description/share/fairino_description/local_setup.sh
[0.063s] -- Up-to-date: /home/ljw/ws_fr5/install/fairino_description/share/fairino_description/local_setup.zsh
[0.064s] -- Up-to-date: /home/ljw/ws_fr5/install/fairino_description/share/fairino_description/local_setup.dsv
[0.064s] -- Installing: /home/ljw/ws_fr5/install/fairino_description/share/fairino_description/package.dsv
[0.064s] -- Up-to-date: /home/ljw/ws_fr5/install/fairino_description/share/ament_index/resource_index/packages/fairino_description
[0.064s] -- Up-to-date: /home/ljw/ws_fr5/install/fairino_description/share/fairino_description/cmake/fairino_descriptionConfig.cmake
[0.064s] -- Up-to-date: /home/ljw/ws_fr5/install/fairino_description/share/fairino_description/cmake/fairino_descriptionConfig-version.cmake
[0.064s] -- Up-to-date: /home/ljw/ws_fr5/install/fairino_description/share/fairino_description/package.xml
[0.064s] Invoked command in '/home/ljw/ws_fr5/build/fairino_description' returned '0': CMAKE_PREFIX_PATH=${CMAKE_PREFIX_PATH}:/opt/ros/humble /usr/bin/cmake --install /home/ljw/ws_fr5/build/fairino_description
