[0.059s] DEBUG:colcon:Command line arguments: ['/usr/bin/colcon', 'build']
[0.060s] DEBUG:colcon:Parsed command line arguments: Namespace(log_base=None, log_level=None, verb_name='build', build_base='build', install_base='install', merge_install=False, symlink_install=False, test_result_base=None, continue_on_error=False, executor='parallel', parallel_workers=16, event_handlers=None, ignore_user_meta=False, metas=['./colcon.meta'], base_paths=['.'], packages_ignore=None, packages_ignore_regex=None, paths=None, packages_up_to=None, packages_up_to_regex=None, packages_above=None, packages_above_and_dependencies=None, packages_above_depth=None, packages_select_by_dep=None, packages_skip_by_dep=None, packages_skip_up_to=None, packages_select_build_failed=False, packages_skip_build_finished=False, packages_select_test_failures=False, packages_skip_test_passed=False, packages_select=None, packages_skip=None, packages_select_regex=None, packages_skip_regex=None, packages_start=None, packages_end=None, allow_overriding=[], cmake_args=None, cmake_target=None, cmake_target_skip_unavailable=False, cmake_clean_cache=False, cmake_clean_first=False, cmake_force_configure=False, ament_cmake_args=None, catkin_cmake_args=None, catkin_skip_building_tests=False, verb_parser=<colcon_defaults.argument_parser.defaults.DefaultArgumentsDecorator object at 0x7ce1a452bdc0>, verb_extension=<colcon_core.verb.build.BuildVerb object at 0x7ce1a4671450>, main=<bound method BuildVerb.main of <colcon_core.verb.build.BuildVerb object at 0x7ce1a4671450>>)
[0.151s] Level 1:colcon.colcon_core.package_discovery:discover_packages(colcon_meta) check parameters
[0.151s] Level 1:colcon.colcon_core.package_discovery:discover_packages(recursive) check parameters
[0.151s] Level 1:colcon.colcon_core.package_discovery:discover_packages(ignore) check parameters
[0.151s] Level 1:colcon.colcon_core.package_discovery:discover_packages(path) check parameters
[0.151s] Level 1:colcon.colcon_core.package_discovery:discover_packages(colcon_meta) discover
[0.151s] Level 1:colcon.colcon_core.package_discovery:discover_packages(recursive) discover
[0.151s] INFO:colcon.colcon_core.package_discovery:Crawling recursively for packages in '/home/ljw/ws_fr5'
[0.151s] Level 1:colcon.colcon_core.package_identification:_identify(.) by extensions ['ignore', 'ignore_ament_install']
[0.151s] Level 1:colcon.colcon_core.package_identification:_identify(.) by extension 'ignore'
[0.151s] Level 1:colcon.colcon_core.package_identification:_identify(.) by extension 'ignore_ament_install'
[0.151s] Level 1:colcon.colcon_core.package_identification:_identify(.) by extensions ['colcon_pkg']
[0.151s] Level 1:colcon.colcon_core.package_identification:_identify(.) by extension 'colcon_pkg'
[0.151s] Level 1:colcon.colcon_core.package_identification:_identify(.) by extensions ['colcon_meta']
[0.151s] Level 1:colcon.colcon_core.package_identification:_identify(.) by extension 'colcon_meta'
[0.151s] Level 1:colcon.colcon_core.package_identification:_identify(.) by extensions ['ros']
[0.151s] Level 1:colcon.colcon_core.package_identification:_identify(.) by extension 'ros'
[0.158s] Level 1:colcon.colcon_core.package_identification:_identify(.) by extensions ['cmake', 'python']
[0.158s] Level 1:colcon.colcon_core.package_identification:_identify(.) by extension 'cmake'
[0.158s] Level 1:colcon.colcon_core.package_identification:_identify(.) by extension 'python'
[0.158s] Level 1:colcon.colcon_core.package_identification:_identify(.) by extensions ['python_setup_py']
[0.158s] Level 1:colcon.colcon_core.package_identification:_identify(.) by extension 'python_setup_py'
[0.158s] Level 1:colcon.colcon_core.package_identification:_identify(build) by extensions ['ignore', 'ignore_ament_install']
[0.158s] Level 1:colcon.colcon_core.package_identification:_identify(build) by extension 'ignore'
[0.158s] Level 1:colcon.colcon_core.package_identification:_identify(build) ignored
[0.158s] Level 1:colcon.colcon_core.package_identification:_identify(install) by extensions ['ignore', 'ignore_ament_install']
[0.158s] Level 1:colcon.colcon_core.package_identification:_identify(install) by extension 'ignore'
[0.158s] Level 1:colcon.colcon_core.package_identification:_identify(install) ignored
[0.158s] Level 1:colcon.colcon_core.package_identification:_identify(log) by extensions ['ignore', 'ignore_ament_install']
[0.158s] Level 1:colcon.colcon_core.package_identification:_identify(log) by extension 'ignore'
[0.158s] Level 1:colcon.colcon_core.package_identification:_identify(log) ignored
[0.159s] Level 1:colcon.colcon_core.package_identification:_identify(src) by extensions ['ignore', 'ignore_ament_install']
[0.159s] Level 1:colcon.colcon_core.package_identification:_identify(src) by extension 'ignore'
[0.159s] Level 1:colcon.colcon_core.package_identification:_identify(src) by extension 'ignore_ament_install'
[0.159s] Level 1:colcon.colcon_core.package_identification:_identify(src) by extensions ['colcon_pkg']
[0.159s] Level 1:colcon.colcon_core.package_identification:_identify(src) by extension 'colcon_pkg'
[0.159s] Level 1:colcon.colcon_core.package_identification:_identify(src) by extensions ['colcon_meta']
[0.159s] Level 1:colcon.colcon_core.package_identification:_identify(src) by extension 'colcon_meta'
[0.159s] Level 1:colcon.colcon_core.package_identification:_identify(src) by extensions ['ros']
[0.159s] Level 1:colcon.colcon_core.package_identification:_identify(src) by extension 'ros'
[0.159s] Level 1:colcon.colcon_core.package_identification:_identify(src) by extensions ['cmake', 'python']
[0.159s] Level 1:colcon.colcon_core.package_identification:_identify(src) by extension 'cmake'
[0.159s] Level 1:colcon.colcon_core.package_identification:_identify(src) by extension 'python'
[0.159s] Level 1:colcon.colcon_core.package_identification:_identify(src) by extensions ['python_setup_py']
[0.159s] Level 1:colcon.colcon_core.package_identification:_identify(src) by extension 'python_setup_py'
[0.159s] Level 1:colcon.colcon_core.package_identification:_identify(src/fairino5_v6_moveit2_config) by extensions ['ignore', 'ignore_ament_install']
[0.159s] Level 1:colcon.colcon_core.package_identification:_identify(src/fairino5_v6_moveit2_config) by extension 'ignore'
[0.159s] Level 1:colcon.colcon_core.package_identification:_identify(src/fairino5_v6_moveit2_config) by extension 'ignore_ament_install'
[0.159s] Level 1:colcon.colcon_core.package_identification:_identify(src/fairino5_v6_moveit2_config) by extensions ['colcon_pkg']
[0.159s] Level 1:colcon.colcon_core.package_identification:_identify(src/fairino5_v6_moveit2_config) by extension 'colcon_pkg'
[0.159s] Level 1:colcon.colcon_core.package_identification:_identify(src/fairino5_v6_moveit2_config) by extensions ['colcon_meta']
[0.159s] Level 1:colcon.colcon_core.package_identification:_identify(src/fairino5_v6_moveit2_config) by extension 'colcon_meta'
[0.159s] Level 1:colcon.colcon_core.package_identification:_identify(src/fairino5_v6_moveit2_config) by extensions ['ros']
[0.159s] Level 1:colcon.colcon_core.package_identification:_identify(src/fairino5_v6_moveit2_config) by extension 'ros'
[0.161s] DEBUG:colcon.colcon_core.package_identification:Package 'src/fairino5_v6_moveit2_config' with type 'ros.ament_cmake' and name 'fairino5_v6_moveit2_config'
[0.161s] Level 1:colcon.colcon_core.package_identification:_identify(src/fairino_description) by extensions ['ignore', 'ignore_ament_install']
[0.161s] Level 1:colcon.colcon_core.package_identification:_identify(src/fairino_description) by extension 'ignore'
[0.161s] Level 1:colcon.colcon_core.package_identification:_identify(src/fairino_description) by extension 'ignore_ament_install'
[0.161s] Level 1:colcon.colcon_core.package_identification:_identify(src/fairino_description) by extensions ['colcon_pkg']
[0.161s] Level 1:colcon.colcon_core.package_identification:_identify(src/fairino_description) by extension 'colcon_pkg'
[0.161s] Level 1:colcon.colcon_core.package_identification:_identify(src/fairino_description) by extensions ['colcon_meta']
[0.161s] Level 1:colcon.colcon_core.package_identification:_identify(src/fairino_description) by extension 'colcon_meta'
[0.161s] Level 1:colcon.colcon_core.package_identification:_identify(src/fairino_description) by extensions ['ros']
[0.161s] Level 1:colcon.colcon_core.package_identification:_identify(src/fairino_description) by extension 'ros'
[0.161s] DEBUG:colcon.colcon_core.package_identification:Package 'src/fairino_description' with type 'ros.ament_cmake' and name 'fairino_description'
[0.162s] Level 1:colcon.colcon_core.package_identification:_identify(src/fairino_hardware) by extensions ['ignore', 'ignore_ament_install']
[0.162s] Level 1:colcon.colcon_core.package_identification:_identify(src/fairino_hardware) by extension 'ignore'
[0.162s] Level 1:colcon.colcon_core.package_identification:_identify(src/fairino_hardware) by extension 'ignore_ament_install'
[0.162s] Level 1:colcon.colcon_core.package_identification:_identify(src/fairino_hardware) by extensions ['colcon_pkg']
[0.162s] Level 1:colcon.colcon_core.package_identification:_identify(src/fairino_hardware) by extension 'colcon_pkg'
[0.162s] Level 1:colcon.colcon_core.package_identification:_identify(src/fairino_hardware) by extensions ['colcon_meta']
[0.162s] Level 1:colcon.colcon_core.package_identification:_identify(src/fairino_hardware) by extension 'colcon_meta'
[0.162s] Level 1:colcon.colcon_core.package_identification:_identify(src/fairino_hardware) by extensions ['ros']
[0.162s] Level 1:colcon.colcon_core.package_identification:_identify(src/fairino_hardware) by extension 'ros'
[0.162s] DEBUG:colcon.colcon_core.package_identification:Package 'src/fairino_hardware' with type 'ros.ament_cmake' and name 'fairino_hardware'
[0.162s] Level 1:colcon.colcon_core.package_identification:_identify(src/fairino_msgs) by extensions ['ignore', 'ignore_ament_install']
[0.162s] Level 1:colcon.colcon_core.package_identification:_identify(src/fairino_msgs) by extension 'ignore'
[0.162s] Level 1:colcon.colcon_core.package_identification:_identify(src/fairino_msgs) by extension 'ignore_ament_install'
[0.162s] Level 1:colcon.colcon_core.package_identification:_identify(src/fairino_msgs) by extensions ['colcon_pkg']
[0.162s] Level 1:colcon.colcon_core.package_identification:_identify(src/fairino_msgs) by extension 'colcon_pkg'
[0.162s] Level 1:colcon.colcon_core.package_identification:_identify(src/fairino_msgs) by extensions ['colcon_meta']
[0.162s] Level 1:colcon.colcon_core.package_identification:_identify(src/fairino_msgs) by extension 'colcon_meta'
[0.162s] Level 1:colcon.colcon_core.package_identification:_identify(src/fairino_msgs) by extensions ['ros']
[0.163s] Level 1:colcon.colcon_core.package_identification:_identify(src/fairino_msgs) by extension 'ros'
[0.163s] DEBUG:colcon.colcon_core.package_identification:Package 'src/fairino_msgs' with type 'ros.ament_cmake' and name 'fairino_msgs'
[0.163s] Level 1:colcon.colcon_core.package_identification:_identify(src/robotiq_2f_85_gripper_visualization) by extensions ['ignore', 'ignore_ament_install']
[0.163s] Level 1:colcon.colcon_core.package_identification:_identify(src/robotiq_2f_85_gripper_visualization) by extension 'ignore'
[0.163s] Level 1:colcon.colcon_core.package_identification:_identify(src/robotiq_2f_85_gripper_visualization) by extension 'ignore_ament_install'
[0.163s] Level 1:colcon.colcon_core.package_identification:_identify(src/robotiq_2f_85_gripper_visualization) by extensions ['colcon_pkg']
[0.163s] Level 1:colcon.colcon_core.package_identification:_identify(src/robotiq_2f_85_gripper_visualization) by extension 'colcon_pkg'
[0.163s] Level 1:colcon.colcon_core.package_identification:_identify(src/robotiq_2f_85_gripper_visualization) by extensions ['colcon_meta']
[0.163s] Level 1:colcon.colcon_core.package_identification:_identify(src/robotiq_2f_85_gripper_visualization) by extension 'colcon_meta'
[0.163s] Level 1:colcon.colcon_core.package_identification:_identify(src/robotiq_2f_85_gripper_visualization) by extensions ['ros']
[0.163s] Level 1:colcon.colcon_core.package_identification:_identify(src/robotiq_2f_85_gripper_visualization) by extension 'ros'
[0.163s] DEBUG:colcon.colcon_core.package_identification:Package 'src/robotiq_2f_85_gripper_visualization' with type 'ros.ament_cmake' and name 'robotiq_2f_85_gripper_visualization'
[0.163s] Level 1:colcon.colcon_core.package_discovery:discover_packages(recursive) using defaults
[0.163s] Level 1:colcon.colcon_core.package_discovery:discover_packages(ignore) discover
[0.163s] Level 1:colcon.colcon_core.package_discovery:discover_packages(ignore) using defaults
[0.164s] Level 1:colcon.colcon_core.package_discovery:discover_packages(path) discover
[0.164s] Level 1:colcon.colcon_core.package_discovery:discover_packages(path) using defaults
[0.182s] Level 1:colcon.colcon_core.package_discovery:discover_packages(prefix_path) check parameters
[0.182s] Level 1:colcon.colcon_core.package_discovery:discover_packages(prefix_path) discover
[0.182s] WARNING:colcon.colcon_ros.prefix_path.ament:The path '/home/ljw/ws_fr5/install/robotiq_2f_85_gripper_visualization' in the environment variable AMENT_PREFIX_PATH doesn't exist
[0.182s] WARNING:colcon.colcon_ros.prefix_path.ament:The path '/home/ljw/ws_fr5/install/fairino_hardware' in the environment variable AMENT_PREFIX_PATH doesn't exist
[0.182s] WARNING:colcon.colcon_ros.prefix_path.ament:The path '/home/ljw/ws_fr5/install/fairino_msgs' in the environment variable AMENT_PREFIX_PATH doesn't exist
[0.182s] WARNING:colcon.colcon_ros.prefix_path.ament:The path '/home/ljw/ws_fr5/install/fairino5_v6_moveit2_config' in the environment variable AMENT_PREFIX_PATH doesn't exist
[0.182s] WARNING:colcon.colcon_ros.prefix_path.ament:The path '/home/ljw/ws_fr5/install/fairino_description' in the environment variable AMENT_PREFIX_PATH doesn't exist
[0.182s] WARNING:colcon.colcon_ros.prefix_path.catkin:The path '/home/ljw/ws_fr5/install/robotiq_2f_85_gripper_visualization' in the environment variable CMAKE_PREFIX_PATH doesn't exist
[0.182s] WARNING:colcon.colcon_ros.prefix_path.catkin:The path '/home/ljw/ws_fr5/install/fairino_hardware' in the environment variable CMAKE_PREFIX_PATH doesn't exist
[0.182s] WARNING:colcon.colcon_ros.prefix_path.catkin:The path '/home/ljw/ws_fr5/install/fairino_msgs' in the environment variable CMAKE_PREFIX_PATH doesn't exist
[0.183s] WARNING:colcon.colcon_ros.prefix_path.catkin:The path '/home/ljw/ws_fr5/install/fairino5_v6_moveit2_config' in the environment variable CMAKE_PREFIX_PATH doesn't exist
[0.183s] WARNING:colcon.colcon_ros.prefix_path.catkin:The path '/home/ljw/ws_fr5/install/fairino_description' in the environment variable CMAKE_PREFIX_PATH doesn't exist
[0.183s] DEBUG:colcon.colcon_installed_package_information.package_discovery:Found 0 installed packages in /home/ljw/ws_fr5/install
[0.184s] DEBUG:colcon.colcon_installed_package_information.package_discovery:Found 369 installed packages in /opt/ros/humble
[0.185s] Level 1:colcon.colcon_core.package_discovery:discover_packages(prefix_path) using defaults
[0.209s] Level 5:colcon.colcon_core.verb:set package 'fairino_description' build argument 'cmake_args' from command line to 'None'
[0.209s] Level 5:colcon.colcon_core.verb:set package 'fairino_description' build argument 'cmake_target' from command line to 'None'
[0.209s] Level 5:colcon.colcon_core.verb:set package 'fairino_description' build argument 'cmake_target_skip_unavailable' from command line to 'False'
[0.209s] Level 5:colcon.colcon_core.verb:set package 'fairino_description' build argument 'cmake_clean_cache' from command line to 'False'
[0.209s] Level 5:colcon.colcon_core.verb:set package 'fairino_description' build argument 'cmake_clean_first' from command line to 'False'
[0.209s] Level 5:colcon.colcon_core.verb:set package 'fairino_description' build argument 'cmake_force_configure' from command line to 'False'
[0.209s] Level 5:colcon.colcon_core.verb:set package 'fairino_description' build argument 'ament_cmake_args' from command line to 'None'
[0.209s] Level 5:colcon.colcon_core.verb:set package 'fairino_description' build argument 'catkin_cmake_args' from command line to 'None'
[0.209s] Level 5:colcon.colcon_core.verb:set package 'fairino_description' build argument 'catkin_skip_building_tests' from command line to 'False'
[0.209s] DEBUG:colcon.colcon_core.verb:Building package 'fairino_description' with the following arguments: {'ament_cmake_args': None, 'build_base': '/home/ljw/ws_fr5/build/fairino_description', 'catkin_cmake_args': None, 'catkin_skip_building_tests': False, 'cmake_args': None, 'cmake_clean_cache': False, 'cmake_clean_first': False, 'cmake_force_configure': False, 'cmake_target': None, 'cmake_target_skip_unavailable': False, 'install_base': '/home/ljw/ws_fr5/install/fairino_description', 'merge_install': False, 'path': '/home/ljw/ws_fr5/src/fairino_description', 'symlink_install': False, 'test_result_base': None}
[0.210s] Level 5:colcon.colcon_core.verb:set package 'fairino_msgs' build argument 'cmake_args' from command line to 'None'
[0.210s] Level 5:colcon.colcon_core.verb:set package 'fairino_msgs' build argument 'cmake_target' from command line to 'None'
[0.210s] Level 5:colcon.colcon_core.verb:set package 'fairino_msgs' build argument 'cmake_target_skip_unavailable' from command line to 'False'
[0.210s] Level 5:colcon.colcon_core.verb:set package 'fairino_msgs' build argument 'cmake_clean_cache' from command line to 'False'
[0.210s] Level 5:colcon.colcon_core.verb:set package 'fairino_msgs' build argument 'cmake_clean_first' from command line to 'False'
[0.210s] Level 5:colcon.colcon_core.verb:set package 'fairino_msgs' build argument 'cmake_force_configure' from command line to 'False'
[0.210s] Level 5:colcon.colcon_core.verb:set package 'fairino_msgs' build argument 'ament_cmake_args' from command line to 'None'
[0.210s] Level 5:colcon.colcon_core.verb:set package 'fairino_msgs' build argument 'catkin_cmake_args' from command line to 'None'
[0.210s] Level 5:colcon.colcon_core.verb:set package 'fairino_msgs' build argument 'catkin_skip_building_tests' from command line to 'False'
[0.210s] DEBUG:colcon.colcon_core.verb:Building package 'fairino_msgs' with the following arguments: {'ament_cmake_args': None, 'build_base': '/home/ljw/ws_fr5/build/fairino_msgs', 'catkin_cmake_args': None, 'catkin_skip_building_tests': False, 'cmake_args': None, 'cmake_clean_cache': False, 'cmake_clean_first': False, 'cmake_force_configure': False, 'cmake_target': None, 'cmake_target_skip_unavailable': False, 'install_base': '/home/ljw/ws_fr5/install/fairino_msgs', 'merge_install': False, 'path': '/home/ljw/ws_fr5/src/fairino_msgs', 'symlink_install': False, 'test_result_base': None}
[0.210s] Level 5:colcon.colcon_core.verb:set package 'robotiq_2f_85_gripper_visualization' build argument 'cmake_args' from command line to 'None'
[0.210s] Level 5:colcon.colcon_core.verb:set package 'robotiq_2f_85_gripper_visualization' build argument 'cmake_target' from command line to 'None'
[0.210s] Level 5:colcon.colcon_core.verb:set package 'robotiq_2f_85_gripper_visualization' build argument 'cmake_target_skip_unavailable' from command line to 'False'
[0.210s] Level 5:colcon.colcon_core.verb:set package 'robotiq_2f_85_gripper_visualization' build argument 'cmake_clean_cache' from command line to 'False'
[0.210s] Level 5:colcon.colcon_core.verb:set package 'robotiq_2f_85_gripper_visualization' build argument 'cmake_clean_first' from command line to 'False'
[0.210s] Level 5:colcon.colcon_core.verb:set package 'robotiq_2f_85_gripper_visualization' build argument 'cmake_force_configure' from command line to 'False'
[0.210s] Level 5:colcon.colcon_core.verb:set package 'robotiq_2f_85_gripper_visualization' build argument 'ament_cmake_args' from command line to 'None'
[0.210s] Level 5:colcon.colcon_core.verb:set package 'robotiq_2f_85_gripper_visualization' build argument 'catkin_cmake_args' from command line to 'None'
[0.210s] Level 5:colcon.colcon_core.verb:set package 'robotiq_2f_85_gripper_visualization' build argument 'catkin_skip_building_tests' from command line to 'False'
[0.210s] DEBUG:colcon.colcon_core.verb:Building package 'robotiq_2f_85_gripper_visualization' with the following arguments: {'ament_cmake_args': None, 'build_base': '/home/ljw/ws_fr5/build/robotiq_2f_85_gripper_visualization', 'catkin_cmake_args': None, 'catkin_skip_building_tests': False, 'cmake_args': None, 'cmake_clean_cache': False, 'cmake_clean_first': False, 'cmake_force_configure': False, 'cmake_target': None, 'cmake_target_skip_unavailable': False, 'install_base': '/home/ljw/ws_fr5/install/robotiq_2f_85_gripper_visualization', 'merge_install': False, 'path': '/home/ljw/ws_fr5/src/robotiq_2f_85_gripper_visualization', 'symlink_install': False, 'test_result_base': None}
[0.210s] Level 5:colcon.colcon_core.verb:set package 'fairino5_v6_moveit2_config' build argument 'cmake_args' from command line to 'None'
[0.210s] Level 5:colcon.colcon_core.verb:set package 'fairino5_v6_moveit2_config' build argument 'cmake_target' from command line to 'None'
[0.210s] Level 5:colcon.colcon_core.verb:set package 'fairino5_v6_moveit2_config' build argument 'cmake_target_skip_unavailable' from command line to 'False'
[0.210s] Level 5:colcon.colcon_core.verb:set package 'fairino5_v6_moveit2_config' build argument 'cmake_clean_cache' from command line to 'False'
[0.210s] Level 5:colcon.colcon_core.verb:set package 'fairino5_v6_moveit2_config' build argument 'cmake_clean_first' from command line to 'False'
[0.210s] Level 5:colcon.colcon_core.verb:set package 'fairino5_v6_moveit2_config' build argument 'cmake_force_configure' from command line to 'False'
[0.210s] Level 5:colcon.colcon_core.verb:set package 'fairino5_v6_moveit2_config' build argument 'ament_cmake_args' from command line to 'None'
[0.210s] Level 5:colcon.colcon_core.verb:set package 'fairino5_v6_moveit2_config' build argument 'catkin_cmake_args' from command line to 'None'
[0.210s] Level 5:colcon.colcon_core.verb:set package 'fairino5_v6_moveit2_config' build argument 'catkin_skip_building_tests' from command line to 'False'
[0.210s] DEBUG:colcon.colcon_core.verb:Building package 'fairino5_v6_moveit2_config' with the following arguments: {'ament_cmake_args': None, 'build_base': '/home/ljw/ws_fr5/build/fairino5_v6_moveit2_config', 'catkin_cmake_args': None, 'catkin_skip_building_tests': False, 'cmake_args': None, 'cmake_clean_cache': False, 'cmake_clean_first': False, 'cmake_force_configure': False, 'cmake_target': None, 'cmake_target_skip_unavailable': False, 'install_base': '/home/ljw/ws_fr5/install/fairino5_v6_moveit2_config', 'merge_install': False, 'path': '/home/ljw/ws_fr5/src/fairino5_v6_moveit2_config', 'symlink_install': False, 'test_result_base': None}
[0.211s] Level 5:colcon.colcon_core.verb:set package 'fairino_hardware' build argument 'cmake_args' from command line to 'None'
[0.211s] Level 5:colcon.colcon_core.verb:set package 'fairino_hardware' build argument 'cmake_target' from command line to 'None'
[0.211s] Level 5:colcon.colcon_core.verb:set package 'fairino_hardware' build argument 'cmake_target_skip_unavailable' from command line to 'False'
[0.211s] Level 5:colcon.colcon_core.verb:set package 'fairino_hardware' build argument 'cmake_clean_cache' from command line to 'False'
[0.211s] Level 5:colcon.colcon_core.verb:set package 'fairino_hardware' build argument 'cmake_clean_first' from command line to 'False'
[0.211s] Level 5:colcon.colcon_core.verb:set package 'fairino_hardware' build argument 'cmake_force_configure' from command line to 'False'
[0.211s] Level 5:colcon.colcon_core.verb:set package 'fairino_hardware' build argument 'ament_cmake_args' from command line to 'None'
[0.211s] Level 5:colcon.colcon_core.verb:set package 'fairino_hardware' build argument 'catkin_cmake_args' from command line to 'None'
[0.211s] Level 5:colcon.colcon_core.verb:set package 'fairino_hardware' build argument 'catkin_skip_building_tests' from command line to 'False'
[0.211s] DEBUG:colcon.colcon_core.verb:Building package 'fairino_hardware' with the following arguments: {'ament_cmake_args': None, 'build_base': '/home/ljw/ws_fr5/build/fairino_hardware', 'catkin_cmake_args': None, 'catkin_skip_building_tests': False, 'cmake_args': None, 'cmake_clean_cache': False, 'cmake_clean_first': False, 'cmake_force_configure': False, 'cmake_target': None, 'cmake_target_skip_unavailable': False, 'install_base': '/home/ljw/ws_fr5/install/fairino_hardware', 'merge_install': False, 'path': '/home/ljw/ws_fr5/src/fairino_hardware', 'symlink_install': False, 'test_result_base': None}
[0.211s] INFO:colcon.colcon_core.executor:Executing jobs using 'parallel' executor
[0.211s] DEBUG:colcon.colcon_parallel_executor.executor.parallel:run_until_complete
[0.212s] INFO:colcon.colcon_ros.task.ament_cmake.build:Building ROS package in '/home/ljw/ws_fr5/src/fairino_description' with build type 'ament_cmake'
[0.212s] INFO:colcon.colcon_cmake.task.cmake.build:Building CMake package in '/home/ljw/ws_fr5/src/fairino_description'
[0.213s] INFO:colcon.colcon_core.plugin_system:Skipping extension 'colcon_core.shell.bat': Not used on non-Windows systems
[0.213s] INFO:colcon.colcon_core.shell:Skip shell extension 'powershell' for command environment: Not usable outside of PowerShell
[0.213s] DEBUG:colcon.colcon_core.shell:Skip shell extension 'dsv' for command environment
[0.215s] INFO:colcon.colcon_ros.task.ament_cmake.build:Building ROS package in '/home/ljw/ws_fr5/src/fairino_msgs' with build type 'ament_cmake'
[0.215s] INFO:colcon.colcon_cmake.task.cmake.build:Building CMake package in '/home/ljw/ws_fr5/src/fairino_msgs'
[0.215s] INFO:colcon.colcon_core.shell:Skip shell extension 'powershell' for command environment: Not usable outside of PowerShell
[0.215s] DEBUG:colcon.colcon_core.shell:Skip shell extension 'dsv' for command environment
[0.217s] INFO:colcon.colcon_ros.task.ament_cmake.build:Building ROS package in '/home/ljw/ws_fr5/src/robotiq_2f_85_gripper_visualization' with build type 'ament_cmake'
[0.217s] INFO:colcon.colcon_cmake.task.cmake.build:Building CMake package in '/home/ljw/ws_fr5/src/robotiq_2f_85_gripper_visualization'
[0.217s] INFO:colcon.colcon_core.shell:Skip shell extension 'powershell' for command environment: Not usable outside of PowerShell
[0.217s] DEBUG:colcon.colcon_core.shell:Skip shell extension 'dsv' for command environment
[0.221s] DEBUG:colcon.colcon_core.event_handler.log_command:Invoking command in '/home/ljw/ws_fr5/build/fairino_description': CMAKE_PREFIX_PATH=${CMAKE_PREFIX_PATH}:/opt/ros/humble /usr/bin/cmake /home/ljw/ws_fr5/src/fairino_description -DCMAKE_INSTALL_PREFIX=/home/ljw/ws_fr5/install/fairino_description
[0.223s] DEBUG:colcon.colcon_core.event_handler.log_command:Invoking command in '/home/ljw/ws_fr5/build/fairino_msgs': CMAKE_PREFIX_PATH=${CMAKE_PREFIX_PATH}:/opt/ros/humble /usr/bin/cmake /home/ljw/ws_fr5/src/fairino_msgs -DCMAKE_INSTALL_PREFIX=/home/ljw/ws_fr5/install/fairino_msgs
[0.224s] DEBUG:colcon.colcon_core.event_handler.log_command:Invoking command in '/home/ljw/ws_fr5/build/robotiq_2f_85_gripper_visualization': CMAKE_PREFIX_PATH=${CMAKE_PREFIX_PATH}:/opt/ros/humble /usr/bin/cmake /home/ljw/ws_fr5/src/robotiq_2f_85_gripper_visualization -DCMAKE_INSTALL_PREFIX=/home/ljw/ws_fr5/install/robotiq_2f_85_gripper_visualization
[0.641s] DEBUG:colcon.colcon_core.event_handler.log_command:Invoked command in '/home/ljw/ws_fr5/build/fairino_description' returned '0': CMAKE_PREFIX_PATH=${CMAKE_PREFIX_PATH}:/opt/ros/humble /usr/bin/cmake /home/ljw/ws_fr5/src/fairino_description -DCMAKE_INSTALL_PREFIX=/home/ljw/ws_fr5/install/fairino_description
[0.643s] DEBUG:colcon.colcon_core.event_handler.log_command:Invoking command in '/home/ljw/ws_fr5/build/fairino_description': CMAKE_PREFIX_PATH=${CMAKE_PREFIX_PATH}:/opt/ros/humble /usr/bin/cmake --build /home/ljw/ws_fr5/build/fairino_description -- -j16 -l16
[0.648s] DEBUG:colcon.colcon_core.event_handler.log_command:Invoked command in '/home/ljw/ws_fr5/build/robotiq_2f_85_gripper_visualization' returned '0': CMAKE_PREFIX_PATH=${CMAKE_PREFIX_PATH}:/opt/ros/humble /usr/bin/cmake /home/ljw/ws_fr5/src/robotiq_2f_85_gripper_visualization -DCMAKE_INSTALL_PREFIX=/home/ljw/ws_fr5/install/robotiq_2f_85_gripper_visualization
[0.649s] DEBUG:colcon.colcon_core.event_handler.log_command:Invoking command in '/home/ljw/ws_fr5/build/robotiq_2f_85_gripper_visualization': CMAKE_PREFIX_PATH=${CMAKE_PREFIX_PATH}:/opt/ros/humble /usr/bin/cmake --build /home/ljw/ws_fr5/build/robotiq_2f_85_gripper_visualization -- -j16 -l16
[0.665s] DEBUG:colcon.colcon_core.event_handler.log_command:Invoked command in '/home/ljw/ws_fr5/build/fairino_description' returned '0': CMAKE_PREFIX_PATH=${CMAKE_PREFIX_PATH}:/opt/ros/humble /usr/bin/cmake --build /home/ljw/ws_fr5/build/fairino_description -- -j16 -l16
[0.673s] DEBUG:colcon.colcon_core.event_handler.log_command:Invoking command in '/home/ljw/ws_fr5/build/fairino_description': CMAKE_PREFIX_PATH=${CMAKE_PREFIX_PATH}:/opt/ros/humble /usr/bin/cmake --install /home/ljw/ws_fr5/build/fairino_description
[0.675s] DEBUG:colcon.colcon_core.event_handler.log_command:Invoked command in '/home/ljw/ws_fr5/build/robotiq_2f_85_gripper_visualization' returned '0': CMAKE_PREFIX_PATH=${CMAKE_PREFIX_PATH}:/opt/ros/humble /usr/bin/cmake --build /home/ljw/ws_fr5/build/robotiq_2f_85_gripper_visualization -- -j16 -l16
[0.677s] DEBUG:colcon.colcon_core.event_handler.log_command:Invoking command in '/home/ljw/ws_fr5/build/robotiq_2f_85_gripper_visualization': CMAKE_PREFIX_PATH=${CMAKE_PREFIX_PATH}:/opt/ros/humble /usr/bin/cmake --install /home/ljw/ws_fr5/build/robotiq_2f_85_gripper_visualization
[0.687s] Level 1:colcon.colcon_core.environment:create_environment_scripts_only(robotiq_2f_85_gripper_visualization)
[0.687s] DEBUG:colcon.colcon_core.event_handler.log_command:Invoked command in '/home/ljw/ws_fr5/build/robotiq_2f_85_gripper_visualization' returned '0': CMAKE_PREFIX_PATH=${CMAKE_PREFIX_PATH}:/opt/ros/humble /usr/bin/cmake --install /home/ljw/ws_fr5/build/robotiq_2f_85_gripper_visualization
[0.689s] Level 1:colcon.colcon_core.environment:checking '/home/ljw/ws_fr5/install/robotiq_2f_85_gripper_visualization' for CMake module files
[0.690s] Level 1:colcon.colcon_core.environment:checking '/home/ljw/ws_fr5/install/robotiq_2f_85_gripper_visualization' for CMake config files
[0.690s] Level 1:colcon.colcon_core.shell:create_environment_hook('robotiq_2f_85_gripper_visualization', 'cmake_prefix_path')
[0.690s] INFO:colcon.colcon_core.shell:Creating environment hook '/home/ljw/ws_fr5/install/robotiq_2f_85_gripper_visualization/share/robotiq_2f_85_gripper_visualization/hook/cmake_prefix_path.ps1'
[0.691s] INFO:colcon.colcon_core.shell:Creating environment descriptor '/home/ljw/ws_fr5/install/robotiq_2f_85_gripper_visualization/share/robotiq_2f_85_gripper_visualization/hook/cmake_prefix_path.dsv'
[0.691s] INFO:colcon.colcon_core.shell:Creating environment hook '/home/ljw/ws_fr5/install/robotiq_2f_85_gripper_visualization/share/robotiq_2f_85_gripper_visualization/hook/cmake_prefix_path.sh'
[0.692s] Level 1:colcon.colcon_core.environment:checking '/home/ljw/ws_fr5/install/robotiq_2f_85_gripper_visualization/bin'
[0.692s] Level 1:colcon.colcon_core.environment:checking '/home/ljw/ws_fr5/install/robotiq_2f_85_gripper_visualization/lib/pkgconfig/robotiq_2f_85_gripper_visualization.pc'
[0.692s] Level 1:colcon.colcon_core.environment:checking '/home/ljw/ws_fr5/install/robotiq_2f_85_gripper_visualization/lib/python3.10/site-packages'
[0.692s] Level 1:colcon.colcon_core.environment:checking '/home/ljw/ws_fr5/install/robotiq_2f_85_gripper_visualization/bin'
[0.692s] INFO:colcon.colcon_core.shell:Creating package script '/home/ljw/ws_fr5/install/robotiq_2f_85_gripper_visualization/share/robotiq_2f_85_gripper_visualization/package.ps1'
[0.693s] INFO:colcon.colcon_core.shell:Creating package descriptor '/home/ljw/ws_fr5/install/robotiq_2f_85_gripper_visualization/share/robotiq_2f_85_gripper_visualization/package.dsv'
[0.694s] INFO:colcon.colcon_core.shell:Creating package script '/home/ljw/ws_fr5/install/robotiq_2f_85_gripper_visualization/share/robotiq_2f_85_gripper_visualization/package.sh'
[0.695s] INFO:colcon.colcon_core.shell:Creating package script '/home/ljw/ws_fr5/install/robotiq_2f_85_gripper_visualization/share/robotiq_2f_85_gripper_visualization/package.bash'
[0.696s] INFO:colcon.colcon_core.shell:Creating package script '/home/ljw/ws_fr5/install/robotiq_2f_85_gripper_visualization/share/robotiq_2f_85_gripper_visualization/package.zsh'
[0.696s] Level 1:colcon.colcon_core.environment:create_file_with_runtime_dependencies(/home/ljw/ws_fr5/install/robotiq_2f_85_gripper_visualization/share/colcon-core/packages/robotiq_2f_85_gripper_visualization)
[0.697s] Level 1:colcon.colcon_core.environment:create_environment_scripts_only(robotiq_2f_85_gripper_visualization)
[0.698s] Level 1:colcon.colcon_core.environment:checking '/home/ljw/ws_fr5/install/robotiq_2f_85_gripper_visualization' for CMake module files
[0.698s] Level 1:colcon.colcon_core.environment:checking '/home/ljw/ws_fr5/install/robotiq_2f_85_gripper_visualization' for CMake config files
[0.699s] Level 1:colcon.colcon_core.shell:create_environment_hook('robotiq_2f_85_gripper_visualization', 'cmake_prefix_path')
[0.699s] INFO:colcon.colcon_core.shell:Creating environment hook '/home/ljw/ws_fr5/install/robotiq_2f_85_gripper_visualization/share/robotiq_2f_85_gripper_visualization/hook/cmake_prefix_path.ps1'
[0.699s] INFO:colcon.colcon_core.shell:Creating environment descriptor '/home/ljw/ws_fr5/install/robotiq_2f_85_gripper_visualization/share/robotiq_2f_85_gripper_visualization/hook/cmake_prefix_path.dsv'
[0.700s] INFO:colcon.colcon_core.shell:Creating environment hook '/home/ljw/ws_fr5/install/robotiq_2f_85_gripper_visualization/share/robotiq_2f_85_gripper_visualization/hook/cmake_prefix_path.sh'
[0.701s] Level 1:colcon.colcon_core.environment:checking '/home/ljw/ws_fr5/install/robotiq_2f_85_gripper_visualization/bin'
[0.701s] Level 1:colcon.colcon_core.environment:checking '/home/ljw/ws_fr5/install/robotiq_2f_85_gripper_visualization/lib/pkgconfig/robotiq_2f_85_gripper_visualization.pc'
[0.702s] Level 1:colcon.colcon_core.environment:checking '/home/ljw/ws_fr5/install/robotiq_2f_85_gripper_visualization/lib/python3.10/site-packages'
[0.702s] Level 1:colcon.colcon_core.environment:checking '/home/ljw/ws_fr5/install/robotiq_2f_85_gripper_visualization/bin'
[0.702s] INFO:colcon.colcon_core.shell:Creating package script '/home/ljw/ws_fr5/install/robotiq_2f_85_gripper_visualization/share/robotiq_2f_85_gripper_visualization/package.ps1'
[0.703s] INFO:colcon.colcon_core.shell:Creating package descriptor '/home/ljw/ws_fr5/install/robotiq_2f_85_gripper_visualization/share/robotiq_2f_85_gripper_visualization/package.dsv'
[0.703s] INFO:colcon.colcon_core.shell:Creating package script '/home/ljw/ws_fr5/install/robotiq_2f_85_gripper_visualization/share/robotiq_2f_85_gripper_visualization/package.sh'
[0.703s] INFO:colcon.colcon_core.shell:Creating package script '/home/ljw/ws_fr5/install/robotiq_2f_85_gripper_visualization/share/robotiq_2f_85_gripper_visualization/package.bash'
[0.703s] INFO:colcon.colcon_core.shell:Creating package script '/home/ljw/ws_fr5/install/robotiq_2f_85_gripper_visualization/share/robotiq_2f_85_gripper_visualization/package.zsh'
[0.703s] Level 1:colcon.colcon_core.environment:create_file_with_runtime_dependencies(/home/ljw/ws_fr5/install/robotiq_2f_85_gripper_visualization/share/colcon-core/packages/robotiq_2f_85_gripper_visualization)
[0.704s] Level 1:colcon.colcon_core.environment:create_environment_scripts_only(fairino_description)
[0.704s] Level 1:colcon.colcon_core.environment:checking '/home/ljw/ws_fr5/install/fairino_description' for CMake module files
[0.705s] DEBUG:colcon.colcon_core.event_handler.log_command:Invoked command in '/home/ljw/ws_fr5/build/fairino_description' returned '0': CMAKE_PREFIX_PATH=${CMAKE_PREFIX_PATH}:/opt/ros/humble /usr/bin/cmake --install /home/ljw/ws_fr5/build/fairino_description
[0.705s] Level 1:colcon.colcon_core.environment:checking '/home/ljw/ws_fr5/install/fairino_description' for CMake config files
[0.705s] Level 1:colcon.colcon_core.shell:create_environment_hook('fairino_description', 'cmake_prefix_path')
[0.705s] INFO:colcon.colcon_core.shell:Creating environment hook '/home/ljw/ws_fr5/install/fairino_description/share/fairino_description/hook/cmake_prefix_path.ps1'
[0.706s] INFO:colcon.colcon_core.shell:Creating environment descriptor '/home/ljw/ws_fr5/install/fairino_description/share/fairino_description/hook/cmake_prefix_path.dsv'
[0.706s] INFO:colcon.colcon_core.shell:Creating environment hook '/home/ljw/ws_fr5/install/fairino_description/share/fairino_description/hook/cmake_prefix_path.sh'
[0.707s] Level 1:colcon.colcon_core.environment:checking '/home/ljw/ws_fr5/install/fairino_description/bin'
[0.707s] Level 1:colcon.colcon_core.environment:checking '/home/ljw/ws_fr5/install/fairino_description/lib/pkgconfig/fairino_description.pc'
[0.707s] Level 1:colcon.colcon_core.environment:checking '/home/ljw/ws_fr5/install/fairino_description/lib/python3.10/site-packages'
[0.707s] Level 1:colcon.colcon_core.environment:checking '/home/ljw/ws_fr5/install/fairino_description/bin'
[0.707s] INFO:colcon.colcon_core.shell:Creating package script '/home/ljw/ws_fr5/install/fairino_description/share/fairino_description/package.ps1'
[0.708s] INFO:colcon.colcon_core.shell:Creating package descriptor '/home/ljw/ws_fr5/install/fairino_description/share/fairino_description/package.dsv'
[0.708s] INFO:colcon.colcon_core.shell:Creating package script '/home/ljw/ws_fr5/install/fairino_description/share/fairino_description/package.sh'
[0.708s] INFO:colcon.colcon_core.shell:Creating package script '/home/ljw/ws_fr5/install/fairino_description/share/fairino_description/package.bash'
[0.708s] INFO:colcon.colcon_core.shell:Creating package script '/home/ljw/ws_fr5/install/fairino_description/share/fairino_description/package.zsh'
[0.708s] Level 1:colcon.colcon_core.environment:create_file_with_runtime_dependencies(/home/ljw/ws_fr5/install/fairino_description/share/colcon-core/packages/fairino_description)
[0.709s] Level 1:colcon.colcon_core.environment:create_environment_scripts_only(fairino_description)
[0.709s] Level 1:colcon.colcon_core.environment:checking '/home/ljw/ws_fr5/install/fairino_description' for CMake module files
[0.709s] Level 1:colcon.colcon_core.environment:checking '/home/ljw/ws_fr5/install/fairino_description' for CMake config files
[0.709s] Level 1:colcon.colcon_core.shell:create_environment_hook('fairino_description', 'cmake_prefix_path')
[0.709s] INFO:colcon.colcon_core.shell:Creating environment hook '/home/ljw/ws_fr5/install/fairino_description/share/fairino_description/hook/cmake_prefix_path.ps1'
[0.709s] INFO:colcon.colcon_core.shell:Creating environment descriptor '/home/ljw/ws_fr5/install/fairino_description/share/fairino_description/hook/cmake_prefix_path.dsv'
[0.709s] INFO:colcon.colcon_core.shell:Creating environment hook '/home/ljw/ws_fr5/install/fairino_description/share/fairino_description/hook/cmake_prefix_path.sh'
[0.710s] Level 1:colcon.colcon_core.environment:checking '/home/ljw/ws_fr5/install/fairino_description/bin'
[0.710s] Level 1:colcon.colcon_core.environment:checking '/home/ljw/ws_fr5/install/fairino_description/lib/pkgconfig/fairino_description.pc'
[0.710s] Level 1:colcon.colcon_core.environment:checking '/home/ljw/ws_fr5/install/fairino_description/lib/python3.10/site-packages'
[0.710s] Level 1:colcon.colcon_core.environment:checking '/home/ljw/ws_fr5/install/fairino_description/bin'
[0.710s] INFO:colcon.colcon_core.shell:Creating package script '/home/ljw/ws_fr5/install/fairino_description/share/fairino_description/package.ps1'
[0.711s] INFO:colcon.colcon_core.shell:Creating package descriptor '/home/ljw/ws_fr5/install/fairino_description/share/fairino_description/package.dsv'
[0.711s] INFO:colcon.colcon_core.shell:Creating package script '/home/ljw/ws_fr5/install/fairino_description/share/fairino_description/package.sh'
[0.711s] INFO:colcon.colcon_core.shell:Creating package script '/home/ljw/ws_fr5/install/fairino_description/share/fairino_description/package.bash'
[0.711s] INFO:colcon.colcon_core.shell:Creating package script '/home/ljw/ws_fr5/install/fairino_description/share/fairino_description/package.zsh'
[0.711s] Level 1:colcon.colcon_core.environment:create_file_with_runtime_dependencies(/home/ljw/ws_fr5/install/fairino_description/share/colcon-core/packages/fairino_description)
[0.712s] INFO:colcon.colcon_ros.task.ament_cmake.build:Building ROS package in '/home/ljw/ws_fr5/src/fairino5_v6_moveit2_config' with build type 'ament_cmake'
[0.712s] INFO:colcon.colcon_cmake.task.cmake.build:Building CMake package in '/home/ljw/ws_fr5/src/fairino5_v6_moveit2_config'
[0.712s] INFO:colcon.colcon_core.shell:Skip shell extension 'powershell' for command environment: Not usable outside of PowerShell
[0.712s] DEBUG:colcon.colcon_core.shell:Skip shell extension 'dsv' for command environment
[0.717s] DEBUG:colcon.colcon_core.event_handler.log_command:Invoking command in '/home/ljw/ws_fr5/build/fairino5_v6_moveit2_config': CMAKE_PREFIX_PATH=/home/ljw/ws_fr5/install/fairino_description:/home/ljw/ws_fr5/install/robotiq_2f_85_gripper_visualization:/home/ljw/ws_fr5/install/fairino_hardware:/home/ljw/ws_fr5/install/fairino_msgs:/home/ljw/ws_fr5/install/fairino5_v6_moveit2_config:/opt/ros/humble /usr/bin/cmake /home/ljw/ws_fr5/src/fairino5_v6_moveit2_config -DCMAKE_INSTALL_PREFIX=/home/ljw/ws_fr5/install/fairino5_v6_moveit2_config
[1.100s] DEBUG:colcon.colcon_core.event_handler.log_command:Invoked command in '/home/ljw/ws_fr5/build/fairino5_v6_moveit2_config' returned '0': CMAKE_PREFIX_PATH=/home/ljw/ws_fr5/install/fairino_description:/home/ljw/ws_fr5/install/robotiq_2f_85_gripper_visualization:/home/ljw/ws_fr5/install/fairino_hardware:/home/ljw/ws_fr5/install/fairino_msgs:/home/ljw/ws_fr5/install/fairino5_v6_moveit2_config:/opt/ros/humble /usr/bin/cmake /home/ljw/ws_fr5/src/fairino5_v6_moveit2_config -DCMAKE_INSTALL_PREFIX=/home/ljw/ws_fr5/install/fairino5_v6_moveit2_config
[1.101s] DEBUG:colcon.colcon_core.event_handler.log_command:Invoking command in '/home/ljw/ws_fr5/build/fairino5_v6_moveit2_config': CMAKE_PREFIX_PATH=/home/ljw/ws_fr5/install/fairino_description:/home/ljw/ws_fr5/install/robotiq_2f_85_gripper_visualization:/home/ljw/ws_fr5/install/fairino_hardware:/home/ljw/ws_fr5/install/fairino_msgs:/home/ljw/ws_fr5/install/fairino5_v6_moveit2_config:/opt/ros/humble /usr/bin/cmake --build /home/ljw/ws_fr5/build/fairino5_v6_moveit2_config -- -j16 -l16
[1.126s] DEBUG:colcon.colcon_core.event_handler.log_command:Invoked command in '/home/ljw/ws_fr5/build/fairino5_v6_moveit2_config' returned '0': CMAKE_PREFIX_PATH=/home/ljw/ws_fr5/install/fairino_description:/home/ljw/ws_fr5/install/robotiq_2f_85_gripper_visualization:/home/ljw/ws_fr5/install/fairino_hardware:/home/ljw/ws_fr5/install/fairino_msgs:/home/ljw/ws_fr5/install/fairino5_v6_moveit2_config:/opt/ros/humble /usr/bin/cmake --build /home/ljw/ws_fr5/build/fairino5_v6_moveit2_config -- -j16 -l16
[1.127s] DEBUG:colcon.colcon_core.event_handler.log_command:Invoking command in '/home/ljw/ws_fr5/build/fairino5_v6_moveit2_config': CMAKE_PREFIX_PATH=/home/ljw/ws_fr5/install/fairino_description:/home/ljw/ws_fr5/install/robotiq_2f_85_gripper_visualization:/home/ljw/ws_fr5/install/fairino_hardware:/home/ljw/ws_fr5/install/fairino_msgs:/home/ljw/ws_fr5/install/fairino5_v6_moveit2_config:/opt/ros/humble /usr/bin/cmake --install /home/ljw/ws_fr5/build/fairino5_v6_moveit2_config
[1.135s] Level 1:colcon.colcon_core.environment:create_environment_scripts_only(fairino5_v6_moveit2_config)
[1.135s] DEBUG:colcon.colcon_core.event_handler.log_command:Invoked command in '/home/ljw/ws_fr5/build/fairino5_v6_moveit2_config' returned '0': CMAKE_PREFIX_PATH=/home/ljw/ws_fr5/install/fairino_description:/home/ljw/ws_fr5/install/robotiq_2f_85_gripper_visualization:/home/ljw/ws_fr5/install/fairino_hardware:/home/ljw/ws_fr5/install/fairino_msgs:/home/ljw/ws_fr5/install/fairino5_v6_moveit2_config:/opt/ros/humble /usr/bin/cmake --install /home/ljw/ws_fr5/build/fairino5_v6_moveit2_config
[1.135s] Level 1:colcon.colcon_core.environment:checking '/home/ljw/ws_fr5/install/fairino5_v6_moveit2_config' for CMake module files
[1.136s] Level 1:colcon.colcon_core.environment:checking '/home/ljw/ws_fr5/install/fairino5_v6_moveit2_config' for CMake config files
[1.136s] Level 1:colcon.colcon_core.shell:create_environment_hook('fairino5_v6_moveit2_config', 'cmake_prefix_path')
[1.136s] INFO:colcon.colcon_core.shell:Creating environment hook '/home/ljw/ws_fr5/install/fairino5_v6_moveit2_config/share/fairino5_v6_moveit2_config/hook/cmake_prefix_path.ps1'
[1.137s] INFO:colcon.colcon_core.shell:Creating environment descriptor '/home/ljw/ws_fr5/install/fairino5_v6_moveit2_config/share/fairino5_v6_moveit2_config/hook/cmake_prefix_path.dsv'
[1.137s] INFO:colcon.colcon_core.shell:Creating environment hook '/home/ljw/ws_fr5/install/fairino5_v6_moveit2_config/share/fairino5_v6_moveit2_config/hook/cmake_prefix_path.sh'
[1.137s] Level 1:colcon.colcon_core.environment:checking '/home/ljw/ws_fr5/install/fairino5_v6_moveit2_config/bin'
[1.137s] Level 1:colcon.colcon_core.environment:checking '/home/ljw/ws_fr5/install/fairino5_v6_moveit2_config/lib/pkgconfig/fairino5_v6_moveit2_config.pc'
[1.138s] Level 1:colcon.colcon_core.environment:checking '/home/ljw/ws_fr5/install/fairino5_v6_moveit2_config/lib/python3.10/site-packages'
[1.138s] Level 1:colcon.colcon_core.environment:checking '/home/ljw/ws_fr5/install/fairino5_v6_moveit2_config/bin'
[1.138s] INFO:colcon.colcon_core.shell:Creating package script '/home/ljw/ws_fr5/install/fairino5_v6_moveit2_config/share/fairino5_v6_moveit2_config/package.ps1'
[1.139s] INFO:colcon.colcon_core.shell:Creating package descriptor '/home/ljw/ws_fr5/install/fairino5_v6_moveit2_config/share/fairino5_v6_moveit2_config/package.dsv'
[1.139s] INFO:colcon.colcon_core.shell:Creating package script '/home/ljw/ws_fr5/install/fairino5_v6_moveit2_config/share/fairino5_v6_moveit2_config/package.sh'
[1.139s] INFO:colcon.colcon_core.shell:Creating package script '/home/ljw/ws_fr5/install/fairino5_v6_moveit2_config/share/fairino5_v6_moveit2_config/package.bash'
[1.139s] INFO:colcon.colcon_core.shell:Creating package script '/home/ljw/ws_fr5/install/fairino5_v6_moveit2_config/share/fairino5_v6_moveit2_config/package.zsh'
[1.139s] Level 1:colcon.colcon_core.environment:create_file_with_runtime_dependencies(/home/ljw/ws_fr5/install/fairino5_v6_moveit2_config/share/colcon-core/packages/fairino5_v6_moveit2_config)
[1.140s] Level 1:colcon.colcon_core.environment:create_environment_scripts_only(fairino5_v6_moveit2_config)
[1.140s] Level 1:colcon.colcon_core.environment:checking '/home/ljw/ws_fr5/install/fairino5_v6_moveit2_config' for CMake module files
[1.140s] Level 1:colcon.colcon_core.environment:checking '/home/ljw/ws_fr5/install/fairino5_v6_moveit2_config' for CMake config files
[1.140s] Level 1:colcon.colcon_core.shell:create_environment_hook('fairino5_v6_moveit2_config', 'cmake_prefix_path')
[1.140s] INFO:colcon.colcon_core.shell:Creating environment hook '/home/ljw/ws_fr5/install/fairino5_v6_moveit2_config/share/fairino5_v6_moveit2_config/hook/cmake_prefix_path.ps1'
[1.140s] INFO:colcon.colcon_core.shell:Creating environment descriptor '/home/ljw/ws_fr5/install/fairino5_v6_moveit2_config/share/fairino5_v6_moveit2_config/hook/cmake_prefix_path.dsv'
[1.141s] INFO:colcon.colcon_core.shell:Creating environment hook '/home/ljw/ws_fr5/install/fairino5_v6_moveit2_config/share/fairino5_v6_moveit2_config/hook/cmake_prefix_path.sh'
[1.141s] Level 1:colcon.colcon_core.environment:checking '/home/ljw/ws_fr5/install/fairino5_v6_moveit2_config/bin'
[1.141s] Level 1:colcon.colcon_core.environment:checking '/home/ljw/ws_fr5/install/fairino5_v6_moveit2_config/lib/pkgconfig/fairino5_v6_moveit2_config.pc'
[1.141s] Level 1:colcon.colcon_core.environment:checking '/home/ljw/ws_fr5/install/fairino5_v6_moveit2_config/lib/python3.10/site-packages'
[1.141s] Level 1:colcon.colcon_core.environment:checking '/home/ljw/ws_fr5/install/fairino5_v6_moveit2_config/bin'
[1.141s] INFO:colcon.colcon_core.shell:Creating package script '/home/ljw/ws_fr5/install/fairino5_v6_moveit2_config/share/fairino5_v6_moveit2_config/package.ps1'
[1.142s] INFO:colcon.colcon_core.shell:Creating package descriptor '/home/ljw/ws_fr5/install/fairino5_v6_moveit2_config/share/fairino5_v6_moveit2_config/package.dsv'
[1.142s] INFO:colcon.colcon_core.shell:Creating package script '/home/ljw/ws_fr5/install/fairino5_v6_moveit2_config/share/fairino5_v6_moveit2_config/package.sh'
[1.142s] INFO:colcon.colcon_core.shell:Creating package script '/home/ljw/ws_fr5/install/fairino5_v6_moveit2_config/share/fairino5_v6_moveit2_config/package.bash'
[1.142s] INFO:colcon.colcon_core.shell:Creating package script '/home/ljw/ws_fr5/install/fairino5_v6_moveit2_config/share/fairino5_v6_moveit2_config/package.zsh'
[1.142s] Level 1:colcon.colcon_core.environment:create_file_with_runtime_dependencies(/home/ljw/ws_fr5/install/fairino5_v6_moveit2_config/share/colcon-core/packages/fairino5_v6_moveit2_config)
[1.160s] DEBUG:colcon.colcon_core.event_handler.log_command:Invoked command in '/home/ljw/ws_fr5/build/fairino_msgs' returned '0': CMAKE_PREFIX_PATH=${CMAKE_PREFIX_PATH}:/opt/ros/humble /usr/bin/cmake /home/ljw/ws_fr5/src/fairino_msgs -DCMAKE_INSTALL_PREFIX=/home/ljw/ws_fr5/install/fairino_msgs
[1.161s] DEBUG:colcon.colcon_core.event_handler.log_command:Invoking command in '/home/ljw/ws_fr5/build/fairino_msgs': CMAKE_PREFIX_PATH=${CMAKE_PREFIX_PATH}:/opt/ros/humble /usr/bin/cmake --build /home/ljw/ws_fr5/build/fairino_msgs -- -j16 -l16
[3.556s] DEBUG:colcon.colcon_core.event_handler.log_command:Invoked command in '/home/ljw/ws_fr5/build/fairino_msgs' returned '0': CMAKE_PREFIX_PATH=${CMAKE_PREFIX_PATH}:/opt/ros/humble /usr/bin/cmake --build /home/ljw/ws_fr5/build/fairino_msgs -- -j16 -l16
[3.557s] DEBUG:colcon.colcon_core.event_handler.log_command:Invoking command in '/home/ljw/ws_fr5/build/fairino_msgs': CMAKE_PREFIX_PATH=${CMAKE_PREFIX_PATH}:/opt/ros/humble /usr/bin/cmake --install /home/ljw/ws_fr5/build/fairino_msgs
[3.612s] Level 1:colcon.colcon_core.environment:create_environment_scripts_only(fairino_msgs)
[3.613s] Level 1:colcon.colcon_core.environment:checking '/home/ljw/ws_fr5/install/fairino_msgs' for CMake module files
[3.613s] DEBUG:colcon.colcon_core.event_handler.log_command:Invoked command in '/home/ljw/ws_fr5/build/fairino_msgs' returned '0': CMAKE_PREFIX_PATH=${CMAKE_PREFIX_PATH}:/opt/ros/humble /usr/bin/cmake --install /home/ljw/ws_fr5/build/fairino_msgs
[3.613s] Level 1:colcon.colcon_core.environment:checking '/home/ljw/ws_fr5/install/fairino_msgs' for CMake config files
[3.613s] Level 1:colcon.colcon_core.shell:create_environment_hook('fairino_msgs', 'cmake_prefix_path')
[3.613s] INFO:colcon.colcon_core.shell:Creating environment hook '/home/ljw/ws_fr5/install/fairino_msgs/share/fairino_msgs/hook/cmake_prefix_path.ps1'
[3.614s] INFO:colcon.colcon_core.shell:Creating environment descriptor '/home/ljw/ws_fr5/install/fairino_msgs/share/fairino_msgs/hook/cmake_prefix_path.dsv'
[3.614s] INFO:colcon.colcon_core.shell:Creating environment hook '/home/ljw/ws_fr5/install/fairino_msgs/share/fairino_msgs/hook/cmake_prefix_path.sh'
[3.614s] Level 1:colcon.colcon_core.environment:checking '/home/ljw/ws_fr5/install/fairino_msgs/lib'
[3.614s] Level 1:colcon.colcon_core.shell:create_environment_hook('fairino_msgs', 'ld_library_path_lib')
[3.614s] INFO:colcon.colcon_core.shell:Creating environment hook '/home/ljw/ws_fr5/install/fairino_msgs/share/fairino_msgs/hook/ld_library_path_lib.ps1'
[3.615s] INFO:colcon.colcon_core.shell:Creating environment descriptor '/home/ljw/ws_fr5/install/fairino_msgs/share/fairino_msgs/hook/ld_library_path_lib.dsv'
[3.615s] INFO:colcon.colcon_core.shell:Creating environment hook '/home/ljw/ws_fr5/install/fairino_msgs/share/fairino_msgs/hook/ld_library_path_lib.sh'
[3.615s] Level 1:colcon.colcon_core.environment:checking '/home/ljw/ws_fr5/install/fairino_msgs/bin'
[3.615s] Level 1:colcon.colcon_core.environment:checking '/home/ljw/ws_fr5/install/fairino_msgs/lib/pkgconfig/fairino_msgs.pc'
[3.615s] Level 1:colcon.colcon_core.environment:checking '/home/ljw/ws_fr5/install/fairino_msgs/lib/python3.10/site-packages'
[3.615s] Level 1:colcon.colcon_core.environment:checking '/home/ljw/ws_fr5/install/fairino_msgs/bin'
[3.615s] INFO:colcon.colcon_core.shell:Creating package script '/home/ljw/ws_fr5/install/fairino_msgs/share/fairino_msgs/package.ps1'
[3.616s] INFO:colcon.colcon_core.shell:Creating package descriptor '/home/ljw/ws_fr5/install/fairino_msgs/share/fairino_msgs/package.dsv'
[3.616s] INFO:colcon.colcon_core.shell:Creating package script '/home/ljw/ws_fr5/install/fairino_msgs/share/fairino_msgs/package.sh'
[3.616s] INFO:colcon.colcon_core.shell:Creating package script '/home/ljw/ws_fr5/install/fairino_msgs/share/fairino_msgs/package.bash'
[3.616s] INFO:colcon.colcon_core.shell:Creating package script '/home/ljw/ws_fr5/install/fairino_msgs/share/fairino_msgs/package.zsh'
[3.616s] Level 1:colcon.colcon_core.environment:create_file_with_runtime_dependencies(/home/ljw/ws_fr5/install/fairino_msgs/share/colcon-core/packages/fairino_msgs)
[3.617s] Level 1:colcon.colcon_core.environment:create_environment_scripts_only(fairino_msgs)
[3.617s] Level 1:colcon.colcon_core.environment:checking '/home/ljw/ws_fr5/install/fairino_msgs' for CMake module files
[3.617s] Level 1:colcon.colcon_core.environment:checking '/home/ljw/ws_fr5/install/fairino_msgs' for CMake config files
[3.617s] Level 1:colcon.colcon_core.shell:create_environment_hook('fairino_msgs', 'cmake_prefix_path')
[3.617s] INFO:colcon.colcon_core.shell:Creating environment hook '/home/ljw/ws_fr5/install/fairino_msgs/share/fairino_msgs/hook/cmake_prefix_path.ps1'
[3.618s] INFO:colcon.colcon_core.shell:Creating environment descriptor '/home/ljw/ws_fr5/install/fairino_msgs/share/fairino_msgs/hook/cmake_prefix_path.dsv'
[3.618s] INFO:colcon.colcon_core.shell:Creating environment hook '/home/ljw/ws_fr5/install/fairino_msgs/share/fairino_msgs/hook/cmake_prefix_path.sh'
[3.618s] Level 1:colcon.colcon_core.environment:checking '/home/ljw/ws_fr5/install/fairino_msgs/lib'
[3.618s] Level 1:colcon.colcon_core.shell:create_environment_hook('fairino_msgs', 'ld_library_path_lib')
[3.618s] INFO:colcon.colcon_core.shell:Creating environment hook '/home/ljw/ws_fr5/install/fairino_msgs/share/fairino_msgs/hook/ld_library_path_lib.ps1'
[3.618s] INFO:colcon.colcon_core.shell:Creating environment descriptor '/home/ljw/ws_fr5/install/fairino_msgs/share/fairino_msgs/hook/ld_library_path_lib.dsv'
[3.618s] INFO:colcon.colcon_core.shell:Creating environment hook '/home/ljw/ws_fr5/install/fairino_msgs/share/fairino_msgs/hook/ld_library_path_lib.sh'
[3.619s] Level 1:colcon.colcon_core.environment:checking '/home/ljw/ws_fr5/install/fairino_msgs/bin'
[3.619s] Level 1:colcon.colcon_core.environment:checking '/home/ljw/ws_fr5/install/fairino_msgs/lib/pkgconfig/fairino_msgs.pc'
[3.619s] Level 1:colcon.colcon_core.environment:checking '/home/ljw/ws_fr5/install/fairino_msgs/lib/python3.10/site-packages'
[3.619s] Level 1:colcon.colcon_core.environment:checking '/home/ljw/ws_fr5/install/fairino_msgs/bin'
[3.619s] INFO:colcon.colcon_core.shell:Creating package script '/home/ljw/ws_fr5/install/fairino_msgs/share/fairino_msgs/package.ps1'
[3.620s] INFO:colcon.colcon_core.shell:Creating package descriptor '/home/ljw/ws_fr5/install/fairino_msgs/share/fairino_msgs/package.dsv'
[3.620s] INFO:colcon.colcon_core.shell:Creating package script '/home/ljw/ws_fr5/install/fairino_msgs/share/fairino_msgs/package.sh'
[3.620s] INFO:colcon.colcon_core.shell:Creating package script '/home/ljw/ws_fr5/install/fairino_msgs/share/fairino_msgs/package.bash'
[3.620s] INFO:colcon.colcon_core.shell:Creating package script '/home/ljw/ws_fr5/install/fairino_msgs/share/fairino_msgs/package.zsh'
[3.620s] Level 1:colcon.colcon_core.environment:create_file_with_runtime_dependencies(/home/ljw/ws_fr5/install/fairino_msgs/share/colcon-core/packages/fairino_msgs)
[3.621s] INFO:colcon.colcon_ros.task.ament_cmake.build:Building ROS package in '/home/ljw/ws_fr5/src/fairino_hardware' with build type 'ament_cmake'
[3.621s] INFO:colcon.colcon_cmake.task.cmake.build:Building CMake package in '/home/ljw/ws_fr5/src/fairino_hardware'
[3.621s] INFO:colcon.colcon_core.shell:Skip shell extension 'powershell' for command environment: Not usable outside of PowerShell
[3.621s] DEBUG:colcon.colcon_core.shell:Skip shell extension 'dsv' for command environment
[3.627s] DEBUG:colcon.colcon_core.event_handler.log_command:Invoking command in '/home/ljw/ws_fr5/build/fairino_hardware': CMAKE_PREFIX_PATH=/home/ljw/ws_fr5/install/fairino_msgs:/home/ljw/ws_fr5/install/robotiq_2f_85_gripper_visualization:/home/ljw/ws_fr5/install/fairino_hardware:/home/ljw/ws_fr5/install/fairino5_v6_moveit2_config:/home/ljw/ws_fr5/install/fairino_description:/opt/ros/humble LD_LIBRARY_PATH=/home/ljw/ws_fr5/install/fairino_msgs/lib:/home/ljw/ws_fr5/install/fairino_hardware/lib:/usr/lib/x86_64-linux-gnu/gazebo-11/plugins:/opt/ros/humble/opt/rviz_ogre_vendor/lib:/opt/ros/humble/lib/x86_64-linux-gnu:/opt/ros/humble/lib /usr/bin/cmake /home/ljw/ws_fr5/src/fairino_hardware -DCMAKE_INSTALL_PREFIX=/home/ljw/ws_fr5/install/fairino_hardware
[4.520s] DEBUG:colcon.colcon_core.event_handler.log_command:Invoked command in '/home/ljw/ws_fr5/build/fairino_hardware' returned '0': CMAKE_PREFIX_PATH=/home/ljw/ws_fr5/install/fairino_msgs:/home/ljw/ws_fr5/install/robotiq_2f_85_gripper_visualization:/home/ljw/ws_fr5/install/fairino_hardware:/home/ljw/ws_fr5/install/fairino5_v6_moveit2_config:/home/ljw/ws_fr5/install/fairino_description:/opt/ros/humble LD_LIBRARY_PATH=/home/ljw/ws_fr5/install/fairino_msgs/lib:/home/ljw/ws_fr5/install/fairino_hardware/lib:/usr/lib/x86_64-linux-gnu/gazebo-11/plugins:/opt/ros/humble/opt/rviz_ogre_vendor/lib:/opt/ros/humble/lib/x86_64-linux-gnu:/opt/ros/humble/lib /usr/bin/cmake /home/ljw/ws_fr5/src/fairino_hardware -DCMAKE_INSTALL_PREFIX=/home/ljw/ws_fr5/install/fairino_hardware
[4.520s] DEBUG:colcon.colcon_core.event_handler.log_command:Invoking command in '/home/ljw/ws_fr5/build/fairino_hardware': CMAKE_PREFIX_PATH=/home/ljw/ws_fr5/install/fairino_msgs:/home/ljw/ws_fr5/install/robotiq_2f_85_gripper_visualization:/home/ljw/ws_fr5/install/fairino_hardware:/home/ljw/ws_fr5/install/fairino5_v6_moveit2_config:/home/ljw/ws_fr5/install/fairino_description:/opt/ros/humble LD_LIBRARY_PATH=/home/ljw/ws_fr5/install/fairino_msgs/lib:/home/ljw/ws_fr5/install/fairino_hardware/lib:/usr/lib/x86_64-linux-gnu/gazebo-11/plugins:/opt/ros/humble/opt/rviz_ogre_vendor/lib:/opt/ros/humble/lib/x86_64-linux-gnu:/opt/ros/humble/lib /usr/bin/cmake --build /home/ljw/ws_fr5/build/fairino_hardware -- -j16 -l16
[33.213s] DEBUG:colcon.colcon_core.event_handler.log_command:Invoked command in '/home/ljw/ws_fr5/build/fairino_hardware' returned '0': CMAKE_PREFIX_PATH=/home/ljw/ws_fr5/install/fairino_msgs:/home/ljw/ws_fr5/install/robotiq_2f_85_gripper_visualization:/home/ljw/ws_fr5/install/fairino_hardware:/home/ljw/ws_fr5/install/fairino5_v6_moveit2_config:/home/ljw/ws_fr5/install/fairino_description:/opt/ros/humble LD_LIBRARY_PATH=/home/ljw/ws_fr5/install/fairino_msgs/lib:/home/ljw/ws_fr5/install/fairino_hardware/lib:/usr/lib/x86_64-linux-gnu/gazebo-11/plugins:/opt/ros/humble/opt/rviz_ogre_vendor/lib:/opt/ros/humble/lib/x86_64-linux-gnu:/opt/ros/humble/lib /usr/bin/cmake --build /home/ljw/ws_fr5/build/fairino_hardware -- -j16 -l16
[33.214s] DEBUG:colcon.colcon_core.event_handler.log_command:Invoking command in '/home/ljw/ws_fr5/build/fairino_hardware': CMAKE_PREFIX_PATH=/home/ljw/ws_fr5/install/fairino_msgs:/home/ljw/ws_fr5/install/robotiq_2f_85_gripper_visualization:/home/ljw/ws_fr5/install/fairino_hardware:/home/ljw/ws_fr5/install/fairino5_v6_moveit2_config:/home/ljw/ws_fr5/install/fairino_description:/opt/ros/humble LD_LIBRARY_PATH=/home/ljw/ws_fr5/install/fairino_msgs/lib:/home/ljw/ws_fr5/install/fairino_hardware/lib:/usr/lib/x86_64-linux-gnu/gazebo-11/plugins:/opt/ros/humble/opt/rviz_ogre_vendor/lib:/opt/ros/humble/lib/x86_64-linux-gnu:/opt/ros/humble/lib /usr/bin/cmake --install /home/ljw/ws_fr5/build/fairino_hardware
[33.246s] Level 1:colcon.colcon_core.environment:create_environment_scripts_only(fairino_hardware)
[33.247s] Level 1:colcon.colcon_core.environment:checking '/home/ljw/ws_fr5/install/fairino_hardware' for CMake module files
[33.247s] DEBUG:colcon.colcon_core.event_handler.log_command:Invoked command in '/home/ljw/ws_fr5/build/fairino_hardware' returned '0': CMAKE_PREFIX_PATH=/home/ljw/ws_fr5/install/fairino_msgs:/home/ljw/ws_fr5/install/robotiq_2f_85_gripper_visualization:/home/ljw/ws_fr5/install/fairino_hardware:/home/ljw/ws_fr5/install/fairino5_v6_moveit2_config:/home/ljw/ws_fr5/install/fairino_description:/opt/ros/humble LD_LIBRARY_PATH=/home/ljw/ws_fr5/install/fairino_msgs/lib:/home/ljw/ws_fr5/install/fairino_hardware/lib:/usr/lib/x86_64-linux-gnu/gazebo-11/plugins:/opt/ros/humble/opt/rviz_ogre_vendor/lib:/opt/ros/humble/lib/x86_64-linux-gnu:/opt/ros/humble/lib /usr/bin/cmake --install /home/ljw/ws_fr5/build/fairino_hardware
[33.247s] Level 1:colcon.colcon_core.environment:checking '/home/ljw/ws_fr5/install/fairino_hardware' for CMake config files
[33.248s] Level 1:colcon.colcon_core.shell:create_environment_hook('fairino_hardware', 'cmake_prefix_path')
[33.248s] INFO:colcon.colcon_core.shell:Creating environment hook '/home/ljw/ws_fr5/install/fairino_hardware/share/fairino_hardware/hook/cmake_prefix_path.ps1'
[33.248s] INFO:colcon.colcon_core.shell:Creating environment descriptor '/home/ljw/ws_fr5/install/fairino_hardware/share/fairino_hardware/hook/cmake_prefix_path.dsv'
[33.249s] INFO:colcon.colcon_core.shell:Creating environment hook '/home/ljw/ws_fr5/install/fairino_hardware/share/fairino_hardware/hook/cmake_prefix_path.sh'
[33.249s] Level 1:colcon.colcon_core.environment:checking '/home/ljw/ws_fr5/install/fairino_hardware/lib'
[33.249s] Level 1:colcon.colcon_core.shell:create_environment_hook('fairino_hardware', 'ld_library_path_lib')
[33.249s] INFO:colcon.colcon_core.shell:Creating environment hook '/home/ljw/ws_fr5/install/fairino_hardware/share/fairino_hardware/hook/ld_library_path_lib.ps1'
[33.250s] INFO:colcon.colcon_core.shell:Creating environment descriptor '/home/ljw/ws_fr5/install/fairino_hardware/share/fairino_hardware/hook/ld_library_path_lib.dsv'
[33.250s] INFO:colcon.colcon_core.shell:Creating environment hook '/home/ljw/ws_fr5/install/fairino_hardware/share/fairino_hardware/hook/ld_library_path_lib.sh'
[33.250s] Level 1:colcon.colcon_core.environment:checking '/home/ljw/ws_fr5/install/fairino_hardware/bin'
[33.250s] Level 1:colcon.colcon_core.environment:checking '/home/ljw/ws_fr5/install/fairino_hardware/lib/pkgconfig/fairino_hardware.pc'
[33.251s] Level 1:colcon.colcon_core.environment:checking '/home/ljw/ws_fr5/install/fairino_hardware/lib/python3.10/site-packages'
[33.251s] Level 1:colcon.colcon_core.environment:checking '/home/ljw/ws_fr5/install/fairino_hardware/bin'
[33.251s] INFO:colcon.colcon_core.shell:Creating package script '/home/ljw/ws_fr5/install/fairino_hardware/share/fairino_hardware/package.ps1'
[33.251s] INFO:colcon.colcon_core.shell:Creating package descriptor '/home/ljw/ws_fr5/install/fairino_hardware/share/fairino_hardware/package.dsv'
[33.252s] INFO:colcon.colcon_core.shell:Creating package script '/home/ljw/ws_fr5/install/fairino_hardware/share/fairino_hardware/package.sh'
[33.252s] INFO:colcon.colcon_core.shell:Creating package script '/home/ljw/ws_fr5/install/fairino_hardware/share/fairino_hardware/package.bash'
[33.252s] INFO:colcon.colcon_core.shell:Creating package script '/home/ljw/ws_fr5/install/fairino_hardware/share/fairino_hardware/package.zsh'
[33.252s] Level 1:colcon.colcon_core.environment:create_file_with_runtime_dependencies(/home/ljw/ws_fr5/install/fairino_hardware/share/colcon-core/packages/fairino_hardware)
[33.253s] Level 1:colcon.colcon_core.environment:create_environment_scripts_only(fairino_hardware)
[33.253s] Level 1:colcon.colcon_core.environment:checking '/home/ljw/ws_fr5/install/fairino_hardware' for CMake module files
[33.253s] Level 1:colcon.colcon_core.environment:checking '/home/ljw/ws_fr5/install/fairino_hardware' for CMake config files
[33.253s] Level 1:colcon.colcon_core.shell:create_environment_hook('fairino_hardware', 'cmake_prefix_path')
[33.253s] INFO:colcon.colcon_core.shell:Creating environment hook '/home/ljw/ws_fr5/install/fairino_hardware/share/fairino_hardware/hook/cmake_prefix_path.ps1'
[33.253s] INFO:colcon.colcon_core.shell:Creating environment descriptor '/home/ljw/ws_fr5/install/fairino_hardware/share/fairino_hardware/hook/cmake_prefix_path.dsv'
[33.253s] INFO:colcon.colcon_core.shell:Creating environment hook '/home/ljw/ws_fr5/install/fairino_hardware/share/fairino_hardware/hook/cmake_prefix_path.sh'
[33.254s] Level 1:colcon.colcon_core.environment:checking '/home/ljw/ws_fr5/install/fairino_hardware/lib'
[33.254s] Level 1:colcon.colcon_core.shell:create_environment_hook('fairino_hardware', 'ld_library_path_lib')
[33.254s] INFO:colcon.colcon_core.shell:Creating environment hook '/home/ljw/ws_fr5/install/fairino_hardware/share/fairino_hardware/hook/ld_library_path_lib.ps1'
[33.254s] INFO:colcon.colcon_core.shell:Creating environment descriptor '/home/ljw/ws_fr5/install/fairino_hardware/share/fairino_hardware/hook/ld_library_path_lib.dsv'
[33.254s] INFO:colcon.colcon_core.shell:Creating environment hook '/home/ljw/ws_fr5/install/fairino_hardware/share/fairino_hardware/hook/ld_library_path_lib.sh'
[33.255s] Level 1:colcon.colcon_core.environment:checking '/home/ljw/ws_fr5/install/fairino_hardware/bin'
[33.255s] Level 1:colcon.colcon_core.environment:checking '/home/ljw/ws_fr5/install/fairino_hardware/lib/pkgconfig/fairino_hardware.pc'
[33.255s] Level 1:colcon.colcon_core.environment:checking '/home/ljw/ws_fr5/install/fairino_hardware/lib/python3.10/site-packages'
[33.255s] Level 1:colcon.colcon_core.environment:checking '/home/ljw/ws_fr5/install/fairino_hardware/bin'
[33.255s] INFO:colcon.colcon_core.shell:Creating package script '/home/ljw/ws_fr5/install/fairino_hardware/share/fairino_hardware/package.ps1'
[33.255s] INFO:colcon.colcon_core.shell:Creating package descriptor '/home/ljw/ws_fr5/install/fairino_hardware/share/fairino_hardware/package.dsv'
[33.256s] INFO:colcon.colcon_core.shell:Creating package script '/home/ljw/ws_fr5/install/fairino_hardware/share/fairino_hardware/package.sh'
[33.256s] INFO:colcon.colcon_core.shell:Creating package script '/home/ljw/ws_fr5/install/fairino_hardware/share/fairino_hardware/package.bash'
[33.256s] INFO:colcon.colcon_core.shell:Creating package script '/home/ljw/ws_fr5/install/fairino_hardware/share/fairino_hardware/package.zsh'
[33.256s] Level 1:colcon.colcon_core.environment:create_file_with_runtime_dependencies(/home/ljw/ws_fr5/install/fairino_hardware/share/colcon-core/packages/fairino_hardware)
[33.256s] DEBUG:colcon.colcon_parallel_executor.executor.parallel:closing loop
[33.257s] DEBUG:colcon.colcon_parallel_executor.executor.parallel:loop closed
[33.257s] DEBUG:colcon.colcon_parallel_executor.executor.parallel:run_until_complete finished with '0'
[33.257s] DEBUG:colcon.colcon_core.event_reactor:joining thread
[33.282s] INFO:colcon.colcon_core.plugin_system:Skipping extension 'colcon_notification.desktop_notification.terminal_notifier': Not used on non-Darwin systems
[33.282s] INFO:colcon.colcon_core.plugin_system:Skipping extension 'colcon_notification.desktop_notification.win32': Not used on non-Windows systems
[33.283s] INFO:colcon.colcon_notification.desktop_notification:Sending desktop notification using 'notify2'
[33.297s] DEBUG:colcon.colcon_core.event_reactor:joined thread
[33.298s] INFO:colcon.colcon_core.shell:Creating prefix script '/home/ljw/ws_fr5/install/local_setup.ps1'
[33.299s] INFO:colcon.colcon_core.shell:Creating prefix util module '/home/ljw/ws_fr5/install/_local_setup_util_ps1.py'
[33.301s] INFO:colcon.colcon_core.shell:Creating prefix chain script '/home/ljw/ws_fr5/install/setup.ps1'
[33.302s] INFO:colcon.colcon_core.shell:Creating prefix script '/home/ljw/ws_fr5/install/local_setup.sh'
[33.303s] INFO:colcon.colcon_core.shell:Creating prefix util module '/home/ljw/ws_fr5/install/_local_setup_util_sh.py'
[33.303s] INFO:colcon.colcon_core.shell:Creating prefix chain script '/home/ljw/ws_fr5/install/setup.sh'
[33.304s] INFO:colcon.colcon_core.shell:Creating prefix script '/home/ljw/ws_fr5/install/local_setup.bash'
[33.305s] INFO:colcon.colcon_core.shell:Creating prefix chain script '/home/ljw/ws_fr5/install/setup.bash'
[33.306s] INFO:colcon.colcon_core.shell:Creating prefix script '/home/ljw/ws_fr5/install/local_setup.zsh'
[33.306s] INFO:colcon.colcon_core.shell:Creating prefix chain script '/home/ljw/ws_fr5/install/setup.zsh'
