[0.337s] DEBUG:colcon:Command line arguments: ['/usr/bin/colcon', 'build']
[0.337s] DEBUG:colcon:Parsed command line arguments: Namespace(log_base=None, log_level=None, verb_name='build', build_base='build', install_base='install', merge_install=False, symlink_install=False, test_result_base=None, continue_on_error=False, executor='parallel', parallel_workers=24, event_handlers=None, ignore_user_meta=False, metas=['./colcon.meta'], base_paths=['.'], packages_ignore=None, packages_ignore_regex=None, paths=None, packages_up_to=None, packages_up_to_regex=None, packages_above=None, packages_above_and_dependencies=None, packages_above_depth=None, packages_select_by_dep=None, packages_skip_by_dep=None, packages_skip_up_to=None, packages_select_build_failed=False, packages_skip_build_finished=False, packages_select_test_failures=False, packages_skip_test_passed=False, packages_select=None, packages_skip=None, packages_select_regex=None, packages_skip_regex=None, packages_start=None, packages_end=None, allow_overriding=[], cmake_args=None, cmake_target=None, cmake_target_skip_unavailable=False, cmake_clean_cache=False, cmake_clean_first=False, cmake_force_configure=False, ament_cmake_args=None, catkin_cmake_args=None, catkin_skip_building_tests=False, mixin_files=None, mixin=None, verb_parser=<colcon_mixin.mixin.mixin_argument.MixinArgumentDecorator object at 0x7988c2545ba0>, verb_extension=<colcon_core.verb.build.BuildVerb object at 0x7988c26bf370>, main=<bound method BuildVerb.main of <colcon_core.verb.build.BuildVerb object at 0x7988c26bf370>>, mixin_verb=('build',))
[0.424s] Level 1:colcon.colcon_core.package_discovery:discover_packages(colcon_meta) check parameters
[0.425s] Level 1:colcon.colcon_core.package_discovery:discover_packages(recursive) check parameters
[0.425s] Level 1:colcon.colcon_core.package_discovery:discover_packages(ignore) check parameters
[0.425s] Level 1:colcon.colcon_core.package_discovery:discover_packages(path) check parameters
[0.425s] Level 1:colcon.colcon_core.package_discovery:discover_packages(colcon_meta) discover
[0.425s] Level 1:colcon.colcon_core.package_discovery:discover_packages(recursive) discover
[0.425s] INFO:colcon.colcon_core.package_discovery:Crawling recursively for packages in '/home/ljw2/fairno5'
[0.425s] Level 1:colcon.colcon_core.package_identification:_identify(.) by extensions ['ignore', 'ignore_ament_install']
[0.425s] Level 1:colcon.colcon_core.package_identification:_identify(.) by extension 'ignore'
[0.425s] Level 1:colcon.colcon_core.package_identification:_identify(.) by extension 'ignore_ament_install'
[0.425s] Level 1:colcon.colcon_core.package_identification:_identify(.) by extensions ['colcon_pkg']
[0.425s] Level 1:colcon.colcon_core.package_identification:_identify(.) by extension 'colcon_pkg'
[0.425s] Level 1:colcon.colcon_core.package_identification:_identify(.) by extensions ['colcon_meta']
[0.425s] Level 1:colcon.colcon_core.package_identification:_identify(.) by extension 'colcon_meta'
[0.425s] Level 1:colcon.colcon_core.package_identification:_identify(.) by extensions ['ros']
[0.425s] Level 1:colcon.colcon_core.package_identification:_identify(.) by extension 'ros'
[0.431s] Level 1:colcon.colcon_core.package_identification:_identify(.) by extensions ['cmake', 'python']
[0.431s] Level 1:colcon.colcon_core.package_identification:_identify(.) by extension 'cmake'
[0.431s] Level 1:colcon.colcon_core.package_identification:_identify(.) by extension 'python'
[0.431s] Level 1:colcon.colcon_core.package_identification:_identify(.) by extensions ['python_setup_py']
[0.431s] Level 1:colcon.colcon_core.package_identification:_identify(.) by extension 'python_setup_py'
[0.431s] Level 1:colcon.colcon_core.package_identification:_identify(build) by extensions ['ignore', 'ignore_ament_install']
[0.431s] Level 1:colcon.colcon_core.package_identification:_identify(build) by extension 'ignore'
[0.431s] Level 1:colcon.colcon_core.package_identification:_identify(build) ignored
[0.431s] Level 1:colcon.colcon_core.package_identification:_identify(install) by extensions ['ignore', 'ignore_ament_install']
[0.432s] Level 1:colcon.colcon_core.package_identification:_identify(install) by extension 'ignore'
[0.432s] Level 1:colcon.colcon_core.package_identification:_identify(install) ignored
[0.432s] Level 1:colcon.colcon_core.package_identification:_identify(log) by extensions ['ignore', 'ignore_ament_install']
[0.432s] Level 1:colcon.colcon_core.package_identification:_identify(log) by extension 'ignore'
[0.432s] Level 1:colcon.colcon_core.package_identification:_identify(log) ignored
[0.432s] Level 1:colcon.colcon_core.package_identification:_identify(src) by extensions ['ignore', 'ignore_ament_install']
[0.432s] Level 1:colcon.colcon_core.package_identification:_identify(src) by extension 'ignore'
[0.432s] Level 1:colcon.colcon_core.package_identification:_identify(src) by extension 'ignore_ament_install'
[0.432s] Level 1:colcon.colcon_core.package_identification:_identify(src) by extensions ['colcon_pkg']
[0.432s] Level 1:colcon.colcon_core.package_identification:_identify(src) by extension 'colcon_pkg'
[0.432s] Level 1:colcon.colcon_core.package_identification:_identify(src) by extensions ['colcon_meta']
[0.432s] Level 1:colcon.colcon_core.package_identification:_identify(src) by extension 'colcon_meta'
[0.432s] Level 1:colcon.colcon_core.package_identification:_identify(src) by extensions ['ros']
[0.432s] Level 1:colcon.colcon_core.package_identification:_identify(src) by extension 'ros'
[0.432s] Level 1:colcon.colcon_core.package_identification:_identify(src) by extensions ['cmake', 'python']
[0.432s] Level 1:colcon.colcon_core.package_identification:_identify(src) by extension 'cmake'
[0.432s] Level 1:colcon.colcon_core.package_identification:_identify(src) by extension 'python'
[0.432s] Level 1:colcon.colcon_core.package_identification:_identify(src) by extensions ['python_setup_py']
[0.432s] Level 1:colcon.colcon_core.package_identification:_identify(src) by extension 'python_setup_py'
[0.432s] Level 1:colcon.colcon_core.package_identification:_identify(src/fairino5_v6_moveit2_config) by extensions ['ignore', 'ignore_ament_install']
[0.432s] Level 1:colcon.colcon_core.package_identification:_identify(src/fairino5_v6_moveit2_config) by extension 'ignore'
[0.432s] Level 1:colcon.colcon_core.package_identification:_identify(src/fairino5_v6_moveit2_config) by extension 'ignore_ament_install'
[0.432s] Level 1:colcon.colcon_core.package_identification:_identify(src/fairino5_v6_moveit2_config) by extensions ['colcon_pkg']
[0.432s] Level 1:colcon.colcon_core.package_identification:_identify(src/fairino5_v6_moveit2_config) by extension 'colcon_pkg'
[0.432s] Level 1:colcon.colcon_core.package_identification:_identify(src/fairino5_v6_moveit2_config) by extensions ['colcon_meta']
[0.432s] Level 1:colcon.colcon_core.package_identification:_identify(src/fairino5_v6_moveit2_config) by extension 'colcon_meta'
[0.432s] Level 1:colcon.colcon_core.package_identification:_identify(src/fairino5_v6_moveit2_config) by extensions ['ros']
[0.432s] Level 1:colcon.colcon_core.package_identification:_identify(src/fairino5_v6_moveit2_config) by extension 'ros'
[0.434s] DEBUG:colcon.colcon_core.package_identification:Package 'src/fairino5_v6_moveit2_config' with type 'ros.ament_cmake' and name 'fairino5_v6_moveit2_config'
[0.434s] Level 1:colcon.colcon_core.package_identification:_identify(src/fairino_description) by extensions ['ignore', 'ignore_ament_install']
[0.434s] Level 1:colcon.colcon_core.package_identification:_identify(src/fairino_description) by extension 'ignore'
[0.434s] Level 1:colcon.colcon_core.package_identification:_identify(src/fairino_description) by extension 'ignore_ament_install'
[0.434s] Level 1:colcon.colcon_core.package_identification:_identify(src/fairino_description) by extensions ['colcon_pkg']
[0.434s] Level 1:colcon.colcon_core.package_identification:_identify(src/fairino_description) by extension 'colcon_pkg'
[0.434s] Level 1:colcon.colcon_core.package_identification:_identify(src/fairino_description) by extensions ['colcon_meta']
[0.434s] Level 1:colcon.colcon_core.package_identification:_identify(src/fairino_description) by extension 'colcon_meta'
[0.434s] Level 1:colcon.colcon_core.package_identification:_identify(src/fairino_description) by extensions ['ros']
[0.434s] Level 1:colcon.colcon_core.package_identification:_identify(src/fairino_description) by extension 'ros'
[0.435s] DEBUG:colcon.colcon_core.package_identification:Package 'src/fairino_description' with type 'ros.ament_cmake' and name 'fairino_description'
[0.435s] Level 1:colcon.colcon_core.package_identification:_identify(src/fairino_hardware) by extensions ['ignore', 'ignore_ament_install']
[0.435s] Level 1:colcon.colcon_core.package_identification:_identify(src/fairino_hardware) by extension 'ignore'
[0.435s] Level 1:colcon.colcon_core.package_identification:_identify(src/fairino_hardware) by extension 'ignore_ament_install'
[0.435s] Level 1:colcon.colcon_core.package_identification:_identify(src/fairino_hardware) by extensions ['colcon_pkg']
[0.435s] Level 1:colcon.colcon_core.package_identification:_identify(src/fairino_hardware) by extension 'colcon_pkg'
[0.435s] Level 1:colcon.colcon_core.package_identification:_identify(src/fairino_hardware) by extensions ['colcon_meta']
[0.435s] Level 1:colcon.colcon_core.package_identification:_identify(src/fairino_hardware) by extension 'colcon_meta'
[0.435s] Level 1:colcon.colcon_core.package_identification:_identify(src/fairino_hardware) by extensions ['ros']
[0.435s] Level 1:colcon.colcon_core.package_identification:_identify(src/fairino_hardware) by extension 'ros'
[0.435s] DEBUG:colcon.colcon_core.package_identification:Package 'src/fairino_hardware' with type 'ros.ament_cmake' and name 'fairino_hardware'
[0.435s] Level 1:colcon.colcon_core.package_identification:_identify(src/fairino_msgs) by extensions ['ignore', 'ignore_ament_install']
[0.435s] Level 1:colcon.colcon_core.package_identification:_identify(src/fairino_msgs) by extension 'ignore'
[0.436s] Level 1:colcon.colcon_core.package_identification:_identify(src/fairino_msgs) by extension 'ignore_ament_install'
[0.436s] Level 1:colcon.colcon_core.package_identification:_identify(src/fairino_msgs) by extensions ['colcon_pkg']
[0.436s] Level 1:colcon.colcon_core.package_identification:_identify(src/fairino_msgs) by extension 'colcon_pkg'
[0.436s] Level 1:colcon.colcon_core.package_identification:_identify(src/fairino_msgs) by extensions ['colcon_meta']
[0.436s] Level 1:colcon.colcon_core.package_identification:_identify(src/fairino_msgs) by extension 'colcon_meta'
[0.436s] Level 1:colcon.colcon_core.package_identification:_identify(src/fairino_msgs) by extensions ['ros']
[0.436s] Level 1:colcon.colcon_core.package_identification:_identify(src/fairino_msgs) by extension 'ros'
[0.436s] DEBUG:colcon.colcon_core.package_identification:Package 'src/fairino_msgs' with type 'ros.ament_cmake' and name 'fairino_msgs'
[0.436s] Level 1:colcon.colcon_core.package_identification:_identify(src/moveit2_handeye_calib) by extensions ['ignore', 'ignore_ament_install']
[0.436s] Level 1:colcon.colcon_core.package_identification:_identify(src/moveit2_handeye_calib) by extension 'ignore'
[0.436s] Level 1:colcon.colcon_core.package_identification:_identify(src/moveit2_handeye_calib) by extension 'ignore_ament_install'
[0.436s] Level 1:colcon.colcon_core.package_identification:_identify(src/moveit2_handeye_calib) by extensions ['colcon_pkg']
[0.436s] Level 1:colcon.colcon_core.package_identification:_identify(src/moveit2_handeye_calib) by extension 'colcon_pkg'
[0.436s] Level 1:colcon.colcon_core.package_identification:_identify(src/moveit2_handeye_calib) by extensions ['colcon_meta']
[0.436s] Level 1:colcon.colcon_core.package_identification:_identify(src/moveit2_handeye_calib) by extension 'colcon_meta'
[0.436s] Level 1:colcon.colcon_core.package_identification:_identify(src/moveit2_handeye_calib) by extensions ['ros']
[0.436s] Level 1:colcon.colcon_core.package_identification:_identify(src/moveit2_handeye_calib) by extension 'ros'
[0.436s] Level 1:colcon.colcon_core.package_identification:_identify(src/moveit2_handeye_calib) by extensions ['cmake', 'python']
[0.436s] Level 1:colcon.colcon_core.package_identification:_identify(src/moveit2_handeye_calib) by extension 'cmake'
[0.436s] Level 1:colcon.colcon_core.package_identification:_identify(src/moveit2_handeye_calib) by extension 'python'
[0.436s] Level 1:colcon.colcon_core.package_identification:_identify(src/moveit2_handeye_calib) by extensions ['python_setup_py']
[0.436s] Level 1:colcon.colcon_core.package_identification:_identify(src/moveit2_handeye_calib) by extension 'python_setup_py'
[0.436s] Level 1:colcon.colcon_core.package_identification:_identify(src/robotiq_2f_85_gripper_visualization) by extensions ['ignore', 'ignore_ament_install']
[0.436s] Level 1:colcon.colcon_core.package_identification:_identify(src/robotiq_2f_85_gripper_visualization) by extension 'ignore'
[0.436s] Level 1:colcon.colcon_core.package_identification:_identify(src/robotiq_2f_85_gripper_visualization) by extension 'ignore_ament_install'
[0.436s] Level 1:colcon.colcon_core.package_identification:_identify(src/robotiq_2f_85_gripper_visualization) by extensions ['colcon_pkg']
[0.436s] Level 1:colcon.colcon_core.package_identification:_identify(src/robotiq_2f_85_gripper_visualization) by extension 'colcon_pkg'
[0.437s] Level 1:colcon.colcon_core.package_identification:_identify(src/robotiq_2f_85_gripper_visualization) by extensions ['colcon_meta']
[0.437s] Level 1:colcon.colcon_core.package_identification:_identify(src/robotiq_2f_85_gripper_visualization) by extension 'colcon_meta'
[0.437s] Level 1:colcon.colcon_core.package_identification:_identify(src/robotiq_2f_85_gripper_visualization) by extensions ['ros']
[0.437s] Level 1:colcon.colcon_core.package_identification:_identify(src/robotiq_2f_85_gripper_visualization) by extension 'ros'
[0.437s] DEBUG:colcon.colcon_core.package_identification:Package 'src/robotiq_2f_85_gripper_visualization' with type 'ros.ament_cmake' and name 'robotiq_2f_85_gripper_visualization'
[0.437s] Level 1:colcon.colcon_core.package_discovery:discover_packages(recursive) using defaults
[0.437s] Level 1:colcon.colcon_core.package_discovery:discover_packages(ignore) discover
[0.437s] Level 1:colcon.colcon_core.package_discovery:discover_packages(ignore) using defaults
[0.437s] Level 1:colcon.colcon_core.package_discovery:discover_packages(path) discover
[0.437s] Level 1:colcon.colcon_core.package_discovery:discover_packages(path) using defaults
[0.454s] Level 1:colcon.colcon_core.package_discovery:discover_packages(prefix_path) check parameters
[0.454s] Level 1:colcon.colcon_core.package_discovery:discover_packages(prefix_path) discover
[0.455s] DEBUG:colcon.colcon_installed_package_information.package_discovery:Found 5 installed packages in /home/ljw2/fairno5/install
[0.456s] DEBUG:colcon.colcon_installed_package_information.package_discovery:Found 359 installed packages in /opt/ros/humble
[0.457s] Level 1:colcon.colcon_core.package_discovery:discover_packages(prefix_path) using defaults
[0.480s] Level 5:colcon.colcon_core.verb:set package 'fairino_description' build argument 'cmake_args' from command line to 'None'
[0.480s] Level 5:colcon.colcon_core.verb:set package 'fairino_description' build argument 'cmake_target' from command line to 'None'
[0.480s] Level 5:colcon.colcon_core.verb:set package 'fairino_description' build argument 'cmake_target_skip_unavailable' from command line to 'False'
[0.480s] Level 5:colcon.colcon_core.verb:set package 'fairino_description' build argument 'cmake_clean_cache' from command line to 'False'
[0.480s] Level 5:colcon.colcon_core.verb:set package 'fairino_description' build argument 'cmake_clean_first' from command line to 'False'
[0.480s] Level 5:colcon.colcon_core.verb:set package 'fairino_description' build argument 'cmake_force_configure' from command line to 'False'
[0.480s] Level 5:colcon.colcon_core.verb:set package 'fairino_description' build argument 'ament_cmake_args' from command line to 'None'
[0.480s] Level 5:colcon.colcon_core.verb:set package 'fairino_description' build argument 'catkin_cmake_args' from command line to 'None'
[0.480s] Level 5:colcon.colcon_core.verb:set package 'fairino_description' build argument 'catkin_skip_building_tests' from command line to 'False'
[0.480s] DEBUG:colcon.colcon_core.verb:Building package 'fairino_description' with the following arguments: {'ament_cmake_args': None, 'build_base': '/home/ljw2/fairno5/build/fairino_description', 'catkin_cmake_args': None, 'catkin_skip_building_tests': False, 'cmake_args': None, 'cmake_clean_cache': False, 'cmake_clean_first': False, 'cmake_force_configure': False, 'cmake_target': None, 'cmake_target_skip_unavailable': False, 'install_base': '/home/ljw2/fairno5/install/fairino_description', 'merge_install': False, 'path': '/home/ljw2/fairno5/src/fairino_description', 'symlink_install': False, 'test_result_base': None}
[0.481s] Level 5:colcon.colcon_core.verb:set package 'fairino_msgs' build argument 'cmake_args' from command line to 'None'
[0.481s] Level 5:colcon.colcon_core.verb:set package 'fairino_msgs' build argument 'cmake_target' from command line to 'None'
[0.481s] Level 5:colcon.colcon_core.verb:set package 'fairino_msgs' build argument 'cmake_target_skip_unavailable' from command line to 'False'
[0.481s] Level 5:colcon.colcon_core.verb:set package 'fairino_msgs' build argument 'cmake_clean_cache' from command line to 'False'
[0.481s] Level 5:colcon.colcon_core.verb:set package 'fairino_msgs' build argument 'cmake_clean_first' from command line to 'False'
[0.481s] Level 5:colcon.colcon_core.verb:set package 'fairino_msgs' build argument 'cmake_force_configure' from command line to 'False'
[0.481s] Level 5:colcon.colcon_core.verb:set package 'fairino_msgs' build argument 'ament_cmake_args' from command line to 'None'
[0.481s] Level 5:colcon.colcon_core.verb:set package 'fairino_msgs' build argument 'catkin_cmake_args' from command line to 'None'
[0.481s] Level 5:colcon.colcon_core.verb:set package 'fairino_msgs' build argument 'catkin_skip_building_tests' from command line to 'False'
[0.481s] DEBUG:colcon.colcon_core.verb:Building package 'fairino_msgs' with the following arguments: {'ament_cmake_args': None, 'build_base': '/home/ljw2/fairno5/build/fairino_msgs', 'catkin_cmake_args': None, 'catkin_skip_building_tests': False, 'cmake_args': None, 'cmake_clean_cache': False, 'cmake_clean_first': False, 'cmake_force_configure': False, 'cmake_target': None, 'cmake_target_skip_unavailable': False, 'install_base': '/home/ljw2/fairno5/install/fairino_msgs', 'merge_install': False, 'path': '/home/ljw2/fairno5/src/fairino_msgs', 'symlink_install': False, 'test_result_base': None}
[0.481s] Level 5:colcon.colcon_core.verb:set package 'robotiq_2f_85_gripper_visualization' build argument 'cmake_args' from command line to 'None'
[0.481s] Level 5:colcon.colcon_core.verb:set package 'robotiq_2f_85_gripper_visualization' build argument 'cmake_target' from command line to 'None'
[0.481s] Level 5:colcon.colcon_core.verb:set package 'robotiq_2f_85_gripper_visualization' build argument 'cmake_target_skip_unavailable' from command line to 'False'
[0.481s] Level 5:colcon.colcon_core.verb:set package 'robotiq_2f_85_gripper_visualization' build argument 'cmake_clean_cache' from command line to 'False'
[0.481s] Level 5:colcon.colcon_core.verb:set package 'robotiq_2f_85_gripper_visualization' build argument 'cmake_clean_first' from command line to 'False'
[0.481s] Level 5:colcon.colcon_core.verb:set package 'robotiq_2f_85_gripper_visualization' build argument 'cmake_force_configure' from command line to 'False'
[0.481s] Level 5:colcon.colcon_core.verb:set package 'robotiq_2f_85_gripper_visualization' build argument 'ament_cmake_args' from command line to 'None'
[0.481s] Level 5:colcon.colcon_core.verb:set package 'robotiq_2f_85_gripper_visualization' build argument 'catkin_cmake_args' from command line to 'None'
[0.481s] Level 5:colcon.colcon_core.verb:set package 'robotiq_2f_85_gripper_visualization' build argument 'catkin_skip_building_tests' from command line to 'False'
[0.481s] DEBUG:colcon.colcon_core.verb:Building package 'robotiq_2f_85_gripper_visualization' with the following arguments: {'ament_cmake_args': None, 'build_base': '/home/ljw2/fairno5/build/robotiq_2f_85_gripper_visualization', 'catkin_cmake_args': None, 'catkin_skip_building_tests': False, 'cmake_args': None, 'cmake_clean_cache': False, 'cmake_clean_first': False, 'cmake_force_configure': False, 'cmake_target': None, 'cmake_target_skip_unavailable': False, 'install_base': '/home/ljw2/fairno5/install/robotiq_2f_85_gripper_visualization', 'merge_install': False, 'path': '/home/ljw2/fairno5/src/robotiq_2f_85_gripper_visualization', 'symlink_install': False, 'test_result_base': None}
[0.481s] Level 5:colcon.colcon_core.verb:set package 'fairino5_v6_moveit2_config' build argument 'cmake_args' from command line to 'None'
[0.481s] Level 5:colcon.colcon_core.verb:set package 'fairino5_v6_moveit2_config' build argument 'cmake_target' from command line to 'None'
[0.481s] Level 5:colcon.colcon_core.verb:set package 'fairino5_v6_moveit2_config' build argument 'cmake_target_skip_unavailable' from command line to 'False'
[0.481s] Level 5:colcon.colcon_core.verb:set package 'fairino5_v6_moveit2_config' build argument 'cmake_clean_cache' from command line to 'False'
[0.481s] Level 5:colcon.colcon_core.verb:set package 'fairino5_v6_moveit2_config' build argument 'cmake_clean_first' from command line to 'False'
[0.481s] Level 5:colcon.colcon_core.verb:set package 'fairino5_v6_moveit2_config' build argument 'cmake_force_configure' from command line to 'False'
[0.481s] Level 5:colcon.colcon_core.verb:set package 'fairino5_v6_moveit2_config' build argument 'ament_cmake_args' from command line to 'None'
[0.481s] Level 5:colcon.colcon_core.verb:set package 'fairino5_v6_moveit2_config' build argument 'catkin_cmake_args' from command line to 'None'
[0.481s] Level 5:colcon.colcon_core.verb:set package 'fairino5_v6_moveit2_config' build argument 'catkin_skip_building_tests' from command line to 'False'
[0.481s] DEBUG:colcon.colcon_core.verb:Building package 'fairino5_v6_moveit2_config' with the following arguments: {'ament_cmake_args': None, 'build_base': '/home/ljw2/fairno5/build/fairino5_v6_moveit2_config', 'catkin_cmake_args': None, 'catkin_skip_building_tests': False, 'cmake_args': None, 'cmake_clean_cache': False, 'cmake_clean_first': False, 'cmake_force_configure': False, 'cmake_target': None, 'cmake_target_skip_unavailable': False, 'install_base': '/home/ljw2/fairno5/install/fairino5_v6_moveit2_config', 'merge_install': False, 'path': '/home/ljw2/fairno5/src/fairino5_v6_moveit2_config', 'symlink_install': False, 'test_result_base': None}
[0.482s] Level 5:colcon.colcon_core.verb:set package 'fairino_hardware' build argument 'cmake_args' from command line to 'None'
[0.482s] Level 5:colcon.colcon_core.verb:set package 'fairino_hardware' build argument 'cmake_target' from command line to 'None'
[0.482s] Level 5:colcon.colcon_core.verb:set package 'fairino_hardware' build argument 'cmake_target_skip_unavailable' from command line to 'False'
[0.482s] Level 5:colcon.colcon_core.verb:set package 'fairino_hardware' build argument 'cmake_clean_cache' from command line to 'False'
[0.482s] Level 5:colcon.colcon_core.verb:set package 'fairino_hardware' build argument 'cmake_clean_first' from command line to 'False'
[0.482s] Level 5:colcon.colcon_core.verb:set package 'fairino_hardware' build argument 'cmake_force_configure' from command line to 'False'
[0.482s] Level 5:colcon.colcon_core.verb:set package 'fairino_hardware' build argument 'ament_cmake_args' from command line to 'None'
[0.482s] Level 5:colcon.colcon_core.verb:set package 'fairino_hardware' build argument 'catkin_cmake_args' from command line to 'None'
[0.482s] Level 5:colcon.colcon_core.verb:set package 'fairino_hardware' build argument 'catkin_skip_building_tests' from command line to 'False'
[0.482s] DEBUG:colcon.colcon_core.verb:Building package 'fairino_hardware' with the following arguments: {'ament_cmake_args': None, 'build_base': '/home/ljw2/fairno5/build/fairino_hardware', 'catkin_cmake_args': None, 'catkin_skip_building_tests': False, 'cmake_args': None, 'cmake_clean_cache': False, 'cmake_clean_first': False, 'cmake_force_configure': False, 'cmake_target': None, 'cmake_target_skip_unavailable': False, 'install_base': '/home/ljw2/fairno5/install/fairino_hardware', 'merge_install': False, 'path': '/home/ljw2/fairno5/src/fairino_hardware', 'symlink_install': False, 'test_result_base': None}
[0.482s] INFO:colcon.colcon_core.executor:Executing jobs using 'parallel' executor
[0.482s] DEBUG:colcon.colcon_parallel_executor.executor.parallel:run_until_complete
[0.483s] INFO:colcon.colcon_ros.task.ament_cmake.build:Building ROS package in '/home/ljw2/fairno5/src/fairino_description' with build type 'ament_cmake'
[0.483s] INFO:colcon.colcon_cmake.task.cmake.build:Building CMake package in '/home/ljw2/fairno5/src/fairino_description'
[0.485s] INFO:colcon.colcon_core.plugin_system:Skipping extension 'colcon_core.shell.bat': Not used on non-Windows systems
[0.485s] INFO:colcon.colcon_core.shell:Skip shell extension 'powershell' for command environment: Not usable outside of PowerShell
[0.485s] DEBUG:colcon.colcon_core.shell:Skip shell extension 'dsv' for command environment
[0.487s] INFO:colcon.colcon_ros.task.ament_cmake.build:Building ROS package in '/home/ljw2/fairno5/src/fairino_msgs' with build type 'ament_cmake'
[0.487s] INFO:colcon.colcon_cmake.task.cmake.build:Building CMake package in '/home/ljw2/fairno5/src/fairino_msgs'
[0.487s] INFO:colcon.colcon_core.shell:Skip shell extension 'powershell' for command environment: Not usable outside of PowerShell
[0.487s] DEBUG:colcon.colcon_core.shell:Skip shell extension 'dsv' for command environment
[0.489s] INFO:colcon.colcon_ros.task.ament_cmake.build:Building ROS package in '/home/ljw2/fairno5/src/robotiq_2f_85_gripper_visualization' with build type 'ament_cmake'
[0.489s] INFO:colcon.colcon_cmake.task.cmake.build:Building CMake package in '/home/ljw2/fairno5/src/robotiq_2f_85_gripper_visualization'
[0.489s] INFO:colcon.colcon_core.shell:Skip shell extension 'powershell' for command environment: Not usable outside of PowerShell
[0.490s] DEBUG:colcon.colcon_core.shell:Skip shell extension 'dsv' for command environment
[0.495s] DEBUG:colcon.colcon_core.event_handler.log_command:Invoking command in '/home/ljw2/fairno5/build/fairino_description': CMAKE_PREFIX_PATH=${CMAKE_PREFIX_PATH}:/opt/ros/humble /usr/bin/cmake --build /home/ljw2/fairno5/build/fairino_description -- -j24 -l24
[0.498s] DEBUG:colcon.colcon_core.event_handler.log_command:Invoking command in '/home/ljw2/fairno5/build/fairino_msgs': CMAKE_PREFIX_PATH=${CMAKE_PREFIX_PATH}:/opt/ros/humble /usr/bin/cmake --build /home/ljw2/fairno5/build/fairino_msgs -- -j24 -l24
[0.500s] DEBUG:colcon.colcon_core.event_handler.log_command:Invoking command in '/home/ljw2/fairno5/build/robotiq_2f_85_gripper_visualization': CMAKE_PREFIX_PATH=${CMAKE_PREFIX_PATH}:/opt/ros/humble /usr/bin/cmake --build /home/ljw2/fairno5/build/robotiq_2f_85_gripper_visualization -- -j24 -l24
[0.517s] DEBUG:colcon.colcon_core.event_handler.log_command:Invoked command in '/home/ljw2/fairno5/build/fairino_description' returned '0': CMAKE_PREFIX_PATH=${CMAKE_PREFIX_PATH}:/opt/ros/humble /usr/bin/cmake --build /home/ljw2/fairno5/build/fairino_description -- -j24 -l24
[0.522s] DEBUG:colcon.colcon_core.event_handler.log_command:Invoking command in '/home/ljw2/fairno5/build/fairino_description': CMAKE_PREFIX_PATH=${CMAKE_PREFIX_PATH}:/opt/ros/humble /usr/bin/cmake --install /home/ljw2/fairno5/build/fairino_description
[0.523s] DEBUG:colcon.colcon_core.event_handler.log_command:Invoked command in '/home/ljw2/fairno5/build/robotiq_2f_85_gripper_visualization' returned '0': CMAKE_PREFIX_PATH=${CMAKE_PREFIX_PATH}:/opt/ros/humble /usr/bin/cmake --build /home/ljw2/fairno5/build/robotiq_2f_85_gripper_visualization -- -j24 -l24
[0.524s] DEBUG:colcon.colcon_core.event_handler.log_command:Invoking command in '/home/ljw2/fairno5/build/robotiq_2f_85_gripper_visualization': CMAKE_PREFIX_PATH=${CMAKE_PREFIX_PATH}:/opt/ros/humble /usr/bin/cmake --install /home/ljw2/fairno5/build/robotiq_2f_85_gripper_visualization
[0.533s] Level 1:colcon.colcon_core.environment:create_environment_scripts_only(robotiq_2f_85_gripper_visualization)
[0.537s] Level 1:colcon.colcon_core.environment:checking '/home/ljw2/fairno5/install/robotiq_2f_85_gripper_visualization' for CMake module files
[0.539s] Level 1:colcon.colcon_core.environment:checking '/home/ljw2/fairno5/install/robotiq_2f_85_gripper_visualization' for CMake config files
[0.542s] Level 1:colcon.colcon_core.shell:create_environment_hook('robotiq_2f_85_gripper_visualization', 'cmake_prefix_path')
[0.542s] INFO:colcon.colcon_core.shell:Creating environment hook '/home/ljw2/fairno5/install/robotiq_2f_85_gripper_visualization/share/robotiq_2f_85_gripper_visualization/hook/cmake_prefix_path.ps1'
[0.544s] INFO:colcon.colcon_core.shell:Creating environment descriptor '/home/ljw2/fairno5/install/robotiq_2f_85_gripper_visualization/share/robotiq_2f_85_gripper_visualization/hook/cmake_prefix_path.dsv'
[0.545s] DEBUG:colcon.colcon_core.event_handler.log_command:Invoked command in '/home/ljw2/fairno5/build/robotiq_2f_85_gripper_visualization' returned '0': CMAKE_PREFIX_PATH=${CMAKE_PREFIX_PATH}:/opt/ros/humble /usr/bin/cmake --install /home/ljw2/fairno5/build/robotiq_2f_85_gripper_visualization
[0.546s] INFO:colcon.colcon_core.shell:Creating environment hook '/home/ljw2/fairno5/install/robotiq_2f_85_gripper_visualization/share/robotiq_2f_85_gripper_visualization/hook/cmake_prefix_path.sh'
[0.547s] Level 1:colcon.colcon_core.environment:checking '/home/ljw2/fairno5/install/robotiq_2f_85_gripper_visualization/bin'
[0.547s] Level 1:colcon.colcon_core.environment:checking '/home/ljw2/fairno5/install/robotiq_2f_85_gripper_visualization/lib/pkgconfig/robotiq_2f_85_gripper_visualization.pc'
[0.547s] Level 1:colcon.colcon_core.environment:checking '/home/ljw2/fairno5/install/robotiq_2f_85_gripper_visualization/lib/python3.10/site-packages'
[0.547s] Level 1:colcon.colcon_core.environment:checking '/home/ljw2/fairno5/install/robotiq_2f_85_gripper_visualization/bin'
[0.548s] INFO:colcon.colcon_core.shell:Creating package script '/home/ljw2/fairno5/install/robotiq_2f_85_gripper_visualization/share/robotiq_2f_85_gripper_visualization/package.ps1'
[0.549s] INFO:colcon.colcon_core.shell:Creating package descriptor '/home/ljw2/fairno5/install/robotiq_2f_85_gripper_visualization/share/robotiq_2f_85_gripper_visualization/package.dsv'
[0.549s] INFO:colcon.colcon_core.shell:Creating package script '/home/ljw2/fairno5/install/robotiq_2f_85_gripper_visualization/share/robotiq_2f_85_gripper_visualization/package.sh'
[0.550s] INFO:colcon.colcon_core.shell:Creating package script '/home/ljw2/fairno5/install/robotiq_2f_85_gripper_visualization/share/robotiq_2f_85_gripper_visualization/package.bash'
[0.550s] INFO:colcon.colcon_core.shell:Creating package script '/home/ljw2/fairno5/install/robotiq_2f_85_gripper_visualization/share/robotiq_2f_85_gripper_visualization/package.zsh'
[0.550s] Level 1:colcon.colcon_core.environment:create_file_with_runtime_dependencies(/home/ljw2/fairno5/install/robotiq_2f_85_gripper_visualization/share/colcon-core/packages/robotiq_2f_85_gripper_visualization)
[0.551s] Level 1:colcon.colcon_core.environment:create_environment_scripts_only(robotiq_2f_85_gripper_visualization)
[0.551s] Level 1:colcon.colcon_core.environment:checking '/home/ljw2/fairno5/install/robotiq_2f_85_gripper_visualization' for CMake module files
[0.551s] Level 1:colcon.colcon_core.environment:checking '/home/ljw2/fairno5/install/robotiq_2f_85_gripper_visualization' for CMake config files
[0.551s] Level 1:colcon.colcon_core.shell:create_environment_hook('robotiq_2f_85_gripper_visualization', 'cmake_prefix_path')
[0.551s] INFO:colcon.colcon_core.shell:Creating environment hook '/home/ljw2/fairno5/install/robotiq_2f_85_gripper_visualization/share/robotiq_2f_85_gripper_visualization/hook/cmake_prefix_path.ps1'
[0.552s] INFO:colcon.colcon_core.shell:Creating environment descriptor '/home/ljw2/fairno5/install/robotiq_2f_85_gripper_visualization/share/robotiq_2f_85_gripper_visualization/hook/cmake_prefix_path.dsv'
[0.552s] INFO:colcon.colcon_core.shell:Creating environment hook '/home/ljw2/fairno5/install/robotiq_2f_85_gripper_visualization/share/robotiq_2f_85_gripper_visualization/hook/cmake_prefix_path.sh'
[0.552s] Level 1:colcon.colcon_core.environment:checking '/home/ljw2/fairno5/install/robotiq_2f_85_gripper_visualization/bin'
[0.552s] Level 1:colcon.colcon_core.environment:checking '/home/ljw2/fairno5/install/robotiq_2f_85_gripper_visualization/lib/pkgconfig/robotiq_2f_85_gripper_visualization.pc'
[0.552s] Level 1:colcon.colcon_core.environment:checking '/home/ljw2/fairno5/install/robotiq_2f_85_gripper_visualization/lib/python3.10/site-packages'
[0.553s] Level 1:colcon.colcon_core.environment:checking '/home/ljw2/fairno5/install/robotiq_2f_85_gripper_visualization/bin'
[0.553s] INFO:colcon.colcon_core.shell:Creating package script '/home/ljw2/fairno5/install/robotiq_2f_85_gripper_visualization/share/robotiq_2f_85_gripper_visualization/package.ps1'
[0.553s] INFO:colcon.colcon_core.shell:Creating package descriptor '/home/ljw2/fairno5/install/robotiq_2f_85_gripper_visualization/share/robotiq_2f_85_gripper_visualization/package.dsv'
[0.553s] INFO:colcon.colcon_core.shell:Creating package script '/home/ljw2/fairno5/install/robotiq_2f_85_gripper_visualization/share/robotiq_2f_85_gripper_visualization/package.sh'
[0.553s] INFO:colcon.colcon_core.shell:Creating package script '/home/ljw2/fairno5/install/robotiq_2f_85_gripper_visualization/share/robotiq_2f_85_gripper_visualization/package.bash'
[0.554s] INFO:colcon.colcon_core.shell:Creating package script '/home/ljw2/fairno5/install/robotiq_2f_85_gripper_visualization/share/robotiq_2f_85_gripper_visualization/package.zsh'
[0.554s] Level 1:colcon.colcon_core.environment:create_file_with_runtime_dependencies(/home/ljw2/fairno5/install/robotiq_2f_85_gripper_visualization/share/colcon-core/packages/robotiq_2f_85_gripper_visualization)
[0.554s] Level 1:colcon.colcon_core.environment:create_environment_scripts_only(fairino_description)
[0.554s] Level 1:colcon.colcon_core.environment:checking '/home/ljw2/fairno5/install/fairino_description' for CMake module files
[0.555s] Level 1:colcon.colcon_core.environment:checking '/home/ljw2/fairno5/install/fairino_description' for CMake config files
[0.555s] DEBUG:colcon.colcon_core.event_handler.log_command:Invoked command in '/home/ljw2/fairno5/build/fairino_description' returned '0': CMAKE_PREFIX_PATH=${CMAKE_PREFIX_PATH}:/opt/ros/humble /usr/bin/cmake --install /home/ljw2/fairno5/build/fairino_description
[0.555s] Level 1:colcon.colcon_core.shell:create_environment_hook('fairino_description', 'cmake_prefix_path')
[0.555s] INFO:colcon.colcon_core.shell:Creating environment hook '/home/ljw2/fairno5/install/fairino_description/share/fairino_description/hook/cmake_prefix_path.ps1'
[0.556s] INFO:colcon.colcon_core.shell:Creating environment descriptor '/home/ljw2/fairno5/install/fairino_description/share/fairino_description/hook/cmake_prefix_path.dsv'
[0.556s] INFO:colcon.colcon_core.shell:Creating environment hook '/home/ljw2/fairno5/install/fairino_description/share/fairino_description/hook/cmake_prefix_path.sh'
[0.556s] Level 1:colcon.colcon_core.environment:checking '/home/ljw2/fairno5/install/fairino_description/bin'
[0.556s] Level 1:colcon.colcon_core.environment:checking '/home/ljw2/fairno5/install/fairino_description/lib/pkgconfig/fairino_description.pc'
[0.556s] Level 1:colcon.colcon_core.environment:checking '/home/ljw2/fairno5/install/fairino_description/lib/python3.10/site-packages'
[0.557s] Level 1:colcon.colcon_core.environment:checking '/home/ljw2/fairno5/install/fairino_description/bin'
[0.557s] INFO:colcon.colcon_core.shell:Creating package script '/home/ljw2/fairno5/install/fairino_description/share/fairino_description/package.ps1'
[0.557s] INFO:colcon.colcon_core.shell:Creating package descriptor '/home/ljw2/fairno5/install/fairino_description/share/fairino_description/package.dsv'
[0.557s] INFO:colcon.colcon_core.shell:Creating package script '/home/ljw2/fairno5/install/fairino_description/share/fairino_description/package.sh'
[0.557s] INFO:colcon.colcon_core.shell:Creating package script '/home/ljw2/fairno5/install/fairino_description/share/fairino_description/package.bash'
[0.558s] INFO:colcon.colcon_core.shell:Creating package script '/home/ljw2/fairno5/install/fairino_description/share/fairino_description/package.zsh'
[0.558s] Level 1:colcon.colcon_core.environment:create_file_with_runtime_dependencies(/home/ljw2/fairno5/install/fairino_description/share/colcon-core/packages/fairino_description)
[0.558s] Level 1:colcon.colcon_core.environment:create_environment_scripts_only(fairino_description)
[0.558s] Level 1:colcon.colcon_core.environment:checking '/home/ljw2/fairno5/install/fairino_description' for CMake module files
[0.559s] Level 1:colcon.colcon_core.environment:checking '/home/ljw2/fairno5/install/fairino_description' for CMake config files
[0.559s] Level 1:colcon.colcon_core.shell:create_environment_hook('fairino_description', 'cmake_prefix_path')
[0.559s] INFO:colcon.colcon_core.shell:Creating environment hook '/home/ljw2/fairno5/install/fairino_description/share/fairino_description/hook/cmake_prefix_path.ps1'
[0.559s] INFO:colcon.colcon_core.shell:Creating environment descriptor '/home/ljw2/fairno5/install/fairino_description/share/fairino_description/hook/cmake_prefix_path.dsv'
[0.559s] INFO:colcon.colcon_core.shell:Creating environment hook '/home/ljw2/fairno5/install/fairino_description/share/fairino_description/hook/cmake_prefix_path.sh'
[0.559s] Level 1:colcon.colcon_core.environment:checking '/home/ljw2/fairno5/install/fairino_description/bin'
[0.560s] Level 1:colcon.colcon_core.environment:checking '/home/ljw2/fairno5/install/fairino_description/lib/pkgconfig/fairino_description.pc'
[0.560s] Level 1:colcon.colcon_core.environment:checking '/home/ljw2/fairno5/install/fairino_description/lib/python3.10/site-packages'
[0.560s] Level 1:colcon.colcon_core.environment:checking '/home/ljw2/fairno5/install/fairino_description/bin'
[0.560s] INFO:colcon.colcon_core.shell:Creating package script '/home/ljw2/fairno5/install/fairino_description/share/fairino_description/package.ps1'
[0.560s] INFO:colcon.colcon_core.shell:Creating package descriptor '/home/ljw2/fairno5/install/fairino_description/share/fairino_description/package.dsv'
[0.561s] INFO:colcon.colcon_core.shell:Creating package script '/home/ljw2/fairno5/install/fairino_description/share/fairino_description/package.sh'
[0.561s] INFO:colcon.colcon_core.shell:Creating package script '/home/ljw2/fairno5/install/fairino_description/share/fairino_description/package.bash'
[0.561s] INFO:colcon.colcon_core.shell:Creating package script '/home/ljw2/fairno5/install/fairino_description/share/fairino_description/package.zsh'
[0.561s] Level 1:colcon.colcon_core.environment:create_file_with_runtime_dependencies(/home/ljw2/fairno5/install/fairino_description/share/colcon-core/packages/fairino_description)
[0.561s] INFO:colcon.colcon_ros.task.ament_cmake.build:Building ROS package in '/home/ljw2/fairno5/src/fairino5_v6_moveit2_config' with build type 'ament_cmake'
[0.562s] INFO:colcon.colcon_cmake.task.cmake.build:Building CMake package in '/home/ljw2/fairno5/src/fairino5_v6_moveit2_config'
[0.562s] INFO:colcon.colcon_core.shell:Skip shell extension 'powershell' for command environment: Not usable outside of PowerShell
[0.562s] DEBUG:colcon.colcon_core.shell:Skip shell extension 'dsv' for command environment
[0.693s] DEBUG:colcon.colcon_core.event_handler.log_command:Invoked command in '/home/ljw2/fairno5/build/fairino_msgs' returned '0': CMAKE_PREFIX_PATH=${CMAKE_PREFIX_PATH}:/opt/ros/humble /usr/bin/cmake --build /home/ljw2/fairno5/build/fairino_msgs -- -j24 -l24
[0.695s] DEBUG:colcon.colcon_core.event_handler.log_command:Invoking command in '/home/ljw2/fairno5/build/fairino_msgs': CMAKE_PREFIX_PATH=${CMAKE_PREFIX_PATH}:/opt/ros/humble /usr/bin/cmake --install /home/ljw2/fairno5/build/fairino_msgs
[0.731s] Level 1:colcon.colcon_core.environment:create_environment_scripts_only(fairino_msgs)
[0.731s] Level 1:colcon.colcon_core.environment:checking '/home/ljw2/fairno5/install/fairino_msgs' for CMake module files
[0.732s] DEBUG:colcon.colcon_core.event_handler.log_command:Invoking command in '/home/ljw2/fairno5/build/fairino5_v6_moveit2_config': CMAKE_PREFIX_PATH=/home/ljw2/fairno5/install/fairino_description:/home/ljw2/fairno5/install/robotiq_2f_85_gripper_visualization:/home/ljw2/fairno5/install/fairino_hardware:/home/ljw2/fairno5/install/fairino_msgs:/home/ljw2/fairno5/install/fairino5_v6_moveit2_config:/opt/ros/humble /usr/bin/cmake --build /home/ljw2/fairno5/build/fairino5_v6_moveit2_config -- -j24 -l24
[0.733s] Level 1:colcon.colcon_core.environment:checking '/home/ljw2/fairno5/install/fairino_msgs' for CMake config files
[0.733s] DEBUG:colcon.colcon_core.event_handler.log_command:Invoked command in '/home/ljw2/fairno5/build/fairino_msgs' returned '0': CMAKE_PREFIX_PATH=${CMAKE_PREFIX_PATH}:/opt/ros/humble /usr/bin/cmake --install /home/ljw2/fairno5/build/fairino_msgs
[0.733s] Level 1:colcon.colcon_core.shell:create_environment_hook('fairino_msgs', 'cmake_prefix_path')
[0.733s] INFO:colcon.colcon_core.shell:Creating environment hook '/home/ljw2/fairno5/install/fairino_msgs/share/fairino_msgs/hook/cmake_prefix_path.ps1'
[0.734s] INFO:colcon.colcon_core.shell:Creating environment descriptor '/home/ljw2/fairno5/install/fairino_msgs/share/fairino_msgs/hook/cmake_prefix_path.dsv'
[0.734s] INFO:colcon.colcon_core.shell:Creating environment hook '/home/ljw2/fairno5/install/fairino_msgs/share/fairino_msgs/hook/cmake_prefix_path.sh'
[0.734s] Level 1:colcon.colcon_core.environment:checking '/home/ljw2/fairno5/install/fairino_msgs/lib'
[0.734s] Level 1:colcon.colcon_core.shell:create_environment_hook('fairino_msgs', 'ld_library_path_lib')
[0.734s] INFO:colcon.colcon_core.shell:Creating environment hook '/home/ljw2/fairno5/install/fairino_msgs/share/fairino_msgs/hook/ld_library_path_lib.ps1'
[0.735s] INFO:colcon.colcon_core.shell:Creating environment descriptor '/home/ljw2/fairno5/install/fairino_msgs/share/fairino_msgs/hook/ld_library_path_lib.dsv'
[0.735s] INFO:colcon.colcon_core.shell:Creating environment hook '/home/ljw2/fairno5/install/fairino_msgs/share/fairino_msgs/hook/ld_library_path_lib.sh'
[0.735s] Level 1:colcon.colcon_core.environment:checking '/home/ljw2/fairno5/install/fairino_msgs/bin'
[0.735s] Level 1:colcon.colcon_core.environment:checking '/home/ljw2/fairno5/install/fairino_msgs/lib/pkgconfig/fairino_msgs.pc'
[0.735s] Level 1:colcon.colcon_core.environment:checking '/home/ljw2/fairno5/install/fairino_msgs/lib/python3.10/site-packages'
[0.735s] Level 1:colcon.colcon_core.environment:checking '/home/ljw2/fairno5/install/fairino_msgs/bin'
[0.736s] INFO:colcon.colcon_core.shell:Creating package script '/home/ljw2/fairno5/install/fairino_msgs/share/fairino_msgs/package.ps1'
[0.736s] INFO:colcon.colcon_core.shell:Creating package descriptor '/home/ljw2/fairno5/install/fairino_msgs/share/fairino_msgs/package.dsv'
[0.736s] INFO:colcon.colcon_core.shell:Creating package script '/home/ljw2/fairno5/install/fairino_msgs/share/fairino_msgs/package.sh'
[0.736s] INFO:colcon.colcon_core.shell:Creating package script '/home/ljw2/fairno5/install/fairino_msgs/share/fairino_msgs/package.bash'
[0.737s] INFO:colcon.colcon_core.shell:Creating package script '/home/ljw2/fairno5/install/fairino_msgs/share/fairino_msgs/package.zsh'
[0.737s] Level 1:colcon.colcon_core.environment:create_file_with_runtime_dependencies(/home/ljw2/fairno5/install/fairino_msgs/share/colcon-core/packages/fairino_msgs)
[0.737s] Level 1:colcon.colcon_core.environment:create_environment_scripts_only(fairino_msgs)
[0.737s] Level 1:colcon.colcon_core.environment:checking '/home/ljw2/fairno5/install/fairino_msgs' for CMake module files
[0.738s] Level 1:colcon.colcon_core.environment:checking '/home/ljw2/fairno5/install/fairino_msgs' for CMake config files
[0.738s] Level 1:colcon.colcon_core.shell:create_environment_hook('fairino_msgs', 'cmake_prefix_path')
[0.738s] INFO:colcon.colcon_core.shell:Creating environment hook '/home/ljw2/fairno5/install/fairino_msgs/share/fairino_msgs/hook/cmake_prefix_path.ps1'
[0.738s] INFO:colcon.colcon_core.shell:Creating environment descriptor '/home/ljw2/fairno5/install/fairino_msgs/share/fairino_msgs/hook/cmake_prefix_path.dsv'
[0.739s] INFO:colcon.colcon_core.shell:Creating environment hook '/home/ljw2/fairno5/install/fairino_msgs/share/fairino_msgs/hook/cmake_prefix_path.sh'
[0.739s] Level 1:colcon.colcon_core.environment:checking '/home/ljw2/fairno5/install/fairino_msgs/lib'
[0.739s] Level 1:colcon.colcon_core.shell:create_environment_hook('fairino_msgs', 'ld_library_path_lib')
[0.739s] INFO:colcon.colcon_core.shell:Creating environment hook '/home/ljw2/fairno5/install/fairino_msgs/share/fairino_msgs/hook/ld_library_path_lib.ps1'
[0.740s] INFO:colcon.colcon_core.shell:Creating environment descriptor '/home/ljw2/fairno5/install/fairino_msgs/share/fairino_msgs/hook/ld_library_path_lib.dsv'
[0.740s] INFO:colcon.colcon_core.shell:Creating environment hook '/home/ljw2/fairno5/install/fairino_msgs/share/fairino_msgs/hook/ld_library_path_lib.sh'
[0.740s] Level 1:colcon.colcon_core.environment:checking '/home/ljw2/fairno5/install/fairino_msgs/bin'
[0.740s] Level 1:colcon.colcon_core.environment:checking '/home/ljw2/fairno5/install/fairino_msgs/lib/pkgconfig/fairino_msgs.pc'
[0.741s] Level 1:colcon.colcon_core.environment:checking '/home/ljw2/fairno5/install/fairino_msgs/lib/python3.10/site-packages'
[0.741s] Level 1:colcon.colcon_core.environment:checking '/home/ljw2/fairno5/install/fairino_msgs/bin'
[0.741s] INFO:colcon.colcon_core.shell:Creating package script '/home/ljw2/fairno5/install/fairino_msgs/share/fairino_msgs/package.ps1'
[0.742s] INFO:colcon.colcon_core.shell:Creating package descriptor '/home/ljw2/fairno5/install/fairino_msgs/share/fairino_msgs/package.dsv'
[0.742s] INFO:colcon.colcon_core.shell:Creating package script '/home/ljw2/fairno5/install/fairino_msgs/share/fairino_msgs/package.sh'
[0.743s] INFO:colcon.colcon_core.shell:Creating package script '/home/ljw2/fairno5/install/fairino_msgs/share/fairino_msgs/package.bash'
[0.743s] INFO:colcon.colcon_core.shell:Creating package script '/home/ljw2/fairno5/install/fairino_msgs/share/fairino_msgs/package.zsh'
[0.743s] Level 1:colcon.colcon_core.environment:create_file_with_runtime_dependencies(/home/ljw2/fairno5/install/fairino_msgs/share/colcon-core/packages/fairino_msgs)
[0.744s] INFO:colcon.colcon_ros.task.ament_cmake.build:Building ROS package in '/home/ljw2/fairno5/src/fairino_hardware' with build type 'ament_cmake'
[0.744s] INFO:colcon.colcon_cmake.task.cmake.build:Building CMake package in '/home/ljw2/fairno5/src/fairino_hardware'
[0.744s] INFO:colcon.colcon_core.shell:Skip shell extension 'powershell' for command environment: Not usable outside of PowerShell
[0.744s] DEBUG:colcon.colcon_core.shell:Skip shell extension 'dsv' for command environment
[0.757s] DEBUG:colcon.colcon_core.event_handler.log_command:Invoked command in '/home/ljw2/fairno5/build/fairino5_v6_moveit2_config' returned '0': CMAKE_PREFIX_PATH=/home/ljw2/fairno5/install/fairino_description:/home/ljw2/fairno5/install/robotiq_2f_85_gripper_visualization:/home/ljw2/fairno5/install/fairino_hardware:/home/ljw2/fairno5/install/fairino_msgs:/home/ljw2/fairno5/install/fairino5_v6_moveit2_config:/opt/ros/humble /usr/bin/cmake --build /home/ljw2/fairno5/build/fairino5_v6_moveit2_config -- -j24 -l24
[0.758s] DEBUG:colcon.colcon_core.event_handler.log_command:Invoking command in '/home/ljw2/fairno5/build/fairino5_v6_moveit2_config': CMAKE_PREFIX_PATH=/home/ljw2/fairno5/install/fairino_description:/home/ljw2/fairno5/install/robotiq_2f_85_gripper_visualization:/home/ljw2/fairno5/install/fairino_hardware:/home/ljw2/fairno5/install/fairino_msgs:/home/ljw2/fairno5/install/fairino5_v6_moveit2_config:/opt/ros/humble /usr/bin/cmake --install /home/ljw2/fairno5/build/fairino5_v6_moveit2_config
[0.766s] Level 1:colcon.colcon_core.environment:create_environment_scripts_only(fairino5_v6_moveit2_config)
[0.766s] DEBUG:colcon.colcon_core.event_handler.log_command:Invoked command in '/home/ljw2/fairno5/build/fairino5_v6_moveit2_config' returned '0': CMAKE_PREFIX_PATH=/home/ljw2/fairno5/install/fairino_description:/home/ljw2/fairno5/install/robotiq_2f_85_gripper_visualization:/home/ljw2/fairno5/install/fairino_hardware:/home/ljw2/fairno5/install/fairino_msgs:/home/ljw2/fairno5/install/fairino5_v6_moveit2_config:/opt/ros/humble /usr/bin/cmake --install /home/ljw2/fairno5/build/fairino5_v6_moveit2_config
[0.766s] Level 1:colcon.colcon_core.environment:checking '/home/ljw2/fairno5/install/fairino5_v6_moveit2_config' for CMake module files
[0.767s] Level 1:colcon.colcon_core.environment:checking '/home/ljw2/fairno5/install/fairino5_v6_moveit2_config' for CMake config files
[0.767s] Level 1:colcon.colcon_core.shell:create_environment_hook('fairino5_v6_moveit2_config', 'cmake_prefix_path')
[0.767s] INFO:colcon.colcon_core.shell:Creating environment hook '/home/ljw2/fairno5/install/fairino5_v6_moveit2_config/share/fairino5_v6_moveit2_config/hook/cmake_prefix_path.ps1'
[0.767s] INFO:colcon.colcon_core.shell:Creating environment descriptor '/home/ljw2/fairno5/install/fairino5_v6_moveit2_config/share/fairino5_v6_moveit2_config/hook/cmake_prefix_path.dsv'
[0.767s] INFO:colcon.colcon_core.shell:Creating environment hook '/home/ljw2/fairno5/install/fairino5_v6_moveit2_config/share/fairino5_v6_moveit2_config/hook/cmake_prefix_path.sh'
[0.768s] Level 1:colcon.colcon_core.environment:checking '/home/ljw2/fairno5/install/fairino5_v6_moveit2_config/bin'
[0.768s] Level 1:colcon.colcon_core.environment:checking '/home/ljw2/fairno5/install/fairino5_v6_moveit2_config/lib/pkgconfig/fairino5_v6_moveit2_config.pc'
[0.768s] Level 1:colcon.colcon_core.environment:checking '/home/ljw2/fairno5/install/fairino5_v6_moveit2_config/lib/python3.10/site-packages'
[0.768s] Level 1:colcon.colcon_core.environment:checking '/home/ljw2/fairno5/install/fairino5_v6_moveit2_config/bin'
[0.769s] INFO:colcon.colcon_core.shell:Creating package script '/home/ljw2/fairno5/install/fairino5_v6_moveit2_config/share/fairino5_v6_moveit2_config/package.ps1'
[0.769s] INFO:colcon.colcon_core.shell:Creating package descriptor '/home/ljw2/fairno5/install/fairino5_v6_moveit2_config/share/fairino5_v6_moveit2_config/package.dsv'
[0.769s] INFO:colcon.colcon_core.shell:Creating package script '/home/ljw2/fairno5/install/fairino5_v6_moveit2_config/share/fairino5_v6_moveit2_config/package.sh'
[0.769s] INFO:colcon.colcon_core.shell:Creating package script '/home/ljw2/fairno5/install/fairino5_v6_moveit2_config/share/fairino5_v6_moveit2_config/package.bash'
[0.769s] INFO:colcon.colcon_core.shell:Creating package script '/home/ljw2/fairno5/install/fairino5_v6_moveit2_config/share/fairino5_v6_moveit2_config/package.zsh'
[0.770s] Level 1:colcon.colcon_core.environment:create_file_with_runtime_dependencies(/home/ljw2/fairno5/install/fairino5_v6_moveit2_config/share/colcon-core/packages/fairino5_v6_moveit2_config)
[0.770s] Level 1:colcon.colcon_core.environment:create_environment_scripts_only(fairino5_v6_moveit2_config)
[0.770s] Level 1:colcon.colcon_core.environment:checking '/home/ljw2/fairno5/install/fairino5_v6_moveit2_config' for CMake module files
[0.770s] Level 1:colcon.colcon_core.environment:checking '/home/ljw2/fairno5/install/fairino5_v6_moveit2_config' for CMake config files
[0.770s] Level 1:colcon.colcon_core.shell:create_environment_hook('fairino5_v6_moveit2_config', 'cmake_prefix_path')
[0.771s] INFO:colcon.colcon_core.shell:Creating environment hook '/home/ljw2/fairno5/install/fairino5_v6_moveit2_config/share/fairino5_v6_moveit2_config/hook/cmake_prefix_path.ps1'
[0.771s] INFO:colcon.colcon_core.shell:Creating environment descriptor '/home/ljw2/fairno5/install/fairino5_v6_moveit2_config/share/fairino5_v6_moveit2_config/hook/cmake_prefix_path.dsv'
[0.771s] INFO:colcon.colcon_core.shell:Creating environment hook '/home/ljw2/fairno5/install/fairino5_v6_moveit2_config/share/fairino5_v6_moveit2_config/hook/cmake_prefix_path.sh'
[0.771s] Level 1:colcon.colcon_core.environment:checking '/home/ljw2/fairno5/install/fairino5_v6_moveit2_config/bin'
[0.771s] Level 1:colcon.colcon_core.environment:checking '/home/ljw2/fairno5/install/fairino5_v6_moveit2_config/lib/pkgconfig/fairino5_v6_moveit2_config.pc'
[0.771s] Level 1:colcon.colcon_core.environment:checking '/home/ljw2/fairno5/install/fairino5_v6_moveit2_config/lib/python3.10/site-packages'
[0.772s] Level 1:colcon.colcon_core.environment:checking '/home/ljw2/fairno5/install/fairino5_v6_moveit2_config/bin'
[0.772s] INFO:colcon.colcon_core.shell:Creating package script '/home/ljw2/fairno5/install/fairino5_v6_moveit2_config/share/fairino5_v6_moveit2_config/package.ps1'
[0.772s] INFO:colcon.colcon_core.shell:Creating package descriptor '/home/ljw2/fairno5/install/fairino5_v6_moveit2_config/share/fairino5_v6_moveit2_config/package.dsv'
[0.772s] INFO:colcon.colcon_core.shell:Creating package script '/home/ljw2/fairno5/install/fairino5_v6_moveit2_config/share/fairino5_v6_moveit2_config/package.sh'
[0.772s] INFO:colcon.colcon_core.shell:Creating package script '/home/ljw2/fairno5/install/fairino5_v6_moveit2_config/share/fairino5_v6_moveit2_config/package.bash'
[0.773s] INFO:colcon.colcon_core.shell:Creating package script '/home/ljw2/fairno5/install/fairino5_v6_moveit2_config/share/fairino5_v6_moveit2_config/package.zsh'
[0.773s] Level 1:colcon.colcon_core.environment:create_file_with_runtime_dependencies(/home/ljw2/fairno5/install/fairino5_v6_moveit2_config/share/colcon-core/packages/fairino5_v6_moveit2_config)
[1.067s] DEBUG:colcon.colcon_core.event_handler.log_command:Invoking command in '/home/ljw2/fairno5/build/fairino_hardware': CMAKE_PREFIX_PATH=/home/ljw2/fairno5/install/fairino_msgs:/home/ljw2/fairno5/install/robotiq_2f_85_gripper_visualization:/home/ljw2/fairno5/install/fairino_hardware:/home/ljw2/fairno5/install/fairino5_v6_moveit2_config:/home/ljw2/fairno5/install/fairino_description:/opt/ros/humble LD_LIBRARY_PATH=/home/ljw2/fairno5/install/fairino_msgs/lib:/home/ljw2/fairno5/install/fairino_hardware/lib:/usr/lib/x86_64-linux-gnu/gazebo-11/plugins:/opt/ros/humble/opt/rviz_ogre_vendor/lib:/opt/ros/humble/lib/x86_64-linux-gnu:/opt/ros/humble/lib /usr/bin/cmake --build /home/ljw2/fairno5/build/fairino_hardware -- -j24 -l24
[25.727s] DEBUG:colcon.colcon_core.event_handler.log_command:Invoked command in '/home/ljw2/fairno5/build/fairino_hardware' returned '0': CMAKE_PREFIX_PATH=/home/ljw2/fairno5/install/fairino_msgs:/home/ljw2/fairno5/install/robotiq_2f_85_gripper_visualization:/home/ljw2/fairno5/install/fairino_hardware:/home/ljw2/fairno5/install/fairino5_v6_moveit2_config:/home/ljw2/fairno5/install/fairino_description:/opt/ros/humble LD_LIBRARY_PATH=/home/ljw2/fairno5/install/fairino_msgs/lib:/home/ljw2/fairno5/install/fairino_hardware/lib:/usr/lib/x86_64-linux-gnu/gazebo-11/plugins:/opt/ros/humble/opt/rviz_ogre_vendor/lib:/opt/ros/humble/lib/x86_64-linux-gnu:/opt/ros/humble/lib /usr/bin/cmake --build /home/ljw2/fairno5/build/fairino_hardware -- -j24 -l24
[25.729s] DEBUG:colcon.colcon_core.event_handler.log_command:Invoking command in '/home/ljw2/fairno5/build/fairino_hardware': CMAKE_PREFIX_PATH=/home/ljw2/fairno5/install/fairino_msgs:/home/ljw2/fairno5/install/robotiq_2f_85_gripper_visualization:/home/ljw2/fairno5/install/fairino_hardware:/home/ljw2/fairno5/install/fairino5_v6_moveit2_config:/home/ljw2/fairno5/install/fairino_description:/opt/ros/humble LD_LIBRARY_PATH=/home/ljw2/fairno5/install/fairino_msgs/lib:/home/ljw2/fairno5/install/fairino_hardware/lib:/usr/lib/x86_64-linux-gnu/gazebo-11/plugins:/opt/ros/humble/opt/rviz_ogre_vendor/lib:/opt/ros/humble/lib/x86_64-linux-gnu:/opt/ros/humble/lib /usr/bin/cmake --install /home/ljw2/fairno5/build/fairino_hardware
[25.744s] Level 1:colcon.colcon_core.environment:create_environment_scripts_only(fairino_hardware)
[25.744s] Level 1:colcon.colcon_core.environment:checking '/home/ljw2/fairno5/install/fairino_hardware' for CMake module files
[25.745s] DEBUG:colcon.colcon_core.event_handler.log_command:Invoked command in '/home/ljw2/fairno5/build/fairino_hardware' returned '0': CMAKE_PREFIX_PATH=/home/ljw2/fairno5/install/fairino_msgs:/home/ljw2/fairno5/install/robotiq_2f_85_gripper_visualization:/home/ljw2/fairno5/install/fairino_hardware:/home/ljw2/fairno5/install/fairino5_v6_moveit2_config:/home/ljw2/fairno5/install/fairino_description:/opt/ros/humble LD_LIBRARY_PATH=/home/ljw2/fairno5/install/fairino_msgs/lib:/home/ljw2/fairno5/install/fairino_hardware/lib:/usr/lib/x86_64-linux-gnu/gazebo-11/plugins:/opt/ros/humble/opt/rviz_ogre_vendor/lib:/opt/ros/humble/lib/x86_64-linux-gnu:/opt/ros/humble/lib /usr/bin/cmake --install /home/ljw2/fairno5/build/fairino_hardware
[25.745s] Level 1:colcon.colcon_core.environment:checking '/home/ljw2/fairno5/install/fairino_hardware' for CMake config files
[25.745s] Level 1:colcon.colcon_core.shell:create_environment_hook('fairino_hardware', 'cmake_prefix_path')
[25.745s] INFO:colcon.colcon_core.shell:Creating environment hook '/home/ljw2/fairno5/install/fairino_hardware/share/fairino_hardware/hook/cmake_prefix_path.ps1'
[25.745s] INFO:colcon.colcon_core.shell:Creating environment descriptor '/home/ljw2/fairno5/install/fairino_hardware/share/fairino_hardware/hook/cmake_prefix_path.dsv'
[25.746s] INFO:colcon.colcon_core.shell:Creating environment hook '/home/ljw2/fairno5/install/fairino_hardware/share/fairino_hardware/hook/cmake_prefix_path.sh'
[25.746s] Level 1:colcon.colcon_core.environment:checking '/home/ljw2/fairno5/install/fairino_hardware/lib'
[25.746s] Level 1:colcon.colcon_core.environment:checking '/home/ljw2/fairno5/install/fairino_hardware/bin'
[25.746s] Level 1:colcon.colcon_core.environment:checking '/home/ljw2/fairno5/install/fairino_hardware/lib/pkgconfig/fairino_hardware.pc'
[25.746s] Level 1:colcon.colcon_core.environment:checking '/home/ljw2/fairno5/install/fairino_hardware/lib/python3.10/site-packages'
[25.746s] Level 1:colcon.colcon_core.environment:checking '/home/ljw2/fairno5/install/fairino_hardware/bin'
[25.746s] INFO:colcon.colcon_core.shell:Creating package script '/home/ljw2/fairno5/install/fairino_hardware/share/fairino_hardware/package.ps1'
[25.747s] INFO:colcon.colcon_core.shell:Creating package descriptor '/home/ljw2/fairno5/install/fairino_hardware/share/fairino_hardware/package.dsv'
[25.747s] INFO:colcon.colcon_core.shell:Creating package script '/home/ljw2/fairno5/install/fairino_hardware/share/fairino_hardware/package.sh'
[25.747s] INFO:colcon.colcon_core.shell:Creating package script '/home/ljw2/fairno5/install/fairino_hardware/share/fairino_hardware/package.bash'
[25.747s] INFO:colcon.colcon_core.shell:Creating package script '/home/ljw2/fairno5/install/fairino_hardware/share/fairino_hardware/package.zsh'
[25.747s] Level 1:colcon.colcon_core.environment:create_file_with_runtime_dependencies(/home/ljw2/fairno5/install/fairino_hardware/share/colcon-core/packages/fairino_hardware)
[25.748s] Level 1:colcon.colcon_core.environment:create_environment_scripts_only(fairino_hardware)
[25.748s] Level 1:colcon.colcon_core.environment:checking '/home/ljw2/fairno5/install/fairino_hardware' for CMake module files
[25.748s] Level 1:colcon.colcon_core.environment:checking '/home/ljw2/fairno5/install/fairino_hardware' for CMake config files
[25.748s] Level 1:colcon.colcon_core.shell:create_environment_hook('fairino_hardware', 'cmake_prefix_path')
[25.748s] INFO:colcon.colcon_core.shell:Creating environment hook '/home/ljw2/fairno5/install/fairino_hardware/share/fairino_hardware/hook/cmake_prefix_path.ps1'
[25.748s] INFO:colcon.colcon_core.shell:Creating environment descriptor '/home/ljw2/fairno5/install/fairino_hardware/share/fairino_hardware/hook/cmake_prefix_path.dsv'
[25.748s] INFO:colcon.colcon_core.shell:Creating environment hook '/home/ljw2/fairno5/install/fairino_hardware/share/fairino_hardware/hook/cmake_prefix_path.sh'
[25.749s] Level 1:colcon.colcon_core.environment:checking '/home/ljw2/fairno5/install/fairino_hardware/lib'
[25.749s] Level 1:colcon.colcon_core.environment:checking '/home/ljw2/fairno5/install/fairino_hardware/bin'
[25.749s] Level 1:colcon.colcon_core.environment:checking '/home/ljw2/fairno5/install/fairino_hardware/lib/pkgconfig/fairino_hardware.pc'
[25.749s] Level 1:colcon.colcon_core.environment:checking '/home/ljw2/fairno5/install/fairino_hardware/lib/python3.10/site-packages'
[25.749s] Level 1:colcon.colcon_core.environment:checking '/home/ljw2/fairno5/install/fairino_hardware/bin'
[25.749s] INFO:colcon.colcon_core.shell:Creating package script '/home/ljw2/fairno5/install/fairino_hardware/share/fairino_hardware/package.ps1'
[25.749s] INFO:colcon.colcon_core.shell:Creating package descriptor '/home/ljw2/fairno5/install/fairino_hardware/share/fairino_hardware/package.dsv'
[25.750s] INFO:colcon.colcon_core.shell:Creating package script '/home/ljw2/fairno5/install/fairino_hardware/share/fairino_hardware/package.sh'
[25.750s] INFO:colcon.colcon_core.shell:Creating package script '/home/ljw2/fairno5/install/fairino_hardware/share/fairino_hardware/package.bash'
[25.750s] INFO:colcon.colcon_core.shell:Creating package script '/home/ljw2/fairno5/install/fairino_hardware/share/fairino_hardware/package.zsh'
[25.750s] Level 1:colcon.colcon_core.environment:create_file_with_runtime_dependencies(/home/ljw2/fairno5/install/fairino_hardware/share/colcon-core/packages/fairino_hardware)
[25.750s] DEBUG:colcon.colcon_parallel_executor.executor.parallel:closing loop
[25.750s] DEBUG:colcon.colcon_parallel_executor.executor.parallel:loop closed
[25.750s] DEBUG:colcon.colcon_parallel_executor.executor.parallel:run_until_complete finished with '0'
[25.751s] DEBUG:colcon.colcon_core.event_reactor:joining thread
[25.888s] INFO:colcon.colcon_core.plugin_system:Skipping extension 'colcon_notification.desktop_notification.notify_send': Could not find 'notify-send'
[25.889s] INFO:colcon.colcon_core.plugin_system:Skipping extension 'colcon_notification.desktop_notification.terminal_notifier': Not used on non-Darwin systems
[25.889s] INFO:colcon.colcon_core.plugin_system:Skipping extension 'colcon_notification.desktop_notification.win32': Not used on non-Windows systems
[25.889s] INFO:colcon.colcon_notification.desktop_notification:Sending desktop notification using 'notify2'
[25.889s] DEBUG:colcon.colcon_notification.desktop_notification.notify2:Failed to initialize notify2: org.freedesktop.DBus.Error.FileNotFound: Failed to connect to socket /run/user/1000/bus: No such file or directory
[25.889s] DEBUG:colcon.colcon_core.event_reactor:joined thread
[25.889s] INFO:colcon.colcon_core.shell:Creating prefix script '/home/ljw2/fairno5/install/local_setup.ps1'
[25.890s] INFO:colcon.colcon_core.shell:Creating prefix util module '/home/ljw2/fairno5/install/_local_setup_util_ps1.py'
[25.890s] INFO:colcon.colcon_core.shell:Creating prefix chain script '/home/ljw2/fairno5/install/setup.ps1'
[25.891s] INFO:colcon.colcon_core.shell:Creating prefix script '/home/ljw2/fairno5/install/local_setup.sh'
[25.891s] INFO:colcon.colcon_core.shell:Creating prefix util module '/home/ljw2/fairno5/install/_local_setup_util_sh.py'
[25.892s] INFO:colcon.colcon_core.shell:Creating prefix chain script '/home/ljw2/fairno5/install/setup.sh'
[25.892s] INFO:colcon.colcon_core.shell:Creating prefix script '/home/ljw2/fairno5/install/local_setup.bash'
[25.892s] INFO:colcon.colcon_core.shell:Creating prefix chain script '/home/ljw2/fairno5/install/setup.bash'
[25.893s] INFO:colcon.colcon_core.shell:Creating prefix script '/home/ljw2/fairno5/install/local_setup.zsh'
[25.893s] INFO:colcon.colcon_core.shell:Creating prefix chain script '/home/ljw2/fairno5/install/setup.zsh'
