[0.312s] DEBUG:colcon:Command line arguments: ['/usr/bin/colcon', 'build']
[0.312s] DEBUG:colcon:Parsed command line arguments: Namespace(log_base=None, log_level=None, verb_name='build', build_base='build', install_base='install', merge_install=False, symlink_install=False, test_result_base=None, continue_on_error=False, executor='parallel', parallel_workers=24, event_handlers=None, ignore_user_meta=False, metas=['./colcon.meta'], base_paths=['.'], packages_ignore=None, packages_ignore_regex=None, paths=None, packages_up_to=None, packages_up_to_regex=None, packages_above=None, packages_above_and_dependencies=None, packages_above_depth=None, packages_select_by_dep=None, packages_skip_by_dep=None, packages_skip_up_to=None, packages_select_build_failed=False, packages_skip_build_finished=False, packages_select_test_failures=False, packages_skip_test_passed=False, packages_select=None, packages_skip=None, packages_select_regex=None, packages_skip_regex=None, packages_start=None, packages_end=None, allow_overriding=[], cmake_args=None, cmake_target=None, cmake_target_skip_unavailable=False, cmake_clean_cache=False, cmake_clean_first=False, cmake_force_configure=False, ament_cmake_args=None, catkin_cmake_args=None, catkin_skip_building_tests=False, mixin_files=None, mixin=None, verb_parser=<colcon_mixin.mixin.mixin_argument.MixinArgumentDecorator object at 0x7d7556545c60>, verb_extension=<colcon_core.verb.build.BuildVerb object at 0x7d75566bf430>, main=<bound method BuildVerb.main of <colcon_core.verb.build.BuildVerb object at 0x7d75566bf430>>, mixin_verb=('build',))
[0.399s] Level 1:colcon.colcon_core.package_discovery:discover_packages(colcon_meta) check parameters
[0.399s] Level 1:colcon.colcon_core.package_discovery:discover_packages(recursive) check parameters
[0.399s] Level 1:colcon.colcon_core.package_discovery:discover_packages(ignore) check parameters
[0.399s] Level 1:colcon.colcon_core.package_discovery:discover_packages(path) check parameters
[0.399s] Level 1:colcon.colcon_core.package_discovery:discover_packages(colcon_meta) discover
[0.400s] Level 1:colcon.colcon_core.package_discovery:discover_packages(recursive) discover
[0.400s] INFO:colcon.colcon_core.package_discovery:Crawling recursively for packages in '/home/ljw2/fairno5'
[0.400s] Level 1:colcon.colcon_core.package_identification:_identify(.) by extensions ['ignore', 'ignore_ament_install']
[0.400s] Level 1:colcon.colcon_core.package_identification:_identify(.) by extension 'ignore'
[0.400s] Level 1:colcon.colcon_core.package_identification:_identify(.) by extension 'ignore_ament_install'
[0.400s] Level 1:colcon.colcon_core.package_identification:_identify(.) by extensions ['colcon_pkg']
[0.400s] Level 1:colcon.colcon_core.package_identification:_identify(.) by extension 'colcon_pkg'
[0.400s] Level 1:colcon.colcon_core.package_identification:_identify(.) by extensions ['colcon_meta']
[0.400s] Level 1:colcon.colcon_core.package_identification:_identify(.) by extension 'colcon_meta'
[0.400s] Level 1:colcon.colcon_core.package_identification:_identify(.) by extensions ['ros']
[0.400s] Level 1:colcon.colcon_core.package_identification:_identify(.) by extension 'ros'
[0.406s] Level 1:colcon.colcon_core.package_identification:_identify(.) by extensions ['cmake', 'python']
[0.406s] Level 1:colcon.colcon_core.package_identification:_identify(.) by extension 'cmake'
[0.407s] Level 1:colcon.colcon_core.package_identification:_identify(.) by extension 'python'
[0.407s] Level 1:colcon.colcon_core.package_identification:_identify(.) by extensions ['python_setup_py']
[0.407s] Level 1:colcon.colcon_core.package_identification:_identify(.) by extension 'python_setup_py'
[0.407s] Level 1:colcon.colcon_core.package_identification:_identify(build) by extensions ['ignore', 'ignore_ament_install']
[0.407s] Level 1:colcon.colcon_core.package_identification:_identify(build) by extension 'ignore'
[0.407s] Level 1:colcon.colcon_core.package_identification:_identify(build) ignored
[0.407s] Level 1:colcon.colcon_core.package_identification:_identify(install) by extensions ['ignore', 'ignore_ament_install']
[0.407s] Level 1:colcon.colcon_core.package_identification:_identify(install) by extension 'ignore'
[0.407s] Level 1:colcon.colcon_core.package_identification:_identify(install) ignored
[0.407s] Level 1:colcon.colcon_core.package_identification:_identify(log) by extensions ['ignore', 'ignore_ament_install']
[0.407s] Level 1:colcon.colcon_core.package_identification:_identify(log) by extension 'ignore'
[0.407s] Level 1:colcon.colcon_core.package_identification:_identify(log) ignored
[0.407s] Level 1:colcon.colcon_core.package_identification:_identify(src) by extensions ['ignore', 'ignore_ament_install']
[0.407s] Level 1:colcon.colcon_core.package_identification:_identify(src) by extension 'ignore'
[0.407s] Level 1:colcon.colcon_core.package_identification:_identify(src) by extension 'ignore_ament_install'
[0.407s] Level 1:colcon.colcon_core.package_identification:_identify(src) by extensions ['colcon_pkg']
[0.407s] Level 1:colcon.colcon_core.package_identification:_identify(src) by extension 'colcon_pkg'
[0.407s] Level 1:colcon.colcon_core.package_identification:_identify(src) by extensions ['colcon_meta']
[0.407s] Level 1:colcon.colcon_core.package_identification:_identify(src) by extension 'colcon_meta'
[0.407s] Level 1:colcon.colcon_core.package_identification:_identify(src) by extensions ['ros']
[0.407s] Level 1:colcon.colcon_core.package_identification:_identify(src) by extension 'ros'
[0.407s] Level 1:colcon.colcon_core.package_identification:_identify(src) by extensions ['cmake', 'python']
[0.407s] Level 1:colcon.colcon_core.package_identification:_identify(src) by extension 'cmake'
[0.407s] Level 1:colcon.colcon_core.package_identification:_identify(src) by extension 'python'
[0.407s] Level 1:colcon.colcon_core.package_identification:_identify(src) by extensions ['python_setup_py']
[0.408s] Level 1:colcon.colcon_core.package_identification:_identify(src) by extension 'python_setup_py'
[0.408s] Level 1:colcon.colcon_core.package_identification:_identify(src/fairino5_v6_moveit2_config) by extensions ['ignore', 'ignore_ament_install']
[0.408s] Level 1:colcon.colcon_core.package_identification:_identify(src/fairino5_v6_moveit2_config) by extension 'ignore'
[0.408s] Level 1:colcon.colcon_core.package_identification:_identify(src/fairino5_v6_moveit2_config) by extension 'ignore_ament_install'
[0.408s] Level 1:colcon.colcon_core.package_identification:_identify(src/fairino5_v6_moveit2_config) by extensions ['colcon_pkg']
[0.408s] Level 1:colcon.colcon_core.package_identification:_identify(src/fairino5_v6_moveit2_config) by extension 'colcon_pkg'
[0.408s] Level 1:colcon.colcon_core.package_identification:_identify(src/fairino5_v6_moveit2_config) by extensions ['colcon_meta']
[0.408s] Level 1:colcon.colcon_core.package_identification:_identify(src/fairino5_v6_moveit2_config) by extension 'colcon_meta'
[0.408s] Level 1:colcon.colcon_core.package_identification:_identify(src/fairino5_v6_moveit2_config) by extensions ['ros']
[0.408s] Level 1:colcon.colcon_core.package_identification:_identify(src/fairino5_v6_moveit2_config) by extension 'ros'
[0.409s] DEBUG:colcon.colcon_core.package_identification:Package 'src/fairino5_v6_moveit2_config' with type 'ros.ament_cmake' and name 'fairino5_v6_moveit2_config'
[0.409s] Level 1:colcon.colcon_core.package_identification:_identify(src/fairino_description) by extensions ['ignore', 'ignore_ament_install']
[0.409s] Level 1:colcon.colcon_core.package_identification:_identify(src/fairino_description) by extension 'ignore'
[0.409s] Level 1:colcon.colcon_core.package_identification:_identify(src/fairino_description) by extension 'ignore_ament_install'
[0.409s] Level 1:colcon.colcon_core.package_identification:_identify(src/fairino_description) by extensions ['colcon_pkg']
[0.409s] Level 1:colcon.colcon_core.package_identification:_identify(src/fairino_description) by extension 'colcon_pkg'
[0.409s] Level 1:colcon.colcon_core.package_identification:_identify(src/fairino_description) by extensions ['colcon_meta']
[0.410s] Level 1:colcon.colcon_core.package_identification:_identify(src/fairino_description) by extension 'colcon_meta'
[0.410s] Level 1:colcon.colcon_core.package_identification:_identify(src/fairino_description) by extensions ['ros']
[0.410s] Level 1:colcon.colcon_core.package_identification:_identify(src/fairino_description) by extension 'ros'
[0.410s] DEBUG:colcon.colcon_core.package_identification:Package 'src/fairino_description' with type 'ros.ament_cmake' and name 'fairino_description'
[0.410s] Level 1:colcon.colcon_core.package_identification:_identify(src/fairino_hardware) by extensions ['ignore', 'ignore_ament_install']
[0.410s] Level 1:colcon.colcon_core.package_identification:_identify(src/fairino_hardware) by extension 'ignore'
[0.410s] Level 1:colcon.colcon_core.package_identification:_identify(src/fairino_hardware) by extension 'ignore_ament_install'
[0.410s] Level 1:colcon.colcon_core.package_identification:_identify(src/fairino_hardware) by extensions ['colcon_pkg']
[0.410s] Level 1:colcon.colcon_core.package_identification:_identify(src/fairino_hardware) by extension 'colcon_pkg'
[0.410s] Level 1:colcon.colcon_core.package_identification:_identify(src/fairino_hardware) by extensions ['colcon_meta']
[0.410s] Level 1:colcon.colcon_core.package_identification:_identify(src/fairino_hardware) by extension 'colcon_meta'
[0.410s] Level 1:colcon.colcon_core.package_identification:_identify(src/fairino_hardware) by extensions ['ros']
[0.410s] Level 1:colcon.colcon_core.package_identification:_identify(src/fairino_hardware) by extension 'ros'
[0.411s] DEBUG:colcon.colcon_core.package_identification:Package 'src/fairino_hardware' with type 'ros.ament_cmake' and name 'fairino_hardware'
[0.411s] Level 1:colcon.colcon_core.package_identification:_identify(src/fairino_msgs) by extensions ['ignore', 'ignore_ament_install']
[0.411s] Level 1:colcon.colcon_core.package_identification:_identify(src/fairino_msgs) by extension 'ignore'
[0.411s] Level 1:colcon.colcon_core.package_identification:_identify(src/fairino_msgs) by extension 'ignore_ament_install'
[0.411s] Level 1:colcon.colcon_core.package_identification:_identify(src/fairino_msgs) by extensions ['colcon_pkg']
[0.411s] Level 1:colcon.colcon_core.package_identification:_identify(src/fairino_msgs) by extension 'colcon_pkg'
[0.411s] Level 1:colcon.colcon_core.package_identification:_identify(src/fairino_msgs) by extensions ['colcon_meta']
[0.411s] Level 1:colcon.colcon_core.package_identification:_identify(src/fairino_msgs) by extension 'colcon_meta'
[0.411s] Level 1:colcon.colcon_core.package_identification:_identify(src/fairino_msgs) by extensions ['ros']
[0.411s] Level 1:colcon.colcon_core.package_identification:_identify(src/fairino_msgs) by extension 'ros'
[0.411s] DEBUG:colcon.colcon_core.package_identification:Package 'src/fairino_msgs' with type 'ros.ament_cmake' and name 'fairino_msgs'
[0.411s] Level 1:colcon.colcon_core.package_identification:_identify(src/moveit2_handeye_calib) by extensions ['ignore', 'ignore_ament_install']
[0.411s] Level 1:colcon.colcon_core.package_identification:_identify(src/moveit2_handeye_calib) by extension 'ignore'
[0.411s] Level 1:colcon.colcon_core.package_identification:_identify(src/moveit2_handeye_calib) by extension 'ignore_ament_install'
[0.411s] Level 1:colcon.colcon_core.package_identification:_identify(src/moveit2_handeye_calib) by extensions ['colcon_pkg']
[0.411s] Level 1:colcon.colcon_core.package_identification:_identify(src/moveit2_handeye_calib) by extension 'colcon_pkg'
[0.411s] Level 1:colcon.colcon_core.package_identification:_identify(src/moveit2_handeye_calib) by extensions ['colcon_meta']
[0.411s] Level 1:colcon.colcon_core.package_identification:_identify(src/moveit2_handeye_calib) by extension 'colcon_meta'
[0.411s] Level 1:colcon.colcon_core.package_identification:_identify(src/moveit2_handeye_calib) by extensions ['ros']
[0.411s] Level 1:colcon.colcon_core.package_identification:_identify(src/moveit2_handeye_calib) by extension 'ros'
[0.411s] Level 1:colcon.colcon_core.package_identification:_identify(src/moveit2_handeye_calib) by extensions ['cmake', 'python']
[0.411s] Level 1:colcon.colcon_core.package_identification:_identify(src/moveit2_handeye_calib) by extension 'cmake'
[0.411s] Level 1:colcon.colcon_core.package_identification:_identify(src/moveit2_handeye_calib) by extension 'python'
[0.411s] Level 1:colcon.colcon_core.package_identification:_identify(src/moveit2_handeye_calib) by extensions ['python_setup_py']
[0.411s] Level 1:colcon.colcon_core.package_identification:_identify(src/moveit2_handeye_calib) by extension 'python_setup_py'
[0.411s] Level 1:colcon.colcon_core.package_identification:_identify(src/robotiq_2f_85_gripper_visualization) by extensions ['ignore', 'ignore_ament_install']
[0.411s] Level 1:colcon.colcon_core.package_identification:_identify(src/robotiq_2f_85_gripper_visualization) by extension 'ignore'
[0.411s] Level 1:colcon.colcon_core.package_identification:_identify(src/robotiq_2f_85_gripper_visualization) by extension 'ignore_ament_install'
[0.411s] Level 1:colcon.colcon_core.package_identification:_identify(src/robotiq_2f_85_gripper_visualization) by extensions ['colcon_pkg']
[0.411s] Level 1:colcon.colcon_core.package_identification:_identify(src/robotiq_2f_85_gripper_visualization) by extension 'colcon_pkg'
[0.411s] Level 1:colcon.colcon_core.package_identification:_identify(src/robotiq_2f_85_gripper_visualization) by extensions ['colcon_meta']
[0.411s] Level 1:colcon.colcon_core.package_identification:_identify(src/robotiq_2f_85_gripper_visualization) by extension 'colcon_meta'
[0.411s] Level 1:colcon.colcon_core.package_identification:_identify(src/robotiq_2f_85_gripper_visualization) by extensions ['ros']
[0.411s] Level 1:colcon.colcon_core.package_identification:_identify(src/robotiq_2f_85_gripper_visualization) by extension 'ros'
[0.412s] DEBUG:colcon.colcon_core.package_identification:Package 'src/robotiq_2f_85_gripper_visualization' with type 'ros.ament_cmake' and name 'robotiq_2f_85_gripper_visualization'
[0.412s] Level 1:colcon.colcon_core.package_discovery:discover_packages(recursive) using defaults
[0.412s] Level 1:colcon.colcon_core.package_discovery:discover_packages(ignore) discover
[0.412s] Level 1:colcon.colcon_core.package_discovery:discover_packages(ignore) using defaults
[0.412s] Level 1:colcon.colcon_core.package_discovery:discover_packages(path) discover
[0.412s] Level 1:colcon.colcon_core.package_discovery:discover_packages(path) using defaults
[0.430s] Level 1:colcon.colcon_core.package_discovery:discover_packages(prefix_path) check parameters
[0.430s] Level 1:colcon.colcon_core.package_discovery:discover_packages(prefix_path) discover
[0.430s] WARNING:colcon.colcon_ros.prefix_path.ament:The path '/home/ljw2/fairno5/install/robotiq_2f_85_gripper_visualization' in the environment variable AMENT_PREFIX_PATH doesn't exist
[0.430s] WARNING:colcon.colcon_ros.prefix_path.ament:The path '/home/ljw2/fairno5/install/fairino_hardware' in the environment variable AMENT_PREFIX_PATH doesn't exist
[0.430s] WARNING:colcon.colcon_ros.prefix_path.ament:The path '/home/ljw2/fairno5/install/fairino_msgs' in the environment variable AMENT_PREFIX_PATH doesn't exist
[0.430s] WARNING:colcon.colcon_ros.prefix_path.ament:The path '/home/ljw2/fairno5/install/fairino5_v6_moveit2_config' in the environment variable AMENT_PREFIX_PATH doesn't exist
[0.430s] WARNING:colcon.colcon_ros.prefix_path.ament:The path '/home/ljw2/fairno5/install/fairino_description' in the environment variable AMENT_PREFIX_PATH doesn't exist
[0.431s] WARNING:colcon.colcon_ros.prefix_path.catkin:The path '/home/ljw2/fairno5/install/robotiq_2f_85_gripper_visualization' in the environment variable CMAKE_PREFIX_PATH doesn't exist
[0.431s] WARNING:colcon.colcon_ros.prefix_path.catkin:The path '/home/ljw2/fairno5/install/fairino_hardware' in the environment variable CMAKE_PREFIX_PATH doesn't exist
[0.431s] WARNING:colcon.colcon_ros.prefix_path.catkin:The path '/home/ljw2/fairno5/install/fairino_msgs' in the environment variable CMAKE_PREFIX_PATH doesn't exist
[0.431s] WARNING:colcon.colcon_ros.prefix_path.catkin:The path '/home/ljw2/fairno5/install/fairino5_v6_moveit2_config' in the environment variable CMAKE_PREFIX_PATH doesn't exist
[0.431s] WARNING:colcon.colcon_ros.prefix_path.catkin:The path '/home/ljw2/fairno5/install/fairino_description' in the environment variable CMAKE_PREFIX_PATH doesn't exist
[0.431s] DEBUG:colcon.colcon_installed_package_information.package_discovery:Found 0 installed packages in /home/ljw2/fairno5/install
[0.432s] DEBUG:colcon.colcon_installed_package_information.package_discovery:Found 359 installed packages in /opt/ros/humble
[0.433s] Level 1:colcon.colcon_core.package_discovery:discover_packages(prefix_path) using defaults
[0.455s] Level 5:colcon.colcon_core.verb:set package 'fairino_description' build argument 'cmake_args' from command line to 'None'
[0.455s] Level 5:colcon.colcon_core.verb:set package 'fairino_description' build argument 'cmake_target' from command line to 'None'
[0.456s] Level 5:colcon.colcon_core.verb:set package 'fairino_description' build argument 'cmake_target_skip_unavailable' from command line to 'False'
[0.456s] Level 5:colcon.colcon_core.verb:set package 'fairino_description' build argument 'cmake_clean_cache' from command line to 'False'
[0.456s] Level 5:colcon.colcon_core.verb:set package 'fairino_description' build argument 'cmake_clean_first' from command line to 'False'
[0.456s] Level 5:colcon.colcon_core.verb:set package 'fairino_description' build argument 'cmake_force_configure' from command line to 'False'
[0.456s] Level 5:colcon.colcon_core.verb:set package 'fairino_description' build argument 'ament_cmake_args' from command line to 'None'
[0.456s] Level 5:colcon.colcon_core.verb:set package 'fairino_description' build argument 'catkin_cmake_args' from command line to 'None'
[0.456s] Level 5:colcon.colcon_core.verb:set package 'fairino_description' build argument 'catkin_skip_building_tests' from command line to 'False'
[0.456s] DEBUG:colcon.colcon_core.verb:Building package 'fairino_description' with the following arguments: {'ament_cmake_args': None, 'build_base': '/home/ljw2/fairno5/build/fairino_description', 'catkin_cmake_args': None, 'catkin_skip_building_tests': False, 'cmake_args': None, 'cmake_clean_cache': False, 'cmake_clean_first': False, 'cmake_force_configure': False, 'cmake_target': None, 'cmake_target_skip_unavailable': False, 'install_base': '/home/ljw2/fairno5/install/fairino_description', 'merge_install': False, 'path': '/home/ljw2/fairno5/src/fairino_description', 'symlink_install': False, 'test_result_base': None}
[0.456s] Level 5:colcon.colcon_core.verb:set package 'fairino_msgs' build argument 'cmake_args' from command line to 'None'
[0.456s] Level 5:colcon.colcon_core.verb:set package 'fairino_msgs' build argument 'cmake_target' from command line to 'None'
[0.456s] Level 5:colcon.colcon_core.verb:set package 'fairino_msgs' build argument 'cmake_target_skip_unavailable' from command line to 'False'
[0.456s] Level 5:colcon.colcon_core.verb:set package 'fairino_msgs' build argument 'cmake_clean_cache' from command line to 'False'
[0.456s] Level 5:colcon.colcon_core.verb:set package 'fairino_msgs' build argument 'cmake_clean_first' from command line to 'False'
[0.456s] Level 5:colcon.colcon_core.verb:set package 'fairino_msgs' build argument 'cmake_force_configure' from command line to 'False'
[0.456s] Level 5:colcon.colcon_core.verb:set package 'fairino_msgs' build argument 'ament_cmake_args' from command line to 'None'
[0.456s] Level 5:colcon.colcon_core.verb:set package 'fairino_msgs' build argument 'catkin_cmake_args' from command line to 'None'
[0.456s] Level 5:colcon.colcon_core.verb:set package 'fairino_msgs' build argument 'catkin_skip_building_tests' from command line to 'False'
[0.456s] DEBUG:colcon.colcon_core.verb:Building package 'fairino_msgs' with the following arguments: {'ament_cmake_args': None, 'build_base': '/home/ljw2/fairno5/build/fairino_msgs', 'catkin_cmake_args': None, 'catkin_skip_building_tests': False, 'cmake_args': None, 'cmake_clean_cache': False, 'cmake_clean_first': False, 'cmake_force_configure': False, 'cmake_target': None, 'cmake_target_skip_unavailable': False, 'install_base': '/home/ljw2/fairno5/install/fairino_msgs', 'merge_install': False, 'path': '/home/ljw2/fairno5/src/fairino_msgs', 'symlink_install': False, 'test_result_base': None}
[0.456s] Level 5:colcon.colcon_core.verb:set package 'robotiq_2f_85_gripper_visualization' build argument 'cmake_args' from command line to 'None'
[0.456s] Level 5:colcon.colcon_core.verb:set package 'robotiq_2f_85_gripper_visualization' build argument 'cmake_target' from command line to 'None'
[0.456s] Level 5:colcon.colcon_core.verb:set package 'robotiq_2f_85_gripper_visualization' build argument 'cmake_target_skip_unavailable' from command line to 'False'
[0.456s] Level 5:colcon.colcon_core.verb:set package 'robotiq_2f_85_gripper_visualization' build argument 'cmake_clean_cache' from command line to 'False'
[0.456s] Level 5:colcon.colcon_core.verb:set package 'robotiq_2f_85_gripper_visualization' build argument 'cmake_clean_first' from command line to 'False'
[0.456s] Level 5:colcon.colcon_core.verb:set package 'robotiq_2f_85_gripper_visualization' build argument 'cmake_force_configure' from command line to 'False'
[0.456s] Level 5:colcon.colcon_core.verb:set package 'robotiq_2f_85_gripper_visualization' build argument 'ament_cmake_args' from command line to 'None'
[0.456s] Level 5:colcon.colcon_core.verb:set package 'robotiq_2f_85_gripper_visualization' build argument 'catkin_cmake_args' from command line to 'None'
[0.456s] Level 5:colcon.colcon_core.verb:set package 'robotiq_2f_85_gripper_visualization' build argument 'catkin_skip_building_tests' from command line to 'False'
[0.456s] DEBUG:colcon.colcon_core.verb:Building package 'robotiq_2f_85_gripper_visualization' with the following arguments: {'ament_cmake_args': None, 'build_base': '/home/ljw2/fairno5/build/robotiq_2f_85_gripper_visualization', 'catkin_cmake_args': None, 'catkin_skip_building_tests': False, 'cmake_args': None, 'cmake_clean_cache': False, 'cmake_clean_first': False, 'cmake_force_configure': False, 'cmake_target': None, 'cmake_target_skip_unavailable': False, 'install_base': '/home/ljw2/fairno5/install/robotiq_2f_85_gripper_visualization', 'merge_install': False, 'path': '/home/ljw2/fairno5/src/robotiq_2f_85_gripper_visualization', 'symlink_install': False, 'test_result_base': None}
[0.456s] Level 5:colcon.colcon_core.verb:set package 'fairino5_v6_moveit2_config' build argument 'cmake_args' from command line to 'None'
[0.456s] Level 5:colcon.colcon_core.verb:set package 'fairino5_v6_moveit2_config' build argument 'cmake_target' from command line to 'None'
[0.456s] Level 5:colcon.colcon_core.verb:set package 'fairino5_v6_moveit2_config' build argument 'cmake_target_skip_unavailable' from command line to 'False'
[0.456s] Level 5:colcon.colcon_core.verb:set package 'fairino5_v6_moveit2_config' build argument 'cmake_clean_cache' from command line to 'False'
[0.456s] Level 5:colcon.colcon_core.verb:set package 'fairino5_v6_moveit2_config' build argument 'cmake_clean_first' from command line to 'False'
[0.456s] Level 5:colcon.colcon_core.verb:set package 'fairino5_v6_moveit2_config' build argument 'cmake_force_configure' from command line to 'False'
[0.456s] Level 5:colcon.colcon_core.verb:set package 'fairino5_v6_moveit2_config' build argument 'ament_cmake_args' from command line to 'None'
[0.456s] Level 5:colcon.colcon_core.verb:set package 'fairino5_v6_moveit2_config' build argument 'catkin_cmake_args' from command line to 'None'
[0.456s] Level 5:colcon.colcon_core.verb:set package 'fairino5_v6_moveit2_config' build argument 'catkin_skip_building_tests' from command line to 'False'
[0.456s] DEBUG:colcon.colcon_core.verb:Building package 'fairino5_v6_moveit2_config' with the following arguments: {'ament_cmake_args': None, 'build_base': '/home/ljw2/fairno5/build/fairino5_v6_moveit2_config', 'catkin_cmake_args': None, 'catkin_skip_building_tests': False, 'cmake_args': None, 'cmake_clean_cache': False, 'cmake_clean_first': False, 'cmake_force_configure': False, 'cmake_target': None, 'cmake_target_skip_unavailable': False, 'install_base': '/home/ljw2/fairno5/install/fairino5_v6_moveit2_config', 'merge_install': False, 'path': '/home/ljw2/fairno5/src/fairino5_v6_moveit2_config', 'symlink_install': False, 'test_result_base': None}
[0.457s] Level 5:colcon.colcon_core.verb:set package 'fairino_hardware' build argument 'cmake_args' from command line to 'None'
[0.457s] Level 5:colcon.colcon_core.verb:set package 'fairino_hardware' build argument 'cmake_target' from command line to 'None'
[0.457s] Level 5:colcon.colcon_core.verb:set package 'fairino_hardware' build argument 'cmake_target_skip_unavailable' from command line to 'False'
[0.457s] Level 5:colcon.colcon_core.verb:set package 'fairino_hardware' build argument 'cmake_clean_cache' from command line to 'False'
[0.457s] Level 5:colcon.colcon_core.verb:set package 'fairino_hardware' build argument 'cmake_clean_first' from command line to 'False'
[0.457s] Level 5:colcon.colcon_core.verb:set package 'fairino_hardware' build argument 'cmake_force_configure' from command line to 'False'
[0.457s] Level 5:colcon.colcon_core.verb:set package 'fairino_hardware' build argument 'ament_cmake_args' from command line to 'None'
[0.457s] Level 5:colcon.colcon_core.verb:set package 'fairino_hardware' build argument 'catkin_cmake_args' from command line to 'None'
[0.457s] Level 5:colcon.colcon_core.verb:set package 'fairino_hardware' build argument 'catkin_skip_building_tests' from command line to 'False'
[0.457s] DEBUG:colcon.colcon_core.verb:Building package 'fairino_hardware' with the following arguments: {'ament_cmake_args': None, 'build_base': '/home/ljw2/fairno5/build/fairino_hardware', 'catkin_cmake_args': None, 'catkin_skip_building_tests': False, 'cmake_args': None, 'cmake_clean_cache': False, 'cmake_clean_first': False, 'cmake_force_configure': False, 'cmake_target': None, 'cmake_target_skip_unavailable': False, 'install_base': '/home/ljw2/fairno5/install/fairino_hardware', 'merge_install': False, 'path': '/home/ljw2/fairno5/src/fairino_hardware', 'symlink_install': False, 'test_result_base': None}
[0.457s] INFO:colcon.colcon_core.executor:Executing jobs using 'parallel' executor
[0.458s] DEBUG:colcon.colcon_parallel_executor.executor.parallel:run_until_complete
[0.458s] INFO:colcon.colcon_ros.task.ament_cmake.build:Building ROS package in '/home/ljw2/fairno5/src/fairino_description' with build type 'ament_cmake'
[0.458s] INFO:colcon.colcon_cmake.task.cmake.build:Building CMake package in '/home/ljw2/fairno5/src/fairino_description'
[0.460s] INFO:colcon.colcon_core.plugin_system:Skipping extension 'colcon_core.shell.bat': Not used on non-Windows systems
[0.460s] INFO:colcon.colcon_core.shell:Skip shell extension 'powershell' for command environment: Not usable outside of PowerShell
[0.460s] DEBUG:colcon.colcon_core.shell:Skip shell extension 'dsv' for command environment
[0.462s] INFO:colcon.colcon_ros.task.ament_cmake.build:Building ROS package in '/home/ljw2/fairno5/src/fairino_msgs' with build type 'ament_cmake'
[0.463s] INFO:colcon.colcon_cmake.task.cmake.build:Building CMake package in '/home/ljw2/fairno5/src/fairino_msgs'
[0.463s] INFO:colcon.colcon_core.shell:Skip shell extension 'powershell' for command environment: Not usable outside of PowerShell
[0.463s] DEBUG:colcon.colcon_core.shell:Skip shell extension 'dsv' for command environment
[0.465s] INFO:colcon.colcon_ros.task.ament_cmake.build:Building ROS package in '/home/ljw2/fairno5/src/robotiq_2f_85_gripper_visualization' with build type 'ament_cmake'
[0.465s] INFO:colcon.colcon_cmake.task.cmake.build:Building CMake package in '/home/ljw2/fairno5/src/robotiq_2f_85_gripper_visualization'
[0.465s] INFO:colcon.colcon_core.shell:Skip shell extension 'powershell' for command environment: Not usable outside of PowerShell
[0.465s] DEBUG:colcon.colcon_core.shell:Skip shell extension 'dsv' for command environment
[0.470s] DEBUG:colcon.colcon_core.event_handler.log_command:Invoking command in '/home/ljw2/fairno5/build/fairino_description': CMAKE_PREFIX_PATH=${CMAKE_PREFIX_PATH}:/opt/ros/humble /usr/bin/cmake /home/ljw2/fairno5/src/fairino_description -DCMAKE_INSTALL_PREFIX=/home/ljw2/fairno5/install/fairino_description
[0.474s] DEBUG:colcon.colcon_core.event_handler.log_command:Invoking command in '/home/ljw2/fairno5/build/fairino_msgs': CMAKE_PREFIX_PATH=${CMAKE_PREFIX_PATH}:/opt/ros/humble /usr/bin/cmake /home/ljw2/fairno5/src/fairino_msgs -DCMAKE_INSTALL_PREFIX=/home/ljw2/fairno5/install/fairino_msgs
[0.476s] DEBUG:colcon.colcon_core.event_handler.log_command:Invoking command in '/home/ljw2/fairno5/build/robotiq_2f_85_gripper_visualization': CMAKE_PREFIX_PATH=${CMAKE_PREFIX_PATH}:/opt/ros/humble /usr/bin/cmake /home/ljw2/fairno5/src/robotiq_2f_85_gripper_visualization -DCMAKE_INSTALL_PREFIX=/home/ljw2/fairno5/install/robotiq_2f_85_gripper_visualization
[7.223s] DEBUG:colcon.colcon_core.event_handler.log_command:Invoked command in '/home/ljw2/fairno5/build/fairino_msgs' returned '0': CMAKE_PREFIX_PATH=${CMAKE_PREFIX_PATH}:/opt/ros/humble /usr/bin/cmake /home/ljw2/fairno5/src/fairino_msgs -DCMAKE_INSTALL_PREFIX=/home/ljw2/fairno5/install/fairino_msgs
[7.224s] DEBUG:colcon.colcon_core.event_handler.log_command:Invoking command in '/home/ljw2/fairno5/build/fairino_msgs': CMAKE_PREFIX_PATH=${CMAKE_PREFIX_PATH}:/opt/ros/humble /usr/bin/cmake --build /home/ljw2/fairno5/build/fairino_msgs -- -j24 -l24
[8.102s] DEBUG:colcon.colcon_core.event_handler.log_command:Invoked command in '/home/ljw2/fairno5/build/robotiq_2f_85_gripper_visualization' returned '0': CMAKE_PREFIX_PATH=${CMAKE_PREFIX_PATH}:/opt/ros/humble /usr/bin/cmake /home/ljw2/fairno5/src/robotiq_2f_85_gripper_visualization -DCMAKE_INSTALL_PREFIX=/home/ljw2/fairno5/install/robotiq_2f_85_gripper_visualization
[8.104s] DEBUG:colcon.colcon_core.event_handler.log_command:Invoking command in '/home/ljw2/fairno5/build/robotiq_2f_85_gripper_visualization': CMAKE_PREFIX_PATH=${CMAKE_PREFIX_PATH}:/opt/ros/humble /usr/bin/cmake --build /home/ljw2/fairno5/build/robotiq_2f_85_gripper_visualization -- -j24 -l24
[8.108s] DEBUG:colcon.colcon_core.event_handler.log_command:Invoked command in '/home/ljw2/fairno5/build/fairino_description' returned '0': CMAKE_PREFIX_PATH=${CMAKE_PREFIX_PATH}:/opt/ros/humble /usr/bin/cmake /home/ljw2/fairno5/src/fairino_description -DCMAKE_INSTALL_PREFIX=/home/ljw2/fairno5/install/fairino_description
[8.109s] DEBUG:colcon.colcon_core.event_handler.log_command:Invoking command in '/home/ljw2/fairno5/build/fairino_description': CMAKE_PREFIX_PATH=${CMAKE_PREFIX_PATH}:/opt/ros/humble /usr/bin/cmake --build /home/ljw2/fairno5/build/fairino_description -- -j24 -l24
[8.134s] DEBUG:colcon.colcon_core.event_handler.log_command:Invoked command in '/home/ljw2/fairno5/build/robotiq_2f_85_gripper_visualization' returned '0': CMAKE_PREFIX_PATH=${CMAKE_PREFIX_PATH}:/opt/ros/humble /usr/bin/cmake --build /home/ljw2/fairno5/build/robotiq_2f_85_gripper_visualization -- -j24 -l24
[8.141s] DEBUG:colcon.colcon_core.event_handler.log_command:Invoking command in '/home/ljw2/fairno5/build/robotiq_2f_85_gripper_visualization': CMAKE_PREFIX_PATH=${CMAKE_PREFIX_PATH}:/opt/ros/humble /usr/bin/cmake --install /home/ljw2/fairno5/build/robotiq_2f_85_gripper_visualization
[8.142s] DEBUG:colcon.colcon_core.event_handler.log_command:Invoked command in '/home/ljw2/fairno5/build/fairino_description' returned '0': CMAKE_PREFIX_PATH=${CMAKE_PREFIX_PATH}:/opt/ros/humble /usr/bin/cmake --build /home/ljw2/fairno5/build/fairino_description -- -j24 -l24
[8.143s] DEBUG:colcon.colcon_core.event_handler.log_command:Invoking command in '/home/ljw2/fairno5/build/fairino_description': CMAKE_PREFIX_PATH=${CMAKE_PREFIX_PATH}:/opt/ros/humble /usr/bin/cmake --install /home/ljw2/fairno5/build/fairino_description
[8.156s] Level 1:colcon.colcon_core.environment:create_environment_scripts_only(robotiq_2f_85_gripper_visualization)
[8.156s] DEBUG:colcon.colcon_core.event_handler.log_command:Invoked command in '/home/ljw2/fairno5/build/robotiq_2f_85_gripper_visualization' returned '0': CMAKE_PREFIX_PATH=${CMAKE_PREFIX_PATH}:/opt/ros/humble /usr/bin/cmake --install /home/ljw2/fairno5/build/robotiq_2f_85_gripper_visualization
[8.166s] Level 1:colcon.colcon_core.environment:checking '/home/ljw2/fairno5/install/robotiq_2f_85_gripper_visualization' for CMake module files
[8.167s] Level 1:colcon.colcon_core.environment:checking '/home/ljw2/fairno5/install/robotiq_2f_85_gripper_visualization' for CMake config files
[8.168s] Level 1:colcon.colcon_core.shell:create_environment_hook('robotiq_2f_85_gripper_visualization', 'cmake_prefix_path')
[8.168s] INFO:colcon.colcon_core.shell:Creating environment hook '/home/ljw2/fairno5/install/robotiq_2f_85_gripper_visualization/share/robotiq_2f_85_gripper_visualization/hook/cmake_prefix_path.ps1'
[8.170s] INFO:colcon.colcon_core.shell:Creating environment descriptor '/home/ljw2/fairno5/install/robotiq_2f_85_gripper_visualization/share/robotiq_2f_85_gripper_visualization/hook/cmake_prefix_path.dsv'
[8.171s] INFO:colcon.colcon_core.shell:Creating environment hook '/home/ljw2/fairno5/install/robotiq_2f_85_gripper_visualization/share/robotiq_2f_85_gripper_visualization/hook/cmake_prefix_path.sh'
[8.173s] Level 1:colcon.colcon_core.environment:checking '/home/ljw2/fairno5/install/robotiq_2f_85_gripper_visualization/bin'
[8.173s] Level 1:colcon.colcon_core.environment:checking '/home/ljw2/fairno5/install/robotiq_2f_85_gripper_visualization/lib/pkgconfig/robotiq_2f_85_gripper_visualization.pc'
[8.174s] Level 1:colcon.colcon_core.environment:checking '/home/ljw2/fairno5/install/robotiq_2f_85_gripper_visualization/lib/python3.10/site-packages'
[8.174s] Level 1:colcon.colcon_core.environment:checking '/home/ljw2/fairno5/install/robotiq_2f_85_gripper_visualization/bin'
[8.174s] INFO:colcon.colcon_core.shell:Creating package script '/home/ljw2/fairno5/install/robotiq_2f_85_gripper_visualization/share/robotiq_2f_85_gripper_visualization/package.ps1'
[8.176s] INFO:colcon.colcon_core.shell:Creating package descriptor '/home/ljw2/fairno5/install/robotiq_2f_85_gripper_visualization/share/robotiq_2f_85_gripper_visualization/package.dsv'
[8.176s] INFO:colcon.colcon_core.shell:Creating package script '/home/ljw2/fairno5/install/robotiq_2f_85_gripper_visualization/share/robotiq_2f_85_gripper_visualization/package.sh'
[8.177s] INFO:colcon.colcon_core.shell:Creating package script '/home/ljw2/fairno5/install/robotiq_2f_85_gripper_visualization/share/robotiq_2f_85_gripper_visualization/package.bash'
[8.179s] INFO:colcon.colcon_core.shell:Creating package script '/home/ljw2/fairno5/install/robotiq_2f_85_gripper_visualization/share/robotiq_2f_85_gripper_visualization/package.zsh'
[8.180s] Level 1:colcon.colcon_core.environment:create_file_with_runtime_dependencies(/home/ljw2/fairno5/install/robotiq_2f_85_gripper_visualization/share/colcon-core/packages/robotiq_2f_85_gripper_visualization)
[8.182s] Level 1:colcon.colcon_core.environment:create_environment_scripts_only(robotiq_2f_85_gripper_visualization)
[8.182s] Level 1:colcon.colcon_core.environment:checking '/home/ljw2/fairno5/install/robotiq_2f_85_gripper_visualization' for CMake module files
[8.185s] Level 1:colcon.colcon_core.environment:checking '/home/ljw2/fairno5/install/robotiq_2f_85_gripper_visualization' for CMake config files
[8.187s] Level 1:colcon.colcon_core.shell:create_environment_hook('robotiq_2f_85_gripper_visualization', 'cmake_prefix_path')
[8.187s] INFO:colcon.colcon_core.shell:Creating environment hook '/home/ljw2/fairno5/install/robotiq_2f_85_gripper_visualization/share/robotiq_2f_85_gripper_visualization/hook/cmake_prefix_path.ps1'
[8.188s] INFO:colcon.colcon_core.shell:Creating environment descriptor '/home/ljw2/fairno5/install/robotiq_2f_85_gripper_visualization/share/robotiq_2f_85_gripper_visualization/hook/cmake_prefix_path.dsv'
[8.188s] INFO:colcon.colcon_core.shell:Creating environment hook '/home/ljw2/fairno5/install/robotiq_2f_85_gripper_visualization/share/robotiq_2f_85_gripper_visualization/hook/cmake_prefix_path.sh'
[8.189s] Level 1:colcon.colcon_core.environment:checking '/home/ljw2/fairno5/install/robotiq_2f_85_gripper_visualization/bin'
[8.189s] Level 1:colcon.colcon_core.environment:checking '/home/ljw2/fairno5/install/robotiq_2f_85_gripper_visualization/lib/pkgconfig/robotiq_2f_85_gripper_visualization.pc'
[8.189s] Level 1:colcon.colcon_core.environment:checking '/home/ljw2/fairno5/install/robotiq_2f_85_gripper_visualization/lib/python3.10/site-packages'
[8.190s] Level 1:colcon.colcon_core.environment:checking '/home/ljw2/fairno5/install/robotiq_2f_85_gripper_visualization/bin'
[8.190s] INFO:colcon.colcon_core.shell:Creating package script '/home/ljw2/fairno5/install/robotiq_2f_85_gripper_visualization/share/robotiq_2f_85_gripper_visualization/package.ps1'
[8.191s] INFO:colcon.colcon_core.shell:Creating package descriptor '/home/ljw2/fairno5/install/robotiq_2f_85_gripper_visualization/share/robotiq_2f_85_gripper_visualization/package.dsv'
[8.191s] INFO:colcon.colcon_core.shell:Creating package script '/home/ljw2/fairno5/install/robotiq_2f_85_gripper_visualization/share/robotiq_2f_85_gripper_visualization/package.sh'
[8.192s] INFO:colcon.colcon_core.shell:Creating package script '/home/ljw2/fairno5/install/robotiq_2f_85_gripper_visualization/share/robotiq_2f_85_gripper_visualization/package.bash'
[8.192s] INFO:colcon.colcon_core.shell:Creating package script '/home/ljw2/fairno5/install/robotiq_2f_85_gripper_visualization/share/robotiq_2f_85_gripper_visualization/package.zsh'
[8.192s] Level 1:colcon.colcon_core.environment:create_file_with_runtime_dependencies(/home/ljw2/fairno5/install/robotiq_2f_85_gripper_visualization/share/colcon-core/packages/robotiq_2f_85_gripper_visualization)
[8.193s] Level 1:colcon.colcon_core.environment:create_environment_scripts_only(fairino_description)
[8.194s] Level 1:colcon.colcon_core.environment:checking '/home/ljw2/fairno5/install/fairino_description' for CMake module files
[8.195s] DEBUG:colcon.colcon_core.event_handler.log_command:Invoked command in '/home/ljw2/fairno5/build/fairino_description' returned '0': CMAKE_PREFIX_PATH=${CMAKE_PREFIX_PATH}:/opt/ros/humble /usr/bin/cmake --install /home/ljw2/fairno5/build/fairino_description
[8.195s] Level 1:colcon.colcon_core.environment:checking '/home/ljw2/fairno5/install/fairino_description' for CMake config files
[8.195s] Level 1:colcon.colcon_core.shell:create_environment_hook('fairino_description', 'cmake_prefix_path')
[8.195s] INFO:colcon.colcon_core.shell:Creating environment hook '/home/ljw2/fairno5/install/fairino_description/share/fairino_description/hook/cmake_prefix_path.ps1'
[8.195s] INFO:colcon.colcon_core.shell:Creating environment descriptor '/home/ljw2/fairno5/install/fairino_description/share/fairino_description/hook/cmake_prefix_path.dsv'
[8.196s] INFO:colcon.colcon_core.shell:Creating environment hook '/home/ljw2/fairno5/install/fairino_description/share/fairino_description/hook/cmake_prefix_path.sh'
[8.196s] Level 1:colcon.colcon_core.environment:checking '/home/ljw2/fairno5/install/fairino_description/bin'
[8.196s] Level 1:colcon.colcon_core.environment:checking '/home/ljw2/fairno5/install/fairino_description/lib/pkgconfig/fairino_description.pc'
[8.196s] Level 1:colcon.colcon_core.environment:checking '/home/ljw2/fairno5/install/fairino_description/lib/python3.10/site-packages'
[8.196s] Level 1:colcon.colcon_core.environment:checking '/home/ljw2/fairno5/install/fairino_description/bin'
[8.196s] INFO:colcon.colcon_core.shell:Creating package script '/home/ljw2/fairno5/install/fairino_description/share/fairino_description/package.ps1'
[8.197s] INFO:colcon.colcon_core.shell:Creating package descriptor '/home/ljw2/fairno5/install/fairino_description/share/fairino_description/package.dsv'
[8.197s] INFO:colcon.colcon_core.shell:Creating package script '/home/ljw2/fairno5/install/fairino_description/share/fairino_description/package.sh'
[8.197s] INFO:colcon.colcon_core.shell:Creating package script '/home/ljw2/fairno5/install/fairino_description/share/fairino_description/package.bash'
[8.197s] INFO:colcon.colcon_core.shell:Creating package script '/home/ljw2/fairno5/install/fairino_description/share/fairino_description/package.zsh'
[8.198s] Level 1:colcon.colcon_core.environment:create_file_with_runtime_dependencies(/home/ljw2/fairno5/install/fairino_description/share/colcon-core/packages/fairino_description)
[8.198s] Level 1:colcon.colcon_core.environment:create_environment_scripts_only(fairino_description)
[8.198s] Level 1:colcon.colcon_core.environment:checking '/home/ljw2/fairno5/install/fairino_description' for CMake module files
[8.199s] Level 1:colcon.colcon_core.environment:checking '/home/ljw2/fairno5/install/fairino_description' for CMake config files
[8.199s] Level 1:colcon.colcon_core.shell:create_environment_hook('fairino_description', 'cmake_prefix_path')
[8.199s] INFO:colcon.colcon_core.shell:Creating environment hook '/home/ljw2/fairno5/install/fairino_description/share/fairino_description/hook/cmake_prefix_path.ps1'
[8.199s] INFO:colcon.colcon_core.shell:Creating environment descriptor '/home/ljw2/fairno5/install/fairino_description/share/fairino_description/hook/cmake_prefix_path.dsv'
[8.199s] INFO:colcon.colcon_core.shell:Creating environment hook '/home/ljw2/fairno5/install/fairino_description/share/fairino_description/hook/cmake_prefix_path.sh'
[8.200s] Level 1:colcon.colcon_core.environment:checking '/home/ljw2/fairno5/install/fairino_description/bin'
[8.200s] Level 1:colcon.colcon_core.environment:checking '/home/ljw2/fairno5/install/fairino_description/lib/pkgconfig/fairino_description.pc'
[8.200s] Level 1:colcon.colcon_core.environment:checking '/home/ljw2/fairno5/install/fairino_description/lib/python3.10/site-packages'
[8.200s] Level 1:colcon.colcon_core.environment:checking '/home/ljw2/fairno5/install/fairino_description/bin'
[8.200s] INFO:colcon.colcon_core.shell:Creating package script '/home/ljw2/fairno5/install/fairino_description/share/fairino_description/package.ps1'
[8.201s] INFO:colcon.colcon_core.shell:Creating package descriptor '/home/ljw2/fairno5/install/fairino_description/share/fairino_description/package.dsv'
[8.201s] INFO:colcon.colcon_core.shell:Creating package script '/home/ljw2/fairno5/install/fairino_description/share/fairino_description/package.sh'
[8.201s] INFO:colcon.colcon_core.shell:Creating package script '/home/ljw2/fairno5/install/fairino_description/share/fairino_description/package.bash'
[8.202s] INFO:colcon.colcon_core.shell:Creating package script '/home/ljw2/fairno5/install/fairino_description/share/fairino_description/package.zsh'
[8.202s] Level 1:colcon.colcon_core.environment:create_file_with_runtime_dependencies(/home/ljw2/fairno5/install/fairino_description/share/colcon-core/packages/fairino_description)
[8.203s] INFO:colcon.colcon_ros.task.ament_cmake.build:Building ROS package in '/home/ljw2/fairno5/src/fairino5_v6_moveit2_config' with build type 'ament_cmake'
[8.203s] INFO:colcon.colcon_cmake.task.cmake.build:Building CMake package in '/home/ljw2/fairno5/src/fairino5_v6_moveit2_config'
[8.203s] INFO:colcon.colcon_core.shell:Skip shell extension 'powershell' for command environment: Not usable outside of PowerShell
[8.203s] DEBUG:colcon.colcon_core.shell:Skip shell extension 'dsv' for command environment
[8.326s] DEBUG:colcon.colcon_core.event_handler.log_command:Invoking command in '/home/ljw2/fairno5/build/fairino5_v6_moveit2_config': CMAKE_PREFIX_PATH=/home/ljw2/fairno5/install/fairino_description:/home/ljw2/fairno5/install/robotiq_2f_85_gripper_visualization:/home/ljw2/fairno5/install/fairino_hardware:/home/ljw2/fairno5/install/fairino_msgs:/home/ljw2/fairno5/install/fairino5_v6_moveit2_config:/opt/ros/humble /usr/bin/cmake /home/ljw2/fairno5/src/fairino5_v6_moveit2_config -DCMAKE_INSTALL_PREFIX=/home/ljw2/fairno5/install/fairino5_v6_moveit2_config
[9.833s] DEBUG:colcon.colcon_core.event_handler.log_command:Invoked command in '/home/ljw2/fairno5/build/fairino_msgs' returned '0': CMAKE_PREFIX_PATH=${CMAKE_PREFIX_PATH}:/opt/ros/humble /usr/bin/cmake --build /home/ljw2/fairno5/build/fairino_msgs -- -j24 -l24
[9.834s] DEBUG:colcon.colcon_core.event_handler.log_command:Invoking command in '/home/ljw2/fairno5/build/fairino_msgs': CMAKE_PREFIX_PATH=${CMAKE_PREFIX_PATH}:/opt/ros/humble /usr/bin/cmake --install /home/ljw2/fairno5/build/fairino_msgs
[9.890s] Level 1:colcon.colcon_core.environment:create_environment_scripts_only(fairino_msgs)
[9.891s] Level 1:colcon.colcon_core.environment:checking '/home/ljw2/fairno5/install/fairino_msgs' for CMake module files
[9.891s] DEBUG:colcon.colcon_core.event_handler.log_command:Invoked command in '/home/ljw2/fairno5/build/fairino_msgs' returned '0': CMAKE_PREFIX_PATH=${CMAKE_PREFIX_PATH}:/opt/ros/humble /usr/bin/cmake --install /home/ljw2/fairno5/build/fairino_msgs
[9.891s] Level 1:colcon.colcon_core.environment:checking '/home/ljw2/fairno5/install/fairino_msgs' for CMake config files
[9.892s] Level 1:colcon.colcon_core.shell:create_environment_hook('fairino_msgs', 'cmake_prefix_path')
[9.892s] INFO:colcon.colcon_core.shell:Creating environment hook '/home/ljw2/fairno5/install/fairino_msgs/share/fairino_msgs/hook/cmake_prefix_path.ps1'
[9.892s] INFO:colcon.colcon_core.shell:Creating environment descriptor '/home/ljw2/fairno5/install/fairino_msgs/share/fairino_msgs/hook/cmake_prefix_path.dsv'
[9.892s] INFO:colcon.colcon_core.shell:Creating environment hook '/home/ljw2/fairno5/install/fairino_msgs/share/fairino_msgs/hook/cmake_prefix_path.sh'
[9.893s] Level 1:colcon.colcon_core.environment:checking '/home/ljw2/fairno5/install/fairino_msgs/lib'
[9.893s] Level 1:colcon.colcon_core.shell:create_environment_hook('fairino_msgs', 'ld_library_path_lib')
[9.893s] INFO:colcon.colcon_core.shell:Creating environment hook '/home/ljw2/fairno5/install/fairino_msgs/share/fairino_msgs/hook/ld_library_path_lib.ps1'
[9.893s] INFO:colcon.colcon_core.shell:Creating environment descriptor '/home/ljw2/fairno5/install/fairino_msgs/share/fairino_msgs/hook/ld_library_path_lib.dsv'
[9.893s] INFO:colcon.colcon_core.shell:Creating environment hook '/home/ljw2/fairno5/install/fairino_msgs/share/fairino_msgs/hook/ld_library_path_lib.sh'
[9.894s] Level 1:colcon.colcon_core.environment:checking '/home/ljw2/fairno5/install/fairino_msgs/bin'
[9.894s] Level 1:colcon.colcon_core.environment:checking '/home/ljw2/fairno5/install/fairino_msgs/lib/pkgconfig/fairino_msgs.pc'
[9.894s] Level 1:colcon.colcon_core.environment:checking '/home/ljw2/fairno5/install/fairino_msgs/lib/python3.10/site-packages'
[9.894s] Level 1:colcon.colcon_core.environment:checking '/home/ljw2/fairno5/install/fairino_msgs/bin'
[9.894s] INFO:colcon.colcon_core.shell:Creating package script '/home/ljw2/fairno5/install/fairino_msgs/share/fairino_msgs/package.ps1'
[9.894s] INFO:colcon.colcon_core.shell:Creating package descriptor '/home/ljw2/fairno5/install/fairino_msgs/share/fairino_msgs/package.dsv'
[9.895s] INFO:colcon.colcon_core.shell:Creating package script '/home/ljw2/fairno5/install/fairino_msgs/share/fairino_msgs/package.sh'
[9.895s] INFO:colcon.colcon_core.shell:Creating package script '/home/ljw2/fairno5/install/fairino_msgs/share/fairino_msgs/package.bash'
[9.895s] INFO:colcon.colcon_core.shell:Creating package script '/home/ljw2/fairno5/install/fairino_msgs/share/fairino_msgs/package.zsh'
[9.895s] Level 1:colcon.colcon_core.environment:create_file_with_runtime_dependencies(/home/ljw2/fairno5/install/fairino_msgs/share/colcon-core/packages/fairino_msgs)
[9.896s] Level 1:colcon.colcon_core.environment:create_environment_scripts_only(fairino_msgs)
[9.896s] Level 1:colcon.colcon_core.environment:checking '/home/ljw2/fairno5/install/fairino_msgs' for CMake module files
[9.896s] Level 1:colcon.colcon_core.environment:checking '/home/ljw2/fairno5/install/fairino_msgs' for CMake config files
[9.896s] Level 1:colcon.colcon_core.shell:create_environment_hook('fairino_msgs', 'cmake_prefix_path')
[9.897s] INFO:colcon.colcon_core.shell:Creating environment hook '/home/ljw2/fairno5/install/fairino_msgs/share/fairino_msgs/hook/cmake_prefix_path.ps1'
[9.897s] INFO:colcon.colcon_core.shell:Creating environment descriptor '/home/ljw2/fairno5/install/fairino_msgs/share/fairino_msgs/hook/cmake_prefix_path.dsv'
[9.897s] INFO:colcon.colcon_core.shell:Creating environment hook '/home/ljw2/fairno5/install/fairino_msgs/share/fairino_msgs/hook/cmake_prefix_path.sh'
[9.897s] Level 1:colcon.colcon_core.environment:checking '/home/ljw2/fairno5/install/fairino_msgs/lib'
[9.897s] Level 1:colcon.colcon_core.shell:create_environment_hook('fairino_msgs', 'ld_library_path_lib')
[9.897s] INFO:colcon.colcon_core.shell:Creating environment hook '/home/ljw2/fairno5/install/fairino_msgs/share/fairino_msgs/hook/ld_library_path_lib.ps1'
[9.898s] INFO:colcon.colcon_core.shell:Creating environment descriptor '/home/ljw2/fairno5/install/fairino_msgs/share/fairino_msgs/hook/ld_library_path_lib.dsv'
[9.898s] INFO:colcon.colcon_core.shell:Creating environment hook '/home/ljw2/fairno5/install/fairino_msgs/share/fairino_msgs/hook/ld_library_path_lib.sh'
[9.898s] Level 1:colcon.colcon_core.environment:checking '/home/ljw2/fairno5/install/fairino_msgs/bin'
[9.898s] Level 1:colcon.colcon_core.environment:checking '/home/ljw2/fairno5/install/fairino_msgs/lib/pkgconfig/fairino_msgs.pc'
[9.898s] Level 1:colcon.colcon_core.environment:checking '/home/ljw2/fairno5/install/fairino_msgs/lib/python3.10/site-packages'
[9.898s] Level 1:colcon.colcon_core.environment:checking '/home/ljw2/fairno5/install/fairino_msgs/bin'
[9.899s] INFO:colcon.colcon_core.shell:Creating package script '/home/ljw2/fairno5/install/fairino_msgs/share/fairino_msgs/package.ps1'
[9.899s] INFO:colcon.colcon_core.shell:Creating package descriptor '/home/ljw2/fairno5/install/fairino_msgs/share/fairino_msgs/package.dsv'
[9.899s] INFO:colcon.colcon_core.shell:Creating package script '/home/ljw2/fairno5/install/fairino_msgs/share/fairino_msgs/package.sh'
[9.899s] INFO:colcon.colcon_core.shell:Creating package script '/home/ljw2/fairno5/install/fairino_msgs/share/fairino_msgs/package.bash'
[9.900s] INFO:colcon.colcon_core.shell:Creating package script '/home/ljw2/fairno5/install/fairino_msgs/share/fairino_msgs/package.zsh'
[9.900s] Level 1:colcon.colcon_core.environment:create_file_with_runtime_dependencies(/home/ljw2/fairno5/install/fairino_msgs/share/colcon-core/packages/fairino_msgs)
[9.900s] INFO:colcon.colcon_ros.task.ament_cmake.build:Building ROS package in '/home/ljw2/fairno5/src/fairino_hardware' with build type 'ament_cmake'
[9.900s] INFO:colcon.colcon_cmake.task.cmake.build:Building CMake package in '/home/ljw2/fairno5/src/fairino_hardware'
[9.900s] INFO:colcon.colcon_core.shell:Skip shell extension 'powershell' for command environment: Not usable outside of PowerShell
[9.900s] DEBUG:colcon.colcon_core.shell:Skip shell extension 'dsv' for command environment
[10.206s] DEBUG:colcon.colcon_core.event_handler.log_command:Invoking command in '/home/ljw2/fairno5/build/fairino_hardware': CMAKE_PREFIX_PATH=/home/ljw2/fairno5/install/fairino_msgs:/home/ljw2/fairno5/install/robotiq_2f_85_gripper_visualization:/home/ljw2/fairno5/install/fairino_hardware:/home/ljw2/fairno5/install/fairino5_v6_moveit2_config:/home/ljw2/fairno5/install/fairino_description:/opt/ros/humble LD_LIBRARY_PATH=/home/ljw2/fairno5/install/fairino_msgs/lib:/home/ljw2/fairno5/install/fairino_hardware/lib:/usr/lib/x86_64-linux-gnu/gazebo-11/plugins:/opt/ros/humble/opt/rviz_ogre_vendor/lib:/opt/ros/humble/lib/x86_64-linux-gnu:/opt/ros/humble/lib /usr/bin/cmake /home/ljw2/fairno5/src/fairino_hardware -DCMAKE_INSTALL_PREFIX=/home/ljw2/fairno5/install/fairino_hardware
[11.479s] DEBUG:colcon.colcon_core.event_handler.log_command:Invoked command in '/home/ljw2/fairno5/build/fairino5_v6_moveit2_config' returned '0': CMAKE_PREFIX_PATH=/home/ljw2/fairno5/install/fairino_description:/home/ljw2/fairno5/install/robotiq_2f_85_gripper_visualization:/home/ljw2/fairno5/install/fairino_hardware:/home/ljw2/fairno5/install/fairino_msgs:/home/ljw2/fairno5/install/fairino5_v6_moveit2_config:/opt/ros/humble /usr/bin/cmake /home/ljw2/fairno5/src/fairino5_v6_moveit2_config -DCMAKE_INSTALL_PREFIX=/home/ljw2/fairno5/install/fairino5_v6_moveit2_config
[11.480s] DEBUG:colcon.colcon_core.event_handler.log_command:Invoking command in '/home/ljw2/fairno5/build/fairino5_v6_moveit2_config': CMAKE_PREFIX_PATH=/home/ljw2/fairno5/install/fairino_description:/home/ljw2/fairno5/install/robotiq_2f_85_gripper_visualization:/home/ljw2/fairno5/install/fairino_hardware:/home/ljw2/fairno5/install/fairino_msgs:/home/ljw2/fairno5/install/fairino5_v6_moveit2_config:/opt/ros/humble /usr/bin/cmake --build /home/ljw2/fairno5/build/fairino5_v6_moveit2_config -- -j24 -l24
[11.502s] DEBUG:colcon.colcon_core.event_handler.log_command:Invoked command in '/home/ljw2/fairno5/build/fairino5_v6_moveit2_config' returned '0': CMAKE_PREFIX_PATH=/home/ljw2/fairno5/install/fairino_description:/home/ljw2/fairno5/install/robotiq_2f_85_gripper_visualization:/home/ljw2/fairno5/install/fairino_hardware:/home/ljw2/fairno5/install/fairino_msgs:/home/ljw2/fairno5/install/fairino5_v6_moveit2_config:/opt/ros/humble /usr/bin/cmake --build /home/ljw2/fairno5/build/fairino5_v6_moveit2_config -- -j24 -l24
[11.503s] DEBUG:colcon.colcon_core.event_handler.log_command:Invoking command in '/home/ljw2/fairno5/build/fairino5_v6_moveit2_config': CMAKE_PREFIX_PATH=/home/ljw2/fairno5/install/fairino_description:/home/ljw2/fairno5/install/robotiq_2f_85_gripper_visualization:/home/ljw2/fairno5/install/fairino_hardware:/home/ljw2/fairno5/install/fairino_msgs:/home/ljw2/fairno5/install/fairino5_v6_moveit2_config:/opt/ros/humble /usr/bin/cmake --install /home/ljw2/fairno5/build/fairino5_v6_moveit2_config
[11.511s] Level 1:colcon.colcon_core.environment:create_environment_scripts_only(fairino5_v6_moveit2_config)
[11.512s] Level 1:colcon.colcon_core.environment:checking '/home/ljw2/fairno5/install/fairino5_v6_moveit2_config' for CMake module files
[11.512s] DEBUG:colcon.colcon_core.event_handler.log_command:Invoked command in '/home/ljw2/fairno5/build/fairino5_v6_moveit2_config' returned '0': CMAKE_PREFIX_PATH=/home/ljw2/fairno5/install/fairino_description:/home/ljw2/fairno5/install/robotiq_2f_85_gripper_visualization:/home/ljw2/fairno5/install/fairino_hardware:/home/ljw2/fairno5/install/fairino_msgs:/home/ljw2/fairno5/install/fairino5_v6_moveit2_config:/opt/ros/humble /usr/bin/cmake --install /home/ljw2/fairno5/build/fairino5_v6_moveit2_config
[11.512s] Level 1:colcon.colcon_core.environment:checking '/home/ljw2/fairno5/install/fairino5_v6_moveit2_config' for CMake config files
[11.512s] Level 1:colcon.colcon_core.shell:create_environment_hook('fairino5_v6_moveit2_config', 'cmake_prefix_path')
[11.512s] INFO:colcon.colcon_core.shell:Creating environment hook '/home/ljw2/fairno5/install/fairino5_v6_moveit2_config/share/fairino5_v6_moveit2_config/hook/cmake_prefix_path.ps1'
[11.513s] INFO:colcon.colcon_core.shell:Creating environment descriptor '/home/ljw2/fairno5/install/fairino5_v6_moveit2_config/share/fairino5_v6_moveit2_config/hook/cmake_prefix_path.dsv'
[11.513s] INFO:colcon.colcon_core.shell:Creating environment hook '/home/ljw2/fairno5/install/fairino5_v6_moveit2_config/share/fairino5_v6_moveit2_config/hook/cmake_prefix_path.sh'
[11.513s] Level 1:colcon.colcon_core.environment:checking '/home/ljw2/fairno5/install/fairino5_v6_moveit2_config/bin'
[11.513s] Level 1:colcon.colcon_core.environment:checking '/home/ljw2/fairno5/install/fairino5_v6_moveit2_config/lib/pkgconfig/fairino5_v6_moveit2_config.pc'
[11.513s] Level 1:colcon.colcon_core.environment:checking '/home/ljw2/fairno5/install/fairino5_v6_moveit2_config/lib/python3.10/site-packages'
[11.514s] Level 1:colcon.colcon_core.environment:checking '/home/ljw2/fairno5/install/fairino5_v6_moveit2_config/bin'
[11.514s] INFO:colcon.colcon_core.shell:Creating package script '/home/ljw2/fairno5/install/fairino5_v6_moveit2_config/share/fairino5_v6_moveit2_config/package.ps1'
[11.514s] INFO:colcon.colcon_core.shell:Creating package descriptor '/home/ljw2/fairno5/install/fairino5_v6_moveit2_config/share/fairino5_v6_moveit2_config/package.dsv'
[11.514s] INFO:colcon.colcon_core.shell:Creating package script '/home/ljw2/fairno5/install/fairino5_v6_moveit2_config/share/fairino5_v6_moveit2_config/package.sh'
[11.514s] INFO:colcon.colcon_core.shell:Creating package script '/home/ljw2/fairno5/install/fairino5_v6_moveit2_config/share/fairino5_v6_moveit2_config/package.bash'
[11.515s] INFO:colcon.colcon_core.shell:Creating package script '/home/ljw2/fairno5/install/fairino5_v6_moveit2_config/share/fairino5_v6_moveit2_config/package.zsh'
[11.515s] Level 1:colcon.colcon_core.environment:create_file_with_runtime_dependencies(/home/ljw2/fairno5/install/fairino5_v6_moveit2_config/share/colcon-core/packages/fairino5_v6_moveit2_config)
[11.515s] Level 1:colcon.colcon_core.environment:create_environment_scripts_only(fairino5_v6_moveit2_config)
[11.515s] Level 1:colcon.colcon_core.environment:checking '/home/ljw2/fairno5/install/fairino5_v6_moveit2_config' for CMake module files
[11.515s] Level 1:colcon.colcon_core.environment:checking '/home/ljw2/fairno5/install/fairino5_v6_moveit2_config' for CMake config files
[11.516s] Level 1:colcon.colcon_core.shell:create_environment_hook('fairino5_v6_moveit2_config', 'cmake_prefix_path')
[11.516s] INFO:colcon.colcon_core.shell:Creating environment hook '/home/ljw2/fairno5/install/fairino5_v6_moveit2_config/share/fairino5_v6_moveit2_config/hook/cmake_prefix_path.ps1'
[11.516s] INFO:colcon.colcon_core.shell:Creating environment descriptor '/home/ljw2/fairno5/install/fairino5_v6_moveit2_config/share/fairino5_v6_moveit2_config/hook/cmake_prefix_path.dsv'
[11.516s] INFO:colcon.colcon_core.shell:Creating environment hook '/home/ljw2/fairno5/install/fairino5_v6_moveit2_config/share/fairino5_v6_moveit2_config/hook/cmake_prefix_path.sh'
[11.516s] Level 1:colcon.colcon_core.environment:checking '/home/ljw2/fairno5/install/fairino5_v6_moveit2_config/bin'
[11.517s] Level 1:colcon.colcon_core.environment:checking '/home/ljw2/fairno5/install/fairino5_v6_moveit2_config/lib/pkgconfig/fairino5_v6_moveit2_config.pc'
[11.517s] Level 1:colcon.colcon_core.environment:checking '/home/ljw2/fairno5/install/fairino5_v6_moveit2_config/lib/python3.10/site-packages'
[11.517s] Level 1:colcon.colcon_core.environment:checking '/home/ljw2/fairno5/install/fairino5_v6_moveit2_config/bin'
[11.517s] INFO:colcon.colcon_core.shell:Creating package script '/home/ljw2/fairno5/install/fairino5_v6_moveit2_config/share/fairino5_v6_moveit2_config/package.ps1'
[11.517s] INFO:colcon.colcon_core.shell:Creating package descriptor '/home/ljw2/fairno5/install/fairino5_v6_moveit2_config/share/fairino5_v6_moveit2_config/package.dsv'
[11.517s] INFO:colcon.colcon_core.shell:Creating package script '/home/ljw2/fairno5/install/fairino5_v6_moveit2_config/share/fairino5_v6_moveit2_config/package.sh'
[11.518s] INFO:colcon.colcon_core.shell:Creating package script '/home/ljw2/fairno5/install/fairino5_v6_moveit2_config/share/fairino5_v6_moveit2_config/package.bash'
[11.518s] INFO:colcon.colcon_core.shell:Creating package script '/home/ljw2/fairno5/install/fairino5_v6_moveit2_config/share/fairino5_v6_moveit2_config/package.zsh'
[11.518s] Level 1:colcon.colcon_core.environment:create_file_with_runtime_dependencies(/home/ljw2/fairno5/install/fairino5_v6_moveit2_config/share/colcon-core/packages/fairino5_v6_moveit2_config)
[40.553s] DEBUG:colcon.colcon_core.event_handler.log_command:Invoked command in '/home/ljw2/fairno5/build/fairino_hardware' returned '0': CMAKE_PREFIX_PATH=/home/ljw2/fairno5/install/fairino_msgs:/home/ljw2/fairno5/install/robotiq_2f_85_gripper_visualization:/home/ljw2/fairno5/install/fairino_hardware:/home/ljw2/fairno5/install/fairino5_v6_moveit2_config:/home/ljw2/fairno5/install/fairino_description:/opt/ros/humble LD_LIBRARY_PATH=/home/ljw2/fairno5/install/fairino_msgs/lib:/home/ljw2/fairno5/install/fairino_hardware/lib:/usr/lib/x86_64-linux-gnu/gazebo-11/plugins:/opt/ros/humble/opt/rviz_ogre_vendor/lib:/opt/ros/humble/lib/x86_64-linux-gnu:/opt/ros/humble/lib /usr/bin/cmake /home/ljw2/fairno5/src/fairino_hardware -DCMAKE_INSTALL_PREFIX=/home/ljw2/fairno5/install/fairino_hardware
[40.555s] DEBUG:colcon.colcon_core.event_handler.log_command:Invoking command in '/home/ljw2/fairno5/build/fairino_hardware': CMAKE_PREFIX_PATH=/home/ljw2/fairno5/install/fairino_msgs:/home/ljw2/fairno5/install/robotiq_2f_85_gripper_visualization:/home/ljw2/fairno5/install/fairino_hardware:/home/ljw2/fairno5/install/fairino5_v6_moveit2_config:/home/ljw2/fairno5/install/fairino_description:/opt/ros/humble LD_LIBRARY_PATH=/home/ljw2/fairno5/install/fairino_msgs/lib:/home/ljw2/fairno5/install/fairino_hardware/lib:/usr/lib/x86_64-linux-gnu/gazebo-11/plugins:/opt/ros/humble/opt/rviz_ogre_vendor/lib:/opt/ros/humble/lib/x86_64-linux-gnu:/opt/ros/humble/lib /usr/bin/cmake --build /home/ljw2/fairno5/build/fairino_hardware -- -j24 -l24
[57.480s] DEBUG:colcon.colcon_core.event_handler.log_command:Invoked command in '/home/ljw2/fairno5/build/fairino_hardware' returned '0': CMAKE_PREFIX_PATH=/home/ljw2/fairno5/install/fairino_msgs:/home/ljw2/fairno5/install/robotiq_2f_85_gripper_visualization:/home/ljw2/fairno5/install/fairino_hardware:/home/ljw2/fairno5/install/fairino5_v6_moveit2_config:/home/ljw2/fairno5/install/fairino_description:/opt/ros/humble LD_LIBRARY_PATH=/home/ljw2/fairno5/install/fairino_msgs/lib:/home/ljw2/fairno5/install/fairino_hardware/lib:/usr/lib/x86_64-linux-gnu/gazebo-11/plugins:/opt/ros/humble/opt/rviz_ogre_vendor/lib:/opt/ros/humble/lib/x86_64-linux-gnu:/opt/ros/humble/lib /usr/bin/cmake --build /home/ljw2/fairno5/build/fairino_hardware -- -j24 -l24
[57.482s] DEBUG:colcon.colcon_core.event_handler.log_command:Invoking command in '/home/ljw2/fairno5/build/fairino_hardware': CMAKE_PREFIX_PATH=/home/ljw2/fairno5/install/fairino_msgs:/home/ljw2/fairno5/install/robotiq_2f_85_gripper_visualization:/home/ljw2/fairno5/install/fairino_hardware:/home/ljw2/fairno5/install/fairino5_v6_moveit2_config:/home/ljw2/fairno5/install/fairino_description:/opt/ros/humble LD_LIBRARY_PATH=/home/ljw2/fairno5/install/fairino_msgs/lib:/home/ljw2/fairno5/install/fairino_hardware/lib:/usr/lib/x86_64-linux-gnu/gazebo-11/plugins:/opt/ros/humble/opt/rviz_ogre_vendor/lib:/opt/ros/humble/lib/x86_64-linux-gnu:/opt/ros/humble/lib /usr/bin/cmake --install /home/ljw2/fairno5/build/fairino_hardware
[57.501s] Level 1:colcon.colcon_core.environment:create_environment_scripts_only(fairino_hardware)
[57.502s] Level 1:colcon.colcon_core.environment:checking '/home/ljw2/fairno5/install/fairino_hardware' for CMake module files
[57.502s] DEBUG:colcon.colcon_core.event_handler.log_command:Invoked command in '/home/ljw2/fairno5/build/fairino_hardware' returned '0': CMAKE_PREFIX_PATH=/home/ljw2/fairno5/install/fairino_msgs:/home/ljw2/fairno5/install/robotiq_2f_85_gripper_visualization:/home/ljw2/fairno5/install/fairino_hardware:/home/ljw2/fairno5/install/fairino5_v6_moveit2_config:/home/ljw2/fairno5/install/fairino_description:/opt/ros/humble LD_LIBRARY_PATH=/home/ljw2/fairno5/install/fairino_msgs/lib:/home/ljw2/fairno5/install/fairino_hardware/lib:/usr/lib/x86_64-linux-gnu/gazebo-11/plugins:/opt/ros/humble/opt/rviz_ogre_vendor/lib:/opt/ros/humble/lib/x86_64-linux-gnu:/opt/ros/humble/lib /usr/bin/cmake --install /home/ljw2/fairno5/build/fairino_hardware
[57.502s] Level 1:colcon.colcon_core.environment:checking '/home/ljw2/fairno5/install/fairino_hardware' for CMake config files
[57.503s] Level 1:colcon.colcon_core.shell:create_environment_hook('fairino_hardware', 'cmake_prefix_path')
[57.503s] INFO:colcon.colcon_core.shell:Creating environment hook '/home/ljw2/fairno5/install/fairino_hardware/share/fairino_hardware/hook/cmake_prefix_path.ps1'
[57.503s] INFO:colcon.colcon_core.shell:Creating environment descriptor '/home/ljw2/fairno5/install/fairino_hardware/share/fairino_hardware/hook/cmake_prefix_path.dsv'
[57.503s] INFO:colcon.colcon_core.shell:Creating environment hook '/home/ljw2/fairno5/install/fairino_hardware/share/fairino_hardware/hook/cmake_prefix_path.sh'
[57.504s] Level 1:colcon.colcon_core.environment:checking '/home/ljw2/fairno5/install/fairino_hardware/lib'
[57.504s] Level 1:colcon.colcon_core.environment:checking '/home/ljw2/fairno5/install/fairino_hardware/bin'
[57.504s] Level 1:colcon.colcon_core.environment:checking '/home/ljw2/fairno5/install/fairino_hardware/lib/pkgconfig/fairino_hardware.pc'
[57.504s] Level 1:colcon.colcon_core.environment:checking '/home/ljw2/fairno5/install/fairino_hardware/lib/python3.10/site-packages'
[57.504s] Level 1:colcon.colcon_core.environment:checking '/home/ljw2/fairno5/install/fairino_hardware/bin'
[57.504s] INFO:colcon.colcon_core.shell:Creating package script '/home/ljw2/fairno5/install/fairino_hardware/share/fairino_hardware/package.ps1'
[57.505s] INFO:colcon.colcon_core.shell:Creating package descriptor '/home/ljw2/fairno5/install/fairino_hardware/share/fairino_hardware/package.dsv'
[57.505s] INFO:colcon.colcon_core.shell:Creating package script '/home/ljw2/fairno5/install/fairino_hardware/share/fairino_hardware/package.sh'
[57.505s] INFO:colcon.colcon_core.shell:Creating package script '/home/ljw2/fairno5/install/fairino_hardware/share/fairino_hardware/package.bash'
[57.505s] INFO:colcon.colcon_core.shell:Creating package script '/home/ljw2/fairno5/install/fairino_hardware/share/fairino_hardware/package.zsh'
[57.505s] Level 1:colcon.colcon_core.environment:create_file_with_runtime_dependencies(/home/ljw2/fairno5/install/fairino_hardware/share/colcon-core/packages/fairino_hardware)
[57.506s] Level 1:colcon.colcon_core.environment:create_environment_scripts_only(fairino_hardware)
[57.506s] Level 1:colcon.colcon_core.environment:checking '/home/ljw2/fairno5/install/fairino_hardware' for CMake module files
[57.506s] Level 1:colcon.colcon_core.environment:checking '/home/ljw2/fairno5/install/fairino_hardware' for CMake config files
[57.506s] Level 1:colcon.colcon_core.shell:create_environment_hook('fairino_hardware', 'cmake_prefix_path')
[57.506s] INFO:colcon.colcon_core.shell:Creating environment hook '/home/ljw2/fairno5/install/fairino_hardware/share/fairino_hardware/hook/cmake_prefix_path.ps1'
[57.507s] INFO:colcon.colcon_core.shell:Creating environment descriptor '/home/ljw2/fairno5/install/fairino_hardware/share/fairino_hardware/hook/cmake_prefix_path.dsv'
[57.507s] INFO:colcon.colcon_core.shell:Creating environment hook '/home/ljw2/fairno5/install/fairino_hardware/share/fairino_hardware/hook/cmake_prefix_path.sh'
[57.507s] Level 1:colcon.colcon_core.environment:checking '/home/ljw2/fairno5/install/fairino_hardware/lib'
[57.507s] Level 1:colcon.colcon_core.environment:checking '/home/ljw2/fairno5/install/fairino_hardware/bin'
[57.507s] Level 1:colcon.colcon_core.environment:checking '/home/ljw2/fairno5/install/fairino_hardware/lib/pkgconfig/fairino_hardware.pc'
[57.507s] Level 1:colcon.colcon_core.environment:checking '/home/ljw2/fairno5/install/fairino_hardware/lib/python3.10/site-packages'
[57.507s] Level 1:colcon.colcon_core.environment:checking '/home/ljw2/fairno5/install/fairino_hardware/bin'
[57.508s] INFO:colcon.colcon_core.shell:Creating package script '/home/ljw2/fairno5/install/fairino_hardware/share/fairino_hardware/package.ps1'
[57.508s] INFO:colcon.colcon_core.shell:Creating package descriptor '/home/ljw2/fairno5/install/fairino_hardware/share/fairino_hardware/package.dsv'
[57.508s] INFO:colcon.colcon_core.shell:Creating package script '/home/ljw2/fairno5/install/fairino_hardware/share/fairino_hardware/package.sh'
[57.508s] INFO:colcon.colcon_core.shell:Creating package script '/home/ljw2/fairno5/install/fairino_hardware/share/fairino_hardware/package.bash'
[57.509s] INFO:colcon.colcon_core.shell:Creating package script '/home/ljw2/fairno5/install/fairino_hardware/share/fairino_hardware/package.zsh'
[57.509s] Level 1:colcon.colcon_core.environment:create_file_with_runtime_dependencies(/home/ljw2/fairno5/install/fairino_hardware/share/colcon-core/packages/fairino_hardware)
[57.509s] DEBUG:colcon.colcon_parallel_executor.executor.parallel:closing loop
[57.510s] DEBUG:colcon.colcon_parallel_executor.executor.parallel:loop closed
[57.510s] DEBUG:colcon.colcon_parallel_executor.executor.parallel:run_until_complete finished with '0'
[57.510s] DEBUG:colcon.colcon_core.event_reactor:joining thread
[57.588s] INFO:colcon.colcon_core.plugin_system:Skipping extension 'colcon_notification.desktop_notification.notify_send': Could not find 'notify-send'
[57.588s] INFO:colcon.colcon_core.plugin_system:Skipping extension 'colcon_notification.desktop_notification.terminal_notifier': Not used on non-Darwin systems
[57.588s] INFO:colcon.colcon_core.plugin_system:Skipping extension 'colcon_notification.desktop_notification.win32': Not used on non-Windows systems
[57.589s] INFO:colcon.colcon_notification.desktop_notification:Sending desktop notification using 'notify2'
[57.589s] DEBUG:colcon.colcon_notification.desktop_notification.notify2:Failed to initialize notify2: org.freedesktop.DBus.Error.FileNotFound: Failed to connect to socket /run/user/1000/bus: No such file or directory
[57.589s] DEBUG:colcon.colcon_core.event_reactor:joined thread
[57.589s] INFO:colcon.colcon_core.shell:Creating prefix script '/home/ljw2/fairno5/install/local_setup.ps1'
[57.590s] INFO:colcon.colcon_core.shell:Creating prefix util module '/home/ljw2/fairno5/install/_local_setup_util_ps1.py'
[57.590s] INFO:colcon.colcon_core.shell:Creating prefix chain script '/home/ljw2/fairno5/install/setup.ps1'
[57.591s] INFO:colcon.colcon_core.shell:Creating prefix script '/home/ljw2/fairno5/install/local_setup.sh'
[57.591s] INFO:colcon.colcon_core.shell:Creating prefix util module '/home/ljw2/fairno5/install/_local_setup_util_sh.py'
[57.591s] INFO:colcon.colcon_core.shell:Creating prefix chain script '/home/ljw2/fairno5/install/setup.sh'
[57.592s] INFO:colcon.colcon_core.shell:Creating prefix script '/home/ljw2/fairno5/install/local_setup.bash'
[57.592s] INFO:colcon.colcon_core.shell:Creating prefix chain script '/home/ljw2/fairno5/install/setup.bash'
[57.593s] INFO:colcon.colcon_core.shell:Creating prefix script '/home/ljw2/fairno5/install/local_setup.zsh'
[57.593s] INFO:colcon.colcon_core.shell:Creating prefix chain script '/home/ljw2/fairno5/install/setup.zsh'
