[0.006s] Invoking command in '/home/ljw/ws_fr5/build/robotiq_2f_85_gripper_visualization': CMAKE_PREFIX_PATH=${CMAKE_PREFIX_PATH}:/opt/ros/humble /usr/bin/cmake /home/ljw/ws_fr5/src/robotiq_2f_85_gripper_visualization -DCMAKE_INSTALL_PREFIX=/home/ljw/ws_fr5/install/robotiq_2f_85_gripper_visualization
[0.040s] -- The C compiler identification is GNU 11.4.0
[0.074s] -- The CXX compiler identification is GNU 11.4.0
[0.078s] -- Detecting C compiler ABI info
[0.121s] -- Detecting C compiler ABI info - done
[0.125s] -- Check for working C compiler: /usr/bin/cc - skipped
[0.125s] -- Detecting C compile features
[0.126s] -- Detecting C compile features - done
[0.128s] -- Detecting CXX compiler ABI info
[0.178s] -- Detecting CXX compiler ABI info - done
[0.185s] -- Check for working CXX compiler: /usr/bin/c++ - skipped
[0.185s] -- Detecting CXX compile features
[0.185s] -- Detecting CXX compile features - done
[0.187s] -- Found ament_cmake: 1.3.12 (/opt/ros/humble/share/ament_cmake/cmake)
[0.285s] -- Found Python3: /usr/bin/python3 (found version "3.10.12") found components: Interpreter 
[0.341s] -- Found urdf: 2.6.1 (/opt/ros/humble/share/urdf/cmake)
[0.373s] -- Found xacro: 2.1.1 (/opt/ros/humble/share/xacro/cmake)
[0.374s] -- Found ament_lint_auto: 0.12.14 (/opt/ros/humble/share/ament_lint_auto/cmake)
[0.422s] -- Added test 'lint_cmake' to check CMake code style
[0.423s] -- Added test 'xmllint' to check XML markup files
[0.424s] -- Configuring done
[0.426s] -- Generating done
[0.426s] -- Build files have been written to: /home/ljw/ws_fr5/build/robotiq_2f_85_gripper_visualization
[0.430s] Invoked command in '/home/ljw/ws_fr5/build/robotiq_2f_85_gripper_visualization' returned '0': CMAKE_PREFIX_PATH=${CMAKE_PREFIX_PATH}:/opt/ros/humble /usr/bin/cmake /home/ljw/ws_fr5/src/robotiq_2f_85_gripper_visualization -DCMAKE_INSTALL_PREFIX=/home/ljw/ws_fr5/install/robotiq_2f_85_gripper_visualization
[0.431s] Invoking command in '/home/ljw/ws_fr5/build/robotiq_2f_85_gripper_visualization': CMAKE_PREFIX_PATH=${CMAKE_PREFIX_PATH}:/opt/ros/humble /usr/bin/cmake --build /home/ljw/ws_fr5/build/robotiq_2f_85_gripper_visualization -- -j16 -l16
[0.458s] Invoked command in '/home/ljw/ws_fr5/build/robotiq_2f_85_gripper_visualization' returned '0': CMAKE_PREFIX_PATH=${CMAKE_PREFIX_PATH}:/opt/ros/humble /usr/bin/cmake --build /home/ljw/ws_fr5/build/robotiq_2f_85_gripper_visualization -- -j16 -l16
[0.459s] Invoking command in '/home/ljw/ws_fr5/build/robotiq_2f_85_gripper_visualization': CMAKE_PREFIX_PATH=${CMAKE_PREFIX_PATH}:/opt/ros/humble /usr/bin/cmake --install /home/ljw/ws_fr5/build/robotiq_2f_85_gripper_visualization
[0.463s] -- Install configuration: ""
[0.463s] -- Installing: /home/ljw/ws_fr5/install/robotiq_2f_85_gripper_visualization/share/robotiq_2f_85_gripper_visualization/meshes
[0.463s] -- Installing: /home/ljw/ws_fr5/install/robotiq_2f_85_gripper_visualization/share/robotiq_2f_85_gripper_visualization/meshes/collision
[0.463s] -- Installing: /home/ljw/ws_fr5/install/robotiq_2f_85_gripper_visualization/share/robotiq_2f_85_gripper_visualization/meshes/collision/robotiq_arg2f_85_base_link.stl
[0.463s] -- Installing: /home/ljw/ws_fr5/install/robotiq_2f_85_gripper_visualization/share/robotiq_2f_85_gripper_visualization/meshes/collision/robotiq_arg2f_85_inner_finger.dae
[0.463s] -- Installing: /home/ljw/ws_fr5/install/robotiq_2f_85_gripper_visualization/share/robotiq_2f_85_gripper_visualization/meshes/collision/robotiq_arg2f_85_inner_knuckle.dae
[0.464s] -- Installing: /home/ljw/ws_fr5/install/robotiq_2f_85_gripper_visualization/share/robotiq_2f_85_gripper_visualization/meshes/collision/robotiq_arg2f_base_link.stl
[0.464s] -- Installing: /home/ljw/ws_fr5/install/robotiq_2f_85_gripper_visualization/share/robotiq_2f_85_gripper_visualization/meshes/collision/robotiq_arg2f_85_outer_finger.dae
[0.464s] -- Installing: /home/ljw/ws_fr5/install/robotiq_2f_85_gripper_visualization/share/robotiq_2f_85_gripper_visualization/meshes/collision/robotiq_arg2f_85_outer_knuckle.dae
[0.464s] -- Installing: /home/ljw/ws_fr5/install/robotiq_2f_85_gripper_visualization/share/robotiq_2f_85_gripper_visualization/meshes/visual
[0.464s] -- Installing: /home/ljw/ws_fr5/install/robotiq_2f_85_gripper_visualization/share/robotiq_2f_85_gripper_visualization/meshes/visual/robotiq_arg2f_85_pad.dae
[0.464s] -- Installing: /home/ljw/ws_fr5/install/robotiq_2f_85_gripper_visualization/share/robotiq_2f_85_gripper_visualization/meshes/visual/robotiq_arg2f_85_inner_finger.dae
[0.464s] -- Installing: /home/ljw/ws_fr5/install/robotiq_2f_85_gripper_visualization/share/robotiq_2f_85_gripper_visualization/meshes/visual/robotiq_arg2f_85_inner_knuckle.dae
[0.464s] -- Installing: /home/ljw/ws_fr5/install/robotiq_2f_85_gripper_visualization/share/robotiq_2f_85_gripper_visualization/meshes/visual/robotiq_arg2f_base_link.stl
[0.465s] -- Installing: /home/ljw/ws_fr5/install/robotiq_2f_85_gripper_visualization/share/robotiq_2f_85_gripper_visualization/meshes/visual/robotiq_arg2f_85_outer_finger.dae
[0.465s] -- Installing: /home/ljw/ws_fr5/install/robotiq_2f_85_gripper_visualization/share/robotiq_2f_85_gripper_visualization/meshes/visual/robotiq_arg2f_85_outer_knuckle.dae
[0.465s] -- Installing: /home/ljw/ws_fr5/install/robotiq_2f_85_gripper_visualization/share/robotiq_2f_85_gripper_visualization/meshes/visual/robotiq_gripper_coupling.stl
[0.465s] -- Installing: /home/ljw/ws_fr5/install/robotiq_2f_85_gripper_visualization/share/robotiq_2f_85_gripper_visualization/meshes/visual/robotiq_arg2f_85_base_link.dae
[0.467s] -- Installing: /home/ljw/ws_fr5/install/robotiq_2f_85_gripper_visualization/share/robotiq_2f_85_gripper_visualization/urdf
[0.467s] -- Installing: /home/ljw/ws_fr5/install/robotiq_2f_85_gripper_visualization/share/robotiq_2f_85_gripper_visualization/urdf/robotiq_arg2f_85_macro.urdf
[0.467s] -- Installing: /home/ljw/ws_fr5/install/robotiq_2f_85_gripper_visualization/share/robotiq_2f_85_gripper_visualization/urdf/inc
[0.467s] -- Installing: /home/ljw/ws_fr5/install/robotiq_2f_85_gripper_visualization/share/robotiq_2f_85_gripper_visualization/urdf/inc/robotiq_arg2f_85_transmissions.xacro
[0.467s] -- Installing: /home/ljw/ws_fr5/install/robotiq_2f_85_gripper_visualization/share/robotiq_2f_85_gripper_visualization/urdf/robotiq_arg2f_85.xacro
[0.467s] -- Installing: /home/ljw/ws_fr5/install/robotiq_2f_85_gripper_visualization/share/robotiq_2f_85_gripper_visualization/urdf/robotiq_arg2f_85.urdf
[0.468s] -- Installing: /home/ljw/ws_fr5/install/robotiq_2f_85_gripper_visualization/share/robotiq_2f_85_gripper_visualization/urdf/robotiq_arg2f_85_macro.xacro
[0.468s] -- Installing: /home/ljw/ws_fr5/install/robotiq_2f_85_gripper_visualization/share/ament_index/resource_index/package_run_dependencies/robotiq_2f_85_gripper_visualization
[0.468s] -- Installing: /home/ljw/ws_fr5/install/robotiq_2f_85_gripper_visualization/share/ament_index/resource_index/parent_prefix_path/robotiq_2f_85_gripper_visualization
[0.468s] -- Installing: /home/ljw/ws_fr5/install/robotiq_2f_85_gripper_visualization/share/robotiq_2f_85_gripper_visualization/environment/ament_prefix_path.sh
[0.468s] -- Installing: /home/ljw/ws_fr5/install/robotiq_2f_85_gripper_visualization/share/robotiq_2f_85_gripper_visualization/environment/ament_prefix_path.dsv
[0.468s] -- Installing: /home/ljw/ws_fr5/install/robotiq_2f_85_gripper_visualization/share/robotiq_2f_85_gripper_visualization/environment/path.sh
[0.468s] -- Installing: /home/ljw/ws_fr5/install/robotiq_2f_85_gripper_visualization/share/robotiq_2f_85_gripper_visualization/environment/path.dsv
[0.468s] -- Installing: /home/ljw/ws_fr5/install/robotiq_2f_85_gripper_visualization/share/robotiq_2f_85_gripper_visualization/local_setup.bash
[0.468s] -- Installing: /home/ljw/ws_fr5/install/robotiq_2f_85_gripper_visualization/share/robotiq_2f_85_gripper_visualization/local_setup.sh
[0.468s] -- Installing: /home/ljw/ws_fr5/install/robotiq_2f_85_gripper_visualization/share/robotiq_2f_85_gripper_visualization/local_setup.zsh
[0.468s] -- Installing: /home/ljw/ws_fr5/install/robotiq_2f_85_gripper_visualization/share/robotiq_2f_85_gripper_visualization/local_setup.dsv
[0.468s] -- Installing: /home/ljw/ws_fr5/install/robotiq_2f_85_gripper_visualization/share/robotiq_2f_85_gripper_visualization/package.dsv
[0.468s] -- Installing: /home/ljw/ws_fr5/install/robotiq_2f_85_gripper_visualization/share/ament_index/resource_index/packages/robotiq_2f_85_gripper_visualization
[0.468s] -- Installing: /home/ljw/ws_fr5/install/robotiq_2f_85_gripper_visualization/share/robotiq_2f_85_gripper_visualization/cmake/robotiq_2f_85_gripper_visualizationConfig.cmake
[0.468s] -- Installing: /home/ljw/ws_fr5/install/robotiq_2f_85_gripper_visualization/share/robotiq_2f_85_gripper_visualization/cmake/robotiq_2f_85_gripper_visualizationConfig-version.cmake
[0.468s] -- Installing: /home/ljw/ws_fr5/install/robotiq_2f_85_gripper_visualization/share/robotiq_2f_85_gripper_visualization/package.xml
[0.470s] Invoked command in '/home/ljw/ws_fr5/build/robotiq_2f_85_gripper_visualization' returned '0': CMAKE_PREFIX_PATH=${CMAKE_PREFIX_PATH}:/opt/ros/humble /usr/bin/cmake --install /home/ljw/ws_fr5/build/robotiq_2f_85_gripper_visualization
