[0.011s] Invoking command in '/home/ljw2/fairno5/build/fairino_msgs': CMAKE_PREFIX_PATH=${CMAKE_PREFIX_PATH}:/opt/ros/humble /usr/bin/cmake /home/ljw2/fairno5/src/fairino_msgs -DCMAKE_INSTALL_PREFIX=/home/ljw2/fairno5/install/fairino_msgs
[0.195s] -- The C compiler identification is GNU 11.4.0
[1.771s] -- The CXX compiler identification is GNU 11.4.0
[2.894s] -- Detecting C compiler ABI info
[3.262s] -- Detecting C compiler ABI info - done
[3.266s] -- Check for working C compiler: /usr/bin/cc - skipped
[3.266s] -- Detecting C compile features
[3.267s] -- Detecting C compile features - done
[3.268s] -- Detecting CXX compiler ABI info
[3.613s] -- Detecting CXX compiler ABI info - done
[3.617s] -- Check for working CXX compiler: /usr/bin/c++ - skipped
[3.617s] -- Detecting CXX compile features
[3.618s] -- Detecting CXX compile features - done
[3.619s] -- Found ament_cmake: 1.3.12 (/opt/ros/humble/share/ament_cmake/cmake)
[3.704s] -- Found Python3: /usr/bin/python3 (found version "3.10.12") found components: Interpreter 
[3.753s] -- Found rosidl_default_generators: 1.2.0 (/opt/ros/humble/share/rosidl_default_generators/cmake)
[3.755s] -- Using all available rosidl_typesupport_c: rosidl_typesupport_fastrtps_c;rosidl_typesupport_introspection_c
[3.758s] -- Found rosidl_adapter: 3.1.7 (/opt/ros/humble/share/rosidl_adapter/cmake)
[4.348s] -- Using all available rosidl_typesupport_cpp: rosidl_typesupport_fastrtps_cpp;rosidl_typesupport_introspection_cpp
[4.512s] -- Found ament_cmake_ros: 0.10.0 (/opt/ros/humble/share/ament_cmake_ros/cmake)
[4.612s] -- Using all available rosidl_typesupport_c: rosidl_typesupport_fastrtps_c;rosidl_typesupport_introspection_c
[4.755s] -- Using all available rosidl_typesupport_cpp: rosidl_typesupport_fastrtps_cpp;rosidl_typesupport_introspection_cpp
[5.075s] -- Found PythonInterp: /usr/bin/python3 (found suitable version "3.10.12", minimum required is "3.6") 
[5.076s] -- Found python_cmake_module: 0.10.0 (/opt/ros/humble/share/python_cmake_module/cmake)
[6.557s] -- Found PythonLibs: /usr/lib/x86_64-linux-gnu/libpython3.10.so (found suitable version "3.10.12", minimum required is "3.5") 
[6.557s] -- Using PYTHON_EXECUTABLE: /usr/bin/python3
[6.557s] -- Using PYTHON_INCLUDE_DIRS: /usr/include/python3.10
[6.557s] -- Using PYTHON_LIBRARIES: /usr/lib/x86_64-linux-gnu/libpython3.10.so
[6.569s] -- Found PythonExtra: .so  
[6.718s] -- Found ament_lint_auto: 0.12.14 (/opt/ros/humble/share/ament_lint_auto/cmake)
[6.727s] -- Added test 'lint_cmake' to check CMake code style
[6.728s] -- Added test 'xmllint' to check XML markup files
[6.729s] -- Configuring done
[6.750s] -- Generating done
[6.756s] -- Build files have been written to: /home/ljw2/fairno5/build/fairino_msgs
[6.760s] Invoked command in '/home/ljw2/fairno5/build/fairino_msgs' returned '0': CMAKE_PREFIX_PATH=${CMAKE_PREFIX_PATH}:/opt/ros/humble /usr/bin/cmake /home/ljw2/fairno5/src/fairino_msgs -DCMAKE_INSTALL_PREFIX=/home/ljw2/fairno5/install/fairino_msgs
[6.761s] Invoking command in '/home/ljw2/fairno5/build/fairino_msgs': CMAKE_PREFIX_PATH=${CMAKE_PREFIX_PATH}:/opt/ros/humble /usr/bin/cmake --build /home/ljw2/fairno5/build/fairino_msgs -- -j24 -l24
[6.784s] [  2%] [34m[1mGenerating C code for ROS interfaces[0m
[6.790s] [  4%] [34m[1mGenerating C++ code for ROS interfaces[0m
[6.794s] [  4%] Built target ament_cmake_python_copy_fairino_msgs
[6.925s] running egg_info
[6.925s] creating fairino_msgs.egg-info
[6.925s] writing fairino_msgs.egg-info/PKG-INFO
[6.925s] writing dependency_links to fairino_msgs.egg-info/dependency_links.txt
[6.925s] writing top-level names to fairino_msgs.egg-info/top_level.txt
[6.926s] writing manifest file 'fairino_msgs.egg-info/SOURCES.txt'
[6.927s] reading manifest file 'fairino_msgs.egg-info/SOURCES.txt'
[6.927s] writing manifest file 'fairino_msgs.egg-info/SOURCES.txt'
[6.943s] [  4%] Built target ament_cmake_python_build_fairino_msgs_egg
[7.047s] [ 10%] [32mBuilding C object CMakeFiles/fairino_msgs__rosidl_generator_c.dir/rosidl_generator_c/fairino_msgs/msg/detail/robot_nonrt_state__functions.c.o[0m
[7.047s] [ 10%] [32mBuilding C object CMakeFiles/fairino_msgs__rosidl_generator_c.dir/rosidl_generator_c/fairino_msgs/srv/detail/remote_cmd_interface__functions.c.o[0m
[7.047s] [ 10%] [32mBuilding C object CMakeFiles/fairino_msgs__rosidl_generator_c.dir/rosidl_generator_c/fairino_msgs/srv/detail/remote_script_content__functions.c.o[0m
[7.062s] [ 10%] Built target fairino_msgs__cpp
[7.068s] [ 12%] [34m[1mGenerating C++ type support dispatch for ROS interfaces[0m
[7.068s] [ 14%] [34m[1mGenerating C++ type support for eProsima Fast-RTPS[0m
[7.068s] [ 17%] [34m[1mGenerating C++ introspection for ROS interfaces[0m
[7.084s] [ 19%] [32m[1mLinking C shared library libfairino_msgs__rosidl_generator_c.so[0m
[7.281s] [ 25%] [32mBuilding CXX object CMakeFiles/fairino_msgs__rosidl_typesupport_cpp.dir/rosidl_typesupport_cpp/fairino_msgs/srv/remote_cmd_interface__type_support.cpp.o[0m
[7.281s] [ 25%] [32mBuilding CXX object CMakeFiles/fairino_msgs__rosidl_typesupport_cpp.dir/rosidl_typesupport_cpp/fairino_msgs/msg/robot_nonrt_state__type_support.cpp.o[0m
[7.281s] [ 25%] [32mBuilding CXX object CMakeFiles/fairino_msgs__rosidl_typesupport_cpp.dir/rosidl_typesupport_cpp/fairino_msgs/srv/remote_script_content__type_support.cpp.o[0m
[7.305s] [ 27%] [32mBuilding CXX object CMakeFiles/fairino_msgs__rosidl_typesupport_introspection_cpp.dir/rosidl_typesupport_introspection_cpp/fairino_msgs/srv/detail/remote_script_content__type_support.cpp.o[0m
[7.305s] [ 29%] [32mBuilding CXX object CMakeFiles/fairino_msgs__rosidl_typesupport_introspection_cpp.dir/rosidl_typesupport_introspection_cpp/fairino_msgs/msg/detail/robot_nonrt_state__type_support.cpp.o[0m
[7.305s] [ 31%] [32mBuilding CXX object CMakeFiles/fairino_msgs__rosidl_typesupport_introspection_cpp.dir/rosidl_typesupport_introspection_cpp/fairino_msgs/srv/detail/remote_cmd_interface__type_support.cpp.o[0m
[7.342s] [ 36%] [32mBuilding CXX object CMakeFiles/fairino_msgs__rosidl_typesupport_fastrtps_cpp.dir/rosidl_typesupport_fastrtps_cpp/fairino_msgs/srv/detail/dds_fastrtps/remote_cmd_interface__type_support.cpp.o[0m
[7.342s] [ 36%] [32mBuilding CXX object CMakeFiles/fairino_msgs__rosidl_typesupport_fastrtps_cpp.dir/rosidl_typesupport_fastrtps_cpp/fairino_msgs/msg/detail/dds_fastrtps/robot_nonrt_state__type_support.cpp.o[0m
[7.342s] [ 38%] [32mBuilding CXX object CMakeFiles/fairino_msgs__rosidl_typesupport_fastrtps_cpp.dir/rosidl_typesupport_fastrtps_cpp/fairino_msgs/srv/detail/dds_fastrtps/remote_script_content__type_support.cpp.o[0m
[7.360s] [ 38%] Built target fairino_msgs__rosidl_generator_c
[7.370s] [ 40%] [34m[1mGenerating C type support for eProsima Fast-RTPS[0m
[7.371s] [ 42%] [34m[1mGenerating C introspection for ROS interfaces[0m
[7.371s] [ 44%] [34m[1mGenerating C type support dispatch for ROS interfaces[0m
[7.506s] [ 46%] [32m[1mLinking CXX shared library libfairino_msgs__rosidl_typesupport_cpp.so[0m
[7.627s] [ 48%] [32m[1mLinking CXX shared library libfairino_msgs__rosidl_typesupport_introspection_cpp.so[0m
[7.700s] [ 53%] [32mBuilding CXX object CMakeFiles/fairino_msgs__rosidl_typesupport_c.dir/rosidl_typesupport_c/fairino_msgs/srv/remote_cmd_interface__type_support.cpp.o[0m
[7.701s] [ 53%] [32mBuilding CXX object CMakeFiles/fairino_msgs__rosidl_typesupport_c.dir/rosidl_typesupport_c/fairino_msgs/srv/remote_script_content__type_support.cpp.o[0m
[7.701s] [ 55%] [32m[1mLinking CXX shared library libfairino_msgs__rosidl_typesupport_fastrtps_cpp.so[0m
[7.702s] [ 57%] [32mBuilding CXX object CMakeFiles/fairino_msgs__rosidl_typesupport_c.dir/rosidl_typesupport_c/fairino_msgs/msg/robot_nonrt_state__type_support.cpp.o[0m
[7.726s] [ 59%] [32m[1mLinking CXX shared library libfairino_msgs__rosidl_typesupport_c.so[0m
[7.728s] [ 59%] Built target fairino_msgs__rosidl_typesupport_cpp
[7.741s] [ 65%] [32mBuilding C object CMakeFiles/fairino_msgs__rosidl_typesupport_introspection_c.dir/rosidl_typesupport_introspection_c/fairino_msgs/srv/detail/remote_cmd_interface__type_support.c.o[0m
[7.741s] [ 65%] [32mBuilding C object CMakeFiles/fairino_msgs__rosidl_typesupport_introspection_c.dir/rosidl_typesupport_introspection_c/fairino_msgs/srv/detail/remote_script_content__type_support.c.o[0m
[7.741s] [ 65%] [32mBuilding C object CMakeFiles/fairino_msgs__rosidl_typesupport_introspection_c.dir/rosidl_typesupport_introspection_c/fairino_msgs/msg/detail/robot_nonrt_state__type_support.c.o[0m
[7.764s] [ 68%] [32m[1mLinking C shared library libfairino_msgs__rosidl_typesupport_introspection_c.so[0m
[7.764s] [ 72%] [32mBuilding CXX object CMakeFiles/fairino_msgs__rosidl_typesupport_fastrtps_c.dir/rosidl_typesupport_fastrtps_c/fairino_msgs/srv/detail/remote_cmd_interface__type_support_c.cpp.o[0m
[7.765s] [ 72%] [32mBuilding CXX object CMakeFiles/fairino_msgs__rosidl_typesupport_fastrtps_c.dir/rosidl_typesupport_fastrtps_c/fairino_msgs/srv/detail/remote_script_content__type_support_c.cpp.o[0m
[7.765s] [ 74%] [32mBuilding CXX object CMakeFiles/fairino_msgs__rosidl_typesupport_fastrtps_c.dir/rosidl_typesupport_fastrtps_c/fairino_msgs/msg/detail/robot_nonrt_state__type_support_c.cpp.o[0m
[7.867s] [ 74%] Built target fairino_msgs__rosidl_typesupport_introspection_cpp
[7.961s] [ 76%] [32m[1mLinking CXX shared library libfairino_msgs__rosidl_typesupport_fastrtps_c.so[0m
[7.993s] [ 76%] Built target fairino_msgs__rosidl_typesupport_fastrtps_cpp
[8.024s] [ 76%] Built target fairino_msgs__rosidl_typesupport_c
[8.087s] [ 76%] Built target fairino_msgs__rosidl_typesupport_introspection_c
[8.299s] [ 76%] Built target fairino_msgs__rosidl_typesupport_fastrtps_c
[8.311s] [ 76%] Built target fairino_msgs
[8.324s] [ 78%] [34m[1mGenerating Python code for ROS interfaces[0m
[8.744s] [ 78%] Built target fairino_msgs__py
[8.757s] [ 82%] [32mBuilding C object CMakeFiles/fairino_msgs__rosidl_generator_py.dir/rosidl_generator_py/fairino_msgs/srv/_remote_script_content_s.c.o[0m
[8.757s] [ 82%] [32mBuilding C object CMakeFiles/fairino_msgs__rosidl_generator_py.dir/rosidl_generator_py/fairino_msgs/srv/_remote_cmd_interface_s.c.o[0m
[8.757s] [ 85%] [32mBuilding C object CMakeFiles/fairino_msgs__rosidl_generator_py.dir/rosidl_generator_py/fairino_msgs/msg/_robot_nonrt_state_s.c.o[0m
[8.832s] [ 87%] [32m[1mLinking C shared library rosidl_generator_py/fairino_msgs/libfairino_msgs__rosidl_generator_py.so[0m
[9.089s] [ 87%] Built target fairino_msgs__rosidl_generator_py
[9.101s] [ 93%] [32mBuilding C object CMakeFiles/fairino_msgs__rosidl_typesupport_fastrtps_c__pyext.dir/rosidl_generator_py/fairino_msgs/_fairino_msgs_s.ep.rosidl_typesupport_fastrtps_c.c.o[0m
[9.101s] [ 93%] [32mBuilding C object CMakeFiles/fairino_msgs__rosidl_typesupport_c__pyext.dir/rosidl_generator_py/fairino_msgs/_fairino_msgs_s.ep.rosidl_typesupport_c.c.o[0m
[9.101s] [ 93%] [32mBuilding C object CMakeFiles/fairino_msgs__rosidl_typesupport_introspection_c__pyext.dir/rosidl_generator_py/fairino_msgs/_fairino_msgs_s.ep.rosidl_typesupport_introspection_c.c.o[0m
[9.158s] [ 97%] [32m[1mLinking C shared library rosidl_generator_py/fairino_msgs/fairino_msgs_s__rosidl_typesupport_c.cpython-310-x86_64-linux-gnu.so[0m
[9.158s] [ 97%] [32m[1mLinking C shared library rosidl_generator_py/fairino_msgs/fairino_msgs_s__rosidl_typesupport_introspection_c.cpython-310-x86_64-linux-gnu.so[0m
[9.159s] [100%] [32m[1mLinking C shared library rosidl_generator_py/fairino_msgs/fairino_msgs_s__rosidl_typesupport_fastrtps_c.cpython-310-x86_64-linux-gnu.so[0m
[9.360s] [100%] Built target fairino_msgs__rosidl_typesupport_c__pyext
[9.361s] [100%] Built target fairino_msgs__rosidl_typesupport_fastrtps_c__pyext
[9.362s] [100%] Built target fairino_msgs__rosidl_typesupport_introspection_c__pyext
[9.370s] Invoked command in '/home/ljw2/fairno5/build/fairino_msgs' returned '0': CMAKE_PREFIX_PATH=${CMAKE_PREFIX_PATH}:/opt/ros/humble /usr/bin/cmake --build /home/ljw2/fairno5/build/fairino_msgs -- -j24 -l24
[9.371s] Invoking command in '/home/ljw2/fairno5/build/fairino_msgs': CMAKE_PREFIX_PATH=${CMAKE_PREFIX_PATH}:/opt/ros/humble /usr/bin/cmake --install /home/ljw2/fairno5/build/fairino_msgs
[9.376s] -- Install configuration: ""
[9.376s] -- Installing: /home/ljw2/fairno5/install/fairino_msgs/share/ament_index/resource_index/rosidl_interfaces/fairino_msgs
[9.376s] -- Installing: /home/ljw2/fairno5/install/fairino_msgs/include/fairino_msgs/fairino_msgs
[9.377s] -- Installing: /home/ljw2/fairno5/install/fairino_msgs/include/fairino_msgs/fairino_msgs/srv
[9.377s] -- Installing: /home/ljw2/fairno5/install/fairino_msgs/include/fairino_msgs/fairino_msgs/srv/remote_cmd_interface.h
[9.377s] -- Installing: /home/ljw2/fairno5/install/fairino_msgs/include/fairino_msgs/fairino_msgs/srv/remote_script_content.h
[9.377s] -- Installing: /home/ljw2/fairno5/install/fairino_msgs/include/fairino_msgs/fairino_msgs/srv/detail
[9.377s] -- Installing: /home/ljw2/fairno5/install/fairino_msgs/include/fairino_msgs/fairino_msgs/srv/detail/remote_script_content__struct.h
[9.378s] -- Installing: /home/ljw2/fairno5/install/fairino_msgs/include/fairino_msgs/fairino_msgs/srv/detail/remote_cmd_interface__struct.h
[9.378s] -- Installing: /home/ljw2/fairno5/install/fairino_msgs/include/fairino_msgs/fairino_msgs/srv/detail/remote_cmd_interface__functions.c
[9.378s] -- Installing: /home/ljw2/fairno5/install/fairino_msgs/include/fairino_msgs/fairino_msgs/srv/detail/remote_script_content__functions.h
[9.378s] -- Installing: /home/ljw2/fairno5/install/fairino_msgs/include/fairino_msgs/fairino_msgs/srv/detail/remote_script_content__functions.c
[9.378s] -- Installing: /home/ljw2/fairno5/install/fairino_msgs/include/fairino_msgs/fairino_msgs/srv/detail/remote_cmd_interface__functions.h
[9.378s] -- Installing: /home/ljw2/fairno5/install/fairino_msgs/include/fairino_msgs/fairino_msgs/srv/detail/remote_script_content__type_support.h
[9.378s] -- Installing: /home/ljw2/fairno5/install/fairino_msgs/include/fairino_msgs/fairino_msgs/srv/detail/remote_cmd_interface__type_support.h
[9.378s] -- Installing: /home/ljw2/fairno5/install/fairino_msgs/include/fairino_msgs/fairino_msgs/msg
[9.379s] -- Installing: /home/ljw2/fairno5/install/fairino_msgs/include/fairino_msgs/fairino_msgs/msg/robot_nonrt_state.h
[9.379s] -- Installing: /home/ljw2/fairno5/install/fairino_msgs/include/fairino_msgs/fairino_msgs/msg/detail
[9.379s] -- Installing: /home/ljw2/fairno5/install/fairino_msgs/include/fairino_msgs/fairino_msgs/msg/detail/robot_nonrt_state__functions.h
[9.379s] -- Installing: /home/ljw2/fairno5/install/fairino_msgs/include/fairino_msgs/fairino_msgs/msg/detail/robot_nonrt_state__functions.c
[9.379s] -- Installing: /home/ljw2/fairno5/install/fairino_msgs/include/fairino_msgs/fairino_msgs/msg/detail/robot_nonrt_state__struct.h
[9.379s] -- Installing: /home/ljw2/fairno5/install/fairino_msgs/include/fairino_msgs/fairino_msgs/msg/detail/robot_nonrt_state__type_support.h
[9.379s] -- Installing: /home/ljw2/fairno5/install/fairino_msgs/include/fairino_msgs/fairino_msgs/msg/rosidl_generator_c__visibility_control.h
[9.379s] -- Installing: /home/ljw2/fairno5/install/fairino_msgs/share/fairino_msgs/environment/library_path.sh
[9.379s] -- Installing: /home/ljw2/fairno5/install/fairino_msgs/share/fairino_msgs/environment/library_path.dsv
[9.379s] -- Installing: /home/ljw2/fairno5/install/fairino_msgs/lib/libfairino_msgs__rosidl_generator_c.so
[9.379s] -- Set runtime path of "/home/ljw2/fairno5/install/fairino_msgs/lib/libfairino_msgs__rosidl_generator_c.so" to ""
[9.379s] -- Up-to-date: /home/ljw2/fairno5/install/fairino_msgs/include/fairino_msgs/fairino_msgs
[9.379s] -- Up-to-date: /home/ljw2/fairno5/install/fairino_msgs/include/fairino_msgs/fairino_msgs/srv
[9.379s] -- Up-to-date: /home/ljw2/fairno5/install/fairino_msgs/include/fairino_msgs/fairino_msgs/srv/detail
[9.380s] -- Installing: /home/ljw2/fairno5/install/fairino_msgs/include/fairino_msgs/fairino_msgs/srv/detail/remote_cmd_interface__rosidl_typesupport_fastrtps_c.h
[9.380s] -- Installing: /home/ljw2/fairno5/install/fairino_msgs/include/fairino_msgs/fairino_msgs/srv/detail/remote_script_content__rosidl_typesupport_fastrtps_c.h
[9.380s] -- Up-to-date: /home/ljw2/fairno5/install/fairino_msgs/include/fairino_msgs/fairino_msgs/msg
[9.380s] -- Installing: /home/ljw2/fairno5/install/fairino_msgs/include/fairino_msgs/fairino_msgs/msg/rosidl_typesupport_fastrtps_c__visibility_control.h
[9.380s] -- Up-to-date: /home/ljw2/fairno5/install/fairino_msgs/include/fairino_msgs/fairino_msgs/msg/detail
[9.380s] -- Installing: /home/ljw2/fairno5/install/fairino_msgs/include/fairino_msgs/fairino_msgs/msg/detail/robot_nonrt_state__rosidl_typesupport_fastrtps_c.h
[9.381s] -- Installing: /home/ljw2/fairno5/install/fairino_msgs/lib/libfairino_msgs__rosidl_typesupport_fastrtps_c.so
[9.381s] -- Set runtime path of "/home/ljw2/fairno5/install/fairino_msgs/lib/libfairino_msgs__rosidl_typesupport_fastrtps_c.so" to ""
[9.381s] -- Up-to-date: /home/ljw2/fairno5/install/fairino_msgs/include/fairino_msgs/fairino_msgs
[9.381s] -- Up-to-date: /home/ljw2/fairno5/install/fairino_msgs/include/fairino_msgs/fairino_msgs/srv
[9.381s] -- Up-to-date: /home/ljw2/fairno5/install/fairino_msgs/include/fairino_msgs/fairino_msgs/srv/detail
[9.381s] -- Installing: /home/ljw2/fairno5/install/fairino_msgs/include/fairino_msgs/fairino_msgs/srv/detail/remote_cmd_interface__type_support.c
[9.381s] -- Installing: /home/ljw2/fairno5/install/fairino_msgs/include/fairino_msgs/fairino_msgs/srv/detail/remote_cmd_interface__rosidl_typesupport_introspection_c.h
[9.381s] -- Installing: /home/ljw2/fairno5/install/fairino_msgs/include/fairino_msgs/fairino_msgs/srv/detail/remote_script_content__type_support.c
[9.381s] -- Installing: /home/ljw2/fairno5/install/fairino_msgs/include/fairino_msgs/fairino_msgs/srv/detail/remote_script_content__rosidl_typesupport_introspection_c.h
[9.381s] -- Up-to-date: /home/ljw2/fairno5/install/fairino_msgs/include/fairino_msgs/fairino_msgs/msg
[9.381s] -- Installing: /home/ljw2/fairno5/install/fairino_msgs/include/fairino_msgs/fairino_msgs/msg/rosidl_typesupport_introspection_c__visibility_control.h
[9.381s] -- Up-to-date: /home/ljw2/fairno5/install/fairino_msgs/include/fairino_msgs/fairino_msgs/msg/detail
[9.381s] -- Installing: /home/ljw2/fairno5/install/fairino_msgs/include/fairino_msgs/fairino_msgs/msg/detail/robot_nonrt_state__type_support.c
[9.382s] -- Installing: /home/ljw2/fairno5/install/fairino_msgs/include/fairino_msgs/fairino_msgs/msg/detail/robot_nonrt_state__rosidl_typesupport_introspection_c.h
[9.382s] -- Installing: /home/ljw2/fairno5/install/fairino_msgs/lib/libfairino_msgs__rosidl_typesupport_introspection_c.so
[9.382s] -- Set runtime path of "/home/ljw2/fairno5/install/fairino_msgs/lib/libfairino_msgs__rosidl_typesupport_introspection_c.so" to ""
[9.382s] -- Installing: /home/ljw2/fairno5/install/fairino_msgs/lib/libfairino_msgs__rosidl_typesupport_c.so
[9.382s] -- Set runtime path of "/home/ljw2/fairno5/install/fairino_msgs/lib/libfairino_msgs__rosidl_typesupport_c.so" to ""
[9.382s] -- Up-to-date: /home/ljw2/fairno5/install/fairino_msgs/include/fairino_msgs/fairino_msgs
[9.382s] -- Up-to-date: /home/ljw2/fairno5/install/fairino_msgs/include/fairino_msgs/fairino_msgs/srv
[9.382s] -- Installing: /home/ljw2/fairno5/install/fairino_msgs/include/fairino_msgs/fairino_msgs/srv/remote_cmd_interface.hpp
[9.382s] -- Installing: /home/ljw2/fairno5/install/fairino_msgs/include/fairino_msgs/fairino_msgs/srv/remote_script_content.hpp
[9.382s] -- Up-to-date: /home/ljw2/fairno5/install/fairino_msgs/include/fairino_msgs/fairino_msgs/srv/detail
[9.382s] -- Installing: /home/ljw2/fairno5/install/fairino_msgs/include/fairino_msgs/fairino_msgs/srv/detail/remote_cmd_interface__struct.hpp
[9.383s] -- Installing: /home/ljw2/fairno5/install/fairino_msgs/include/fairino_msgs/fairino_msgs/srv/detail/remote_script_content__builder.hpp
[9.383s] -- Installing: /home/ljw2/fairno5/install/fairino_msgs/include/fairino_msgs/fairino_msgs/srv/detail/remote_cmd_interface__type_support.hpp
[9.383s] -- Installing: /home/ljw2/fairno5/install/fairino_msgs/include/fairino_msgs/fairino_msgs/srv/detail/remote_script_content__type_support.hpp
[9.383s] -- Installing: /home/ljw2/fairno5/install/fairino_msgs/include/fairino_msgs/fairino_msgs/srv/detail/remote_script_content__struct.hpp
[9.383s] -- Installing: /home/ljw2/fairno5/install/fairino_msgs/include/fairino_msgs/fairino_msgs/srv/detail/remote_cmd_interface__builder.hpp
[9.383s] -- Installing: /home/ljw2/fairno5/install/fairino_msgs/include/fairino_msgs/fairino_msgs/srv/detail/remote_cmd_interface__traits.hpp
[9.383s] -- Installing: /home/ljw2/fairno5/install/fairino_msgs/include/fairino_msgs/fairino_msgs/srv/detail/remote_script_content__traits.hpp
[9.383s] -- Up-to-date: /home/ljw2/fairno5/install/fairino_msgs/include/fairino_msgs/fairino_msgs/msg
[9.383s] -- Installing: /home/ljw2/fairno5/install/fairino_msgs/include/fairino_msgs/fairino_msgs/msg/rosidl_generator_cpp__visibility_control.hpp
[9.384s] -- Up-to-date: /home/ljw2/fairno5/install/fairino_msgs/include/fairino_msgs/fairino_msgs/msg/detail
[9.384s] -- Installing: /home/ljw2/fairno5/install/fairino_msgs/include/fairino_msgs/fairino_msgs/msg/detail/robot_nonrt_state__type_support.hpp
[9.384s] -- Installing: /home/ljw2/fairno5/install/fairino_msgs/include/fairino_msgs/fairino_msgs/msg/detail/robot_nonrt_state__builder.hpp
[9.384s] -- Installing: /home/ljw2/fairno5/install/fairino_msgs/include/fairino_msgs/fairino_msgs/msg/detail/robot_nonrt_state__struct.hpp
[9.384s] -- Installing: /home/ljw2/fairno5/install/fairino_msgs/include/fairino_msgs/fairino_msgs/msg/detail/robot_nonrt_state__traits.hpp
[9.384s] -- Installing: /home/ljw2/fairno5/install/fairino_msgs/include/fairino_msgs/fairino_msgs/msg/robot_nonrt_state.hpp
[9.384s] -- Up-to-date: /home/ljw2/fairno5/install/fairino_msgs/include/fairino_msgs/fairino_msgs
[9.384s] -- Up-to-date: /home/ljw2/fairno5/install/fairino_msgs/include/fairino_msgs/fairino_msgs/srv
[9.384s] -- Up-to-date: /home/ljw2/fairno5/install/fairino_msgs/include/fairino_msgs/fairino_msgs/srv/detail
[9.384s] -- Installing: /home/ljw2/fairno5/install/fairino_msgs/include/fairino_msgs/fairino_msgs/srv/detail/remote_cmd_interface__rosidl_typesupport_fastrtps_cpp.hpp
[9.384s] -- Installing: /home/ljw2/fairno5/install/fairino_msgs/include/fairino_msgs/fairino_msgs/srv/detail/remote_script_content__rosidl_typesupport_fastrtps_cpp.hpp
[9.384s] -- Installing: /home/ljw2/fairno5/install/fairino_msgs/include/fairino_msgs/fairino_msgs/srv/detail/dds_fastrtps
[9.385s] -- Up-to-date: /home/ljw2/fairno5/install/fairino_msgs/include/fairino_msgs/fairino_msgs/msg
[9.385s] -- Installing: /home/ljw2/fairno5/install/fairino_msgs/include/fairino_msgs/fairino_msgs/msg/rosidl_typesupport_fastrtps_cpp__visibility_control.h
[9.385s] -- Up-to-date: /home/ljw2/fairno5/install/fairino_msgs/include/fairino_msgs/fairino_msgs/msg/detail
[9.385s] -- Installing: /home/ljw2/fairno5/install/fairino_msgs/include/fairino_msgs/fairino_msgs/msg/detail/robot_nonrt_state__rosidl_typesupport_fastrtps_cpp.hpp
[9.385s] -- Installing: /home/ljw2/fairno5/install/fairino_msgs/include/fairino_msgs/fairino_msgs/msg/detail/dds_fastrtps
[9.385s] -- Installing: /home/ljw2/fairno5/install/fairino_msgs/lib/libfairino_msgs__rosidl_typesupport_fastrtps_cpp.so
[9.385s] -- Set runtime path of "/home/ljw2/fairno5/install/fairino_msgs/lib/libfairino_msgs__rosidl_typesupport_fastrtps_cpp.so" to ""
[9.385s] -- Up-to-date: /home/ljw2/fairno5/install/fairino_msgs/include/fairino_msgs/fairino_msgs
[9.385s] -- Up-to-date: /home/ljw2/fairno5/install/fairino_msgs/include/fairino_msgs/fairino_msgs/srv
[9.385s] -- Up-to-date: /home/ljw2/fairno5/install/fairino_msgs/include/fairino_msgs/fairino_msgs/srv/detail
[9.385s] -- Installing: /home/ljw2/fairno5/install/fairino_msgs/include/fairino_msgs/fairino_msgs/srv/detail/remote_script_content__rosidl_typesupport_introspection_cpp.hpp
[9.385s] -- Installing: /home/ljw2/fairno5/install/fairino_msgs/include/fairino_msgs/fairino_msgs/srv/detail/remote_cmd_interface__type_support.cpp
[9.386s] -- Installing: /home/ljw2/fairno5/install/fairino_msgs/include/fairino_msgs/fairino_msgs/srv/detail/remote_script_content__type_support.cpp
[9.386s] -- Installing: /home/ljw2/fairno5/install/fairino_msgs/include/fairino_msgs/fairino_msgs/srv/detail/remote_cmd_interface__rosidl_typesupport_introspection_cpp.hpp
[9.386s] -- Up-to-date: /home/ljw2/fairno5/install/fairino_msgs/include/fairino_msgs/fairino_msgs/msg
[9.386s] -- Up-to-date: /home/ljw2/fairno5/install/fairino_msgs/include/fairino_msgs/fairino_msgs/msg/detail
[9.386s] -- Installing: /home/ljw2/fairno5/install/fairino_msgs/include/fairino_msgs/fairino_msgs/msg/detail/robot_nonrt_state__rosidl_typesupport_introspection_cpp.hpp
[9.386s] -- Installing: /home/ljw2/fairno5/install/fairino_msgs/include/fairino_msgs/fairino_msgs/msg/detail/robot_nonrt_state__type_support.cpp
[9.386s] -- Installing: /home/ljw2/fairno5/install/fairino_msgs/lib/libfairino_msgs__rosidl_typesupport_introspection_cpp.so
[9.386s] -- Set runtime path of "/home/ljw2/fairno5/install/fairino_msgs/lib/libfairino_msgs__rosidl_typesupport_introspection_cpp.so" to ""
[9.386s] -- Installing: /home/ljw2/fairno5/install/fairino_msgs/lib/libfairino_msgs__rosidl_typesupport_cpp.so
[9.386s] -- Set runtime path of "/home/ljw2/fairno5/install/fairino_msgs/lib/libfairino_msgs__rosidl_typesupport_cpp.so" to ""
[9.386s] -- Installing: /home/ljw2/fairno5/install/fairino_msgs/share/fairino_msgs/environment/pythonpath.sh
[9.386s] -- Installing: /home/ljw2/fairno5/install/fairino_msgs/share/fairino_msgs/environment/pythonpath.dsv
[9.386s] -- Installing: /home/ljw2/fairno5/install/fairino_msgs/local/lib/python3.10/dist-packages/fairino_msgs-0.0.0-py3.10.egg-info
[9.386s] -- Installing: /home/ljw2/fairno5/install/fairino_msgs/local/lib/python3.10/dist-packages/fairino_msgs-0.0.0-py3.10.egg-info/top_level.txt
[9.386s] -- Installing: /home/ljw2/fairno5/install/fairino_msgs/local/lib/python3.10/dist-packages/fairino_msgs-0.0.0-py3.10.egg-info/PKG-INFO
[9.386s] -- Installing: /home/ljw2/fairno5/install/fairino_msgs/local/lib/python3.10/dist-packages/fairino_msgs-0.0.0-py3.10.egg-info/dependency_links.txt
[9.386s] -- Installing: /home/ljw2/fairno5/install/fairino_msgs/local/lib/python3.10/dist-packages/fairino_msgs-0.0.0-py3.10.egg-info/SOURCES.txt
[9.386s] -- Installing: /home/ljw2/fairno5/install/fairino_msgs/local/lib/python3.10/dist-packages/fairino_msgs
[9.386s] -- Installing: /home/ljw2/fairno5/install/fairino_msgs/local/lib/python3.10/dist-packages/fairino_msgs/srv
[9.386s] -- Installing: /home/ljw2/fairno5/install/fairino_msgs/local/lib/python3.10/dist-packages/fairino_msgs/srv/_remote_script_content.py
[9.386s] -- Installing: /home/ljw2/fairno5/install/fairino_msgs/local/lib/python3.10/dist-packages/fairino_msgs/srv/_remote_cmd_interface.py
[9.386s] -- Installing: /home/ljw2/fairno5/install/fairino_msgs/local/lib/python3.10/dist-packages/fairino_msgs/srv/__init__.py
[9.386s] -- Installing: /home/ljw2/fairno5/install/fairino_msgs/local/lib/python3.10/dist-packages/fairino_msgs/srv/_remote_cmd_interface_s.c
[9.386s] -- Installing: /home/ljw2/fairno5/install/fairino_msgs/local/lib/python3.10/dist-packages/fairino_msgs/srv/_remote_script_content_s.c
[9.386s] -- Installing: /home/ljw2/fairno5/install/fairino_msgs/local/lib/python3.10/dist-packages/fairino_msgs/fairino_msgs_s__rosidl_typesupport_introspection_c.cpython-310-x86_64-linux-gnu.so
[9.386s] -- Installing: /home/ljw2/fairno5/install/fairino_msgs/local/lib/python3.10/dist-packages/fairino_msgs/msg
[9.386s] -- Installing: /home/ljw2/fairno5/install/fairino_msgs/local/lib/python3.10/dist-packages/fairino_msgs/msg/__init__.py
[9.386s] -- Installing: /home/ljw2/fairno5/install/fairino_msgs/local/lib/python3.10/dist-packages/fairino_msgs/msg/_robot_nonrt_state_s.c
[9.386s] -- Installing: /home/ljw2/fairno5/install/fairino_msgs/local/lib/python3.10/dist-packages/fairino_msgs/msg/_robot_nonrt_state.py
[9.386s] -- Installing: /home/ljw2/fairno5/install/fairino_msgs/local/lib/python3.10/dist-packages/fairino_msgs/__init__.py
[9.386s] -- Installing: /home/ljw2/fairno5/install/fairino_msgs/local/lib/python3.10/dist-packages/fairino_msgs/_fairino_msgs_s.ep.rosidl_typesupport_fastrtps_c.c
[9.387s] -- Installing: /home/ljw2/fairno5/install/fairino_msgs/local/lib/python3.10/dist-packages/fairino_msgs/fairino_msgs_s__rosidl_typesupport_c.cpython-310-x86_64-linux-gnu.so
[9.387s] -- Installing: /home/ljw2/fairno5/install/fairino_msgs/local/lib/python3.10/dist-packages/fairino_msgs/_fairino_msgs_s.ep.rosidl_typesupport_c.c
[9.387s] -- Installing: /home/ljw2/fairno5/install/fairino_msgs/local/lib/python3.10/dist-packages/fairino_msgs/_fairino_msgs_s.ep.rosidl_typesupport_introspection_c.c
[9.387s] -- Installing: /home/ljw2/fairno5/install/fairino_msgs/local/lib/python3.10/dist-packages/fairino_msgs/libfairino_msgs__rosidl_generator_py.so
[9.387s] -- Installing: /home/ljw2/fairno5/install/fairino_msgs/local/lib/python3.10/dist-packages/fairino_msgs/fairino_msgs_s__rosidl_typesupport_fastrtps_c.cpython-310-x86_64-linux-gnu.so
[9.417s] Listing '/home/ljw2/fairno5/install/fairino_msgs/local/lib/python3.10/dist-packages/fairino_msgs'...
[9.417s] Compiling '/home/ljw2/fairno5/install/fairino_msgs/local/lib/python3.10/dist-packages/fairino_msgs/__init__.py'...
[9.417s] Listing '/home/ljw2/fairno5/install/fairino_msgs/local/lib/python3.10/dist-packages/fairino_msgs/msg'...
[9.417s] Compiling '/home/ljw2/fairno5/install/fairino_msgs/local/lib/python3.10/dist-packages/fairino_msgs/msg/__init__.py'...
[9.417s] Compiling '/home/ljw2/fairno5/install/fairino_msgs/local/lib/python3.10/dist-packages/fairino_msgs/msg/_robot_nonrt_state.py'...
[9.417s] Listing '/home/ljw2/fairno5/install/fairino_msgs/local/lib/python3.10/dist-packages/fairino_msgs/srv'...
[9.417s] Compiling '/home/ljw2/fairno5/install/fairino_msgs/local/lib/python3.10/dist-packages/fairino_msgs/srv/__init__.py'...
[9.417s] Compiling '/home/ljw2/fairno5/install/fairino_msgs/local/lib/python3.10/dist-packages/fairino_msgs/srv/_remote_cmd_interface.py'...
[9.417s] Compiling '/home/ljw2/fairno5/install/fairino_msgs/local/lib/python3.10/dist-packages/fairino_msgs/srv/_remote_script_content.py'...
[9.420s] -- Installing: /home/ljw2/fairno5/install/fairino_msgs/local/lib/python3.10/dist-packages/fairino_msgs/fairino_msgs_s__rosidl_typesupport_fastrtps_c.cpython-310-x86_64-linux-gnu.so
[9.421s] -- Set runtime path of "/home/ljw2/fairno5/install/fairino_msgs/local/lib/python3.10/dist-packages/fairino_msgs/fairino_msgs_s__rosidl_typesupport_fastrtps_c.cpython-310-x86_64-linux-gnu.so" to ""
[9.421s] -- Installing: /home/ljw2/fairno5/install/fairino_msgs/local/lib/python3.10/dist-packages/fairino_msgs/fairino_msgs_s__rosidl_typesupport_introspection_c.cpython-310-x86_64-linux-gnu.so
[9.421s] -- Set runtime path of "/home/ljw2/fairno5/install/fairino_msgs/local/lib/python3.10/dist-packages/fairino_msgs/fairino_msgs_s__rosidl_typesupport_introspection_c.cpython-310-x86_64-linux-gnu.so" to ""
[9.421s] -- Installing: /home/ljw2/fairno5/install/fairino_msgs/local/lib/python3.10/dist-packages/fairino_msgs/fairino_msgs_s__rosidl_typesupport_c.cpython-310-x86_64-linux-gnu.so
[9.421s] -- Set runtime path of "/home/ljw2/fairno5/install/fairino_msgs/local/lib/python3.10/dist-packages/fairino_msgs/fairino_msgs_s__rosidl_typesupport_c.cpython-310-x86_64-linux-gnu.so" to ""
[9.421s] -- Installing: /home/ljw2/fairno5/install/fairino_msgs/lib/libfairino_msgs__rosidl_generator_py.so
[9.422s] -- Set runtime path of "/home/ljw2/fairno5/install/fairino_msgs/lib/libfairino_msgs__rosidl_generator_py.so" to ""
[9.422s] -- Installing: /home/ljw2/fairno5/install/fairino_msgs/share/fairino_msgs/srv/RemoteCmdInterface.idl
[9.422s] -- Installing: /home/ljw2/fairno5/install/fairino_msgs/share/fairino_msgs/srv/RemoteScriptContent.idl
[9.422s] -- Installing: /home/ljw2/fairno5/install/fairino_msgs/share/fairino_msgs/msg/RobotNonrtState.idl
[9.422s] -- Installing: /home/ljw2/fairno5/install/fairino_msgs/share/fairino_msgs/srv/RemoteCmdInterface.srv
[9.422s] -- Installing: /home/ljw2/fairno5/install/fairino_msgs/share/fairino_msgs/srv/RemoteCmdInterface_Request.msg
[9.422s] -- Installing: /home/ljw2/fairno5/install/fairino_msgs/share/fairino_msgs/srv/RemoteCmdInterface_Response.msg
[9.422s] -- Installing: /home/ljw2/fairno5/install/fairino_msgs/share/fairino_msgs/srv/RemoteScriptContent.srv
[9.422s] -- Installing: /home/ljw2/fairno5/install/fairino_msgs/share/fairino_msgs/srv/RemoteScriptContent_Request.msg
[9.423s] -- Installing: /home/ljw2/fairno5/install/fairino_msgs/share/fairino_msgs/srv/RemoteScriptContent_Response.msg
[9.423s] -- Installing: /home/ljw2/fairno5/install/fairino_msgs/share/fairino_msgs/msg/RobotNonrtState.msg
[9.423s] -- Installing: /home/ljw2/fairno5/install/fairino_msgs/share/ament_index/resource_index/package_run_dependencies/fairino_msgs
[9.423s] -- Installing: /home/ljw2/fairno5/install/fairino_msgs/share/ament_index/resource_index/parent_prefix_path/fairino_msgs
[9.423s] -- Installing: /home/ljw2/fairno5/install/fairino_msgs/share/fairino_msgs/environment/ament_prefix_path.sh
[9.423s] -- Installing: /home/ljw2/fairno5/install/fairino_msgs/share/fairino_msgs/environment/ament_prefix_path.dsv
[9.423s] -- Installing: /home/ljw2/fairno5/install/fairino_msgs/share/fairino_msgs/environment/path.sh
[9.423s] -- Installing: /home/ljw2/fairno5/install/fairino_msgs/share/fairino_msgs/environment/path.dsv
[9.423s] -- Installing: /home/ljw2/fairno5/install/fairino_msgs/share/fairino_msgs/local_setup.bash
[9.423s] -- Installing: /home/ljw2/fairno5/install/fairino_msgs/share/fairino_msgs/local_setup.sh
[9.423s] -- Installing: /home/ljw2/fairno5/install/fairino_msgs/share/fairino_msgs/local_setup.zsh
[9.424s] -- Installing: /home/ljw2/fairno5/install/fairino_msgs/share/fairino_msgs/local_setup.dsv
[9.424s] -- Installing: /home/ljw2/fairno5/install/fairino_msgs/share/fairino_msgs/package.dsv
[9.424s] -- Installing: /home/ljw2/fairno5/install/fairino_msgs/share/ament_index/resource_index/packages/fairino_msgs
[9.424s] -- Installing: /home/ljw2/fairno5/install/fairino_msgs/share/fairino_msgs/cmake/export_fairino_msgs__rosidl_generator_cExport.cmake
[9.424s] -- Installing: /home/ljw2/fairno5/install/fairino_msgs/share/fairino_msgs/cmake/export_fairino_msgs__rosidl_generator_cExport-noconfig.cmake
[9.424s] -- Installing: /home/ljw2/fairno5/install/fairino_msgs/share/fairino_msgs/cmake/export_fairino_msgs__rosidl_typesupport_fastrtps_cExport.cmake
[9.424s] -- Installing: /home/ljw2/fairno5/install/fairino_msgs/share/fairino_msgs/cmake/export_fairino_msgs__rosidl_typesupport_fastrtps_cExport-noconfig.cmake
[9.424s] -- Installing: /home/ljw2/fairno5/install/fairino_msgs/share/fairino_msgs/cmake/fairino_msgs__rosidl_typesupport_introspection_cExport.cmake
[9.424s] -- Installing: /home/ljw2/fairno5/install/fairino_msgs/share/fairino_msgs/cmake/fairino_msgs__rosidl_typesupport_introspection_cExport-noconfig.cmake
[9.424s] -- Installing: /home/ljw2/fairno5/install/fairino_msgs/share/fairino_msgs/cmake/fairino_msgs__rosidl_typesupport_cExport.cmake
[9.425s] -- Installing: /home/ljw2/fairno5/install/fairino_msgs/share/fairino_msgs/cmake/fairino_msgs__rosidl_typesupport_cExport-noconfig.cmake
[9.425s] -- Installing: /home/ljw2/fairno5/install/fairino_msgs/share/fairino_msgs/cmake/export_fairino_msgs__rosidl_generator_cppExport.cmake
[9.425s] -- Installing: /home/ljw2/fairno5/install/fairino_msgs/share/fairino_msgs/cmake/export_fairino_msgs__rosidl_typesupport_fastrtps_cppExport.cmake
[9.425s] -- Installing: /home/ljw2/fairno5/install/fairino_msgs/share/fairino_msgs/cmake/export_fairino_msgs__rosidl_typesupport_fastrtps_cppExport-noconfig.cmake
[9.425s] -- Installing: /home/ljw2/fairno5/install/fairino_msgs/share/fairino_msgs/cmake/fairino_msgs__rosidl_typesupport_introspection_cppExport.cmake
[9.425s] -- Installing: /home/ljw2/fairno5/install/fairino_msgs/share/fairino_msgs/cmake/fairino_msgs__rosidl_typesupport_introspection_cppExport-noconfig.cmake
[9.425s] -- Installing: /home/ljw2/fairno5/install/fairino_msgs/share/fairino_msgs/cmake/fairino_msgs__rosidl_typesupport_cppExport.cmake
[9.425s] -- Installing: /home/ljw2/fairno5/install/fairino_msgs/share/fairino_msgs/cmake/fairino_msgs__rosidl_typesupport_cppExport-noconfig.cmake
[9.425s] -- Installing: /home/ljw2/fairno5/install/fairino_msgs/share/fairino_msgs/cmake/export_fairino_msgs__rosidl_generator_pyExport.cmake
[9.425s] -- Installing: /home/ljw2/fairno5/install/fairino_msgs/share/fairino_msgs/cmake/export_fairino_msgs__rosidl_generator_pyExport-noconfig.cmake
[9.425s] -- Installing: /home/ljw2/fairno5/install/fairino_msgs/share/fairino_msgs/cmake/rosidl_cmake-extras.cmake
[9.425s] -- Installing: /home/ljw2/fairno5/install/fairino_msgs/share/fairino_msgs/cmake/ament_cmake_export_include_directories-extras.cmake
[9.425s] -- Installing: /home/ljw2/fairno5/install/fairino_msgs/share/fairino_msgs/cmake/ament_cmake_export_libraries-extras.cmake
[9.426s] -- Installing: /home/ljw2/fairno5/install/fairino_msgs/share/fairino_msgs/cmake/ament_cmake_export_targets-extras.cmake
[9.426s] -- Installing: /home/ljw2/fairno5/install/fairino_msgs/share/fairino_msgs/cmake/rosidl_cmake_export_typesupport_targets-extras.cmake
[9.426s] -- Installing: /home/ljw2/fairno5/install/fairino_msgs/share/fairino_msgs/cmake/ament_cmake_export_dependencies-extras.cmake
[9.426s] -- Installing: /home/ljw2/fairno5/install/fairino_msgs/share/fairino_msgs/cmake/rosidl_cmake_export_typesupport_libraries-extras.cmake
[9.426s] -- Installing: /home/ljw2/fairno5/install/fairino_msgs/share/fairino_msgs/cmake/fairino_msgsConfig.cmake
[9.426s] -- Installing: /home/ljw2/fairno5/install/fairino_msgs/share/fairino_msgs/cmake/fairino_msgsConfig-version.cmake
[9.426s] -- Installing: /home/ljw2/fairno5/install/fairino_msgs/share/fairino_msgs/package.xml
[9.428s] Invoked command in '/home/ljw2/fairno5/build/fairino_msgs' returned '0': CMAKE_PREFIX_PATH=${CMAKE_PREFIX_PATH}:/opt/ros/humble /usr/bin/cmake --install /home/ljw2/fairno5/build/fairino_msgs
