[0.008s] Invoking command in '/home/ljw/ws_fr5/build/moveit_calibration_demos': AMENT_PREFIX_PATH=/home/ljw/ws_fr5/install/moveit_calibration_gui:/home/ljw/ws_fr5/install/moveit_calibration_plugins:${AMENT_PREFIX_PATH} CMAKE_PREFIX_PATH=/home/ljw/ws_fr5/install/moveit_calibration_gui:/home/ljw/ws_fr5/install/moveit_calibration_plugins:/home/ljw/ws_fr5/install/robotiq_2f_85_gripper_visualization:/home/ljw/ws_fr5/install/fairino_hardware:/home/ljw/ws_fr5/install/fairino_msgs:/home/ljw/ws_fr5/install/fairino5_v6_moveit2_config:/home/ljw/ws_fr5/install/fairino_description:/opt/ros/humble LD_LIBRARY_PATH=/home/ljw/ws_fr5/install/moveit_calibration_gui/lib:/home/ljw/ws_fr5/install/moveit_calibration_plugins/lib:${LD_LIBRARY_PATH} /usr/bin/cmake --build /home/ljw/ws_fr5/build/moveit_calibration_demos -- -j16 -l16
[0.035s] Invoked command in '/home/ljw/ws_fr5/build/moveit_calibration_demos' returned '0': AMENT_PREFIX_PATH=/home/ljw/ws_fr5/install/moveit_calibration_gui:/home/ljw/ws_fr5/install/moveit_calibration_plugins:${AMENT_PREFIX_PATH} CMAKE_PREFIX_PATH=/home/ljw/ws_fr5/install/moveit_calibration_gui:/home/ljw/ws_fr5/install/moveit_calibration_plugins:/home/ljw/ws_fr5/install/robotiq_2f_85_gripper_visualization:/home/ljw/ws_fr5/install/fairino_hardware:/home/ljw/ws_fr5/install/fairino_msgs:/home/ljw/ws_fr5/install/fairino5_v6_moveit2_config:/home/ljw/ws_fr5/install/fairino_description:/opt/ros/humble LD_LIBRARY_PATH=/home/ljw/ws_fr5/install/moveit_calibration_gui/lib:/home/ljw/ws_fr5/install/moveit_calibration_plugins/lib:${LD_LIBRARY_PATH} /usr/bin/cmake --build /home/ljw/ws_fr5/build/moveit_calibration_demos -- -j16 -l16
[0.036s] Invoking command in '/home/ljw/ws_fr5/build/moveit_calibration_demos': AMENT_PREFIX_PATH=/home/ljw/ws_fr5/install/moveit_calibration_gui:/home/ljw/ws_fr5/install/moveit_calibration_plugins:${AMENT_PREFIX_PATH} CMAKE_PREFIX_PATH=/home/ljw/ws_fr5/install/moveit_calibration_gui:/home/ljw/ws_fr5/install/moveit_calibration_plugins:/home/ljw/ws_fr5/install/robotiq_2f_85_gripper_visualization:/home/ljw/ws_fr5/install/fairino_hardware:/home/ljw/ws_fr5/install/fairino_msgs:/home/ljw/ws_fr5/install/fairino5_v6_moveit2_config:/home/ljw/ws_fr5/install/fairino_description:/opt/ros/humble LD_LIBRARY_PATH=/home/ljw/ws_fr5/install/moveit_calibration_gui/lib:/home/ljw/ws_fr5/install/moveit_calibration_plugins/lib:${LD_LIBRARY_PATH} /usr/bin/cmake --install /home/ljw/ws_fr5/build/moveit_calibration_demos
[0.043s] -- Install configuration: ""
[0.043s] -- Up-to-date: /home/ljw/ws_fr5/install/moveit_calibration_demos/share/moveit_calibration_demos/launch
[0.043s] -- Up-to-date: /home/ljw/ws_fr5/install/moveit_calibration_demos/share/moveit_calibration_demos/launch/gz_eye_to_hand_aruco.launch.py
[0.043s] -- Up-to-date: /home/ljw/ws_fr5/install/moveit_calibration_demos/share/moveit_calibration_demos/launch/gz_eye_in_hand_charuco.launch.py
[0.043s] -- Up-to-date: /home/ljw/ws_fr5/install/moveit_calibration_demos/share/moveit_calibration_demos/launch/gz_eye_in_hand_aruco.launch.py
[0.043s] -- Up-to-date: /home/ljw/ws_fr5/install/moveit_calibration_demos/share/moveit_calibration_demos/launch/gz_eye_to_hand_charuco.launch.py
[0.043s] -- Up-to-date: /home/ljw/ws_fr5/install/moveit_calibration_demos/share/moveit_calibration_demos/launch/_gz_moveit_calibration.launch.py
[0.043s] -- Up-to-date: /home/ljw/ws_fr5/install/moveit_calibration_demos/share/moveit_calibration_demos/rviz
[0.043s] -- Up-to-date: /home/ljw/ws_fr5/install/moveit_calibration_demos/share/moveit_calibration_demos/rviz/eye_to_hand_charuco.rviz
[0.044s] -- Up-to-date: /home/ljw/ws_fr5/install/moveit_calibration_demos/share/moveit_calibration_demos/rviz/eye_in_hand_charuco.rviz
[0.044s] -- Up-to-date: /home/ljw/ws_fr5/install/moveit_calibration_demos/share/moveit_calibration_demos/rviz/eye_to_hand_aruco.rviz
[0.044s] -- Up-to-date: /home/ljw/ws_fr5/install/moveit_calibration_demos/share/moveit_calibration_demos/rviz/eye_in_hand_aruco.rviz
[0.044s] -- Up-to-date: /home/ljw/ws_fr5/install/moveit_calibration_demos/share/moveit_calibration_demos/worlds
[0.044s] -- Up-to-date: /home/ljw/ws_fr5/install/moveit_calibration_demos/share/moveit_calibration_demos/worlds/eye_in_hand_aruco.sdf
[0.044s] -- Up-to-date: /home/ljw/ws_fr5/install/moveit_calibration_demos/share/moveit_calibration_demos/worlds/eye_to_hand_charuco.sdf
[0.044s] -- Up-to-date: /home/ljw/ws_fr5/install/moveit_calibration_demos/share/moveit_calibration_demos/worlds/eye_in_hand_charuco.sdf
[0.044s] -- Up-to-date: /home/ljw/ws_fr5/install/moveit_calibration_demos/share/moveit_calibration_demos/worlds/eye_to_hand_aruco.sdf
[0.044s] -- Up-to-date: /home/ljw/ws_fr5/install/moveit_calibration_demos/share/ament_index/resource_index/package_run_dependencies/moveit_calibration_demos
[0.044s] -- Up-to-date: /home/ljw/ws_fr5/install/moveit_calibration_demos/share/ament_index/resource_index/parent_prefix_path/moveit_calibration_demos
[0.044s] -- Up-to-date: /home/ljw/ws_fr5/install/moveit_calibration_demos/share/moveit_calibration_demos/environment/ament_prefix_path.sh
[0.044s] -- Up-to-date: /home/ljw/ws_fr5/install/moveit_calibration_demos/share/moveit_calibration_demos/environment/ament_prefix_path.dsv
[0.044s] -- Up-to-date: /home/ljw/ws_fr5/install/moveit_calibration_demos/share/moveit_calibration_demos/environment/path.sh
[0.045s] -- Up-to-date: /home/ljw/ws_fr5/install/moveit_calibration_demos/share/moveit_calibration_demos/environment/path.dsv
[0.045s] -- Up-to-date: /home/ljw/ws_fr5/install/moveit_calibration_demos/share/moveit_calibration_demos/local_setup.bash
[0.046s] -- Up-to-date: /home/ljw/ws_fr5/install/moveit_calibration_demos/share/moveit_calibration_demos/local_setup.sh
[0.046s] -- Up-to-date: /home/ljw/ws_fr5/install/moveit_calibration_demos/share/moveit_calibration_demos/local_setup.zsh
[0.046s] -- Up-to-date: /home/ljw/ws_fr5/install/moveit_calibration_demos/share/moveit_calibration_demos/local_setup.dsv
[0.046s] -- Up-to-date: /home/ljw/ws_fr5/install/moveit_calibration_demos/share/moveit_calibration_demos/package.dsv
[0.046s] -- Up-to-date: /home/ljw/ws_fr5/install/moveit_calibration_demos/share/ament_index/resource_index/packages/moveit_calibration_demos
[0.046s] -- Up-to-date: /home/ljw/ws_fr5/install/moveit_calibration_demos/share/moveit_calibration_demos/cmake/moveit_calibration_demosConfig.cmake
[0.046s] -- Up-to-date: /home/ljw/ws_fr5/install/moveit_calibration_demos/share/moveit_calibration_demos/cmake/moveit_calibration_demosConfig-version.cmake
[0.046s] -- Up-to-date: /home/ljw/ws_fr5/install/moveit_calibration_demos/share/moveit_calibration_demos/package.xml
[0.047s] Invoked command in '/home/ljw/ws_fr5/build/moveit_calibration_demos' returned '0': AMENT_PREFIX_PATH=/home/ljw/ws_fr5/install/moveit_calibration_gui:/home/ljw/ws_fr5/install/moveit_calibration_plugins:${AMENT_PREFIX_PATH} CMAKE_PREFIX_PATH=/home/ljw/ws_fr5/install/moveit_calibration_gui:/home/ljw/ws_fr5/install/moveit_calibration_plugins:/home/ljw/ws_fr5/install/robotiq_2f_85_gripper_visualization:/home/ljw/ws_fr5/install/fairino_hardware:/home/ljw/ws_fr5/install/fairino_msgs:/home/ljw/ws_fr5/install/fairino5_v6_moveit2_config:/home/ljw/ws_fr5/install/fairino_description:/opt/ros/humble LD_LIBRARY_PATH=/home/ljw/ws_fr5/install/moveit_calibration_gui/lib:/home/ljw/ws_fr5/install/moveit_calibration_plugins/lib:${LD_LIBRARY_PATH} /usr/bin/cmake --install /home/ljw/ws_fr5/build/moveit_calibration_demos
