[0.057s] Invoking command in '/home/ljw2/fairno5/build/fairino_msgs': CMAKE_PREFIX_PATH=${CMAKE_PREFIX_PATH}:/opt/ros/humble /usr/bin/cmake --build /home/ljw2/fairno5/build/fairino_msgs -- -j24 -l24
[0.126s] [  2%] Built target fairino_msgs__cpp
[0.139s] [ 12%] Built target fairino_msgs__rosidl_generator_c
[0.191s] [ 23%] Built target fairino_msgs__rosidl_typesupport_cpp
[0.193s] [ 34%] Built target fairino_msgs__rosidl_typesupport_introspection_cpp
[0.193s] [ 44%] Built target fairino_msgs__rosidl_typesupport_fastrtps_cpp
[0.193s] [ 55%] Built target fairino_msgs__rosidl_typesupport_c
[0.193s] [ 65%] Built target fairino_msgs__rosidl_typesupport_fastrtps_c
[0.200s] [ 65%] Built target ament_cmake_python_copy_fairino_msgs
[0.214s] [ 76%] Built target fairino_msgs__rosidl_typesupport_introspection_c
[0.242s] [ 76%] Built target fairino_msgs
[0.267s] [ 78%] Built target fairino_msgs__py
[0.295s] [ 87%] Built target fairino_msgs__rosidl_generator_py
[0.323s] [ 97%] Built target fairino_msgs__rosidl_typesupport_introspection_c__pyext
[0.323s] [ 97%] Built target fairino_msgs__rosidl_typesupport_fastrtps_c__pyext
[0.323s] [100%] Built target fairino_msgs__rosidl_typesupport_c__pyext
[0.406s] running egg_info
[0.407s] writing fairino_msgs.egg-info/PKG-INFO
[0.408s] writing dependency_links to fairino_msgs.egg-info/dependency_links.txt
[0.409s] writing top-level names to fairino_msgs.egg-info/top_level.txt
[0.413s] reading manifest file 'fairino_msgs.egg-info/SOURCES.txt'
[0.414s] writing manifest file 'fairino_msgs.egg-info/SOURCES.txt'
[0.436s] [100%] Built target ament_cmake_python_build_fairino_msgs_egg
[0.445s] Invoked command in '/home/ljw2/fairno5/build/fairino_msgs' returned '0': CMAKE_PREFIX_PATH=${CMAKE_PREFIX_PATH}:/opt/ros/humble /usr/bin/cmake --build /home/ljw2/fairno5/build/fairino_msgs -- -j24 -l24
[0.448s] Invoking command in '/home/ljw2/fairno5/build/fairino_msgs': CMAKE_PREFIX_PATH=${CMAKE_PREFIX_PATH}:/opt/ros/humble /usr/bin/cmake --install /home/ljw2/fairno5/build/fairino_msgs
[0.456s] -- Install configuration: ""
[0.456s] -- Up-to-date: /home/ljw2/fairno5/install/fairino_msgs/share/ament_index/resource_index/rosidl_interfaces/fairino_msgs
[0.457s] -- Up-to-date: /home/ljw2/fairno5/install/fairino_msgs/include/fairino_msgs/fairino_msgs
[0.457s] -- Up-to-date: /home/ljw2/fairno5/install/fairino_msgs/include/fairino_msgs/fairino_msgs/srv
[0.459s] -- Up-to-date: /home/ljw2/fairno5/install/fairino_msgs/include/fairino_msgs/fairino_msgs/srv/remote_cmd_interface.h
[0.459s] -- Up-to-date: /home/ljw2/fairno5/install/fairino_msgs/include/fairino_msgs/fairino_msgs/srv/remote_script_content.h
[0.461s] -- Up-to-date: /home/ljw2/fairno5/install/fairino_msgs/include/fairino_msgs/fairino_msgs/srv/detail
[0.461s] -- Up-to-date: /home/ljw2/fairno5/install/fairino_msgs/include/fairino_msgs/fairino_msgs/srv/detail/remote_script_content__struct.h
[0.461s] -- Up-to-date: /home/ljw2/fairno5/install/fairino_msgs/include/fairino_msgs/fairino_msgs/srv/detail/remote_cmd_interface__struct.h
[0.461s] -- Up-to-date: /home/ljw2/fairno5/install/fairino_msgs/include/fairino_msgs/fairino_msgs/srv/detail/remote_cmd_interface__functions.c
[0.461s] -- Up-to-date: /home/ljw2/fairno5/install/fairino_msgs/include/fairino_msgs/fairino_msgs/srv/detail/remote_script_content__functions.h
[0.461s] -- Up-to-date: /home/ljw2/fairno5/install/fairino_msgs/include/fairino_msgs/fairino_msgs/srv/detail/remote_script_content__functions.c
[0.461s] -- Up-to-date: /home/ljw2/fairno5/install/fairino_msgs/include/fairino_msgs/fairino_msgs/srv/detail/remote_cmd_interface__functions.h
[0.461s] -- Up-to-date: /home/ljw2/fairno5/install/fairino_msgs/include/fairino_msgs/fairino_msgs/srv/detail/remote_script_content__type_support.h
[0.461s] -- Up-to-date: /home/ljw2/fairno5/install/fairino_msgs/include/fairino_msgs/fairino_msgs/srv/detail/remote_cmd_interface__type_support.h
[0.461s] -- Up-to-date: /home/ljw2/fairno5/install/fairino_msgs/include/fairino_msgs/fairino_msgs/msg
[0.461s] -- Up-to-date: /home/ljw2/fairno5/install/fairino_msgs/include/fairino_msgs/fairino_msgs/msg/robot_nonrt_state.h
[0.461s] -- Up-to-date: /home/ljw2/fairno5/install/fairino_msgs/include/fairino_msgs/fairino_msgs/msg/detail
[0.461s] -- Up-to-date: /home/ljw2/fairno5/install/fairino_msgs/include/fairino_msgs/fairino_msgs/msg/detail/robot_nonrt_state__functions.h
[0.461s] -- Up-to-date: /home/ljw2/fairno5/install/fairino_msgs/include/fairino_msgs/fairino_msgs/msg/detail/robot_nonrt_state__functions.c
[0.462s] -- Up-to-date: /home/ljw2/fairno5/install/fairino_msgs/include/fairino_msgs/fairino_msgs/msg/detail/robot_nonrt_state__struct.h
[0.462s] -- Up-to-date: /home/ljw2/fairno5/install/fairino_msgs/include/fairino_msgs/fairino_msgs/msg/detail/robot_nonrt_state__type_support.h
[0.462s] -- Up-to-date: /home/ljw2/fairno5/install/fairino_msgs/include/fairino_msgs/fairino_msgs/msg/rosidl_generator_c__visibility_control.h
[0.463s] -- Up-to-date: /home/ljw2/fairno5/install/fairino_msgs/share/fairino_msgs/environment/library_path.sh
[0.463s] -- Up-to-date: /home/ljw2/fairno5/install/fairino_msgs/share/fairino_msgs/environment/library_path.dsv
[0.463s] -- Up-to-date: /home/ljw2/fairno5/install/fairino_msgs/lib/libfairino_msgs__rosidl_generator_c.so
[0.464s] -- Up-to-date: /home/ljw2/fairno5/install/fairino_msgs/include/fairino_msgs/fairino_msgs
[0.464s] -- Up-to-date: /home/ljw2/fairno5/install/fairino_msgs/include/fairino_msgs/fairino_msgs/srv
[0.464s] -- Up-to-date: /home/ljw2/fairno5/install/fairino_msgs/include/fairino_msgs/fairino_msgs/srv/detail
[0.464s] -- Up-to-date: /home/ljw2/fairno5/install/fairino_msgs/include/fairino_msgs/fairino_msgs/srv/detail/remote_cmd_interface__rosidl_typesupport_fastrtps_c.h
[0.464s] -- Up-to-date: /home/ljw2/fairno5/install/fairino_msgs/include/fairino_msgs/fairino_msgs/srv/detail/remote_script_content__rosidl_typesupport_fastrtps_c.h
[0.464s] -- Up-to-date: /home/ljw2/fairno5/install/fairino_msgs/include/fairino_msgs/fairino_msgs/msg
[0.464s] -- Up-to-date: /home/ljw2/fairno5/install/fairino_msgs/include/fairino_msgs/fairino_msgs/msg/rosidl_typesupport_fastrtps_c__visibility_control.h
[0.464s] -- Up-to-date: /home/ljw2/fairno5/install/fairino_msgs/include/fairino_msgs/fairino_msgs/msg/detail
[0.464s] -- Up-to-date: /home/ljw2/fairno5/install/fairino_msgs/include/fairino_msgs/fairino_msgs/msg/detail/robot_nonrt_state__rosidl_typesupport_fastrtps_c.h
[0.464s] -- Up-to-date: /home/ljw2/fairno5/install/fairino_msgs/lib/libfairino_msgs__rosidl_typesupport_fastrtps_c.so
[0.464s] -- Up-to-date: /home/ljw2/fairno5/install/fairino_msgs/include/fairino_msgs/fairino_msgs
[0.464s] -- Up-to-date: /home/ljw2/fairno5/install/fairino_msgs/include/fairino_msgs/fairino_msgs/srv
[0.464s] -- Up-to-date: /home/ljw2/fairno5/install/fairino_msgs/include/fairino_msgs/fairino_msgs/srv/detail
[0.464s] -- Up-to-date: /home/ljw2/fairno5/install/fairino_msgs/include/fairino_msgs/fairino_msgs/srv/detail/remote_cmd_interface__type_support.c
[0.465s] -- Up-to-date: /home/ljw2/fairno5/install/fairino_msgs/include/fairino_msgs/fairino_msgs/srv/detail/remote_cmd_interface__rosidl_typesupport_introspection_c.h
[0.465s] -- Up-to-date: /home/ljw2/fairno5/install/fairino_msgs/include/fairino_msgs/fairino_msgs/srv/detail/remote_script_content__type_support.c
[0.465s] -- Up-to-date: /home/ljw2/fairno5/install/fairino_msgs/include/fairino_msgs/fairino_msgs/srv/detail/remote_script_content__rosidl_typesupport_introspection_c.h
[0.465s] -- Up-to-date: /home/ljw2/fairno5/install/fairino_msgs/include/fairino_msgs/fairino_msgs/msg
[0.465s] -- Up-to-date: /home/ljw2/fairno5/install/fairino_msgs/include/fairino_msgs/fairino_msgs/msg/rosidl_typesupport_introspection_c__visibility_control.h
[0.465s] -- Up-to-date: /home/ljw2/fairno5/install/fairino_msgs/include/fairino_msgs/fairino_msgs/msg/detail
[0.465s] -- Up-to-date: /home/ljw2/fairno5/install/fairino_msgs/include/fairino_msgs/fairino_msgs/msg/detail/robot_nonrt_state__type_support.c
[0.465s] -- Up-to-date: /home/ljw2/fairno5/install/fairino_msgs/include/fairino_msgs/fairino_msgs/msg/detail/robot_nonrt_state__rosidl_typesupport_introspection_c.h
[0.465s] -- Up-to-date: /home/ljw2/fairno5/install/fairino_msgs/lib/libfairino_msgs__rosidl_typesupport_introspection_c.so
[0.467s] -- Up-to-date: /home/ljw2/fairno5/install/fairino_msgs/lib/libfairino_msgs__rosidl_typesupport_c.so
[0.467s] -- Up-to-date: /home/ljw2/fairno5/install/fairino_msgs/include/fairino_msgs/fairino_msgs
[0.467s] -- Up-to-date: /home/ljw2/fairno5/install/fairino_msgs/include/fairino_msgs/fairino_msgs/srv
[0.467s] -- Up-to-date: /home/ljw2/fairno5/install/fairino_msgs/include/fairino_msgs/fairino_msgs/srv/remote_cmd_interface.hpp
[0.467s] -- Up-to-date: /home/ljw2/fairno5/install/fairino_msgs/include/fairino_msgs/fairino_msgs/srv/remote_script_content.hpp
[0.468s] -- Up-to-date: /home/ljw2/fairno5/install/fairino_msgs/include/fairino_msgs/fairino_msgs/srv/detail
[0.468s] -- Up-to-date: /home/ljw2/fairno5/install/fairino_msgs/include/fairino_msgs/fairino_msgs/srv/detail/remote_cmd_interface__struct.hpp
[0.468s] -- Up-to-date: /home/ljw2/fairno5/install/fairino_msgs/include/fairino_msgs/fairino_msgs/srv/detail/remote_script_content__builder.hpp
[0.468s] -- Up-to-date: /home/ljw2/fairno5/install/fairino_msgs/include/fairino_msgs/fairino_msgs/srv/detail/remote_cmd_interface__type_support.hpp
[0.468s] -- Up-to-date: /home/ljw2/fairno5/install/fairino_msgs/include/fairino_msgs/fairino_msgs/srv/detail/remote_script_content__type_support.hpp
[0.468s] -- Up-to-date: /home/ljw2/fairno5/install/fairino_msgs/include/fairino_msgs/fairino_msgs/srv/detail/remote_script_content__struct.hpp
[0.468s] -- Up-to-date: /home/ljw2/fairno5/install/fairino_msgs/include/fairino_msgs/fairino_msgs/srv/detail/remote_cmd_interface__builder.hpp
[0.468s] -- Up-to-date: /home/ljw2/fairno5/install/fairino_msgs/include/fairino_msgs/fairino_msgs/srv/detail/remote_cmd_interface__traits.hpp
[0.468s] -- Up-to-date: /home/ljw2/fairno5/install/fairino_msgs/include/fairino_msgs/fairino_msgs/srv/detail/remote_script_content__traits.hpp
[0.468s] -- Up-to-date: /home/ljw2/fairno5/install/fairino_msgs/include/fairino_msgs/fairino_msgs/msg
[0.468s] -- Up-to-date: /home/ljw2/fairno5/install/fairino_msgs/include/fairino_msgs/fairino_msgs/msg/rosidl_generator_cpp__visibility_control.hpp
[0.468s] -- Up-to-date: /home/ljw2/fairno5/install/fairino_msgs/include/fairino_msgs/fairino_msgs/msg/detail
[0.468s] -- Up-to-date: /home/ljw2/fairno5/install/fairino_msgs/include/fairino_msgs/fairino_msgs/msg/detail/robot_nonrt_state__type_support.hpp
[0.468s] -- Up-to-date: /home/ljw2/fairno5/install/fairino_msgs/include/fairino_msgs/fairino_msgs/msg/detail/robot_nonrt_state__builder.hpp
[0.468s] -- Up-to-date: /home/ljw2/fairno5/install/fairino_msgs/include/fairino_msgs/fairino_msgs/msg/detail/robot_nonrt_state__struct.hpp
[0.468s] -- Up-to-date: /home/ljw2/fairno5/install/fairino_msgs/include/fairino_msgs/fairino_msgs/msg/detail/robot_nonrt_state__traits.hpp
[0.468s] -- Up-to-date: /home/ljw2/fairno5/install/fairino_msgs/include/fairino_msgs/fairino_msgs/msg/robot_nonrt_state.hpp
[0.468s] -- Up-to-date: /home/ljw2/fairno5/install/fairino_msgs/include/fairino_msgs/fairino_msgs
[0.468s] -- Up-to-date: /home/ljw2/fairno5/install/fairino_msgs/include/fairino_msgs/fairino_msgs/srv
[0.468s] -- Up-to-date: /home/ljw2/fairno5/install/fairino_msgs/include/fairino_msgs/fairino_msgs/srv/detail
[0.468s] -- Up-to-date: /home/ljw2/fairno5/install/fairino_msgs/include/fairino_msgs/fairino_msgs/srv/detail/remote_cmd_interface__rosidl_typesupport_fastrtps_cpp.hpp
[0.468s] -- Up-to-date: /home/ljw2/fairno5/install/fairino_msgs/include/fairino_msgs/fairino_msgs/srv/detail/remote_script_content__rosidl_typesupport_fastrtps_cpp.hpp
[0.468s] -- Up-to-date: /home/ljw2/fairno5/install/fairino_msgs/include/fairino_msgs/fairino_msgs/srv/detail/dds_fastrtps
[0.468s] -- Up-to-date: /home/ljw2/fairno5/install/fairino_msgs/include/fairino_msgs/fairino_msgs/msg
[0.468s] -- Up-to-date: /home/ljw2/fairno5/install/fairino_msgs/include/fairino_msgs/fairino_msgs/msg/rosidl_typesupport_fastrtps_cpp__visibility_control.h
[0.468s] -- Up-to-date: /home/ljw2/fairno5/install/fairino_msgs/include/fairino_msgs/fairino_msgs/msg/detail
[0.469s] -- Up-to-date: /home/ljw2/fairno5/install/fairino_msgs/include/fairino_msgs/fairino_msgs/msg/detail/robot_nonrt_state__rosidl_typesupport_fastrtps_cpp.hpp
[0.469s] -- Up-to-date: /home/ljw2/fairno5/install/fairino_msgs/include/fairino_msgs/fairino_msgs/msg/detail/dds_fastrtps
[0.473s] -- Up-to-date: /home/ljw2/fairno5/install/fairino_msgs/lib/libfairino_msgs__rosidl_typesupport_fastrtps_cpp.so
[0.473s] -- Up-to-date: /home/ljw2/fairno5/install/fairino_msgs/include/fairino_msgs/fairino_msgs
[0.473s] -- Up-to-date: /home/ljw2/fairno5/install/fairino_msgs/include/fairino_msgs/fairino_msgs/srv
[0.473s] -- Up-to-date: /home/ljw2/fairno5/install/fairino_msgs/include/fairino_msgs/fairino_msgs/srv/detail
[0.473s] -- Up-to-date: /home/ljw2/fairno5/install/fairino_msgs/include/fairino_msgs/fairino_msgs/srv/detail/remote_script_content__rosidl_typesupport_introspection_cpp.hpp
[0.473s] -- Up-to-date: /home/ljw2/fairno5/install/fairino_msgs/include/fairino_msgs/fairino_msgs/srv/detail/remote_cmd_interface__type_support.cpp
[0.474s] -- Up-to-date: /home/ljw2/fairno5/install/fairino_msgs/include/fairino_msgs/fairino_msgs/srv/detail/remote_script_content__type_support.cpp
[0.474s] -- Up-to-date: /home/ljw2/fairno5/install/fairino_msgs/include/fairino_msgs/fairino_msgs/srv/detail/remote_cmd_interface__rosidl_typesupport_introspection_cpp.hpp
[0.474s] -- Up-to-date: /home/ljw2/fairno5/install/fairino_msgs/include/fairino_msgs/fairino_msgs/msg
[0.474s] -- Up-to-date: /home/ljw2/fairno5/install/fairino_msgs/include/fairino_msgs/fairino_msgs/msg/detail
[0.474s] -- Up-to-date: /home/ljw2/fairno5/install/fairino_msgs/include/fairino_msgs/fairino_msgs/msg/detail/robot_nonrt_state__rosidl_typesupport_introspection_cpp.hpp
[0.474s] -- Up-to-date: /home/ljw2/fairno5/install/fairino_msgs/include/fairino_msgs/fairino_msgs/msg/detail/robot_nonrt_state__type_support.cpp
[0.474s] -- Up-to-date: /home/ljw2/fairno5/install/fairino_msgs/lib/libfairino_msgs__rosidl_typesupport_introspection_cpp.so
[0.475s] -- Up-to-date: /home/ljw2/fairno5/install/fairino_msgs/lib/libfairino_msgs__rosidl_typesupport_cpp.so
[0.475s] -- Up-to-date: /home/ljw2/fairno5/install/fairino_msgs/share/fairino_msgs/environment/pythonpath.sh
[0.475s] -- Up-to-date: /home/ljw2/fairno5/install/fairino_msgs/share/fairino_msgs/environment/pythonpath.dsv
[0.475s] -- Up-to-date: /home/ljw2/fairno5/install/fairino_msgs/local/lib/python3.10/dist-packages/fairino_msgs-0.0.0-py3.10.egg-info
[0.475s] -- Installing: /home/ljw2/fairno5/install/fairino_msgs/local/lib/python3.10/dist-packages/fairino_msgs-0.0.0-py3.10.egg-info/top_level.txt
[0.478s] -- Installing: /home/ljw2/fairno5/install/fairino_msgs/local/lib/python3.10/dist-packages/fairino_msgs-0.0.0-py3.10.egg-info/PKG-INFO
[0.478s] -- Installing: /home/ljw2/fairno5/install/fairino_msgs/local/lib/python3.10/dist-packages/fairino_msgs-0.0.0-py3.10.egg-info/dependency_links.txt
[0.479s] -- Installing: /home/ljw2/fairno5/install/fairino_msgs/local/lib/python3.10/dist-packages/fairino_msgs-0.0.0-py3.10.egg-info/SOURCES.txt
[0.479s] -- Up-to-date: /home/ljw2/fairno5/install/fairino_msgs/local/lib/python3.10/dist-packages/fairino_msgs
[0.479s] -- Up-to-date: /home/ljw2/fairno5/install/fairino_msgs/local/lib/python3.10/dist-packages/fairino_msgs/srv
[0.479s] -- Up-to-date: /home/ljw2/fairno5/install/fairino_msgs/local/lib/python3.10/dist-packages/fairino_msgs/srv/_remote_script_content.py
[0.480s] -- Up-to-date: /home/ljw2/fairno5/install/fairino_msgs/local/lib/python3.10/dist-packages/fairino_msgs/srv/_remote_cmd_interface.py
[0.480s] -- Up-to-date: /home/ljw2/fairno5/install/fairino_msgs/local/lib/python3.10/dist-packages/fairino_msgs/srv/__init__.py
[0.480s] -- Up-to-date: /home/ljw2/fairno5/install/fairino_msgs/local/lib/python3.10/dist-packages/fairino_msgs/srv/_remote_cmd_interface_s.c
[0.480s] -- Up-to-date: /home/ljw2/fairno5/install/fairino_msgs/local/lib/python3.10/dist-packages/fairino_msgs/srv/_remote_script_content_s.c
[0.480s] -- Up-to-date: /home/ljw2/fairno5/install/fairino_msgs/local/lib/python3.10/dist-packages/fairino_msgs/fairino_msgs_s__rosidl_typesupport_introspection_c.cpython-310-x86_64-linux-gnu.so
[0.480s] -- Up-to-date: /home/ljw2/fairno5/install/fairino_msgs/local/lib/python3.10/dist-packages/fairino_msgs/msg
[0.480s] -- Up-to-date: /home/ljw2/fairno5/install/fairino_msgs/local/lib/python3.10/dist-packages/fairino_msgs/msg/__init__.py
[0.480s] -- Up-to-date: /home/ljw2/fairno5/install/fairino_msgs/local/lib/python3.10/dist-packages/fairino_msgs/msg/_robot_nonrt_state_s.c
[0.480s] -- Up-to-date: /home/ljw2/fairno5/install/fairino_msgs/local/lib/python3.10/dist-packages/fairino_msgs/msg/_robot_nonrt_state.py
[0.480s] -- Up-to-date: /home/ljw2/fairno5/install/fairino_msgs/local/lib/python3.10/dist-packages/fairino_msgs/__init__.py
[0.480s] -- Up-to-date: /home/ljw2/fairno5/install/fairino_msgs/local/lib/python3.10/dist-packages/fairino_msgs/_fairino_msgs_s.ep.rosidl_typesupport_fastrtps_c.c
[0.480s] -- Up-to-date: /home/ljw2/fairno5/install/fairino_msgs/local/lib/python3.10/dist-packages/fairino_msgs/fairino_msgs_s__rosidl_typesupport_c.cpython-310-x86_64-linux-gnu.so
[0.480s] -- Up-to-date: /home/ljw2/fairno5/install/fairino_msgs/local/lib/python3.10/dist-packages/fairino_msgs/_fairino_msgs_s.ep.rosidl_typesupport_c.c
[0.480s] -- Up-to-date: /home/ljw2/fairno5/install/fairino_msgs/local/lib/python3.10/dist-packages/fairino_msgs/_fairino_msgs_s.ep.rosidl_typesupport_introspection_c.c
[0.480s] -- Up-to-date: /home/ljw2/fairno5/install/fairino_msgs/local/lib/python3.10/dist-packages/fairino_msgs/libfairino_msgs__rosidl_generator_py.so
[0.480s] -- Up-to-date: /home/ljw2/fairno5/install/fairino_msgs/local/lib/python3.10/dist-packages/fairino_msgs/fairino_msgs_s__rosidl_typesupport_fastrtps_c.cpython-310-x86_64-linux-gnu.so
[0.515s] Listing '/home/ljw2/fairno5/install/fairino_msgs/local/lib/python3.10/dist-packages/fairino_msgs'...
[0.515s] Listing '/home/ljw2/fairno5/install/fairino_msgs/local/lib/python3.10/dist-packages/fairino_msgs/msg'...
[0.515s] Listing '/home/ljw2/fairno5/install/fairino_msgs/local/lib/python3.10/dist-packages/fairino_msgs/srv'...
[0.519s] -- Up-to-date: /home/ljw2/fairno5/install/fairino_msgs/local/lib/python3.10/dist-packages/fairino_msgs/fairino_msgs_s__rosidl_typesupport_fastrtps_c.cpython-310-x86_64-linux-gnu.so
[0.519s] -- Up-to-date: /home/ljw2/fairno5/install/fairino_msgs/local/lib/python3.10/dist-packages/fairino_msgs/fairino_msgs_s__rosidl_typesupport_introspection_c.cpython-310-x86_64-linux-gnu.so
[0.519s] -- Up-to-date: /home/ljw2/fairno5/install/fairino_msgs/local/lib/python3.10/dist-packages/fairino_msgs/fairino_msgs_s__rosidl_typesupport_c.cpython-310-x86_64-linux-gnu.so
[0.520s] -- Up-to-date: /home/ljw2/fairno5/install/fairino_msgs/lib/libfairino_msgs__rosidl_generator_py.so
[0.521s] -- Up-to-date: /home/ljw2/fairno5/install/fairino_msgs/share/fairino_msgs/srv/RemoteCmdInterface.idl
[0.521s] -- Up-to-date: /home/ljw2/fairno5/install/fairino_msgs/share/fairino_msgs/srv/RemoteScriptContent.idl
[0.521s] -- Up-to-date: /home/ljw2/fairno5/install/fairino_msgs/share/fairino_msgs/msg/RobotNonrtState.idl
[0.521s] -- Up-to-date: /home/ljw2/fairno5/install/fairino_msgs/share/fairino_msgs/srv/RemoteCmdInterface.srv
[0.521s] -- Up-to-date: /home/ljw2/fairno5/install/fairino_msgs/share/fairino_msgs/srv/RemoteCmdInterface_Request.msg
[0.521s] -- Up-to-date: /home/ljw2/fairno5/install/fairino_msgs/share/fairino_msgs/srv/RemoteCmdInterface_Response.msg
[0.522s] -- Up-to-date: /home/ljw2/fairno5/install/fairino_msgs/share/fairino_msgs/srv/RemoteScriptContent.srv
[0.522s] -- Up-to-date: /home/ljw2/fairno5/install/fairino_msgs/share/fairino_msgs/srv/RemoteScriptContent_Request.msg
[0.522s] -- Up-to-date: /home/ljw2/fairno5/install/fairino_msgs/share/fairino_msgs/srv/RemoteScriptContent_Response.msg
[0.522s] -- Up-to-date: /home/ljw2/fairno5/install/fairino_msgs/share/fairino_msgs/msg/RobotNonrtState.msg
[0.522s] -- Up-to-date: /home/ljw2/fairno5/install/fairino_msgs/share/ament_index/resource_index/package_run_dependencies/fairino_msgs
[0.522s] -- Up-to-date: /home/ljw2/fairno5/install/fairino_msgs/share/ament_index/resource_index/parent_prefix_path/fairino_msgs
[0.522s] -- Up-to-date: /home/ljw2/fairno5/install/fairino_msgs/share/fairino_msgs/environment/ament_prefix_path.sh
[0.522s] -- Up-to-date: /home/ljw2/fairno5/install/fairino_msgs/share/fairino_msgs/environment/ament_prefix_path.dsv
[0.522s] -- Up-to-date: /home/ljw2/fairno5/install/fairino_msgs/share/fairino_msgs/environment/path.sh
[0.522s] -- Up-to-date: /home/ljw2/fairno5/install/fairino_msgs/share/fairino_msgs/environment/path.dsv
[0.522s] -- Up-to-date: /home/ljw2/fairno5/install/fairino_msgs/share/fairino_msgs/local_setup.bash
[0.522s] -- Up-to-date: /home/ljw2/fairno5/install/fairino_msgs/share/fairino_msgs/local_setup.sh
[0.522s] -- Up-to-date: /home/ljw2/fairno5/install/fairino_msgs/share/fairino_msgs/local_setup.zsh
[0.522s] -- Up-to-date: /home/ljw2/fairno5/install/fairino_msgs/share/fairino_msgs/local_setup.dsv
[0.522s] -- Installing: /home/ljw2/fairno5/install/fairino_msgs/share/fairino_msgs/package.dsv
[0.523s] -- Up-to-date: /home/ljw2/fairno5/install/fairino_msgs/share/ament_index/resource_index/packages/fairino_msgs
[0.523s] -- Up-to-date: /home/ljw2/fairno5/install/fairino_msgs/share/fairino_msgs/cmake/export_fairino_msgs__rosidl_generator_cExport.cmake
[0.523s] -- Up-to-date: /home/ljw2/fairno5/install/fairino_msgs/share/fairino_msgs/cmake/export_fairino_msgs__rosidl_generator_cExport-noconfig.cmake
[0.523s] -- Up-to-date: /home/ljw2/fairno5/install/fairino_msgs/share/fairino_msgs/cmake/export_fairino_msgs__rosidl_typesupport_fastrtps_cExport.cmake
[0.523s] -- Up-to-date: /home/ljw2/fairno5/install/fairino_msgs/share/fairino_msgs/cmake/export_fairino_msgs__rosidl_typesupport_fastrtps_cExport-noconfig.cmake
[0.524s] -- Up-to-date: /home/ljw2/fairno5/install/fairino_msgs/share/fairino_msgs/cmake/fairino_msgs__rosidl_typesupport_introspection_cExport.cmake
[0.524s] -- Up-to-date: /home/ljw2/fairno5/install/fairino_msgs/share/fairino_msgs/cmake/fairino_msgs__rosidl_typesupport_introspection_cExport-noconfig.cmake
[0.525s] -- Up-to-date: /home/ljw2/fairno5/install/fairino_msgs/share/fairino_msgs/cmake/fairino_msgs__rosidl_typesupport_cExport.cmake
[0.525s] -- Up-to-date: /home/ljw2/fairno5/install/fairino_msgs/share/fairino_msgs/cmake/fairino_msgs__rosidl_typesupport_cExport-noconfig.cmake
[0.526s] -- Up-to-date: /home/ljw2/fairno5/install/fairino_msgs/share/fairino_msgs/cmake/export_fairino_msgs__rosidl_generator_cppExport.cmake
[0.526s] -- Up-to-date: /home/ljw2/fairno5/install/fairino_msgs/share/fairino_msgs/cmake/export_fairino_msgs__rosidl_typesupport_fastrtps_cppExport.cmake
[0.526s] -- Up-to-date: /home/ljw2/fairno5/install/fairino_msgs/share/fairino_msgs/cmake/export_fairino_msgs__rosidl_typesupport_fastrtps_cppExport-noconfig.cmake
[0.527s] -- Up-to-date: /home/ljw2/fairno5/install/fairino_msgs/share/fairino_msgs/cmake/fairino_msgs__rosidl_typesupport_introspection_cppExport.cmake
[0.527s] -- Up-to-date: /home/ljw2/fairno5/install/fairino_msgs/share/fairino_msgs/cmake/fairino_msgs__rosidl_typesupport_introspection_cppExport-noconfig.cmake
[0.527s] -- Up-to-date: /home/ljw2/fairno5/install/fairino_msgs/share/fairino_msgs/cmake/fairino_msgs__rosidl_typesupport_cppExport.cmake
[0.528s] -- Up-to-date: /home/ljw2/fairno5/install/fairino_msgs/share/fairino_msgs/cmake/fairino_msgs__rosidl_typesupport_cppExport-noconfig.cmake
[0.528s] -- Up-to-date: /home/ljw2/fairno5/install/fairino_msgs/share/fairino_msgs/cmake/export_fairino_msgs__rosidl_generator_pyExport.cmake
[0.528s] -- Up-to-date: /home/ljw2/fairno5/install/fairino_msgs/share/fairino_msgs/cmake/export_fairino_msgs__rosidl_generator_pyExport-noconfig.cmake
[0.528s] -- Up-to-date: /home/ljw2/fairno5/install/fairino_msgs/share/fairino_msgs/cmake/rosidl_cmake-extras.cmake
[0.528s] -- Up-to-date: /home/ljw2/fairno5/install/fairino_msgs/share/fairino_msgs/cmake/ament_cmake_export_include_directories-extras.cmake
[0.528s] -- Up-to-date: /home/ljw2/fairno5/install/fairino_msgs/share/fairino_msgs/cmake/ament_cmake_export_libraries-extras.cmake
[0.529s] -- Up-to-date: /home/ljw2/fairno5/install/fairino_msgs/share/fairino_msgs/cmake/ament_cmake_export_targets-extras.cmake
[0.529s] -- Up-to-date: /home/ljw2/fairno5/install/fairino_msgs/share/fairino_msgs/cmake/rosidl_cmake_export_typesupport_targets-extras.cmake
[0.529s] -- Up-to-date: /home/ljw2/fairno5/install/fairino_msgs/share/fairino_msgs/cmake/ament_cmake_export_dependencies-extras.cmake
[0.529s] -- Up-to-date: /home/ljw2/fairno5/install/fairino_msgs/share/fairino_msgs/cmake/rosidl_cmake_export_typesupport_libraries-extras.cmake
[0.529s] -- Up-to-date: /home/ljw2/fairno5/install/fairino_msgs/share/fairino_msgs/cmake/fairino_msgsConfig.cmake
[0.529s] -- Up-to-date: /home/ljw2/fairno5/install/fairino_msgs/share/fairino_msgs/cmake/fairino_msgsConfig-version.cmake
[0.529s] -- Up-to-date: /home/ljw2/fairno5/install/fairino_msgs/share/fairino_msgs/package.xml
[0.533s] Invoked command in '/home/ljw2/fairno5/build/fairino_msgs' returned '0': CMAKE_PREFIX_PATH=${CMAKE_PREFIX_PATH}:/opt/ros/humble /usr/bin/cmake --install /home/ljw2/fairno5/build/fairino_msgs
