[0.069s] Invoking command in '/home/ljw2/fairno5/build/robotiq_2f_85_gripper_visualization': CMAKE_PREFIX_PATH=${CMAKE_PREFIX_PATH}:/opt/ros/humble /usr/bin/cmake --build /home/ljw2/fairno5/build/robotiq_2f_85_gripper_visualization -- -j24 -l24
[0.110s] Invoked command in '/home/ljw2/fairno5/build/robotiq_2f_85_gripper_visualization' returned '0': CMAKE_PREFIX_PATH=${CMAKE_PREFIX_PATH}:/opt/ros/humble /usr/bin/cmake --build /home/ljw2/fairno5/build/robotiq_2f_85_gripper_visualization -- -j24 -l24
[0.126s] Invoking command in '/home/ljw2/fairno5/build/robotiq_2f_85_gripper_visualization': CMAKE_PREFIX_PATH=${CMAKE_PREFIX_PATH}:/opt/ros/humble /usr/bin/cmake --install /home/ljw2/fairno5/build/robotiq_2f_85_gripper_visualization
[0.155s] -- Install configuration: ""
[0.155s] -- Up-to-date: /home/ljw2/fairno5/install/robotiq_2f_85_gripper_visualization/share/robotiq_2f_85_gripper_visualization/meshes
[0.155s] -- Up-to-date: /home/ljw2/fairno5/install/robotiq_2f_85_gripper_visualization/share/robotiq_2f_85_gripper_visualization/meshes/visual
[0.156s] -- Up-to-date: /home/ljw2/fairno5/install/robotiq_2f_85_gripper_visualization/share/robotiq_2f_85_gripper_visualization/meshes/visual/robotiq_arg2f_85_inner_finger.dae
[0.156s] -- Up-to-date: /home/ljw2/fairno5/install/robotiq_2f_85_gripper_visualization/share/robotiq_2f_85_gripper_visualization/meshes/visual/robotiq_arg2f_85_pad.dae
[0.156s] -- Up-to-date: /home/ljw2/fairno5/install/robotiq_2f_85_gripper_visualization/share/robotiq_2f_85_gripper_visualization/meshes/visual/robotiq_arg2f_85_outer_finger.dae
[0.156s] -- Up-to-date: /home/ljw2/fairno5/install/robotiq_2f_85_gripper_visualization/share/robotiq_2f_85_gripper_visualization/meshes/visual/robotiq_gripper_coupling.stl
[0.156s] -- Up-to-date: /home/ljw2/fairno5/install/robotiq_2f_85_gripper_visualization/share/robotiq_2f_85_gripper_visualization/meshes/visual/robotiq_arg2f_85_base_link.dae
[0.156s] -- Up-to-date: /home/ljw2/fairno5/install/robotiq_2f_85_gripper_visualization/share/robotiq_2f_85_gripper_visualization/meshes/visual/robotiq_arg2f_base_link.stl
[0.158s] -- Up-to-date: /home/ljw2/fairno5/install/robotiq_2f_85_gripper_visualization/share/robotiq_2f_85_gripper_visualization/meshes/visual/robotiq_arg2f_85_outer_knuckle.dae
[0.159s] -- Up-to-date: /home/ljw2/fairno5/install/robotiq_2f_85_gripper_visualization/share/robotiq_2f_85_gripper_visualization/meshes/visual/robotiq_arg2f_85_inner_knuckle.dae
[0.159s] -- Up-to-date: /home/ljw2/fairno5/install/robotiq_2f_85_gripper_visualization/share/robotiq_2f_85_gripper_visualization/meshes/collision
[0.159s] -- Up-to-date: /home/ljw2/fairno5/install/robotiq_2f_85_gripper_visualization/share/robotiq_2f_85_gripper_visualization/meshes/collision/robotiq_arg2f_85_inner_finger.dae
[0.159s] -- Up-to-date: /home/ljw2/fairno5/install/robotiq_2f_85_gripper_visualization/share/robotiq_2f_85_gripper_visualization/meshes/collision/robotiq_arg2f_85_outer_finger.dae
[0.160s] -- Up-to-date: /home/ljw2/fairno5/install/robotiq_2f_85_gripper_visualization/share/robotiq_2f_85_gripper_visualization/meshes/collision/robotiq_arg2f_85_base_link.stl
[0.162s] -- Up-to-date: /home/ljw2/fairno5/install/robotiq_2f_85_gripper_visualization/share/robotiq_2f_85_gripper_visualization/meshes/collision/robotiq_arg2f_base_link.stl
[0.163s] -- Up-to-date: /home/ljw2/fairno5/install/robotiq_2f_85_gripper_visualization/share/robotiq_2f_85_gripper_visualization/meshes/collision/robotiq_arg2f_85_outer_knuckle.dae
[0.164s] -- Up-to-date: /home/ljw2/fairno5/install/robotiq_2f_85_gripper_visualization/share/robotiq_2f_85_gripper_visualization/meshes/collision/robotiq_arg2f_85_inner_knuckle.dae
[0.164s] -- Up-to-date: /home/ljw2/fairno5/install/robotiq_2f_85_gripper_visualization/share/robotiq_2f_85_gripper_visualization/urdf
[0.164s] -- Up-to-date: /home/ljw2/fairno5/install/robotiq_2f_85_gripper_visualization/share/robotiq_2f_85_gripper_visualization/urdf/robotiq_arg2f_85_macro.urdf
[0.164s] -- Up-to-date: /home/ljw2/fairno5/install/robotiq_2f_85_gripper_visualization/share/robotiq_2f_85_gripper_visualization/urdf/robotiq_arg2f_85.xacro
[0.164s] -- Up-to-date: /home/ljw2/fairno5/install/robotiq_2f_85_gripper_visualization/share/robotiq_2f_85_gripper_visualization/urdf/robotiq_arg2f_85_macro.xacro
[0.164s] -- Up-to-date: /home/ljw2/fairno5/install/robotiq_2f_85_gripper_visualization/share/robotiq_2f_85_gripper_visualization/urdf/robotiq_arg2f_85.urdf
[0.165s] -- Up-to-date: /home/ljw2/fairno5/install/robotiq_2f_85_gripper_visualization/share/robotiq_2f_85_gripper_visualization/urdf/inc
[0.165s] -- Up-to-date: /home/ljw2/fairno5/install/robotiq_2f_85_gripper_visualization/share/robotiq_2f_85_gripper_visualization/urdf/inc/robotiq_arg2f_85_transmissions.xacro
[0.165s] -- Up-to-date: /home/ljw2/fairno5/install/robotiq_2f_85_gripper_visualization/share/ament_index/resource_index/package_run_dependencies/robotiq_2f_85_gripper_visualization
[0.165s] -- Up-to-date: /home/ljw2/fairno5/install/robotiq_2f_85_gripper_visualization/share/ament_index/resource_index/parent_prefix_path/robotiq_2f_85_gripper_visualization
[0.165s] -- Up-to-date: /home/ljw2/fairno5/install/robotiq_2f_85_gripper_visualization/share/robotiq_2f_85_gripper_visualization/environment/ament_prefix_path.sh
[0.165s] -- Up-to-date: /home/ljw2/fairno5/install/robotiq_2f_85_gripper_visualization/share/robotiq_2f_85_gripper_visualization/environment/ament_prefix_path.dsv
[0.165s] -- Up-to-date: /home/ljw2/fairno5/install/robotiq_2f_85_gripper_visualization/share/robotiq_2f_85_gripper_visualization/environment/path.sh
[0.165s] -- Up-to-date: /home/ljw2/fairno5/install/robotiq_2f_85_gripper_visualization/share/robotiq_2f_85_gripper_visualization/environment/path.dsv
[0.165s] -- Up-to-date: /home/ljw2/fairno5/install/robotiq_2f_85_gripper_visualization/share/robotiq_2f_85_gripper_visualization/local_setup.bash
[0.165s] -- Up-to-date: /home/ljw2/fairno5/install/robotiq_2f_85_gripper_visualization/share/robotiq_2f_85_gripper_visualization/local_setup.sh
[0.165s] -- Up-to-date: /home/ljw2/fairno5/install/robotiq_2f_85_gripper_visualization/share/robotiq_2f_85_gripper_visualization/local_setup.zsh
[0.169s] -- Up-to-date: /home/ljw2/fairno5/install/robotiq_2f_85_gripper_visualization/share/robotiq_2f_85_gripper_visualization/local_setup.dsv
[0.170s] -- Installing: /home/ljw2/fairno5/install/robotiq_2f_85_gripper_visualization/share/robotiq_2f_85_gripper_visualization/package.dsv
[0.170s] -- Up-to-date: /home/ljw2/fairno5/install/robotiq_2f_85_gripper_visualization/share/ament_index/resource_index/packages/robotiq_2f_85_gripper_visualization
[0.170s] -- Up-to-date: /home/ljw2/fairno5/install/robotiq_2f_85_gripper_visualization/share/robotiq_2f_85_gripper_visualization/cmake/robotiq_2f_85_gripper_visualizationConfig.cmake
[0.170s] -- Up-to-date: /home/ljw2/fairno5/install/robotiq_2f_85_gripper_visualization/share/robotiq_2f_85_gripper_visualization/cmake/robotiq_2f_85_gripper_visualizationConfig-version.cmake
[0.170s] -- Up-to-date: /home/ljw2/fairno5/install/robotiq_2f_85_gripper_visualization/share/robotiq_2f_85_gripper_visualization/package.xml
[0.185s] Invoked command in '/home/ljw2/fairno5/build/robotiq_2f_85_gripper_visualization' returned '0': CMAKE_PREFIX_PATH=${CMAKE_PREFIX_PATH}:/opt/ros/humble /usr/bin/cmake --install /home/ljw2/fairno5/build/robotiq_2f_85_gripper_visualization
