[0.006s] Invoking command in '/home/ljw/ws_fr5/build/fairino_hardware': AMENT_PREFIX_PATH=/home/ljw/ws_fr5/install/fairino_msgs:${AMENT_PREFIX_PATH} CMAKE_PREFIX_PATH=/home/ljw/ws_fr5/install/fairino_msgs:/opt/ros/humble LD_LIBRARY_PATH=/home/ljw/ws_fr5/install/fairino_msgs/lib:${LD_LIBRARY_PATH} PYTHONPATH=/home/ljw/ws_fr5/install/fairino_msgs/local/lib/python3.10/dist-packages:${PYTHONPATH} /usr/bin/cmake --build /home/ljw/ws_fr5/build/fairino_hardware -- -j16 -l16
[0.064s] [ 37%] Built target ros2_cmd_server
[0.066s] [ 62%] Built target fairino_hardware
[0.067s] [100%] Built target srv_test_client
[0.075s] Invoked command in '/home/ljw/ws_fr5/build/fairino_hardware' returned '0': AMENT_PREFIX_PATH=/home/ljw/ws_fr5/install/fairino_msgs:${AMENT_PREFIX_PATH} CMAKE_PREFIX_PATH=/home/ljw/ws_fr5/install/fairino_msgs:/opt/ros/humble LD_LIBRARY_PATH=/home/ljw/ws_fr5/install/fairino_msgs/lib:${LD_LIBRARY_PATH} PYTHONPATH=/home/ljw/ws_fr5/install/fairino_msgs/local/lib/python3.10/dist-packages:${PYTHONPATH} /usr/bin/cmake --build /home/ljw/ws_fr5/build/fairino_hardware -- -j16 -l16
[0.076s] Invoking command in '/home/ljw/ws_fr5/build/fairino_hardware': AMENT_PREFIX_PATH=/home/ljw/ws_fr5/install/fairino_msgs:${AMENT_PREFIX_PATH} CMAKE_PREFIX_PATH=/home/ljw/ws_fr5/install/fairino_msgs:/opt/ros/humble LD_LIBRARY_PATH=/home/ljw/ws_fr5/install/fairino_msgs/lib:${LD_LIBRARY_PATH} PYTHONPATH=/home/ljw/ws_fr5/install/fairino_msgs/local/lib/python3.10/dist-packages:${PYTHONPATH} /usr/bin/cmake --install /home/ljw/ws_fr5/build/fairino_hardware
[0.081s] -- Install configuration: "Release"
[0.082s] -- Up-to-date: /home/ljw/ws_fr5/install/fairino_hardware/share/fairino_hardware/fairino_hardware.xml
[0.082s] -- Up-to-date: /home/ljw/ws_fr5/install/fairino_hardware/lib/fairino_hardware/ros2_cmd_server
[0.082s] -- Up-to-date: /home/ljw/ws_fr5/install/fairino_hardware/lib/fairino_hardware/srv_test_client
[0.082s] -- Up-to-date: /home/ljw/ws_fr5/install/fairino_hardware/lib/fairino_hardware/libfairino_hardware.so
[0.082s] -- Up-to-date: /home/ljw/ws_fr5/install/fairino_hardware/share/fairino_hardware/environment/library_path.sh
[0.082s] -- Up-to-date: /home/ljw/ws_fr5/install/fairino_hardware/share/fairino_hardware/environment/library_path.dsv
[0.083s] -- Up-to-date: /home/ljw/ws_fr5/install/fairino_hardware/share/ament_index/resource_index/package_run_dependencies/fairino_hardware
[0.083s] -- Up-to-date: /home/ljw/ws_fr5/install/fairino_hardware/share/ament_index/resource_index/parent_prefix_path/fairino_hardware
[0.083s] -- Up-to-date: /home/ljw/ws_fr5/install/fairino_hardware/share/fairino_hardware/environment/ament_prefix_path.sh
[0.083s] -- Up-to-date: /home/ljw/ws_fr5/install/fairino_hardware/share/fairino_hardware/environment/ament_prefix_path.dsv
[0.083s] -- Up-to-date: /home/ljw/ws_fr5/install/fairino_hardware/share/fairino_hardware/environment/path.sh
[0.083s] -- Up-to-date: /home/ljw/ws_fr5/install/fairino_hardware/share/fairino_hardware/environment/path.dsv
[0.083s] -- Up-to-date: /home/ljw/ws_fr5/install/fairino_hardware/share/fairino_hardware/local_setup.bash
[0.083s] -- Up-to-date: /home/ljw/ws_fr5/install/fairino_hardware/share/fairino_hardware/local_setup.sh
[0.083s] -- Up-to-date: /home/ljw/ws_fr5/install/fairino_hardware/share/fairino_hardware/local_setup.zsh
[0.083s] -- Up-to-date: /home/ljw/ws_fr5/install/fairino_hardware/share/fairino_hardware/local_setup.dsv
[0.083s] -- Installing: /home/ljw/ws_fr5/install/fairino_hardware/share/fairino_hardware/package.dsv
[0.083s] -- Up-to-date: /home/ljw/ws_fr5/install/fairino_hardware/share/ament_index/resource_index/packages/fairino_hardware
[0.083s] -- Up-to-date: /home/ljw/ws_fr5/install/fairino_hardware/share/ament_index/resource_index/hardware_interface__pluginlib__plugin/fairino_hardware
[0.084s] -- Up-to-date: /home/ljw/ws_fr5/install/fairino_hardware/share/fairino_hardware/cmake/fairino_hardwareExport.cmake
[0.084s] -- Up-to-date: /home/ljw/ws_fr5/install/fairino_hardware/share/fairino_hardware/cmake/fairino_hardwareExport-release.cmake
[0.084s] -- Up-to-date: /home/ljw/ws_fr5/install/fairino_hardware/share/fairino_hardware/cmake/ament_cmake_export_targets-extras.cmake
[0.084s] -- Up-to-date: /home/ljw/ws_fr5/install/fairino_hardware/share/fairino_hardware/cmake/ament_cmake_export_dependencies-extras.cmake
[0.084s] -- Up-to-date: /home/ljw/ws_fr5/install/fairino_hardware/share/fairino_hardware/cmake/fairino_hardwareConfig.cmake
[0.084s] -- Up-to-date: /home/ljw/ws_fr5/install/fairino_hardware/share/fairino_hardware/cmake/fairino_hardwareConfig-version.cmake
[0.084s] -- Up-to-date: /home/ljw/ws_fr5/install/fairino_hardware/share/fairino_hardware/package.xml
[0.085s] Invoked command in '/home/ljw/ws_fr5/build/fairino_hardware' returned '0': AMENT_PREFIX_PATH=/home/ljw/ws_fr5/install/fairino_msgs:${AMENT_PREFIX_PATH} CMAKE_PREFIX_PATH=/home/ljw/ws_fr5/install/fairino_msgs:/opt/ros/humble LD_LIBRARY_PATH=/home/ljw/ws_fr5/install/fairino_msgs/lib:${LD_LIBRARY_PATH} PYTHONPATH=/home/ljw/ws_fr5/install/fairino_msgs/local/lib/python3.10/dist-packages:${PYTHONPATH} /usr/bin/cmake --install /home/ljw/ws_fr5/build/fairino_hardware
