[0.228s] Invoking command in '/home/ljw2/fairno5/build/fairino_hardware': CMAKE_PREFIX_PATH=/home/ljw2/fairno5/install/fairino_msgs:/home/ljw2/fairno5/install/robotiq_2f_85_gripper_visualization:/home/ljw2/fairno5/install/fairino_hardware:/home/ljw2/fairno5/install/fairino5_v6_moveit2_config:/home/ljw2/fairno5/install/fairino_description:/opt/ros/humble LD_LIBRARY_PATH=/home/ljw2/fairno5/install/fairino_msgs/lib:/home/ljw2/fairno5/install/fairino_hardware/lib:/usr/lib/x86_64-linux-gnu/gazebo-11/plugins:/opt/ros/humble/opt/rviz_ogre_vendor/lib:/opt/ros/humble/lib/x86_64-linux-gnu:/opt/ros/humble/lib /usr/bin/cmake --build /home/ljw2/fairno5/build/fairino_hardware -- -j24 -l24
[0.265s] [ 37%] Built target ros2_cmd_server
[0.265s] [ 75%] Built target srv_test_client
[0.265s] [100%] Built target fairino_hardware
[0.272s] Invoked command in '/home/ljw2/fairno5/build/fairino_hardware' returned '0': CMAKE_PREFIX_PATH=/home/ljw2/fairno5/install/fairino_msgs:/home/ljw2/fairno5/install/robotiq_2f_85_gripper_visualization:/home/ljw2/fairno5/install/fairino_hardware:/home/ljw2/fairno5/install/fairino5_v6_moveit2_config:/home/ljw2/fairno5/install/fairino_description:/opt/ros/humble LD_LIBRARY_PATH=/home/ljw2/fairno5/install/fairino_msgs/lib:/home/ljw2/fairno5/install/fairino_hardware/lib:/usr/lib/x86_64-linux-gnu/gazebo-11/plugins:/opt/ros/humble/opt/rviz_ogre_vendor/lib:/opt/ros/humble/lib/x86_64-linux-gnu:/opt/ros/humble/lib /usr/bin/cmake --build /home/ljw2/fairno5/build/fairino_hardware -- -j24 -l24
[0.274s] Invoking command in '/home/ljw2/fairno5/build/fairino_hardware': CMAKE_PREFIX_PATH=/home/ljw2/fairno5/install/fairino_msgs:/home/ljw2/fairno5/install/robotiq_2f_85_gripper_visualization:/home/ljw2/fairno5/install/fairino_hardware:/home/ljw2/fairno5/install/fairino5_v6_moveit2_config:/home/ljw2/fairno5/install/fairino_description:/opt/ros/humble LD_LIBRARY_PATH=/home/ljw2/fairno5/install/fairino_msgs/lib:/home/ljw2/fairno5/install/fairino_hardware/lib:/usr/lib/x86_64-linux-gnu/gazebo-11/plugins:/opt/ros/humble/opt/rviz_ogre_vendor/lib:/opt/ros/humble/lib/x86_64-linux-gnu:/opt/ros/humble/lib /usr/bin/cmake --install /home/ljw2/fairno5/build/fairino_hardware
[0.278s] -- Install configuration: "Release"
[0.278s] -- Up-to-date: /home/ljw2/fairno5/install/fairino_hardware/share/fairino_hardware/fairino_hardware.xml
[0.278s] -- Up-to-date: /home/ljw2/fairno5/install/fairino_hardware/lib/fairino_hardware/ros2_cmd_server
[0.279s] -- Up-to-date: /home/ljw2/fairno5/install/fairino_hardware/lib/fairino_hardware/srv_test_client
[0.279s] -- Up-to-date: /home/ljw2/fairno5/install/fairino_hardware/lib/fairino_hardware/libfairino_hardware.so
[0.279s] -- Up-to-date: /home/ljw2/fairno5/install/fairino_hardware/share/fairino_hardware/environment/library_path.sh
[0.279s] -- Up-to-date: /home/ljw2/fairno5/install/fairino_hardware/share/fairino_hardware/environment/library_path.dsv
[0.279s] -- Up-to-date: /home/ljw2/fairno5/install/fairino_hardware/share/ament_index/resource_index/package_run_dependencies/fairino_hardware
[0.279s] -- Up-to-date: /home/ljw2/fairno5/install/fairino_hardware/share/ament_index/resource_index/parent_prefix_path/fairino_hardware
[0.279s] -- Up-to-date: /home/ljw2/fairno5/install/fairino_hardware/share/fairino_hardware/environment/ament_prefix_path.sh
[0.279s] -- Up-to-date: /home/ljw2/fairno5/install/fairino_hardware/share/fairino_hardware/environment/ament_prefix_path.dsv
[0.279s] -- Up-to-date: /home/ljw2/fairno5/install/fairino_hardware/share/fairino_hardware/environment/path.sh
[0.279s] -- Up-to-date: /home/ljw2/fairno5/install/fairino_hardware/share/fairino_hardware/environment/path.dsv
[0.279s] -- Up-to-date: /home/ljw2/fairno5/install/fairino_hardware/share/fairino_hardware/local_setup.bash
[0.279s] -- Up-to-date: /home/ljw2/fairno5/install/fairino_hardware/share/fairino_hardware/local_setup.sh
[0.279s] -- Up-to-date: /home/ljw2/fairno5/install/fairino_hardware/share/fairino_hardware/local_setup.zsh
[0.279s] -- Up-to-date: /home/ljw2/fairno5/install/fairino_hardware/share/fairino_hardware/local_setup.dsv
[0.280s] -- Up-to-date: /home/ljw2/fairno5/install/fairino_hardware/share/fairino_hardware/package.dsv
[0.280s] -- Up-to-date: /home/ljw2/fairno5/install/fairino_hardware/share/ament_index/resource_index/packages/fairino_hardware
[0.280s] -- Up-to-date: /home/ljw2/fairno5/install/fairino_hardware/share/ament_index/resource_index/hardware_interface__pluginlib__plugin/fairino_hardware
[0.280s] -- Up-to-date: /home/ljw2/fairno5/install/fairino_hardware/share/fairino_hardware/cmake/fairino_hardwareExport.cmake
[0.280s] -- Up-to-date: /home/ljw2/fairno5/install/fairino_hardware/share/fairino_hardware/cmake/fairino_hardwareExport-release.cmake
[0.280s] -- Up-to-date: /home/ljw2/fairno5/install/fairino_hardware/share/fairino_hardware/cmake/ament_cmake_export_targets-extras.cmake
[0.280s] -- Up-to-date: /home/ljw2/fairno5/install/fairino_hardware/share/fairino_hardware/cmake/ament_cmake_export_dependencies-extras.cmake
[0.280s] -- Up-to-date: /home/ljw2/fairno5/install/fairino_hardware/share/fairino_hardware/cmake/fairino_hardwareConfig.cmake
[0.280s] -- Up-to-date: /home/ljw2/fairno5/install/fairino_hardware/share/fairino_hardware/cmake/fairino_hardwareConfig-version.cmake
[0.280s] -- Up-to-date: /home/ljw2/fairno5/install/fairino_hardware/share/fairino_hardware/package.xml
[0.282s] Invoked command in '/home/ljw2/fairno5/build/fairino_hardware' returned '0': CMAKE_PREFIX_PATH=/home/ljw2/fairno5/install/fairino_msgs:/home/ljw2/fairno5/install/robotiq_2f_85_gripper_visualization:/home/ljw2/fairno5/install/fairino_hardware:/home/ljw2/fairno5/install/fairino5_v6_moveit2_config:/home/ljw2/fairno5/install/fairino_description:/opt/ros/humble LD_LIBRARY_PATH=/home/ljw2/fairno5/install/fairino_msgs/lib:/home/ljw2/fairno5/install/fairino_hardware/lib:/usr/lib/x86_64-linux-gnu/gazebo-11/plugins:/opt/ros/humble/opt/rviz_ogre_vendor/lib:/opt/ros/humble/lib/x86_64-linux-gnu:/opt/ros/humble/lib /usr/bin/cmake --install /home/ljw2/fairno5/build/fairino_hardware
