[0.007s] Invoking command in '/home/ljw/ws_fr5/build/fairino_msgs': CMAKE_PREFIX_PATH=${CMAKE_PREFIX_PATH}:/opt/ros/humble /usr/bin/cmake /home/ljw/ws_fr5/src/fairino_msgs -DCMAKE_INSTALL_PREFIX=/home/ljw/ws_fr5/install/fairino_msgs
[0.040s] -- The C compiler identification is GNU 11.4.0
[0.074s] -- The CXX compiler identification is GNU 11.4.0
[0.079s] -- Detecting C compiler ABI info
[0.123s] -- Detecting C compiler ABI info - done
[0.128s] -- Check for working C compiler: /usr/bin/cc - skipped
[0.128s] -- Detecting C compile features
[0.128s] -- Detecting C compile features - done
[0.130s] -- Detecting CXX compiler ABI info
[0.180s] -- Detecting CXX compiler ABI info - done
[0.186s] -- Check for working CXX compiler: /usr/bin/c++ - skipped
[0.186s] -- Detecting CXX compile features
[0.186s] -- Detecting CXX compile features - done
[0.188s] -- Found ament_cmake: 1.3.12 (/opt/ros/humble/share/ament_cmake/cmake)
[0.283s] -- Found Python3: /usr/bin/python3 (found version "3.10.12") found components: Interpreter 
[0.344s] -- Found rosidl_default_generators: 1.2.0 (/opt/ros/humble/share/rosidl_default_generators/cmake)
[0.345s] -- Using all available rosidl_typesupport_c: rosidl_typesupport_fastrtps_c;rosidl_typesupport_introspection_c
[0.349s] -- Found rosidl_adapter: 3.1.8 (/opt/ros/humble/share/rosidl_adapter/cmake)
[0.374s] -- Using all available rosidl_typesupport_cpp: rosidl_typesupport_fastrtps_cpp;rosidl_typesupport_introspection_cpp
[0.568s] -- Found ament_cmake_ros: 0.10.0 (/opt/ros/humble/share/ament_cmake_ros/cmake)
[0.688s] -- Using all available rosidl_typesupport_c: rosidl_typesupport_fastrtps_c;rosidl_typesupport_introspection_c
[0.839s] -- Using all available rosidl_typesupport_cpp: rosidl_typesupport_fastrtps_cpp;rosidl_typesupport_introspection_cpp
[0.853s] -- Found PythonInterp: /usr/bin/python3 (found suitable version "3.10.12", minimum required is "3.6") 
[0.853s] -- Found python_cmake_module: 0.10.0 (/opt/ros/humble/share/python_cmake_module/cmake)
[0.870s] -- Found PythonLibs: /usr/lib/x86_64-linux-gnu/libpython3.10.so (found suitable version "3.10.12", minimum required is "3.5") 
[0.870s] -- Using PYTHON_EXECUTABLE: /usr/bin/python3
[0.870s] -- Using PYTHON_INCLUDE_DIRS: /usr/include/python3.10
[0.870s] -- Using PYTHON_LIBRARIES: /usr/lib/x86_64-linux-gnu/libpython3.10.so
[0.884s] -- Found PythonExtra: .so  
[0.905s] -- Found ament_lint_auto: 0.12.14 (/opt/ros/humble/share/ament_lint_auto/cmake)
[0.916s] -- Added test 'lint_cmake' to check CMake code style
[0.917s] -- Added test 'xmllint' to check XML markup files
[0.919s] -- Configuring done
[0.935s] -- Generating done
[0.941s] -- Build files have been written to: /home/ljw/ws_fr5/build/fairino_msgs
[0.944s] Invoked command in '/home/ljw/ws_fr5/build/fairino_msgs' returned '0': CMAKE_PREFIX_PATH=${CMAKE_PREFIX_PATH}:/opt/ros/humble /usr/bin/cmake /home/ljw/ws_fr5/src/fairino_msgs -DCMAKE_INSTALL_PREFIX=/home/ljw/ws_fr5/install/fairino_msgs
[0.946s] Invoking command in '/home/ljw/ws_fr5/build/fairino_msgs': CMAKE_PREFIX_PATH=${CMAKE_PREFIX_PATH}:/opt/ros/humble /usr/bin/cmake --build /home/ljw/ws_fr5/build/fairino_msgs -- -j16 -l16
[0.971s] [  2%] [34m[1mGenerating C code for ROS interfaces[0m
[0.978s] [  4%] [34m[1mGenerating C++ code for ROS interfaces[0m
[0.983s] [  4%] Built target ament_cmake_python_copy_fairino_msgs
[1.118s] running egg_info
[1.119s] creating fairino_msgs.egg-info
[1.119s] writing fairino_msgs.egg-info/PKG-INFO
[1.119s] writing dependency_links to fairino_msgs.egg-info/dependency_links.txt
[1.119s] writing top-level names to fairino_msgs.egg-info/top_level.txt
[1.119s] writing manifest file 'fairino_msgs.egg-info/SOURCES.txt'
[1.120s] reading manifest file 'fairino_msgs.egg-info/SOURCES.txt'
[1.120s] writing manifest file 'fairino_msgs.egg-info/SOURCES.txt'
[1.136s] [  4%] Built target ament_cmake_python_build_fairino_msgs_egg
[1.374s] [  6%] [32mBuilding C object CMakeFiles/fairino_msgs__rosidl_generator_c.dir/rosidl_generator_c/fairino_msgs/msg/detail/robot_nonrt_state__functions.c.o[0m
[1.375s] [  8%] [32mBuilding C object CMakeFiles/fairino_msgs__rosidl_generator_c.dir/rosidl_generator_c/fairino_msgs/srv/detail/remote_cmd_interface__functions.c.o[0m
[1.375s] [ 10%] [32mBuilding C object CMakeFiles/fairino_msgs__rosidl_generator_c.dir/rosidl_generator_c/fairino_msgs/srv/detail/remote_script_content__functions.c.o[0m
[1.412s] [ 10%] Built target fairino_msgs__cpp
[1.417s] [ 12%] [32m[1mLinking C shared library libfairino_msgs__rosidl_generator_c.so[0m
[1.418s] [ 17%] [34m[1mGenerating C++ type support dispatch for ROS interfaces[0m
[1.418s] [ 17%] [34m[1mGenerating C++ introspection for ROS interfaces[0m
[1.419s] [ 19%] [34m[1mGenerating C++ type support for eProsima Fast-RTPS[0m
[1.444s] [ 19%] Built target fairino_msgs__rosidl_generator_c
[1.450s] [ 21%] [34m[1mGenerating C type support dispatch for ROS interfaces[0m
[1.452s] [ 23%] [34m[1mGenerating C introspection for ROS interfaces[0m
[1.452s] [ 25%] [34m[1mGenerating C type support for eProsima Fast-RTPS[0m
[1.773s] [ 27%] [32mBuilding CXX object CMakeFiles/fairino_msgs__rosidl_typesupport_cpp.dir/rosidl_typesupport_cpp/fairino_msgs/srv/remote_script_content__type_support.cpp.o[0m
[1.773s] [ 29%] [32mBuilding CXX object CMakeFiles/fairino_msgs__rosidl_typesupport_cpp.dir/rosidl_typesupport_cpp/fairino_msgs/msg/robot_nonrt_state__type_support.cpp.o[0m
[1.774s] [ 31%] [32mBuilding CXX object CMakeFiles/fairino_msgs__rosidl_typesupport_cpp.dir/rosidl_typesupport_cpp/fairino_msgs/srv/remote_cmd_interface__type_support.cpp.o[0m
[1.785s] [ 34%] [32mBuilding CXX object CMakeFiles/fairino_msgs__rosidl_typesupport_introspection_cpp.dir/rosidl_typesupport_introspection_cpp/fairino_msgs/srv/detail/remote_cmd_interface__type_support.cpp.o[0m
[1.786s] [ 36%] [32mBuilding CXX object CMakeFiles/fairino_msgs__rosidl_typesupport_introspection_cpp.dir/rosidl_typesupport_introspection_cpp/fairino_msgs/srv/detail/remote_script_content__type_support.cpp.o[0m
[1.786s] [ 38%] [32mBuilding CXX object CMakeFiles/fairino_msgs__rosidl_typesupport_introspection_cpp.dir/rosidl_typesupport_introspection_cpp/fairino_msgs/msg/detail/robot_nonrt_state__type_support.cpp.o[0m
[1.803s] [ 40%] [32mBuilding CXX object CMakeFiles/fairino_msgs__rosidl_typesupport_c.dir/rosidl_typesupport_c/fairino_msgs/srv/remote_cmd_interface__type_support.cpp.o[0m
[1.804s] [ 42%] [32mBuilding CXX object CMakeFiles/fairino_msgs__rosidl_typesupport_c.dir/rosidl_typesupport_c/fairino_msgs/srv/remote_script_content__type_support.cpp.o[0m
[1.804s] [ 44%] [32mBuilding CXX object CMakeFiles/fairino_msgs__rosidl_typesupport_c.dir/rosidl_typesupport_c/fairino_msgs/msg/robot_nonrt_state__type_support.cpp.o[0m
[1.833s] [ 46%] [32m[1mLinking CXX shared library libfairino_msgs__rosidl_typesupport_c.so[0m
[1.837s] [ 51%] [32mBuilding C object CMakeFiles/fairino_msgs__rosidl_typesupport_introspection_c.dir/rosidl_typesupport_introspection_c/fairino_msgs/srv/detail/remote_script_content__type_support.c.o[0m
[1.837s] [ 53%] [32mBuilding C object CMakeFiles/fairino_msgs__rosidl_typesupport_introspection_c.dir/rosidl_typesupport_introspection_c/fairino_msgs/srv/detail/remote_cmd_interface__type_support.c.o[0m
[1.837s] [ 53%] [32mBuilding C object CMakeFiles/fairino_msgs__rosidl_typesupport_introspection_c.dir/rosidl_typesupport_introspection_c/fairino_msgs/msg/detail/robot_nonrt_state__type_support.c.o[0m
[1.844s] [ 55%] [32mBuilding CXX object CMakeFiles/fairino_msgs__rosidl_typesupport_fastrtps_cpp.dir/rosidl_typesupport_fastrtps_cpp/fairino_msgs/srv/detail/dds_fastrtps/remote_script_content__type_support.cpp.o[0m
[1.844s] [ 59%] [32mBuilding CXX object CMakeFiles/fairino_msgs__rosidl_typesupport_fastrtps_cpp.dir/rosidl_typesupport_fastrtps_cpp/fairino_msgs/srv/detail/dds_fastrtps/remote_cmd_interface__type_support.cpp.o[0m
[1.844s] [ 59%] [32mBuilding CXX object CMakeFiles/fairino_msgs__rosidl_typesupport_fastrtps_cpp.dir/rosidl_typesupport_fastrtps_cpp/fairino_msgs/msg/detail/dds_fastrtps/robot_nonrt_state__type_support.cpp.o[0m
[1.869s] [ 61%] [32m[1mLinking C shared library libfairino_msgs__rosidl_typesupport_introspection_c.so[0m
[1.884s] [ 61%] Built target fairino_msgs__rosidl_typesupport_c
[1.899s] [ 61%] Built target fairino_msgs__rosidl_typesupport_introspection_c
[1.911s] [ 68%] [32mBuilding CXX object CMakeFiles/fairino_msgs__rosidl_typesupport_fastrtps_c.dir/rosidl_typesupport_fastrtps_c/fairino_msgs/msg/detail/robot_nonrt_state__type_support_c.cpp.o[0m
[1.911s] [ 68%] [32mBuilding CXX object CMakeFiles/fairino_msgs__rosidl_typesupport_fastrtps_c.dir/rosidl_typesupport_fastrtps_c/fairino_msgs/srv/detail/remote_cmd_interface__type_support_c.cpp.o[0m
[1.911s] [ 68%] [32mBuilding CXX object CMakeFiles/fairino_msgs__rosidl_typesupport_fastrtps_c.dir/rosidl_typesupport_fastrtps_c/fairino_msgs/srv/detail/remote_script_content__type_support_c.cpp.o[0m
[2.038s] [ 70%] [32m[1mLinking CXX shared library libfairino_msgs__rosidl_typesupport_cpp.so[0m
[2.070s] [ 70%] Built target fairino_msgs__rosidl_typesupport_cpp
[2.128s] [ 72%] [32m[1mLinking CXX shared library libfairino_msgs__rosidl_typesupport_introspection_cpp.so[0m
[2.172s] [ 72%] Built target fairino_msgs__rosidl_typesupport_introspection_cpp
[2.190s] [ 74%] [32m[1mLinking CXX shared library libfairino_msgs__rosidl_typesupport_fastrtps_cpp.so[0m
[2.197s] [ 76%] [32m[1mLinking CXX shared library libfairino_msgs__rosidl_typesupport_fastrtps_c.so[0m
[2.240s] [ 76%] Built target fairino_msgs__rosidl_typesupport_fastrtps_cpp
[2.245s] [ 76%] Built target fairino_msgs__rosidl_typesupport_fastrtps_c
[2.257s] [ 76%] Built target fairino_msgs
[2.276s] [ 78%] [34m[1mGenerating Python code for ROS interfaces[0m
[3.063s] [ 78%] Built target fairino_msgs__py
[3.075s] [ 80%] [32mBuilding C object CMakeFiles/fairino_msgs__rosidl_generator_py.dir/rosidl_generator_py/fairino_msgs/srv/_remote_cmd_interface_s.c.o[0m
[3.075s] [ 82%] [32mBuilding C object CMakeFiles/fairino_msgs__rosidl_generator_py.dir/rosidl_generator_py/fairino_msgs/srv/_remote_script_content_s.c.o[0m
[3.076s] [ 85%] [32mBuilding C object CMakeFiles/fairino_msgs__rosidl_generator_py.dir/rosidl_generator_py/fairino_msgs/msg/_robot_nonrt_state_s.c.o[0m
[3.195s] [ 87%] [32m[1mLinking C shared library rosidl_generator_py/fairino_msgs/libfairino_msgs__rosidl_generator_py.so[0m
[3.224s] [ 87%] Built target fairino_msgs__rosidl_generator_py
[3.249s] [ 93%] [32mBuilding C object CMakeFiles/fairino_msgs__rosidl_typesupport_introspection_c__pyext.dir/rosidl_generator_py/fairino_msgs/_fairino_msgs_s.ep.rosidl_typesupport_introspection_c.c.o[0m
[3.249s] [ 93%] [32mBuilding C object CMakeFiles/fairino_msgs__rosidl_typesupport_fastrtps_c__pyext.dir/rosidl_generator_py/fairino_msgs/_fairino_msgs_s.ep.rosidl_typesupport_fastrtps_c.c.o[0m
[3.249s] [ 93%] [32mBuilding C object CMakeFiles/fairino_msgs__rosidl_typesupport_c__pyext.dir/rosidl_generator_py/fairino_msgs/_fairino_msgs_s.ep.rosidl_typesupport_c.c.o[0m
[3.309s] [ 95%] [32m[1mLinking C shared library rosidl_generator_py/fairino_msgs/fairino_msgs_s__rosidl_typesupport_introspection_c.cpython-310-x86_64-linux-gnu.so[0m
[3.309s] [ 97%] [32m[1mLinking C shared library rosidl_generator_py/fairino_msgs/fairino_msgs_s__rosidl_typesupport_c.cpython-310-x86_64-linux-gnu.so[0m
[3.310s] [100%] [32m[1mLinking C shared library rosidl_generator_py/fairino_msgs/fairino_msgs_s__rosidl_typesupport_fastrtps_c.cpython-310-x86_64-linux-gnu.so[0m
[3.330s] [100%] Built target fairino_msgs__rosidl_typesupport_c__pyext
[3.332s] [100%] Built target fairino_msgs__rosidl_typesupport_introspection_c__pyext
[3.333s] [100%] Built target fairino_msgs__rosidl_typesupport_fastrtps_c__pyext
[3.341s] Invoked command in '/home/ljw/ws_fr5/build/fairino_msgs' returned '0': CMAKE_PREFIX_PATH=${CMAKE_PREFIX_PATH}:/opt/ros/humble /usr/bin/cmake --build /home/ljw/ws_fr5/build/fairino_msgs -- -j16 -l16
[3.342s] Invoking command in '/home/ljw/ws_fr5/build/fairino_msgs': CMAKE_PREFIX_PATH=${CMAKE_PREFIX_PATH}:/opt/ros/humble /usr/bin/cmake --install /home/ljw/ws_fr5/build/fairino_msgs
[3.347s] -- Install configuration: ""
[3.347s] -- Installing: /home/ljw/ws_fr5/install/fairino_msgs/share/ament_index/resource_index/rosidl_interfaces/fairino_msgs
[3.347s] -- Installing: /home/ljw/ws_fr5/install/fairino_msgs/include/fairino_msgs/fairino_msgs
[3.347s] -- Installing: /home/ljw/ws_fr5/install/fairino_msgs/include/fairino_msgs/fairino_msgs/msg
[3.347s] -- Installing: /home/ljw/ws_fr5/install/fairino_msgs/include/fairino_msgs/fairino_msgs/msg/detail
[3.347s] -- Installing: /home/ljw/ws_fr5/install/fairino_msgs/include/fairino_msgs/fairino_msgs/msg/detail/robot_nonrt_state__struct.h
[3.347s] -- Installing: /home/ljw/ws_fr5/install/fairino_msgs/include/fairino_msgs/fairino_msgs/msg/detail/robot_nonrt_state__functions.h
[3.347s] -- Installing: /home/ljw/ws_fr5/install/fairino_msgs/include/fairino_msgs/fairino_msgs/msg/detail/robot_nonrt_state__functions.c
[3.348s] -- Installing: /home/ljw/ws_fr5/install/fairino_msgs/include/fairino_msgs/fairino_msgs/msg/detail/robot_nonrt_state__type_support.h
[3.348s] -- Installing: /home/ljw/ws_fr5/install/fairino_msgs/include/fairino_msgs/fairino_msgs/msg/robot_nonrt_state.h
[3.348s] -- Installing: /home/ljw/ws_fr5/install/fairino_msgs/include/fairino_msgs/fairino_msgs/msg/rosidl_generator_c__visibility_control.h
[3.348s] -- Installing: /home/ljw/ws_fr5/install/fairino_msgs/include/fairino_msgs/fairino_msgs/srv
[3.348s] -- Installing: /home/ljw/ws_fr5/install/fairino_msgs/include/fairino_msgs/fairino_msgs/srv/detail
[3.348s] -- Installing: /home/ljw/ws_fr5/install/fairino_msgs/include/fairino_msgs/fairino_msgs/srv/detail/remote_script_content__type_support.h
[3.348s] -- Installing: /home/ljw/ws_fr5/install/fairino_msgs/include/fairino_msgs/fairino_msgs/srv/detail/remote_cmd_interface__functions.c
[3.348s] -- Installing: /home/ljw/ws_fr5/install/fairino_msgs/include/fairino_msgs/fairino_msgs/srv/detail/remote_script_content__functions.h
[3.348s] -- Installing: /home/ljw/ws_fr5/install/fairino_msgs/include/fairino_msgs/fairino_msgs/srv/detail/remote_cmd_interface__type_support.h
[3.348s] -- Installing: /home/ljw/ws_fr5/install/fairino_msgs/include/fairino_msgs/fairino_msgs/srv/detail/remote_cmd_interface__struct.h
[3.348s] -- Installing: /home/ljw/ws_fr5/install/fairino_msgs/include/fairino_msgs/fairino_msgs/srv/detail/remote_script_content__struct.h
[3.348s] -- Installing: /home/ljw/ws_fr5/install/fairino_msgs/include/fairino_msgs/fairino_msgs/srv/detail/remote_script_content__functions.c
[3.348s] -- Installing: /home/ljw/ws_fr5/install/fairino_msgs/include/fairino_msgs/fairino_msgs/srv/detail/remote_cmd_interface__functions.h
[3.348s] -- Installing: /home/ljw/ws_fr5/install/fairino_msgs/include/fairino_msgs/fairino_msgs/srv/remote_script_content.h
[3.348s] -- Installing: /home/ljw/ws_fr5/install/fairino_msgs/include/fairino_msgs/fairino_msgs/srv/remote_cmd_interface.h
[3.348s] -- Installing: /home/ljw/ws_fr5/install/fairino_msgs/share/fairino_msgs/environment/library_path.sh
[3.348s] -- Installing: /home/ljw/ws_fr5/install/fairino_msgs/share/fairino_msgs/environment/library_path.dsv
[3.348s] -- Installing: /home/ljw/ws_fr5/install/fairino_msgs/lib/libfairino_msgs__rosidl_generator_c.so
[3.348s] -- Set runtime path of "/home/ljw/ws_fr5/install/fairino_msgs/lib/libfairino_msgs__rosidl_generator_c.so" to ""
[3.348s] -- Up-to-date: /home/ljw/ws_fr5/install/fairino_msgs/include/fairino_msgs/fairino_msgs
[3.348s] -- Up-to-date: /home/ljw/ws_fr5/install/fairino_msgs/include/fairino_msgs/fairino_msgs/msg
[3.349s] -- Up-to-date: /home/ljw/ws_fr5/install/fairino_msgs/include/fairino_msgs/fairino_msgs/msg/detail
[3.349s] -- Installing: /home/ljw/ws_fr5/install/fairino_msgs/include/fairino_msgs/fairino_msgs/msg/detail/robot_nonrt_state__rosidl_typesupport_fastrtps_c.h
[3.349s] -- Installing: /home/ljw/ws_fr5/install/fairino_msgs/include/fairino_msgs/fairino_msgs/msg/rosidl_typesupport_fastrtps_c__visibility_control.h
[3.349s] -- Up-to-date: /home/ljw/ws_fr5/install/fairino_msgs/include/fairino_msgs/fairino_msgs/srv
[3.349s] -- Up-to-date: /home/ljw/ws_fr5/install/fairino_msgs/include/fairino_msgs/fairino_msgs/srv/detail
[3.349s] -- Installing: /home/ljw/ws_fr5/install/fairino_msgs/include/fairino_msgs/fairino_msgs/srv/detail/remote_script_content__rosidl_typesupport_fastrtps_c.h
[3.349s] -- Installing: /home/ljw/ws_fr5/install/fairino_msgs/include/fairino_msgs/fairino_msgs/srv/detail/remote_cmd_interface__rosidl_typesupport_fastrtps_c.h
[3.349s] -- Installing: /home/ljw/ws_fr5/install/fairino_msgs/lib/libfairino_msgs__rosidl_typesupport_fastrtps_c.so
[3.349s] -- Set runtime path of "/home/ljw/ws_fr5/install/fairino_msgs/lib/libfairino_msgs__rosidl_typesupport_fastrtps_c.so" to ""
[3.349s] -- Up-to-date: /home/ljw/ws_fr5/install/fairino_msgs/include/fairino_msgs/fairino_msgs
[3.349s] -- Up-to-date: /home/ljw/ws_fr5/install/fairino_msgs/include/fairino_msgs/fairino_msgs/msg
[3.349s] -- Installing: /home/ljw/ws_fr5/install/fairino_msgs/include/fairino_msgs/fairino_msgs/msg/rosidl_typesupport_introspection_c__visibility_control.h
[3.349s] -- Up-to-date: /home/ljw/ws_fr5/install/fairino_msgs/include/fairino_msgs/fairino_msgs/msg/detail
[3.349s] -- Installing: /home/ljw/ws_fr5/install/fairino_msgs/include/fairino_msgs/fairino_msgs/msg/detail/robot_nonrt_state__type_support.c
[3.349s] -- Installing: /home/ljw/ws_fr5/install/fairino_msgs/include/fairino_msgs/fairino_msgs/msg/detail/robot_nonrt_state__rosidl_typesupport_introspection_c.h
[3.349s] -- Up-to-date: /home/ljw/ws_fr5/install/fairino_msgs/include/fairino_msgs/fairino_msgs/srv
[3.349s] -- Up-to-date: /home/ljw/ws_fr5/install/fairino_msgs/include/fairino_msgs/fairino_msgs/srv/detail
[3.349s] -- Installing: /home/ljw/ws_fr5/install/fairino_msgs/include/fairino_msgs/fairino_msgs/srv/detail/remote_cmd_interface__rosidl_typesupport_introspection_c.h
[3.349s] -- Installing: /home/ljw/ws_fr5/install/fairino_msgs/include/fairino_msgs/fairino_msgs/srv/detail/remote_script_content__rosidl_typesupport_introspection_c.h
[3.349s] -- Installing: /home/ljw/ws_fr5/install/fairino_msgs/include/fairino_msgs/fairino_msgs/srv/detail/remote_script_content__type_support.c
[3.349s] -- Installing: /home/ljw/ws_fr5/install/fairino_msgs/include/fairino_msgs/fairino_msgs/srv/detail/remote_cmd_interface__type_support.c
[3.349s] -- Installing: /home/ljw/ws_fr5/install/fairino_msgs/lib/libfairino_msgs__rosidl_typesupport_introspection_c.so
[3.349s] -- Set runtime path of "/home/ljw/ws_fr5/install/fairino_msgs/lib/libfairino_msgs__rosidl_typesupport_introspection_c.so" to ""
[3.350s] -- Installing: /home/ljw/ws_fr5/install/fairino_msgs/lib/libfairino_msgs__rosidl_typesupport_c.so
[3.350s] -- Set runtime path of "/home/ljw/ws_fr5/install/fairino_msgs/lib/libfairino_msgs__rosidl_typesupport_c.so" to ""
[3.350s] -- Up-to-date: /home/ljw/ws_fr5/install/fairino_msgs/include/fairino_msgs/fairino_msgs
[3.350s] -- Up-to-date: /home/ljw/ws_fr5/install/fairino_msgs/include/fairino_msgs/fairino_msgs/msg
[3.350s] -- Up-to-date: /home/ljw/ws_fr5/install/fairino_msgs/include/fairino_msgs/fairino_msgs/msg/detail
[3.350s] -- Installing: /home/ljw/ws_fr5/install/fairino_msgs/include/fairino_msgs/fairino_msgs/msg/detail/robot_nonrt_state__struct.hpp
[3.350s] -- Installing: /home/ljw/ws_fr5/install/fairino_msgs/include/fairino_msgs/fairino_msgs/msg/detail/robot_nonrt_state__type_support.hpp
[3.350s] -- Installing: /home/ljw/ws_fr5/install/fairino_msgs/include/fairino_msgs/fairino_msgs/msg/detail/robot_nonrt_state__builder.hpp
[3.350s] -- Installing: /home/ljw/ws_fr5/install/fairino_msgs/include/fairino_msgs/fairino_msgs/msg/detail/robot_nonrt_state__traits.hpp
[3.350s] -- Installing: /home/ljw/ws_fr5/install/fairino_msgs/include/fairino_msgs/fairino_msgs/msg/robot_nonrt_state.hpp
[3.350s] -- Installing: /home/ljw/ws_fr5/install/fairino_msgs/include/fairino_msgs/fairino_msgs/msg/rosidl_generator_cpp__visibility_control.hpp
[3.350s] -- Up-to-date: /home/ljw/ws_fr5/install/fairino_msgs/include/fairino_msgs/fairino_msgs/srv
[3.350s] -- Up-to-date: /home/ljw/ws_fr5/install/fairino_msgs/include/fairino_msgs/fairino_msgs/srv/detail
[3.350s] -- Installing: /home/ljw/ws_fr5/install/fairino_msgs/include/fairino_msgs/fairino_msgs/srv/detail/remote_cmd_interface__type_support.hpp
[3.350s] -- Installing: /home/ljw/ws_fr5/install/fairino_msgs/include/fairino_msgs/fairino_msgs/srv/detail/remote_cmd_interface__builder.hpp
[3.350s] -- Installing: /home/ljw/ws_fr5/install/fairino_msgs/include/fairino_msgs/fairino_msgs/srv/detail/remote_script_content__builder.hpp
[3.350s] -- Installing: /home/ljw/ws_fr5/install/fairino_msgs/include/fairino_msgs/fairino_msgs/srv/detail/remote_script_content__struct.hpp
[3.350s] -- Installing: /home/ljw/ws_fr5/install/fairino_msgs/include/fairino_msgs/fairino_msgs/srv/detail/remote_cmd_interface__struct.hpp
[3.350s] -- Installing: /home/ljw/ws_fr5/install/fairino_msgs/include/fairino_msgs/fairino_msgs/srv/detail/remote_script_content__type_support.hpp
[3.350s] -- Installing: /home/ljw/ws_fr5/install/fairino_msgs/include/fairino_msgs/fairino_msgs/srv/detail/remote_cmd_interface__traits.hpp
[3.350s] -- Installing: /home/ljw/ws_fr5/install/fairino_msgs/include/fairino_msgs/fairino_msgs/srv/detail/remote_script_content__traits.hpp
[3.351s] -- Installing: /home/ljw/ws_fr5/install/fairino_msgs/include/fairino_msgs/fairino_msgs/srv/remote_cmd_interface.hpp
[3.351s] -- Installing: /home/ljw/ws_fr5/install/fairino_msgs/include/fairino_msgs/fairino_msgs/srv/remote_script_content.hpp
[3.351s] -- Up-to-date: /home/ljw/ws_fr5/install/fairino_msgs/include/fairino_msgs/fairino_msgs
[3.351s] -- Up-to-date: /home/ljw/ws_fr5/install/fairino_msgs/include/fairino_msgs/fairino_msgs/msg
[3.351s] -- Up-to-date: /home/ljw/ws_fr5/install/fairino_msgs/include/fairino_msgs/fairino_msgs/msg/detail
[3.351s] -- Installing: /home/ljw/ws_fr5/install/fairino_msgs/include/fairino_msgs/fairino_msgs/msg/detail/dds_fastrtps
[3.351s] -- Installing: /home/ljw/ws_fr5/install/fairino_msgs/include/fairino_msgs/fairino_msgs/msg/detail/robot_nonrt_state__rosidl_typesupport_fastrtps_cpp.hpp
[3.351s] -- Installing: /home/ljw/ws_fr5/install/fairino_msgs/include/fairino_msgs/fairino_msgs/msg/rosidl_typesupport_fastrtps_cpp__visibility_control.h
[3.351s] -- Up-to-date: /home/ljw/ws_fr5/install/fairino_msgs/include/fairino_msgs/fairino_msgs/srv
[3.351s] -- Up-to-date: /home/ljw/ws_fr5/install/fairino_msgs/include/fairino_msgs/fairino_msgs/srv/detail
[3.351s] -- Installing: /home/ljw/ws_fr5/install/fairino_msgs/include/fairino_msgs/fairino_msgs/srv/detail/dds_fastrtps
[3.351s] -- Installing: /home/ljw/ws_fr5/install/fairino_msgs/include/fairino_msgs/fairino_msgs/srv/detail/remote_script_content__rosidl_typesupport_fastrtps_cpp.hpp
[3.351s] -- Installing: /home/ljw/ws_fr5/install/fairino_msgs/include/fairino_msgs/fairino_msgs/srv/detail/remote_cmd_interface__rosidl_typesupport_fastrtps_cpp.hpp
[3.351s] -- Installing: /home/ljw/ws_fr5/install/fairino_msgs/lib/libfairino_msgs__rosidl_typesupport_fastrtps_cpp.so
[3.351s] -- Set runtime path of "/home/ljw/ws_fr5/install/fairino_msgs/lib/libfairino_msgs__rosidl_typesupport_fastrtps_cpp.so" to ""
[3.351s] -- Up-to-date: /home/ljw/ws_fr5/install/fairino_msgs/include/fairino_msgs/fairino_msgs
[3.351s] -- Up-to-date: /home/ljw/ws_fr5/install/fairino_msgs/include/fairino_msgs/fairino_msgs/msg
[3.351s] -- Up-to-date: /home/ljw/ws_fr5/install/fairino_msgs/include/fairino_msgs/fairino_msgs/msg/detail
[3.351s] -- Installing: /home/ljw/ws_fr5/install/fairino_msgs/include/fairino_msgs/fairino_msgs/msg/detail/robot_nonrt_state__rosidl_typesupport_introspection_cpp.hpp
[3.351s] -- Installing: /home/ljw/ws_fr5/install/fairino_msgs/include/fairino_msgs/fairino_msgs/msg/detail/robot_nonrt_state__type_support.cpp
[3.351s] -- Up-to-date: /home/ljw/ws_fr5/install/fairino_msgs/include/fairino_msgs/fairino_msgs/srv
[3.351s] -- Up-to-date: /home/ljw/ws_fr5/install/fairino_msgs/include/fairino_msgs/fairino_msgs/srv/detail
[3.352s] -- Installing: /home/ljw/ws_fr5/install/fairino_msgs/include/fairino_msgs/fairino_msgs/srv/detail/remote_script_content__rosidl_typesupport_introspection_cpp.hpp
[3.352s] -- Installing: /home/ljw/ws_fr5/install/fairino_msgs/include/fairino_msgs/fairino_msgs/srv/detail/remote_script_content__type_support.cpp
[3.352s] -- Installing: /home/ljw/ws_fr5/install/fairino_msgs/include/fairino_msgs/fairino_msgs/srv/detail/remote_cmd_interface__type_support.cpp
[3.352s] -- Installing: /home/ljw/ws_fr5/install/fairino_msgs/include/fairino_msgs/fairino_msgs/srv/detail/remote_cmd_interface__rosidl_typesupport_introspection_cpp.hpp
[3.352s] -- Installing: /home/ljw/ws_fr5/install/fairino_msgs/lib/libfairino_msgs__rosidl_typesupport_introspection_cpp.so
[3.352s] -- Set runtime path of "/home/ljw/ws_fr5/install/fairino_msgs/lib/libfairino_msgs__rosidl_typesupport_introspection_cpp.so" to ""
[3.352s] -- Installing: /home/ljw/ws_fr5/install/fairino_msgs/lib/libfairino_msgs__rosidl_typesupport_cpp.so
[3.352s] -- Set runtime path of "/home/ljw/ws_fr5/install/fairino_msgs/lib/libfairino_msgs__rosidl_typesupport_cpp.so" to ""
[3.352s] -- Installing: /home/ljw/ws_fr5/install/fairino_msgs/share/fairino_msgs/environment/pythonpath.sh
[3.352s] -- Installing: /home/ljw/ws_fr5/install/fairino_msgs/share/fairino_msgs/environment/pythonpath.dsv
[3.352s] -- Installing: /home/ljw/ws_fr5/install/fairino_msgs/local/lib/python3.10/dist-packages/fairino_msgs-0.0.0-py3.10.egg-info
[3.352s] -- Installing: /home/ljw/ws_fr5/install/fairino_msgs/local/lib/python3.10/dist-packages/fairino_msgs-0.0.0-py3.10.egg-info/SOURCES.txt
[3.352s] -- Installing: /home/ljw/ws_fr5/install/fairino_msgs/local/lib/python3.10/dist-packages/fairino_msgs-0.0.0-py3.10.egg-info/PKG-INFO
[3.352s] -- Installing: /home/ljw/ws_fr5/install/fairino_msgs/local/lib/python3.10/dist-packages/fairino_msgs-0.0.0-py3.10.egg-info/dependency_links.txt
[3.352s] -- Installing: /home/ljw/ws_fr5/install/fairino_msgs/local/lib/python3.10/dist-packages/fairino_msgs-0.0.0-py3.10.egg-info/top_level.txt
[3.352s] -- Installing: /home/ljw/ws_fr5/install/fairino_msgs/local/lib/python3.10/dist-packages/fairino_msgs
[3.353s] -- Installing: /home/ljw/ws_fr5/install/fairino_msgs/local/lib/python3.10/dist-packages/fairino_msgs/libfairino_msgs__rosidl_generator_py.so
[3.353s] -- Installing: /home/ljw/ws_fr5/install/fairino_msgs/local/lib/python3.10/dist-packages/fairino_msgs/msg
[3.353s] -- Installing: /home/ljw/ws_fr5/install/fairino_msgs/local/lib/python3.10/dist-packages/fairino_msgs/msg/_robot_nonrt_state_s.c
[3.353s] -- Installing: /home/ljw/ws_fr5/install/fairino_msgs/local/lib/python3.10/dist-packages/fairino_msgs/msg/__init__.py
[3.353s] -- Installing: /home/ljw/ws_fr5/install/fairino_msgs/local/lib/python3.10/dist-packages/fairino_msgs/msg/_robot_nonrt_state.py
[3.353s] -- Installing: /home/ljw/ws_fr5/install/fairino_msgs/local/lib/python3.10/dist-packages/fairino_msgs/_fairino_msgs_s.ep.rosidl_typesupport_c.c
[3.353s] -- Installing: /home/ljw/ws_fr5/install/fairino_msgs/local/lib/python3.10/dist-packages/fairino_msgs/fairino_msgs_s__rosidl_typesupport_c.cpython-310-x86_64-linux-gnu.so
[3.353s] -- Installing: /home/ljw/ws_fr5/install/fairino_msgs/local/lib/python3.10/dist-packages/fairino_msgs/_fairino_msgs_s.ep.rosidl_typesupport_fastrtps_c.c
[3.353s] -- Installing: /home/ljw/ws_fr5/install/fairino_msgs/local/lib/python3.10/dist-packages/fairino_msgs/__init__.py
[3.353s] -- Installing: /home/ljw/ws_fr5/install/fairino_msgs/local/lib/python3.10/dist-packages/fairino_msgs/srv
[3.353s] -- Installing: /home/ljw/ws_fr5/install/fairino_msgs/local/lib/python3.10/dist-packages/fairino_msgs/srv/_remote_cmd_interface_s.c
[3.353s] -- Installing: /home/ljw/ws_fr5/install/fairino_msgs/local/lib/python3.10/dist-packages/fairino_msgs/srv/__init__.py
[3.353s] -- Installing: /home/ljw/ws_fr5/install/fairino_msgs/local/lib/python3.10/dist-packages/fairino_msgs/srv/_remote_script_content_s.c
[3.353s] -- Installing: /home/ljw/ws_fr5/install/fairino_msgs/local/lib/python3.10/dist-packages/fairino_msgs/srv/_remote_script_content.py
[3.353s] -- Installing: /home/ljw/ws_fr5/install/fairino_msgs/local/lib/python3.10/dist-packages/fairino_msgs/srv/_remote_cmd_interface.py
[3.353s] -- Installing: /home/ljw/ws_fr5/install/fairino_msgs/local/lib/python3.10/dist-packages/fairino_msgs/_fairino_msgs_s.ep.rosidl_typesupport_introspection_c.c
[3.353s] -- Installing: /home/ljw/ws_fr5/install/fairino_msgs/local/lib/python3.10/dist-packages/fairino_msgs/fairino_msgs_s__rosidl_typesupport_introspection_c.cpython-310-x86_64-linux-gnu.so
[3.354s] -- Installing: /home/ljw/ws_fr5/install/fairino_msgs/local/lib/python3.10/dist-packages/fairino_msgs/fairino_msgs_s__rosidl_typesupport_fastrtps_c.cpython-310-x86_64-linux-gnu.so
[3.389s] Listing '/home/ljw/ws_fr5/install/fairino_msgs/local/lib/python3.10/dist-packages/fairino_msgs'...
[3.389s] Compiling '/home/ljw/ws_fr5/install/fairino_msgs/local/lib/python3.10/dist-packages/fairino_msgs/__init__.py'...
[3.389s] Listing '/home/ljw/ws_fr5/install/fairino_msgs/local/lib/python3.10/dist-packages/fairino_msgs/msg'...
[3.389s] Compiling '/home/ljw/ws_fr5/install/fairino_msgs/local/lib/python3.10/dist-packages/fairino_msgs/msg/__init__.py'...
[3.389s] Compiling '/home/ljw/ws_fr5/install/fairino_msgs/local/lib/python3.10/dist-packages/fairino_msgs/msg/_robot_nonrt_state.py'...
[3.389s] Listing '/home/ljw/ws_fr5/install/fairino_msgs/local/lib/python3.10/dist-packages/fairino_msgs/srv'...
[3.389s] Compiling '/home/ljw/ws_fr5/install/fairino_msgs/local/lib/python3.10/dist-packages/fairino_msgs/srv/__init__.py'...
[3.389s] Compiling '/home/ljw/ws_fr5/install/fairino_msgs/local/lib/python3.10/dist-packages/fairino_msgs/srv/_remote_cmd_interface.py'...
[3.389s] Compiling '/home/ljw/ws_fr5/install/fairino_msgs/local/lib/python3.10/dist-packages/fairino_msgs/srv/_remote_script_content.py'...
[3.392s] -- Installing: /home/ljw/ws_fr5/install/fairino_msgs/local/lib/python3.10/dist-packages/fairino_msgs/fairino_msgs_s__rosidl_typesupport_fastrtps_c.cpython-310-x86_64-linux-gnu.so
[3.392s] -- Set runtime path of "/home/ljw/ws_fr5/install/fairino_msgs/local/lib/python3.10/dist-packages/fairino_msgs/fairino_msgs_s__rosidl_typesupport_fastrtps_c.cpython-310-x86_64-linux-gnu.so" to ""
[3.392s] -- Installing: /home/ljw/ws_fr5/install/fairino_msgs/local/lib/python3.10/dist-packages/fairino_msgs/fairino_msgs_s__rosidl_typesupport_introspection_c.cpython-310-x86_64-linux-gnu.so
[3.392s] -- Set runtime path of "/home/ljw/ws_fr5/install/fairino_msgs/local/lib/python3.10/dist-packages/fairino_msgs/fairino_msgs_s__rosidl_typesupport_introspection_c.cpython-310-x86_64-linux-gnu.so" to ""
[3.392s] -- Installing: /home/ljw/ws_fr5/install/fairino_msgs/local/lib/python3.10/dist-packages/fairino_msgs/fairino_msgs_s__rosidl_typesupport_c.cpython-310-x86_64-linux-gnu.so
[3.393s] -- Set runtime path of "/home/ljw/ws_fr5/install/fairino_msgs/local/lib/python3.10/dist-packages/fairino_msgs/fairino_msgs_s__rosidl_typesupport_c.cpython-310-x86_64-linux-gnu.so" to ""
[3.393s] -- Installing: /home/ljw/ws_fr5/install/fairino_msgs/lib/libfairino_msgs__rosidl_generator_py.so
[3.393s] -- Set runtime path of "/home/ljw/ws_fr5/install/fairino_msgs/lib/libfairino_msgs__rosidl_generator_py.so" to ""
[3.393s] -- Installing: /home/ljw/ws_fr5/install/fairino_msgs/share/fairino_msgs/srv/RemoteCmdInterface.idl
[3.393s] -- Installing: /home/ljw/ws_fr5/install/fairino_msgs/share/fairino_msgs/srv/RemoteScriptContent.idl
[3.393s] -- Installing: /home/ljw/ws_fr5/install/fairino_msgs/share/fairino_msgs/msg/RobotNonrtState.idl
[3.393s] -- Installing: /home/ljw/ws_fr5/install/fairino_msgs/share/fairino_msgs/srv/RemoteCmdInterface.srv
[3.393s] -- Installing: /home/ljw/ws_fr5/install/fairino_msgs/share/fairino_msgs/srv/RemoteCmdInterface_Request.msg
[3.393s] -- Installing: /home/ljw/ws_fr5/install/fairino_msgs/share/fairino_msgs/srv/RemoteCmdInterface_Response.msg
[3.393s] -- Installing: /home/ljw/ws_fr5/install/fairino_msgs/share/fairino_msgs/srv/RemoteScriptContent.srv
[3.393s] -- Installing: /home/ljw/ws_fr5/install/fairino_msgs/share/fairino_msgs/srv/RemoteScriptContent_Request.msg
[3.393s] -- Installing: /home/ljw/ws_fr5/install/fairino_msgs/share/fairino_msgs/srv/RemoteScriptContent_Response.msg
[3.393s] -- Installing: /home/ljw/ws_fr5/install/fairino_msgs/share/fairino_msgs/msg/RobotNonrtState.msg
[3.393s] -- Installing: /home/ljw/ws_fr5/install/fairino_msgs/share/ament_index/resource_index/package_run_dependencies/fairino_msgs
[3.394s] -- Installing: /home/ljw/ws_fr5/install/fairino_msgs/share/ament_index/resource_index/parent_prefix_path/fairino_msgs
[3.394s] -- Installing: /home/ljw/ws_fr5/install/fairino_msgs/share/fairino_msgs/environment/ament_prefix_path.sh
[3.394s] -- Installing: /home/ljw/ws_fr5/install/fairino_msgs/share/fairino_msgs/environment/ament_prefix_path.dsv
[3.394s] -- Installing: /home/ljw/ws_fr5/install/fairino_msgs/share/fairino_msgs/environment/path.sh
[3.394s] -- Installing: /home/ljw/ws_fr5/install/fairino_msgs/share/fairino_msgs/environment/path.dsv
[3.394s] -- Installing: /home/ljw/ws_fr5/install/fairino_msgs/share/fairino_msgs/local_setup.bash
[3.394s] -- Installing: /home/ljw/ws_fr5/install/fairino_msgs/share/fairino_msgs/local_setup.sh
[3.394s] -- Installing: /home/ljw/ws_fr5/install/fairino_msgs/share/fairino_msgs/local_setup.zsh
[3.394s] -- Installing: /home/ljw/ws_fr5/install/fairino_msgs/share/fairino_msgs/local_setup.dsv
[3.394s] -- Installing: /home/ljw/ws_fr5/install/fairino_msgs/share/fairino_msgs/package.dsv
[3.394s] -- Installing: /home/ljw/ws_fr5/install/fairino_msgs/share/ament_index/resource_index/packages/fairino_msgs
[3.394s] -- Installing: /home/ljw/ws_fr5/install/fairino_msgs/share/fairino_msgs/cmake/export_fairino_msgs__rosidl_generator_cExport.cmake
[3.394s] -- Installing: /home/ljw/ws_fr5/install/fairino_msgs/share/fairino_msgs/cmake/export_fairino_msgs__rosidl_generator_cExport-noconfig.cmake
[3.394s] -- Installing: /home/ljw/ws_fr5/install/fairino_msgs/share/fairino_msgs/cmake/export_fairino_msgs__rosidl_typesupport_fastrtps_cExport.cmake
[3.394s] -- Installing: /home/ljw/ws_fr5/install/fairino_msgs/share/fairino_msgs/cmake/export_fairino_msgs__rosidl_typesupport_fastrtps_cExport-noconfig.cmake
[3.394s] -- Installing: /home/ljw/ws_fr5/install/fairino_msgs/share/fairino_msgs/cmake/fairino_msgs__rosidl_typesupport_introspection_cExport.cmake
[3.394s] -- Installing: /home/ljw/ws_fr5/install/fairino_msgs/share/fairino_msgs/cmake/fairino_msgs__rosidl_typesupport_introspection_cExport-noconfig.cmake
[3.394s] -- Installing: /home/ljw/ws_fr5/install/fairino_msgs/share/fairino_msgs/cmake/fairino_msgs__rosidl_typesupport_cExport.cmake
[3.395s] -- Installing: /home/ljw/ws_fr5/install/fairino_msgs/share/fairino_msgs/cmake/fairino_msgs__rosidl_typesupport_cExport-noconfig.cmake
[3.395s] -- Installing: /home/ljw/ws_fr5/install/fairino_msgs/share/fairino_msgs/cmake/export_fairino_msgs__rosidl_generator_cppExport.cmake
[3.395s] -- Installing: /home/ljw/ws_fr5/install/fairino_msgs/share/fairino_msgs/cmake/export_fairino_msgs__rosidl_typesupport_fastrtps_cppExport.cmake
[3.395s] -- Installing: /home/ljw/ws_fr5/install/fairino_msgs/share/fairino_msgs/cmake/export_fairino_msgs__rosidl_typesupport_fastrtps_cppExport-noconfig.cmake
[3.395s] -- Installing: /home/ljw/ws_fr5/install/fairino_msgs/share/fairino_msgs/cmake/fairino_msgs__rosidl_typesupport_introspection_cppExport.cmake
[3.395s] -- Installing: /home/ljw/ws_fr5/install/fairino_msgs/share/fairino_msgs/cmake/fairino_msgs__rosidl_typesupport_introspection_cppExport-noconfig.cmake
[3.395s] -- Installing: /home/ljw/ws_fr5/install/fairino_msgs/share/fairino_msgs/cmake/fairino_msgs__rosidl_typesupport_cppExport.cmake
[3.395s] -- Installing: /home/ljw/ws_fr5/install/fairino_msgs/share/fairino_msgs/cmake/fairino_msgs__rosidl_typesupport_cppExport-noconfig.cmake
[3.395s] -- Installing: /home/ljw/ws_fr5/install/fairino_msgs/share/fairino_msgs/cmake/export_fairino_msgs__rosidl_generator_pyExport.cmake
[3.395s] -- Installing: /home/ljw/ws_fr5/install/fairino_msgs/share/fairino_msgs/cmake/export_fairino_msgs__rosidl_generator_pyExport-noconfig.cmake
[3.395s] -- Installing: /home/ljw/ws_fr5/install/fairino_msgs/share/fairino_msgs/cmake/rosidl_cmake-extras.cmake
[3.395s] -- Installing: /home/ljw/ws_fr5/install/fairino_msgs/share/fairino_msgs/cmake/ament_cmake_export_include_directories-extras.cmake
[3.395s] -- Installing: /home/ljw/ws_fr5/install/fairino_msgs/share/fairino_msgs/cmake/ament_cmake_export_libraries-extras.cmake
[3.395s] -- Installing: /home/ljw/ws_fr5/install/fairino_msgs/share/fairino_msgs/cmake/ament_cmake_export_targets-extras.cmake
[3.395s] -- Installing: /home/ljw/ws_fr5/install/fairino_msgs/share/fairino_msgs/cmake/rosidl_cmake_export_typesupport_targets-extras.cmake
[3.395s] -- Installing: /home/ljw/ws_fr5/install/fairino_msgs/share/fairino_msgs/cmake/ament_cmake_export_dependencies-extras.cmake
[3.395s] -- Installing: /home/ljw/ws_fr5/install/fairino_msgs/share/fairino_msgs/cmake/rosidl_cmake_export_typesupport_libraries-extras.cmake
[3.395s] -- Installing: /home/ljw/ws_fr5/install/fairino_msgs/share/fairino_msgs/cmake/fairino_msgsConfig.cmake
[3.395s] -- Installing: /home/ljw/ws_fr5/install/fairino_msgs/share/fairino_msgs/cmake/fairino_msgsConfig-version.cmake
[3.396s] -- Installing: /home/ljw/ws_fr5/install/fairino_msgs/share/fairino_msgs/package.xml
[3.397s] Invoked command in '/home/ljw/ws_fr5/build/fairino_msgs' returned '0': CMAKE_PREFIX_PATH=${CMAKE_PREFIX_PATH}:/opt/ros/humble /usr/bin/cmake --install /home/ljw/ws_fr5/build/fairino_msgs
