-- Install configuration: ""
-- Up-to-date: /home/ljw2/fairno5/install/robotiq_2f_85_gripper_visualization/share/robotiq_2f_85_gripper_visualization/meshes
-- Up-to-date: /home/ljw2/fairno5/install/robotiq_2f_85_gripper_visualization/share/robotiq_2f_85_gripper_visualization/meshes/visual
-- Up-to-date: /home/ljw2/fairno5/install/robotiq_2f_85_gripper_visualization/share/robotiq_2f_85_gripper_visualization/meshes/visual/robotiq_arg2f_85_inner_finger.dae
-- Up-to-date: /home/ljw2/fairno5/install/robotiq_2f_85_gripper_visualization/share/robotiq_2f_85_gripper_visualization/meshes/visual/robotiq_arg2f_85_pad.dae
-- Up-to-date: /home/ljw2/fairno5/install/robotiq_2f_85_gripper_visualization/share/robotiq_2f_85_gripper_visualization/meshes/visual/robotiq_arg2f_85_outer_finger.dae
-- Up-to-date: /home/ljw2/fairno5/install/robotiq_2f_85_gripper_visualization/share/robotiq_2f_85_gripper_visualization/meshes/visual/robotiq_gripper_coupling.stl
-- Up-to-date: /home/ljw2/fairno5/install/robotiq_2f_85_gripper_visualization/share/robotiq_2f_85_gripper_visualization/meshes/visual/robotiq_arg2f_85_base_link.dae
-- Up-to-date: /home/ljw2/fairno5/install/robotiq_2f_85_gripper_visualization/share/robotiq_2f_85_gripper_visualization/meshes/visual/robotiq_arg2f_base_link.stl
-- Up-to-date: /home/ljw2/fairno5/install/robotiq_2f_85_gripper_visualization/share/robotiq_2f_85_gripper_visualization/meshes/visual/robotiq_arg2f_85_outer_knuckle.dae
-- Up-to-date: /home/ljw2/fairno5/install/robotiq_2f_85_gripper_visualization/share/robotiq_2f_85_gripper_visualization/meshes/visual/robotiq_arg2f_85_inner_knuckle.dae
-- Up-to-date: /home/ljw2/fairno5/install/robotiq_2f_85_gripper_visualization/share/robotiq_2f_85_gripper_visualization/meshes/collision
-- Up-to-date: /home/ljw2/fairno5/install/robotiq_2f_85_gripper_visualization/share/robotiq_2f_85_gripper_visualization/meshes/collision/robotiq_arg2f_85_inner_finger.dae
-- Up-to-date: /home/ljw2/fairno5/install/robotiq_2f_85_gripper_visualization/share/robotiq_2f_85_gripper_visualization/meshes/collision/robotiq_arg2f_85_outer_finger.dae
-- Up-to-date: /home/ljw2/fairno5/install/robotiq_2f_85_gripper_visualization/share/robotiq_2f_85_gripper_visualization/meshes/collision/robotiq_arg2f_85_base_link.stl
-- Up-to-date: /home/ljw2/fairno5/install/robotiq_2f_85_gripper_visualization/share/robotiq_2f_85_gripper_visualization/meshes/collision/robotiq_arg2f_base_link.stl
-- Up-to-date: /home/ljw2/fairno5/install/robotiq_2f_85_gripper_visualization/share/robotiq_2f_85_gripper_visualization/meshes/collision/robotiq_arg2f_85_outer_knuckle.dae
-- Up-to-date: /home/ljw2/fairno5/install/robotiq_2f_85_gripper_visualization/share/robotiq_2f_85_gripper_visualization/meshes/collision/robotiq_arg2f_85_inner_knuckle.dae
-- Up-to-date: /home/ljw2/fairno5/install/robotiq_2f_85_gripper_visualization/share/robotiq_2f_85_gripper_visualization/urdf
-- Up-to-date: /home/ljw2/fairno5/install/robotiq_2f_85_gripper_visualization/share/robotiq_2f_85_gripper_visualization/urdf/robotiq_arg2f_85_macro.urdf
-- Up-to-date: /home/ljw2/fairno5/install/robotiq_2f_85_gripper_visualization/share/robotiq_2f_85_gripper_visualization/urdf/robotiq_arg2f_85.xacro
-- Up-to-date: /home/ljw2/fairno5/install/robotiq_2f_85_gripper_visualization/share/robotiq_2f_85_gripper_visualization/urdf/robotiq_arg2f_85_macro.xacro
-- Up-to-date: /home/ljw2/fairno5/install/robotiq_2f_85_gripper_visualization/share/robotiq_2f_85_gripper_visualization/urdf/robotiq_arg2f_85.urdf
-- Up-to-date: /home/ljw2/fairno5/install/robotiq_2f_85_gripper_visualization/share/robotiq_2f_85_gripper_visualization/urdf/inc
-- Up-to-date: /home/ljw2/fairno5/install/robotiq_2f_85_gripper_visualization/share/robotiq_2f_85_gripper_visualization/urdf/inc/robotiq_arg2f_85_transmissions.xacro
-- Up-to-date: /home/ljw2/fairno5/install/robotiq_2f_85_gripper_visualization/share/ament_index/resource_index/package_run_dependencies/robotiq_2f_85_gripper_visualization
-- Up-to-date: /home/ljw2/fairno5/install/robotiq_2f_85_gripper_visualization/share/ament_index/resource_index/parent_prefix_path/robotiq_2f_85_gripper_visualization
-- Up-to-date: /home/ljw2/fairno5/install/robotiq_2f_85_gripper_visualization/share/robotiq_2f_85_gripper_visualization/environment/ament_prefix_path.sh
-- Up-to-date: /home/ljw2/fairno5/install/robotiq_2f_85_gripper_visualization/share/robotiq_2f_85_gripper_visualization/environment/ament_prefix_path.dsv
-- Up-to-date: /home/ljw2/fairno5/install/robotiq_2f_85_gripper_visualization/share/robotiq_2f_85_gripper_visualization/environment/path.sh
-- Up-to-date: /home/ljw2/fairno5/install/robotiq_2f_85_gripper_visualization/share/robotiq_2f_85_gripper_visualization/environment/path.dsv
-- Up-to-date: /home/ljw2/fairno5/install/robotiq_2f_85_gripper_visualization/share/robotiq_2f_85_gripper_visualization/local_setup.bash
-- Up-to-date: /home/ljw2/fairno5/install/robotiq_2f_85_gripper_visualization/share/robotiq_2f_85_gripper_visualization/local_setup.sh
-- Up-to-date: /home/ljw2/fairno5/install/robotiq_2f_85_gripper_visualization/share/robotiq_2f_85_gripper_visualization/local_setup.zsh
-- Up-to-date: /home/ljw2/fairno5/install/robotiq_2f_85_gripper_visualization/share/robotiq_2f_85_gripper_visualization/local_setup.dsv
-- Installing: /home/ljw2/fairno5/install/robotiq_2f_85_gripper_visualization/share/robotiq_2f_85_gripper_visualization/package.dsv
-- Up-to-date: /home/ljw2/fairno5/install/robotiq_2f_85_gripper_visualization/share/ament_index/resource_index/packages/robotiq_2f_85_gripper_visualization
-- Up-to-date: /home/ljw2/fairno5/install/robotiq_2f_85_gripper_visualization/share/robotiq_2f_85_gripper_visualization/cmake/robotiq_2f_85_gripper_visualizationConfig.cmake
-- Up-to-date: /home/ljw2/fairno5/install/robotiq_2f_85_gripper_visualization/share/robotiq_2f_85_gripper_visualization/cmake/robotiq_2f_85_gripper_visualizationConfig-version.cmake
-- Up-to-date: /home/ljw2/fairno5/install/robotiq_2f_85_gripper_visualization/share/robotiq_2f_85_gripper_visualization/package.xml
