-- Found ament_cmake: 1.3.12 (/opt/ros/humble/share/ament_cmake/cmake)
-- Found rclcpp: 16.0.16 (/opt/ros/humble/share/rclcpp/cmake)
-- Found rosidl_generator_c: 3.1.7 (/opt/ros/humble/share/rosidl_generator_c/cmake)
-- Found rosidl_adapter: 3.1.7 (/opt/ros/humble/share/rosidl_adapter/cmake)
-- Found rosidl_generator_cpp: 3.1.7 (/opt/ros/humble/share/rosidl_generator_cpp/cmake)
-- Using all available rosidl_typesupport_c: rosidl_typesupport_fastrtps_c;rosidl_typesupport_introspection_c
-- Using all available rosidl_typesupport_cpp: rosidl_typesupport_fastrtps_cpp;rosidl_typesupport_introspection_cpp
-- Found rmw_implementation_cmake: 6.1.2 (/opt/ros/humble/share/rmw_implementation_cmake/cmake)
-- Found rmw_fastrtps_cpp: 6.2.9 (/opt/ros/humble/share/rmw_fastrtps_cpp/cmake)
-- Using RMW implementation 'rmw_fastrtps_cpp' as default
-- Found hardware_interface: 2.52.2 (/opt/ros/humble/share/hardware_interface/cmake)
-- Found fairino_msgs: 0.0.0 (/home/ljw2/fairno5/install/fairino_msgs/share/fairino_msgs/cmake)
-- Found ament_lint_auto: 0.12.14 (/opt/ros/humble/share/ament_lint_auto/cmake)
-- Found ament_cmake_gmock: 1.3.12 (/opt/ros/humble/share/ament_cmake_gmock/cmake)
-- Added test 'cppcheck' to perform static code analysis on C / C++ code
-- Configured cppcheck include dirs: /home/ljw2/fairno5/src/fairino_hardware/include/;/home/ljw2/fairno5/src/fairino_hardware/;/home/ljw2/fairno5/src/fairino_hardware/examples/include;$<BUILD_INTERFACE:/home/ljw2/fairno5/src/fairino_hardware/include>;$<BUILD_INTERFACE:/home/ljw2/fairno5/src/fairino_hardware/>
-- Configured cppcheck exclude dirs and/or files: 
-- Added test 'lint_cmake' to check CMake code style
-- Added test 'uncrustify' to check C / C++ code style
-- Configured uncrustify additional arguments: 
-- Added test 'xmllint' to check XML markup files
-- Configuring done
-- Generating done
-- Build files have been written to: /home/ljw2/fairno5/build/fairino_hardware
[35m[1mConsolidate compiler generated dependencies of target fairino_hardware[0m
[35m[1mConsolidate compiler generated dependencies of target srv_test_client[0m
[35m[1mConsolidate compiler generated dependencies of target ros2_cmd_server[0m
[ 50%] Built target fairino_hardware
[ 62%] Built target srv_test_client
[100%] Built target ros2_cmd_server
-- Install configuration: "Release"
-- Up-to-date: /home/ljw2/fairno5/install/fairino_hardware/share/fairino_hardware/fairino_hardware.xml
-- Installing: /home/ljw2/fairno5/install/fairino_hardware/lib/fairino_hardware/ros2_cmd_server
-- Set runtime path of "/home/ljw2/fairno5/install/fairino_hardware/lib/fairino_hardware/ros2_cmd_server" to "$ORIGIN"
-- Up-to-date: /home/ljw2/fairno5/install/fairino_hardware/lib/fairino_hardware/srv_test_client
-- Up-to-date: /home/ljw2/fairno5/install/fairino_hardware/lib/fairino_hardware/libfairino_hardware.so
-- Up-to-date: /home/ljw2/fairno5/install/fairino_hardware/share/fairino_hardware/environment/library_path.sh
-- Installing: /home/ljw2/fairno5/install/fairino_hardware/share/fairino_hardware/environment/library_path.dsv
-- Up-to-date: /home/ljw2/fairno5/install/fairino_hardware/share/ament_index/resource_index/package_run_dependencies/fairino_hardware
-- Up-to-date: /home/ljw2/fairno5/install/fairino_hardware/share/ament_index/resource_index/parent_prefix_path/fairino_hardware
-- Up-to-date: /home/ljw2/fairno5/install/fairino_hardware/share/fairino_hardware/environment/ament_prefix_path.sh
-- Installing: /home/ljw2/fairno5/install/fairino_hardware/share/fairino_hardware/environment/ament_prefix_path.dsv
-- Up-to-date: /home/ljw2/fairno5/install/fairino_hardware/share/fairino_hardware/environment/path.sh
-- Installing: /home/ljw2/fairno5/install/fairino_hardware/share/fairino_hardware/environment/path.dsv
-- Up-to-date: /home/ljw2/fairno5/install/fairino_hardware/share/fairino_hardware/local_setup.bash
-- Up-to-date: /home/ljw2/fairno5/install/fairino_hardware/share/fairino_hardware/local_setup.sh
-- Up-to-date: /home/ljw2/fairno5/install/fairino_hardware/share/fairino_hardware/local_setup.zsh
-- Installing: /home/ljw2/fairno5/install/fairino_hardware/share/fairino_hardware/local_setup.dsv
-- Installing: /home/ljw2/fairno5/install/fairino_hardware/share/fairino_hardware/package.dsv
-- Up-to-date: /home/ljw2/fairno5/install/fairino_hardware/share/ament_index/resource_index/packages/fairino_hardware
-- Up-to-date: /home/ljw2/fairno5/install/fairino_hardware/share/ament_index/resource_index/hardware_interface__pluginlib__plugin/fairino_hardware
-- Up-to-date: /home/ljw2/fairno5/install/fairino_hardware/share/fairino_hardware/cmake/fairino_hardwareExport.cmake
-- Up-to-date: /home/ljw2/fairno5/install/fairino_hardware/share/fairino_hardware/cmake/fairino_hardwareExport-release.cmake
-- Up-to-date: /home/ljw2/fairno5/install/fairino_hardware/share/fairino_hardware/cmake/ament_cmake_export_targets-extras.cmake
-- Up-to-date: /home/ljw2/fairno5/install/fairino_hardware/share/fairino_hardware/cmake/ament_cmake_export_dependencies-extras.cmake
-- Up-to-date: /home/ljw2/fairno5/install/fairino_hardware/share/fairino_hardware/cmake/fairino_hardwareConfig.cmake
-- Up-to-date: /home/ljw2/fairno5/install/fairino_hardware/share/fairino_hardware/cmake/fairino_hardwareConfig-version.cmake
-- Up-to-date: /home/ljw2/fairno5/install/fairino_hardware/share/fairino_hardware/package.xml
