[0.323s] Invoking command in '/home/ljw2/fairno5/build/fairino_hardware': CMAKE_PREFIX_PATH=/home/ljw2/fairno5/install/fairino_msgs:/home/ljw2/fairno5/install/robotiq_2f_85_gripper_visualization:/home/ljw2/fairno5/install/fairino_hardware:/home/ljw2/fairno5/install/fairino5_v6_moveit2_config:/home/ljw2/fairno5/install/fairino_description:/opt/ros/humble LD_LIBRARY_PATH=/home/ljw2/fairno5/install/fairino_msgs/lib:/home/ljw2/fairno5/install/fairino_hardware/lib:/usr/lib/x86_64-linux-gnu/gazebo-11/plugins:/opt/ros/humble/opt/rviz_ogre_vendor/lib:/opt/ros/humble/lib/x86_64-linux-gnu:/opt/ros/humble/lib /usr/bin/cmake --build /home/ljw2/fairno5/build/fairino_hardware -- -j24 -l24
[0.341s] -- Found ament_cmake: 1.3.12 (/opt/ros/humble/share/ament_cmake/cmake)
[0.421s] -- Found rclcpp: 16.0.16 (/opt/ros/humble/share/rclcpp/cmake)
[0.942s] -- Found rosidl_generator_c: 3.1.7 (/opt/ros/humble/share/rosidl_generator_c/cmake)
[0.943s] -- Found rosidl_adapter: 3.1.7 (/opt/ros/humble/share/rosidl_adapter/cmake)
[0.946s] -- Found rosidl_generator_cpp: 3.1.7 (/opt/ros/humble/share/rosidl_generator_cpp/cmake)
[0.951s] -- Using all available rosidl_typesupport_c: rosidl_typesupport_fastrtps_c;rosidl_typesupport_introspection_c
[0.958s] -- Using all available rosidl_typesupport_cpp: rosidl_typesupport_fastrtps_cpp;rosidl_typesupport_introspection_cpp
[0.975s] -- Found rmw_implementation_cmake: 6.1.2 (/opt/ros/humble/share/rmw_implementation_cmake/cmake)
[0.976s] -- Found rmw_fastrtps_cpp: 6.2.9 (/opt/ros/humble/share/rmw_fastrtps_cpp/cmake)
[16.207s] -- Using RMW implementation 'rmw_fastrtps_cpp' as default
[16.235s] -- Found hardware_interface: 2.52.2 (/opt/ros/humble/share/hardware_interface/cmake)
[20.426s] -- Found fairino_msgs: 0.0.0 (/home/ljw2/fairno5/install/fairino_msgs/share/fairino_msgs/cmake)
[20.431s] [0mcurrent source dir is: [0m
[20.435s] -- Found ament_lint_auto: 0.12.14 (/opt/ros/humble/share/ament_lint_auto/cmake)
[20.436s] -- Found ament_cmake_gmock: 1.3.12 (/opt/ros/humble/share/ament_cmake_gmock/cmake)
[24.360s] -- Added test 'cppcheck' to perform static code analysis on C / C++ code
[24.360s] -- Configured cppcheck include dirs: /home/ljw2/fairno5/src/fairino_hardware/include/;/home/ljw2/fairno5/src/fairino_hardware/;/home/ljw2/fairno5/src/fairino_hardware/examples/include;$<BUILD_INTERFACE:/home/ljw2/fairno5/src/fairino_hardware/include>;$<BUILD_INTERFACE:/home/ljw2/fairno5/src/fairino_hardware/>
[24.360s] -- Configured cppcheck exclude dirs and/or files: 
[24.361s] -- Added test 'lint_cmake' to check CMake code style
[24.362s] -- Added test 'uncrustify' to check C / C++ code style
[24.362s] -- Configured uncrustify additional arguments: 
[24.362s] -- Added test 'xmllint' to check XML markup files
[24.363s] -- Configuring done
[24.374s] -- Generating done
[24.379s] -- Build files have been written to: /home/ljw2/fairno5/build/fairino_hardware
[24.396s] [35m[1mConsolidate compiler generated dependencies of target fairino_hardware[0m
[24.396s] [35m[1mConsolidate compiler generated dependencies of target srv_test_client[0m
[24.396s] [35m[1mConsolidate compiler generated dependencies of target ros2_cmd_server[0m
[24.408s] [ 50%] Built target fairino_hardware
[24.408s] [ 62%] Built target srv_test_client
[24.408s] [100%] Built target ros2_cmd_server
[24.415s] Invoked command in '/home/ljw2/fairno5/build/fairino_hardware' returned '0': CMAKE_PREFIX_PATH=/home/ljw2/fairno5/install/fairino_msgs:/home/ljw2/fairno5/install/robotiq_2f_85_gripper_visualization:/home/ljw2/fairno5/install/fairino_hardware:/home/ljw2/fairno5/install/fairino5_v6_moveit2_config:/home/ljw2/fairno5/install/fairino_description:/opt/ros/humble LD_LIBRARY_PATH=/home/ljw2/fairno5/install/fairino_msgs/lib:/home/ljw2/fairno5/install/fairino_hardware/lib:/usr/lib/x86_64-linux-gnu/gazebo-11/plugins:/opt/ros/humble/opt/rviz_ogre_vendor/lib:/opt/ros/humble/lib/x86_64-linux-gnu:/opt/ros/humble/lib /usr/bin/cmake --build /home/ljw2/fairno5/build/fairino_hardware -- -j24 -l24
[24.416s] Invoking command in '/home/ljw2/fairno5/build/fairino_hardware': CMAKE_PREFIX_PATH=/home/ljw2/fairno5/install/fairino_msgs:/home/ljw2/fairno5/install/robotiq_2f_85_gripper_visualization:/home/ljw2/fairno5/install/fairino_hardware:/home/ljw2/fairno5/install/fairino5_v6_moveit2_config:/home/ljw2/fairno5/install/fairino_description:/opt/ros/humble LD_LIBRARY_PATH=/home/ljw2/fairno5/install/fairino_msgs/lib:/home/ljw2/fairno5/install/fairino_hardware/lib:/usr/lib/x86_64-linux-gnu/gazebo-11/plugins:/opt/ros/humble/opt/rviz_ogre_vendor/lib:/opt/ros/humble/lib/x86_64-linux-gnu:/opt/ros/humble/lib /usr/bin/cmake --install /home/ljw2/fairno5/build/fairino_hardware
[24.421s] -- Install configuration: "Release"
[24.421s] -- Up-to-date: /home/ljw2/fairno5/install/fairino_hardware/share/fairino_hardware/fairino_hardware.xml
[24.422s] -- Installing: /home/ljw2/fairno5/install/fairino_hardware/lib/fairino_hardware/ros2_cmd_server
[24.429s] -- Set runtime path of "/home/ljw2/fairno5/install/fairino_hardware/lib/fairino_hardware/ros2_cmd_server" to "$ORIGIN"
[24.429s] -- Up-to-date: /home/ljw2/fairno5/install/fairino_hardware/lib/fairino_hardware/srv_test_client
[24.429s] -- Up-to-date: /home/ljw2/fairno5/install/fairino_hardware/lib/fairino_hardware/libfairino_hardware.so
[24.430s] -- Up-to-date: /home/ljw2/fairno5/install/fairino_hardware/share/fairino_hardware/environment/library_path.sh
[24.430s] -- Installing: /home/ljw2/fairno5/install/fairino_hardware/share/fairino_hardware/environment/library_path.dsv
[24.430s] -- Up-to-date: /home/ljw2/fairno5/install/fairino_hardware/share/ament_index/resource_index/package_run_dependencies/fairino_hardware
[24.430s] -- Up-to-date: /home/ljw2/fairno5/install/fairino_hardware/share/ament_index/resource_index/parent_prefix_path/fairino_hardware
[24.430s] -- Up-to-date: /home/ljw2/fairno5/install/fairino_hardware/share/fairino_hardware/environment/ament_prefix_path.sh
[24.430s] -- Installing: /home/ljw2/fairno5/install/fairino_hardware/share/fairino_hardware/environment/ament_prefix_path.dsv
[24.430s] -- Up-to-date: /home/ljw2/fairno5/install/fairino_hardware/share/fairino_hardware/environment/path.sh
[24.430s] -- Installing: /home/ljw2/fairno5/install/fairino_hardware/share/fairino_hardware/environment/path.dsv
[24.430s] -- Up-to-date: /home/ljw2/fairno5/install/fairino_hardware/share/fairino_hardware/local_setup.bash
[24.430s] -- Up-to-date: /home/ljw2/fairno5/install/fairino_hardware/share/fairino_hardware/local_setup.sh
[24.430s] -- Up-to-date: /home/ljw2/fairno5/install/fairino_hardware/share/fairino_hardware/local_setup.zsh
[24.430s] -- Installing: /home/ljw2/fairno5/install/fairino_hardware/share/fairino_hardware/local_setup.dsv
[24.430s] -- Installing: /home/ljw2/fairno5/install/fairino_hardware/share/fairino_hardware/package.dsv
[24.430s] -- Up-to-date: /home/ljw2/fairno5/install/fairino_hardware/share/ament_index/resource_index/packages/fairino_hardware
[24.430s] -- Up-to-date: /home/ljw2/fairno5/install/fairino_hardware/share/ament_index/resource_index/hardware_interface__pluginlib__plugin/fairino_hardware
[24.430s] -- Up-to-date: /home/ljw2/fairno5/install/fairino_hardware/share/fairino_hardware/cmake/fairino_hardwareExport.cmake
[24.430s] -- Up-to-date: /home/ljw2/fairno5/install/fairino_hardware/share/fairino_hardware/cmake/fairino_hardwareExport-release.cmake
[24.430s] -- Up-to-date: /home/ljw2/fairno5/install/fairino_hardware/share/fairino_hardware/cmake/ament_cmake_export_targets-extras.cmake
[24.430s] -- Up-to-date: /home/ljw2/fairno5/install/fairino_hardware/share/fairino_hardware/cmake/ament_cmake_export_dependencies-extras.cmake
[24.430s] -- Up-to-date: /home/ljw2/fairno5/install/fairino_hardware/share/fairino_hardware/cmake/fairino_hardwareConfig.cmake
[24.431s] -- Up-to-date: /home/ljw2/fairno5/install/fairino_hardware/share/fairino_hardware/cmake/fairino_hardwareConfig-version.cmake
[24.431s] -- Up-to-date: /home/ljw2/fairno5/install/fairino_hardware/share/fairino_hardware/package.xml
[24.432s] Invoked command in '/home/ljw2/fairno5/build/fairino_hardware' returned '0': CMAKE_PREFIX_PATH=/home/ljw2/fairno5/install/fairino_msgs:/home/ljw2/fairno5/install/robotiq_2f_85_gripper_visualization:/home/ljw2/fairno5/install/fairino_hardware:/home/ljw2/fairno5/install/fairino5_v6_moveit2_config:/home/ljw2/fairno5/install/fairino_description:/opt/ros/humble LD_LIBRARY_PATH=/home/ljw2/fairno5/install/fairino_msgs/lib:/home/ljw2/fairno5/install/fairino_hardware/lib:/usr/lib/x86_64-linux-gnu/gazebo-11/plugins:/opt/ros/humble/opt/rviz_ogre_vendor/lib:/opt/ros/humble/lib/x86_64-linux-gnu:/opt/ros/humble/lib /usr/bin/cmake --install /home/ljw2/fairno5/build/fairino_hardware
