[0.638s] DEBUG:colcon:Command line arguments: ['/usr/bin/colcon', 'build', '--packages-select', 'fairino_hardware', '--symlink-install']
[0.638s] DEBUG:colcon:Parsed command line arguments: Namespace(log_base=None, log_level=None, verb_name='build', build_base='build', install_base='install', merge_install=False, symlink_install=True, test_result_base=None, continue_on_error=False, executor='parallel', parallel_workers=24, event_handlers=None, ignore_user_meta=False, metas=['./colcon.meta'], base_paths=['.'], packages_ignore=None, packages_ignore_regex=None, paths=None, packages_up_to=None, packages_up_to_regex=None, packages_above=None, packages_above_and_dependencies=None, packages_above_depth=None, packages_select_by_dep=None, packages_skip_by_dep=None, packages_skip_up_to=None, packages_select_build_failed=False, packages_skip_build_finished=False, packages_select_test_failures=False, packages_skip_test_passed=False, packages_select=['fairino_hardware'], packages_skip=None, packages_select_regex=None, packages_skip_regex=None, packages_start=None, packages_end=None, allow_overriding=[], cmake_args=None, cmake_target=None, cmake_target_skip_unavailable=False, cmake_clean_cache=False, cmake_clean_first=False, cmake_force_configure=False, ament_cmake_args=None, catkin_cmake_args=None, catkin_skip_building_tests=False, mixin_files=None, mixin=None, verb_parser=<colcon_mixin.mixin.mixin_argument.MixinArgumentDecorator object at 0x7cdcc7345c00>, verb_extension=<colcon_core.verb.build.BuildVerb object at 0x7cdcc74bf3d0>, main=<bound method BuildVerb.main of <colcon_core.verb.build.BuildVerb object at 0x7cdcc74bf3d0>>, mixin_verb=('build',))
[1.109s] Level 1:colcon.colcon_core.package_discovery:discover_packages(colcon_meta) check parameters
[1.109s] Level 1:colcon.colcon_core.package_discovery:discover_packages(recursive) check parameters
[1.109s] Level 1:colcon.colcon_core.package_discovery:discover_packages(ignore) check parameters
[1.109s] Level 1:colcon.colcon_core.package_discovery:discover_packages(path) check parameters
[1.110s] Level 1:colcon.colcon_core.package_discovery:discover_packages(colcon_meta) discover
[1.110s] Level 1:colcon.colcon_core.package_discovery:discover_packages(recursive) discover
[1.110s] INFO:colcon.colcon_core.package_discovery:Crawling recursively for packages in '/home/ljw2/fairno5'
[1.110s] Level 1:colcon.colcon_core.package_identification:_identify(.) by extensions ['ignore', 'ignore_ament_install']
[1.110s] Level 1:colcon.colcon_core.package_identification:_identify(.) by extension 'ignore'
[1.111s] Level 1:colcon.colcon_core.package_identification:_identify(.) by extension 'ignore_ament_install'
[1.111s] Level 1:colcon.colcon_core.package_identification:_identify(.) by extensions ['colcon_pkg']
[1.111s] Level 1:colcon.colcon_core.package_identification:_identify(.) by extension 'colcon_pkg'
[1.111s] Level 1:colcon.colcon_core.package_identification:_identify(.) by extensions ['colcon_meta']
[1.111s] Level 1:colcon.colcon_core.package_identification:_identify(.) by extension 'colcon_meta'
[1.111s] Level 1:colcon.colcon_core.package_identification:_identify(.) by extensions ['ros']
[1.111s] Level 1:colcon.colcon_core.package_identification:_identify(.) by extension 'ros'
[1.131s] Level 1:colcon.colcon_core.package_identification:_identify(.) by extensions ['cmake', 'python']
[1.131s] Level 1:colcon.colcon_core.package_identification:_identify(.) by extension 'cmake'
[1.131s] Level 1:colcon.colcon_core.package_identification:_identify(.) by extension 'python'
[1.131s] Level 1:colcon.colcon_core.package_identification:_identify(.) by extensions ['python_setup_py']
[1.131s] Level 1:colcon.colcon_core.package_identification:_identify(.) by extension 'python_setup_py'
[1.131s] Level 1:colcon.colcon_core.package_identification:_identify(build) by extensions ['ignore', 'ignore_ament_install']
[1.131s] Level 1:colcon.colcon_core.package_identification:_identify(build) by extension 'ignore'
[1.131s] Level 1:colcon.colcon_core.package_identification:_identify(build) ignored
[1.132s] Level 1:colcon.colcon_core.package_identification:_identify(install) by extensions ['ignore', 'ignore_ament_install']
[1.132s] Level 1:colcon.colcon_core.package_identification:_identify(install) by extension 'ignore'
[1.132s] Level 1:colcon.colcon_core.package_identification:_identify(install) ignored
[1.132s] Level 1:colcon.colcon_core.package_identification:_identify(log) by extensions ['ignore', 'ignore_ament_install']
[1.132s] Level 1:colcon.colcon_core.package_identification:_identify(log) by extension 'ignore'
[1.132s] Level 1:colcon.colcon_core.package_identification:_identify(log) ignored
[1.132s] Level 1:colcon.colcon_core.package_identification:_identify(src) by extensions ['ignore', 'ignore_ament_install']
[1.132s] Level 1:colcon.colcon_core.package_identification:_identify(src) by extension 'ignore'
[1.132s] Level 1:colcon.colcon_core.package_identification:_identify(src) by extension 'ignore_ament_install'
[1.132s] Level 1:colcon.colcon_core.package_identification:_identify(src) by extensions ['colcon_pkg']
[1.132s] Level 1:colcon.colcon_core.package_identification:_identify(src) by extension 'colcon_pkg'
[1.132s] Level 1:colcon.colcon_core.package_identification:_identify(src) by extensions ['colcon_meta']
[1.133s] Level 1:colcon.colcon_core.package_identification:_identify(src) by extension 'colcon_meta'
[1.133s] Level 1:colcon.colcon_core.package_identification:_identify(src) by extensions ['ros']
[1.133s] Level 1:colcon.colcon_core.package_identification:_identify(src) by extension 'ros'
[1.133s] Level 1:colcon.colcon_core.package_identification:_identify(src) by extensions ['cmake', 'python']
[1.133s] Level 1:colcon.colcon_core.package_identification:_identify(src) by extension 'cmake'
[1.133s] Level 1:colcon.colcon_core.package_identification:_identify(src) by extension 'python'
[1.133s] Level 1:colcon.colcon_core.package_identification:_identify(src) by extensions ['python_setup_py']
[1.133s] Level 1:colcon.colcon_core.package_identification:_identify(src) by extension 'python_setup_py'
[1.133s] Level 1:colcon.colcon_core.package_identification:_identify(src/fairino5_v6_moveit2_config) by extensions ['ignore', 'ignore_ament_install']
[1.133s] Level 1:colcon.colcon_core.package_identification:_identify(src/fairino5_v6_moveit2_config) by extension 'ignore'
[1.133s] Level 1:colcon.colcon_core.package_identification:_identify(src/fairino5_v6_moveit2_config) by extension 'ignore_ament_install'
[1.133s] Level 1:colcon.colcon_core.package_identification:_identify(src/fairino5_v6_moveit2_config) by extensions ['colcon_pkg']
[1.133s] Level 1:colcon.colcon_core.package_identification:_identify(src/fairino5_v6_moveit2_config) by extension 'colcon_pkg'
[1.133s] Level 1:colcon.colcon_core.package_identification:_identify(src/fairino5_v6_moveit2_config) by extensions ['colcon_meta']
[1.133s] Level 1:colcon.colcon_core.package_identification:_identify(src/fairino5_v6_moveit2_config) by extension 'colcon_meta'
[1.133s] Level 1:colcon.colcon_core.package_identification:_identify(src/fairino5_v6_moveit2_config) by extensions ['ros']
[1.133s] Level 1:colcon.colcon_core.package_identification:_identify(src/fairino5_v6_moveit2_config) by extension 'ros'
[1.138s] DEBUG:colcon.colcon_core.package_identification:Package 'src/fairino5_v6_moveit2_config' with type 'ros.ament_cmake' and name 'fairino5_v6_moveit2_config'
[1.139s] Level 1:colcon.colcon_core.package_identification:_identify(src/fairino_description) by extensions ['ignore', 'ignore_ament_install']
[1.139s] Level 1:colcon.colcon_core.package_identification:_identify(src/fairino_description) by extension 'ignore'
[1.139s] Level 1:colcon.colcon_core.package_identification:_identify(src/fairino_description) by extension 'ignore_ament_install'
[1.139s] Level 1:colcon.colcon_core.package_identification:_identify(src/fairino_description) by extensions ['colcon_pkg']
[1.139s] Level 1:colcon.colcon_core.package_identification:_identify(src/fairino_description) by extension 'colcon_pkg'
[1.139s] Level 1:colcon.colcon_core.package_identification:_identify(src/fairino_description) by extensions ['colcon_meta']
[1.139s] Level 1:colcon.colcon_core.package_identification:_identify(src/fairino_description) by extension 'colcon_meta'
[1.139s] Level 1:colcon.colcon_core.package_identification:_identify(src/fairino_description) by extensions ['ros']
[1.139s] Level 1:colcon.colcon_core.package_identification:_identify(src/fairino_description) by extension 'ros'
[1.141s] DEBUG:colcon.colcon_core.package_identification:Package 'src/fairino_description' with type 'ros.ament_cmake' and name 'fairino_description'
[1.141s] Level 1:colcon.colcon_core.package_identification:_identify(src/fairino_hardware) by extensions ['ignore', 'ignore_ament_install']
[1.141s] Level 1:colcon.colcon_core.package_identification:_identify(src/fairino_hardware) by extension 'ignore'
[1.141s] Level 1:colcon.colcon_core.package_identification:_identify(src/fairino_hardware) by extension 'ignore_ament_install'
[1.141s] Level 1:colcon.colcon_core.package_identification:_identify(src/fairino_hardware) by extensions ['colcon_pkg']
[1.141s] Level 1:colcon.colcon_core.package_identification:_identify(src/fairino_hardware) by extension 'colcon_pkg'
[1.141s] Level 1:colcon.colcon_core.package_identification:_identify(src/fairino_hardware) by extensions ['colcon_meta']
[1.141s] Level 1:colcon.colcon_core.package_identification:_identify(src/fairino_hardware) by extension 'colcon_meta'
[1.141s] Level 1:colcon.colcon_core.package_identification:_identify(src/fairino_hardware) by extensions ['ros']
[1.141s] Level 1:colcon.colcon_core.package_identification:_identify(src/fairino_hardware) by extension 'ros'
[1.142s] DEBUG:colcon.colcon_core.package_identification:Package 'src/fairino_hardware' with type 'ros.ament_cmake' and name 'fairino_hardware'
[1.143s] Level 1:colcon.colcon_core.package_identification:_identify(src/fairino_msgs) by extensions ['ignore', 'ignore_ament_install']
[1.143s] Level 1:colcon.colcon_core.package_identification:_identify(src/fairino_msgs) by extension 'ignore'
[1.143s] Level 1:colcon.colcon_core.package_identification:_identify(src/fairino_msgs) by extension 'ignore_ament_install'
[1.143s] Level 1:colcon.colcon_core.package_identification:_identify(src/fairino_msgs) by extensions ['colcon_pkg']
[1.143s] Level 1:colcon.colcon_core.package_identification:_identify(src/fairino_msgs) by extension 'colcon_pkg'
[1.143s] Level 1:colcon.colcon_core.package_identification:_identify(src/fairino_msgs) by extensions ['colcon_meta']
[1.143s] Level 1:colcon.colcon_core.package_identification:_identify(src/fairino_msgs) by extension 'colcon_meta'
[1.143s] Level 1:colcon.colcon_core.package_identification:_identify(src/fairino_msgs) by extensions ['ros']
[1.143s] Level 1:colcon.colcon_core.package_identification:_identify(src/fairino_msgs) by extension 'ros'
[1.144s] DEBUG:colcon.colcon_core.package_identification:Package 'src/fairino_msgs' with type 'ros.ament_cmake' and name 'fairino_msgs'
[1.145s] Level 1:colcon.colcon_core.package_identification:_identify(src/moveit2_handeye_calib) by extensions ['ignore', 'ignore_ament_install']
[1.145s] Level 1:colcon.colcon_core.package_identification:_identify(src/moveit2_handeye_calib) by extension 'ignore'
[1.145s] Level 1:colcon.colcon_core.package_identification:_identify(src/moveit2_handeye_calib) by extension 'ignore_ament_install'
[1.145s] Level 1:colcon.colcon_core.package_identification:_identify(src/moveit2_handeye_calib) by extensions ['colcon_pkg']
[1.145s] Level 1:colcon.colcon_core.package_identification:_identify(src/moveit2_handeye_calib) by extension 'colcon_pkg'
[1.145s] Level 1:colcon.colcon_core.package_identification:_identify(src/moveit2_handeye_calib) by extensions ['colcon_meta']
[1.145s] Level 1:colcon.colcon_core.package_identification:_identify(src/moveit2_handeye_calib) by extension 'colcon_meta'
[1.145s] Level 1:colcon.colcon_core.package_identification:_identify(src/moveit2_handeye_calib) by extensions ['ros']
[1.145s] Level 1:colcon.colcon_core.package_identification:_identify(src/moveit2_handeye_calib) by extension 'ros'
[1.145s] Level 1:colcon.colcon_core.package_identification:_identify(src/moveit2_handeye_calib) by extensions ['cmake', 'python']
[1.145s] Level 1:colcon.colcon_core.package_identification:_identify(src/moveit2_handeye_calib) by extension 'cmake'
[1.145s] Level 1:colcon.colcon_core.package_identification:_identify(src/moveit2_handeye_calib) by extension 'python'
[1.145s] Level 1:colcon.colcon_core.package_identification:_identify(src/moveit2_handeye_calib) by extensions ['python_setup_py']
[1.145s] Level 1:colcon.colcon_core.package_identification:_identify(src/moveit2_handeye_calib) by extension 'python_setup_py'
[1.146s] Level 1:colcon.colcon_core.package_identification:_identify(src/robotiq_2f_85_gripper_visualization) by extensions ['ignore', 'ignore_ament_install']
[1.146s] Level 1:colcon.colcon_core.package_identification:_identify(src/robotiq_2f_85_gripper_visualization) by extension 'ignore'
[1.146s] Level 1:colcon.colcon_core.package_identification:_identify(src/robotiq_2f_85_gripper_visualization) by extension 'ignore_ament_install'
[1.146s] Level 1:colcon.colcon_core.package_identification:_identify(src/robotiq_2f_85_gripper_visualization) by extensions ['colcon_pkg']
[1.146s] Level 1:colcon.colcon_core.package_identification:_identify(src/robotiq_2f_85_gripper_visualization) by extension 'colcon_pkg'
[1.146s] Level 1:colcon.colcon_core.package_identification:_identify(src/robotiq_2f_85_gripper_visualization) by extensions ['colcon_meta']
[1.146s] Level 1:colcon.colcon_core.package_identification:_identify(src/robotiq_2f_85_gripper_visualization) by extension 'colcon_meta'
[1.146s] Level 1:colcon.colcon_core.package_identification:_identify(src/robotiq_2f_85_gripper_visualization) by extensions ['ros']
[1.146s] Level 1:colcon.colcon_core.package_identification:_identify(src/robotiq_2f_85_gripper_visualization) by extension 'ros'
[1.147s] DEBUG:colcon.colcon_core.package_identification:Package 'src/robotiq_2f_85_gripper_visualization' with type 'ros.ament_cmake' and name 'robotiq_2f_85_gripper_visualization'
[1.147s] Level 1:colcon.colcon_core.package_discovery:discover_packages(recursive) using defaults
[1.147s] Level 1:colcon.colcon_core.package_discovery:discover_packages(ignore) discover
[1.147s] Level 1:colcon.colcon_core.package_discovery:discover_packages(ignore) using defaults
[1.147s] Level 1:colcon.colcon_core.package_discovery:discover_packages(path) discover
[1.147s] Level 1:colcon.colcon_core.package_discovery:discover_packages(path) using defaults
[1.190s] INFO:colcon.colcon_core.package_selection:Skipping not selected package 'fairino_description' in 'src/fairino_description'
[1.190s] INFO:colcon.colcon_core.package_selection:Skipping not selected package 'fairino_msgs' in 'src/fairino_msgs'
[1.190s] INFO:colcon.colcon_core.package_selection:Skipping not selected package 'robotiq_2f_85_gripper_visualization' in 'src/robotiq_2f_85_gripper_visualization'
[1.190s] INFO:colcon.colcon_core.package_selection:Skipping not selected package 'fairino5_v6_moveit2_config' in 'src/fairino5_v6_moveit2_config'
[1.191s] Level 1:colcon.colcon_core.package_discovery:discover_packages(prefix_path) check parameters
[1.191s] Level 1:colcon.colcon_core.package_discovery:discover_packages(prefix_path) discover
[1.193s] WARNING:colcon.colcon_ros.prefix_path.ament:The path '/home/ljw2/fairno5/install/fairino_hardware' in the environment variable AMENT_PREFIX_PATH doesn't exist
[1.195s] WARNING:colcon.colcon_ros.prefix_path.catkin:The path '/home/ljw2/fairno5/install/fairino_hardware' in the environment variable CMAKE_PREFIX_PATH doesn't exist
[1.196s] DEBUG:colcon.colcon_installed_package_information.package_discovery:Found 4 installed packages in /home/ljw2/fairno5/install
[1.199s] DEBUG:colcon.colcon_installed_package_information.package_discovery:Found 359 installed packages in /opt/ros/humble
[1.201s] Level 1:colcon.colcon_core.package_discovery:discover_packages(prefix_path) using defaults
[1.384s] Level 5:colcon.colcon_core.verb:set package 'fairino_hardware' build argument 'cmake_args' from command line to 'None'
[1.384s] Level 5:colcon.colcon_core.verb:set package 'fairino_hardware' build argument 'cmake_target' from command line to 'None'
[1.384s] Level 5:colcon.colcon_core.verb:set package 'fairino_hardware' build argument 'cmake_target_skip_unavailable' from command line to 'False'
[1.384s] Level 5:colcon.colcon_core.verb:set package 'fairino_hardware' build argument 'cmake_clean_cache' from command line to 'False'
[1.384s] Level 5:colcon.colcon_core.verb:set package 'fairino_hardware' build argument 'cmake_clean_first' from command line to 'False'
[1.384s] Level 5:colcon.colcon_core.verb:set package 'fairino_hardware' build argument 'cmake_force_configure' from command line to 'False'
[1.384s] Level 5:colcon.colcon_core.verb:set package 'fairino_hardware' build argument 'ament_cmake_args' from command line to 'None'
[1.385s] Level 5:colcon.colcon_core.verb:set package 'fairino_hardware' build argument 'catkin_cmake_args' from command line to 'None'
[1.385s] Level 5:colcon.colcon_core.verb:set package 'fairino_hardware' build argument 'catkin_skip_building_tests' from command line to 'False'
[1.385s] DEBUG:colcon.colcon_core.verb:Building package 'fairino_hardware' with the following arguments: {'ament_cmake_args': None, 'build_base': '/home/ljw2/fairno5/build/fairino_hardware', 'catkin_cmake_args': None, 'catkin_skip_building_tests': False, 'cmake_args': None, 'cmake_clean_cache': False, 'cmake_clean_first': False, 'cmake_force_configure': False, 'cmake_target': None, 'cmake_target_skip_unavailable': False, 'install_base': '/home/ljw2/fairno5/install/fairino_hardware', 'merge_install': False, 'path': '/home/ljw2/fairno5/src/fairino_hardware', 'symlink_install': True, 'test_result_base': None}
[1.385s] INFO:colcon.colcon_core.executor:Executing jobs using 'parallel' executor
[1.387s] DEBUG:colcon.colcon_parallel_executor.executor.parallel:run_until_complete
[1.387s] INFO:colcon.colcon_ros.task.ament_cmake.build:Building ROS package in '/home/ljw2/fairno5/src/fairino_hardware' with build type 'ament_cmake'
[1.387s] INFO:colcon.colcon_cmake.task.cmake.build:Building CMake package in '/home/ljw2/fairno5/src/fairino_hardware'
[1.398s] INFO:colcon.colcon_core.plugin_system:Skipping extension 'colcon_core.shell.bat': Not used on non-Windows systems
[1.398s] INFO:colcon.colcon_core.shell:Skip shell extension 'powershell' for command environment: Not usable outside of PowerShell
[1.399s] DEBUG:colcon.colcon_core.shell:Skip shell extension 'dsv' for command environment
[1.845s] DEBUG:colcon.colcon_core.event_handler.log_command:Invoking command in '/home/ljw2/fairno5/build/fairino_hardware': CMAKE_PREFIX_PATH=/home/ljw2/fairno5/install/fairino_msgs:/home/ljw2/fairno5/install/robotiq_2f_85_gripper_visualization:/home/ljw2/fairno5/install/fairino_hardware:/home/ljw2/fairno5/install/fairino5_v6_moveit2_config:/home/ljw2/fairno5/install/fairino_description:/opt/ros/humble LD_LIBRARY_PATH=/home/ljw2/fairno5/install/fairino_msgs/lib:/home/ljw2/fairno5/install/fairino_hardware/lib:/usr/lib/x86_64-linux-gnu/gazebo-11/plugins:/opt/ros/humble/opt/rviz_ogre_vendor/lib:/opt/ros/humble/lib/x86_64-linux-gnu:/opt/ros/humble/lib /usr/bin/cmake /home/ljw2/fairno5/src/fairino_hardware -DAMENT_CMAKE_SYMLINK_INSTALL=1 -DCMAKE_INSTALL_PREFIX=/home/ljw2/fairno5/install/fairino_hardware
[39.235s] DEBUG:colcon.colcon_core.event_handler.log_command:Invoked command in '/home/ljw2/fairno5/build/fairino_hardware' returned '0': CMAKE_PREFIX_PATH=/home/ljw2/fairno5/install/fairino_msgs:/home/ljw2/fairno5/install/robotiq_2f_85_gripper_visualization:/home/ljw2/fairno5/install/fairino_hardware:/home/ljw2/fairno5/install/fairino5_v6_moveit2_config:/home/ljw2/fairno5/install/fairino_description:/opt/ros/humble LD_LIBRARY_PATH=/home/ljw2/fairno5/install/fairino_msgs/lib:/home/ljw2/fairno5/install/fairino_hardware/lib:/usr/lib/x86_64-linux-gnu/gazebo-11/plugins:/opt/ros/humble/opt/rviz_ogre_vendor/lib:/opt/ros/humble/lib/x86_64-linux-gnu:/opt/ros/humble/lib /usr/bin/cmake /home/ljw2/fairno5/src/fairino_hardware -DAMENT_CMAKE_SYMLINK_INSTALL=1 -DCMAKE_INSTALL_PREFIX=/home/ljw2/fairno5/install/fairino_hardware
[39.236s] DEBUG:colcon.colcon_core.event_handler.log_command:Invoking command in '/home/ljw2/fairno5/build/fairino_hardware': CMAKE_PREFIX_PATH=/home/ljw2/fairno5/install/fairino_msgs:/home/ljw2/fairno5/install/robotiq_2f_85_gripper_visualization:/home/ljw2/fairno5/install/fairino_hardware:/home/ljw2/fairno5/install/fairino5_v6_moveit2_config:/home/ljw2/fairno5/install/fairino_description:/opt/ros/humble LD_LIBRARY_PATH=/home/ljw2/fairno5/install/fairino_msgs/lib:/home/ljw2/fairno5/install/fairino_hardware/lib:/usr/lib/x86_64-linux-gnu/gazebo-11/plugins:/opt/ros/humble/opt/rviz_ogre_vendor/lib:/opt/ros/humble/lib/x86_64-linux-gnu:/opt/ros/humble/lib /usr/bin/cmake --build /home/ljw2/fairno5/build/fairino_hardware -- -j24 -l24
[58.636s] DEBUG:colcon.colcon_core.event_handler.log_command:Invoked command in '/home/ljw2/fairno5/build/fairino_hardware' returned '0': CMAKE_PREFIX_PATH=/home/ljw2/fairno5/install/fairino_msgs:/home/ljw2/fairno5/install/robotiq_2f_85_gripper_visualization:/home/ljw2/fairno5/install/fairino_hardware:/home/ljw2/fairno5/install/fairino5_v6_moveit2_config:/home/ljw2/fairno5/install/fairino_description:/opt/ros/humble LD_LIBRARY_PATH=/home/ljw2/fairno5/install/fairino_msgs/lib:/home/ljw2/fairno5/install/fairino_hardware/lib:/usr/lib/x86_64-linux-gnu/gazebo-11/plugins:/opt/ros/humble/opt/rviz_ogre_vendor/lib:/opt/ros/humble/lib/x86_64-linux-gnu:/opt/ros/humble/lib /usr/bin/cmake --build /home/ljw2/fairno5/build/fairino_hardware -- -j24 -l24
[58.646s] DEBUG:colcon.colcon_core.event_handler.log_command:Invoking command in '/home/ljw2/fairno5/build/fairino_hardware': CMAKE_PREFIX_PATH=/home/ljw2/fairno5/install/fairino_msgs:/home/ljw2/fairno5/install/robotiq_2f_85_gripper_visualization:/home/ljw2/fairno5/install/fairino_hardware:/home/ljw2/fairno5/install/fairino5_v6_moveit2_config:/home/ljw2/fairno5/install/fairino_description:/opt/ros/humble LD_LIBRARY_PATH=/home/ljw2/fairno5/install/fairino_msgs/lib:/home/ljw2/fairno5/install/fairino_hardware/lib:/usr/lib/x86_64-linux-gnu/gazebo-11/plugins:/opt/ros/humble/opt/rviz_ogre_vendor/lib:/opt/ros/humble/lib/x86_64-linux-gnu:/opt/ros/humble/lib /usr/bin/cmake --install /home/ljw2/fairno5/build/fairino_hardware
[58.792s] Level 1:colcon.colcon_core.environment:create_environment_scripts_only(fairino_hardware)
[58.793s] DEBUG:colcon.colcon_core.event_handler.log_command:Invoked command in '/home/ljw2/fairno5/build/fairino_hardware' returned '0': CMAKE_PREFIX_PATH=/home/ljw2/fairno5/install/fairino_msgs:/home/ljw2/fairno5/install/robotiq_2f_85_gripper_visualization:/home/ljw2/fairno5/install/fairino_hardware:/home/ljw2/fairno5/install/fairino5_v6_moveit2_config:/home/ljw2/fairno5/install/fairino_description:/opt/ros/humble LD_LIBRARY_PATH=/home/ljw2/fairno5/install/fairino_msgs/lib:/home/ljw2/fairno5/install/fairino_hardware/lib:/usr/lib/x86_64-linux-gnu/gazebo-11/plugins:/opt/ros/humble/opt/rviz_ogre_vendor/lib:/opt/ros/humble/lib/x86_64-linux-gnu:/opt/ros/humble/lib /usr/bin/cmake --install /home/ljw2/fairno5/build/fairino_hardware
[58.800s] Level 1:colcon.colcon_core.environment:checking '/home/ljw2/fairno5/install/fairino_hardware' for CMake module files
[58.801s] Level 1:colcon.colcon_core.environment:checking '/home/ljw2/fairno5/install/fairino_hardware' for CMake config files
[58.801s] Level 1:colcon.colcon_core.shell:create_environment_hook('fairino_hardware', 'cmake_prefix_path')
[58.801s] INFO:colcon.colcon_core.shell:Creating environment hook '/home/ljw2/fairno5/install/fairino_hardware/share/fairino_hardware/hook/cmake_prefix_path.ps1'
[58.802s] INFO:colcon.colcon_core.shell:Creating environment descriptor '/home/ljw2/fairno5/install/fairino_hardware/share/fairino_hardware/hook/cmake_prefix_path.dsv'
[58.803s] INFO:colcon.colcon_core.shell:Creating environment hook '/home/ljw2/fairno5/install/fairino_hardware/share/fairino_hardware/hook/cmake_prefix_path.sh'
[58.804s] Level 1:colcon.colcon_core.environment:checking '/home/ljw2/fairno5/install/fairino_hardware/lib'
[58.804s] Level 1:colcon.colcon_core.shell:create_environment_hook('fairino_hardware', 'ld_library_path_lib')
[58.804s] INFO:colcon.colcon_core.shell:Creating environment hook '/home/ljw2/fairno5/install/fairino_hardware/share/fairino_hardware/hook/ld_library_path_lib.ps1'
[58.805s] INFO:colcon.colcon_core.shell:Creating environment descriptor '/home/ljw2/fairno5/install/fairino_hardware/share/fairino_hardware/hook/ld_library_path_lib.dsv'
[58.805s] INFO:colcon.colcon_core.shell:Creating environment hook '/home/ljw2/fairno5/install/fairino_hardware/share/fairino_hardware/hook/ld_library_path_lib.sh'
[58.805s] Level 1:colcon.colcon_core.environment:checking '/home/ljw2/fairno5/install/fairino_hardware/bin'
[58.805s] Level 1:colcon.colcon_core.environment:checking '/home/ljw2/fairno5/install/fairino_hardware/lib/pkgconfig/fairino_hardware.pc'
[58.806s] Level 1:colcon.colcon_core.environment:checking '/home/ljw2/fairno5/install/fairino_hardware/lib/python3.10/site-packages'
[58.806s] Level 1:colcon.colcon_core.environment:checking '/home/ljw2/fairno5/install/fairino_hardware/bin'
[58.806s] INFO:colcon.colcon_core.shell:Creating package script '/home/ljw2/fairno5/install/fairino_hardware/share/fairino_hardware/package.ps1'
[58.808s] INFO:colcon.colcon_core.shell:Creating package descriptor '/home/ljw2/fairno5/install/fairino_hardware/share/fairino_hardware/package.dsv'
[58.808s] INFO:colcon.colcon_core.shell:Creating package script '/home/ljw2/fairno5/install/fairino_hardware/share/fairino_hardware/package.sh'
[58.809s] INFO:colcon.colcon_core.shell:Creating package script '/home/ljw2/fairno5/install/fairino_hardware/share/fairino_hardware/package.bash'
[58.810s] INFO:colcon.colcon_core.shell:Creating package script '/home/ljw2/fairno5/install/fairino_hardware/share/fairino_hardware/package.zsh'
[58.811s] Level 1:colcon.colcon_core.environment:create_file_with_runtime_dependencies(/home/ljw2/fairno5/install/fairino_hardware/share/colcon-core/packages/fairino_hardware)
[58.812s] Level 1:colcon.colcon_core.environment:create_environment_scripts_only(fairino_hardware)
[58.812s] Level 1:colcon.colcon_core.environment:checking '/home/ljw2/fairno5/install/fairino_hardware' for CMake module files
[58.813s] Level 1:colcon.colcon_core.environment:checking '/home/ljw2/fairno5/install/fairino_hardware' for CMake config files
[58.813s] Level 1:colcon.colcon_core.shell:create_environment_hook('fairino_hardware', 'cmake_prefix_path')
[58.813s] INFO:colcon.colcon_core.shell:Creating environment hook '/home/ljw2/fairno5/install/fairino_hardware/share/fairino_hardware/hook/cmake_prefix_path.ps1'
[58.814s] INFO:colcon.colcon_core.shell:Creating environment descriptor '/home/ljw2/fairno5/install/fairino_hardware/share/fairino_hardware/hook/cmake_prefix_path.dsv'
[58.814s] INFO:colcon.colcon_core.shell:Creating environment hook '/home/ljw2/fairno5/install/fairino_hardware/share/fairino_hardware/hook/cmake_prefix_path.sh'
[58.815s] Level 1:colcon.colcon_core.environment:checking '/home/ljw2/fairno5/install/fairino_hardware/lib'
[58.815s] Level 1:colcon.colcon_core.shell:create_environment_hook('fairino_hardware', 'ld_library_path_lib')
[58.815s] INFO:colcon.colcon_core.shell:Creating environment hook '/home/ljw2/fairno5/install/fairino_hardware/share/fairino_hardware/hook/ld_library_path_lib.ps1'
[58.816s] INFO:colcon.colcon_core.shell:Creating environment descriptor '/home/ljw2/fairno5/install/fairino_hardware/share/fairino_hardware/hook/ld_library_path_lib.dsv'
[58.816s] INFO:colcon.colcon_core.shell:Creating environment hook '/home/ljw2/fairno5/install/fairino_hardware/share/fairino_hardware/hook/ld_library_path_lib.sh'
[58.817s] Level 1:colcon.colcon_core.environment:checking '/home/ljw2/fairno5/install/fairino_hardware/bin'
[58.817s] Level 1:colcon.colcon_core.environment:checking '/home/ljw2/fairno5/install/fairino_hardware/lib/pkgconfig/fairino_hardware.pc'
[58.818s] Level 1:colcon.colcon_core.environment:checking '/home/ljw2/fairno5/install/fairino_hardware/lib/python3.10/site-packages'
[58.818s] Level 1:colcon.colcon_core.environment:checking '/home/ljw2/fairno5/install/fairino_hardware/bin'
[58.818s] INFO:colcon.colcon_core.shell:Creating package script '/home/ljw2/fairno5/install/fairino_hardware/share/fairino_hardware/package.ps1'
[58.819s] INFO:colcon.colcon_core.shell:Creating package descriptor '/home/ljw2/fairno5/install/fairino_hardware/share/fairino_hardware/package.dsv'
[58.819s] INFO:colcon.colcon_core.shell:Creating package script '/home/ljw2/fairno5/install/fairino_hardware/share/fairino_hardware/package.sh'
[58.820s] INFO:colcon.colcon_core.shell:Creating package script '/home/ljw2/fairno5/install/fairino_hardware/share/fairino_hardware/package.bash'
[58.820s] INFO:colcon.colcon_core.shell:Creating package script '/home/ljw2/fairno5/install/fairino_hardware/share/fairino_hardware/package.zsh'
[58.820s] Level 1:colcon.colcon_core.environment:create_file_with_runtime_dependencies(/home/ljw2/fairno5/install/fairino_hardware/share/colcon-core/packages/fairino_hardware)
[58.821s] DEBUG:colcon.colcon_parallel_executor.executor.parallel:closing loop
[58.821s] DEBUG:colcon.colcon_parallel_executor.executor.parallel:loop closed
[58.821s] DEBUG:colcon.colcon_parallel_executor.executor.parallel:run_until_complete finished with '0'
[58.821s] DEBUG:colcon.colcon_core.event_reactor:joining thread
[58.904s] INFO:colcon.colcon_core.plugin_system:Skipping extension 'colcon_notification.desktop_notification.notify_send': Could not find 'notify-send'
[58.904s] INFO:colcon.colcon_core.plugin_system:Skipping extension 'colcon_notification.desktop_notification.terminal_notifier': Not used on non-Darwin systems
[58.904s] INFO:colcon.colcon_core.plugin_system:Skipping extension 'colcon_notification.desktop_notification.win32': Not used on non-Windows systems
[58.904s] INFO:colcon.colcon_notification.desktop_notification:Sending desktop notification using 'notify2'
[58.905s] DEBUG:colcon.colcon_notification.desktop_notification.notify2:Failed to initialize notify2: org.freedesktop.DBus.Error.FileNotFound: Failed to connect to socket /run/user/1000/bus: No such file or directory
[58.905s] DEBUG:colcon.colcon_core.event_reactor:joined thread
[58.905s] INFO:colcon.colcon_core.shell:Creating prefix script '/home/ljw2/fairno5/install/local_setup.ps1'
[58.908s] INFO:colcon.colcon_core.shell:Creating prefix util module '/home/ljw2/fairno5/install/_local_setup_util_ps1.py'
[58.910s] INFO:colcon.colcon_core.shell:Creating prefix chain script '/home/ljw2/fairno5/install/setup.ps1'
[58.912s] INFO:colcon.colcon_core.shell:Creating prefix script '/home/ljw2/fairno5/install/local_setup.sh'
[58.914s] INFO:colcon.colcon_core.shell:Creating prefix util module '/home/ljw2/fairno5/install/_local_setup_util_sh.py'
[58.915s] INFO:colcon.colcon_core.shell:Creating prefix chain script '/home/ljw2/fairno5/install/setup.sh'
[58.917s] INFO:colcon.colcon_core.shell:Creating prefix script '/home/ljw2/fairno5/install/local_setup.bash'
[58.919s] INFO:colcon.colcon_core.shell:Creating prefix chain script '/home/ljw2/fairno5/install/setup.bash'
[58.921s] INFO:colcon.colcon_core.shell:Creating prefix script '/home/ljw2/fairno5/install/local_setup.zsh'
[58.923s] INFO:colcon.colcon_core.shell:Creating prefix chain script '/home/ljw2/fairno5/install/setup.zsh'
